[ 2019-07-11T18:18:21+08:00 ] 14.192.215.211 /Ajax/getHotCoin
INFO: [ app_init ] --START--
INFO: Run Behavior\BuildLiteBehavior [ RunTime:0.000014s ]
INFO: [ app_init ] --END-- [ RunTime:0.000110s ]
INFO: [ app_begin ] --START--
INFO: Run Behavior\ReadHtmlCacheBehavior [ RunTime:0.000065s ]
INFO: [ app_begin ] --END-- [ RunTime:0.000098s ]
SQL: SHOW COLUMNS FROM `btchanges_config` [ RunTime:0.0014s ]
SQL: SELECT * FROM `btchanges_config` WHERE `id` = 1 LIMIT 1   [ RunTime:0.0010s ]
SQL: SHOW COLUMNS FROM `btchanges_article_type` [ RunTime:0.0007s ]
SQL: SELECT * FROM `btchanges_article_type` WHERE `status` = 1 AND `footer` = 1 AND `shang` = '' ORDER BY sort asc ,id desc LIMIT 3   [ RunTime:0.0007s ]
SQL: SELECT * FROM `btchanges_article_type` WHERE `shang` = 'aboutus' AND `footer` = 1 AND `status` = 1 ORDER BY id asc LIMIT 4   [ RunTime:0.0009s ]
SQL: SELECT * FROM `btchanges_article_type` WHERE `shang` = 'help' AND `footer` = 1 AND `status` = 1 ORDER BY id asc LIMIT 4   [ RunTime:0.0006s ]
SQL: SELECT * FROM `btchanges_article_type` WHERE `shang` = 'download' AND `footer` = 1 AND `status` = 1 ORDER BY id asc LIMIT 4   [ RunTime:0.0006s ]
SQL: SHOW COLUMNS FROM `btchanges_market` [ RunTime:0.0008s ]
SQL: SELECT `name`,`new_price`,`change` FROM `btchanges_market` WHERE `status` = 1  [ RunTime:0.0006s ]

[ 2019-07-11T18:18:21+08:00 ] 14.192.215.211 /Ajax/allcoin?t=0.5257518502208365
INFO: [ app_init ] --START--
INFO: Run Behavior\BuildLiteBehavior [ RunTime:0.000010s ]
INFO: [ app_init ] --END-- [ RunTime:0.000082s ]
INFO: [ app_begin ] --START--
INFO: Run Behavior\ReadHtmlCacheBehavior [ RunTime:0.000045s ]
INFO: [ app_begin ] --END-- [ RunTime:0.000066s ]
SQL: SHOW COLUMNS FROM `btchanges_config` [ RunTime:0.0014s ]
SQL: SELECT * FROM `btchanges_config` WHERE `id` = 1 LIMIT 1   [ RunTime:0.0009s ]
SQL: SHOW COLUMNS FROM `btchanges_article_type` [ RunTime:0.0007s ]
SQL: SELECT * FROM `btchanges_article_type` WHERE `status` = 1 AND `footer` = 1 AND `shang` = '' ORDER BY sort asc ,id desc LIMIT 3   [ RunTime:0.0006s ]
SQL: SELECT * FROM `btchanges_article_type` WHERE `shang` = 'aboutus' AND `footer` = 1 AND `status` = 1 ORDER BY id asc LIMIT 4   [ RunTime:0.0008s ]
SQL: SELECT * FROM `btchanges_article_type` WHERE `shang` = 'help' AND `footer` = 1 AND `status` = 1 ORDER BY id asc LIMIT 4   [ RunTime:0.0005s ]
SQL: SELECT * FROM `btchanges_article_type` WHERE `shang` = 'download' AND `footer` = 1 AND `status` = 1 ORDER BY id asc LIMIT 4   [ RunTime:0.0005s ]
SQL: SHOW COLUMNS FROM `btchanges_market` [ RunTime:0.0008s ]
SQL: SHOW COLUMNS FROM `btchanges_market` [ RunTime:0.0007s ]
SQL: SELECT * FROM `btchanges_market` WHERE `status` = 1  [ RunTime:0.0008s ]
SQL: SHOW COLUMNS FROM `btchanges_coin` [ RunTime:0.0008s ]
SQL: SHOW COLUMNS FROM `btchanges_coin` [ RunTime:0.0008s ]
SQL: SELECT `img` FROM `btchanges_coin` WHERE `name` = 'bys' LIMIT 1   [ RunTime:0.0005s ]
SQL: SELECT `img` FROM `btchanges_coin` WHERE `name` = 'usdt' LIMIT 1   [ RunTime:0.0004s ]
SQL: SELECT `title` FROM `btchanges_coin` WHERE `name` = 'bys' LIMIT 1   [ RunTime:0.0004s ]
SQL: SELECT `img` FROM `btchanges_coin` WHERE `name` = 'btc' LIMIT 1   [ RunTime:0.0004s ]
SQL: SELECT `img` FROM `btchanges_coin` WHERE `name` = 'usdt' LIMIT 1   [ RunTime:0.0004s ]
SQL: SELECT `title` FROM `btchanges_coin` WHERE `name` = 'btc' LIMIT 1   [ RunTime:0.0007s ]
SQL: SELECT `img` FROM `btchanges_coin` WHERE `name` = 'eos' LIMIT 1   [ RunTime:0.0004s ]
SQL: SELECT `img` FROM `btchanges_coin` WHERE `name` = 'usdt' LIMIT 1   [ RunTime:0.0004s ]
SQL: SELECT `title` FROM `btchanges_coin` WHERE `name` = 'eos' LIMIT 1   [ RunTime:0.0004s ]
SQL: SELECT `img` FROM `btchanges_coin` WHERE `name` = 'eth' LIMIT 1   [ RunTime:0.0005s ]
SQL: SELECT `img` FROM `btchanges_coin` WHERE `name` = 'usdt' LIMIT 1   [ RunTime:0.0004s ]
SQL: SELECT `title` FROM `btchanges_coin` WHERE `name` = 'eth' LIMIT 1   [ RunTime:0.0005s ]
SQL: SELECT `img` FROM `btchanges_coin` WHERE `name` = 'bchabc' LIMIT 1   [ RunTime:0.0004s ]
SQL: SELECT `img` FROM `btchanges_coin` WHERE `name` = 'usdt' LIMIT 1   [ RunTime:0.0005s ]
SQL: SELECT `title` FROM `btchanges_coin` WHERE `name` = 'bchabc' LIMIT 1   [ RunTime:0.0004s ]
SQL: SELECT `img` FROM `btchanges_coin` WHERE `name` = 'xrp' LIMIT 1   [ RunTime:0.0004s ]
SQL: SELECT `img` FROM `btchanges_coin` WHERE `name` = 'usdt' LIMIT 1   [ RunTime:0.0004s ]
SQL: SELECT `title` FROM `btchanges_coin` WHERE `name` = 'xrp' LIMIT 1   [ RunTime:0.0004s ]
SQL: SELECT `img` FROM `btchanges_coin` WHERE `name` = 'etc' LIMIT 1   [ RunTime:0.0004s ]
SQL: SELECT `img` FROM `btchanges_coin` WHERE `name` = 'usdt' LIMIT 1   [ RunTime:0.0004s ]
SQL: SELECT `title` FROM `btchanges_coin` WHERE `name` = 'etc' LIMIT 1   [ RunTime:0.0004s ]
SQL: SELECT `img` FROM `btchanges_coin` WHERE `name` = 'ltc' LIMIT 1   [ RunTime:0.0004s ]
SQL: SELECT `img` FROM `btchanges_coin` WHERE `name` = 'usdt' LIMIT 1   [ RunTime:0.0004s ]
SQL: SELECT `title` FROM `btchanges_coin` WHERE `name` = 'ltc' LIMIT 1   [ RunTime:0.0004s ]
SQL: SELECT `img` FROM `btchanges_coin` WHERE `name` = 'qtum' LIMIT 1   [ RunTime:0.0004s ]
SQL: SELECT `img` FROM `btchanges_coin` WHERE `name` = 'usdt' LIMIT 1   [ RunTime:0.0005s ]
SQL: SELECT `title` FROM `btchanges_coin` WHERE `name` = 'qtum' LIMIT 1   [ RunTime:0.0005s ]
SQL: SELECT `img` FROM `btchanges_coin` WHERE `name` = 'btm' LIMIT 1   [ RunTime:0.0005s ]
SQL: SELECT `img` FROM `btchanges_coin` WHERE `name` = 'usdt' LIMIT 1   [ RunTime:0.0005s ]
SQL: SELECT `title` FROM `btchanges_coin` WHERE `name` = 'btm' LIMIT 1   [ RunTime:0.0004s ]
SQL: SELECT `img` FROM `btchanges_coin` WHERE `name` = 'bts' LIMIT 1   [ RunTime:0.0005s ]
SQL: SELECT `img` FROM `btchanges_coin` WHERE `name` = 'usdt' LIMIT 1   [ RunTime:0.0004s ]
SQL: SELECT `title` FROM `btchanges_coin` WHERE `name` = 'bts' LIMIT 1   [ RunTime:0.0005s ]
SQL: SELECT `img` FROM `btchanges_coin` WHERE `name` = 'mana' LIMIT 1   [ RunTime:0.0005s ]
SQL: SELECT `img` FROM `btchanges_coin` WHERE `name` = 'usdt' LIMIT 1   [ RunTime:0.0005s ]
SQL: SELECT `title` FROM `btchanges_coin` WHERE `name` = 'mana' LIMIT 1   [ RunTime:0.0005s ]
SQL: SELECT `img` FROM `btchanges_coin` WHERE `name` = 'rcn' LIMIT 1   [ RunTime:0.0004s ]
SQL: SELECT `img` FROM `btchanges_coin` WHERE `name` = 'usdt' LIMIT 1   [ RunTime:0.0004s ]
SQL: SELECT `title` FROM `btchanges_coin` WHERE `name` = 'rcn' LIMIT 1   [ RunTime:0.0004s ]
SQL: SELECT `img` FROM `btchanges_coin` WHERE `name` = 'eosdac' LIMIT 1   [ RunTime:0.0004s ]
SQL: SELECT `img` FROM `btchanges_coin` WHERE `name` = 'usdt' LIMIT 1   [ RunTime:0.0004s ]
SQL: SELECT `title` FROM `btchanges_coin` WHERE `name` = 'eosdac' LIMIT 1   [ RunTime:0.0004s ]
SQL: SELECT `img` FROM `btchanges_coin` WHERE `name` = 'bcx' LIMIT 1   [ RunTime:0.0005s ]
SQL: SELECT `img` FROM `btchanges_coin` WHERE `name` = 'usdt' LIMIT 1   [ RunTime:0.0005s ]
SQL: SELECT `title` FROM `btchanges_coin` WHERE `name` = 'bcx' LIMIT 1   [ RunTime:0.0004s ]
SQL: SELECT `img` FROM `btchanges_coin` WHERE `name` = 'pass' LIMIT 1   [ RunTime:0.0005s ]
SQL: SELECT `img` FROM `btchanges_coin` WHERE `name` = 'usdt' LIMIT 1   [ RunTime:0.0004s ]
SQL: SELECT `title` FROM `btchanges_coin` WHERE `name` = 'pass' LIMIT 1   [ RunTime:0.0004s ]
SQL: SELECT `img` FROM `btchanges_coin` WHERE `name` = 'doge' LIMIT 1   [ RunTime:0.0004s ]
SQL: SELECT `img` FROM `btchanges_coin` WHERE `name` = 'usdt' LIMIT 1   [ RunTime:0.0004s ]
SQL: SELECT `title` FROM `btchanges_coin` WHERE `name` = 'doge' LIMIT 1   [ RunTime:0.0004s ]
SQL: SELECT `img` FROM `btchanges_coin` WHERE `name` = 'hc' LIMIT 1   [ RunTime:0.0004s ]
SQL: SELECT `img` FROM `btchanges_coin` WHERE `name` = 'usdt' LIMIT 1   [ RunTime:0.0004s ]
SQL: SELECT `title` FROM `btchanges_coin` WHERE `name` = 'hc' LIMIT 1   [ RunTime:0.0005s ]
SQL: SELECT `img` FROM `btchanges_coin` WHERE `name` = 'zrx' LIMIT 1   [ RunTime:0.0004s ]
SQL: SELECT `img` FROM `btchanges_coin` WHERE `name` = 'usdt' LIMIT 1   [ RunTime:0.0004s ]
SQL: SELECT `title` FROM `btchanges_coin` WHERE `name` = 'zrx' LIMIT 1   [ RunTime:0.0004s ]
SQL: SELECT `img` FROM `btchanges_coin` WHERE `name` = 'bchsv' LIMIT 1   [ RunTime:0.0005s ]
SQL: SELECT `img` FROM `btchanges_coin` WHERE `name` = 'usdt' LIMIT 1   [ RunTime:0.0004s ]
SQL: SELECT `title` FROM `btchanges_coin` WHERE `name` = 'bchsv' LIMIT 1   [ RunTime:0.0005s ]
SQL: SELECT `img` FROM `btchanges_coin` WHERE `name` = 'yhet' LIMIT 1   [ RunTime:0.0004s ]
SQL: SELECT `img` FROM `btchanges_coin` WHERE `name` = 'usdt' LIMIT 1   [ RunTime:0.0004s ]
SQL: SELECT `title` FROM `btchanges_coin` WHERE `name` = 'yhet' LIMIT 1   [ RunTime:0.0004s ]
SQL: SELECT `cs_cl` FROM `btchanges_coin` WHERE `name` = 'bys' LIMIT 1   [ RunTime:0.0005s ]
SQL: SELECT `cs_cl` FROM `btchanges_coin` WHERE `name` = 'btc' LIMIT 1   [ RunTime:0.0005s ]
SQL: SELECT `cs_cl` FROM `btchanges_coin` WHERE `name` = 'eos' LIMIT 1   [ RunTime:0.0005s ]
SQL: SELECT `cs_cl` FROM `btchanges_coin` WHERE `name` = 'eth' LIMIT 1   [ RunTime:0.0005s ]
SQL: SELECT `cs_cl` FROM `btchanges_coin` WHERE `name` = 'bchabc' LIMIT 1   [ RunTime:0.0004s ]
SQL: SELECT `cs_cl` FROM `btchanges_coin` WHERE `name` = 'xrp' LIMIT 1   [ RunTime:0.0004s ]
SQL: SELECT `cs_cl` FROM `btchanges_coin` WHERE `name` = 'etc' LIMIT 1   [ RunTime:0.0006s ]
SQL: SELECT `cs_cl` FROM `btchanges_coin` WHERE `name` = 'ltc' LIMIT 1   [ RunTime:0.0005s ]
SQL: SELECT `cs_cl` FROM `btchanges_coin` WHERE `name` = 'qtum' LIMIT 1   [ RunTime:0.0005s ]
SQL: SELECT `cs_cl` FROM `btchanges_coin` WHERE `name` = 'btm' LIMIT 1   [ RunTime:0.0004s ]
SQL: SELECT `cs_cl` FROM `btchanges_coin` WHERE `name` = 'bts' LIMIT 1   [ RunTime:0.0005s ]
SQL: SELECT `cs_cl` FROM `btchanges_coin` WHERE `name` = 'mana' LIMIT 1   [ RunTime:0.0005s ]
SQL: SELECT `cs_cl` FROM `btchanges_coin` WHERE `name` = 'rcn' LIMIT 1   [ RunTime:0.0004s ]
SQL: SELECT `cs_cl` FROM `btchanges_coin` WHERE `name` = 'eosdac' LIMIT 1   [ RunTime:0.0005s ]
SQL: SELECT `cs_cl` FROM `btchanges_coin` WHERE `name` = 'bcx' LIMIT 1   [ RunTime:0.0007s ]
SQL: SELECT `cs_cl` FROM `btchanges_coin` WHERE `name` = 'pass' LIMIT 1   [ RunTime:0.0004s ]
SQL: SELECT `cs_cl` FROM `btchanges_coin` WHERE `name` = 'doge' LIMIT 1   [ RunTime:0.0005s ]
SQL: SELECT `cs_cl` FROM `btchanges_coin` WHERE `name` = 'hc' LIMIT 1   [ RunTime:0.0004s ]
SQL: SELECT `cs_cl` FROM `btchanges_coin` WHERE `name` = 'zrx' LIMIT 1   [ RunTime:0.0004s ]
SQL: SELECT `cs_cl` FROM `btchanges_coin` WHERE `name` = 'bchsv' LIMIT 1   [ RunTime:0.0005s ]
SQL: SELECT `cs_cl` FROM `btchanges_coin` WHERE `name` = 'yhet' LIMIT 1   [ RunTime:0.0004s ]

[ 2019-07-11T18:20:53+08:00 ] 66.249.65.131 /
INFO: [ app_init ] --START--
INFO: Run Behavior\BuildLiteBehavior [ RunTime:0.000011s ]
INFO: [ app_init ] --END-- [ RunTime:0.000084s ]
INFO: [ app_begin ] --START--
INFO: Run Behavior\ReadHtmlCacheBehavior [ RunTime:0.000045s ]
INFO: [ app_begin ] --END-- [ RunTime:0.000067s ]
SQL: SHOW COLUMNS FROM `btchanges_config` [ RunTime:0.0015s ]
SQL: SELECT * FROM `btchanges_config` WHERE `id` = 1 LIMIT 1   [ RunTime:0.0009s ]
SQL: SHOW COLUMNS FROM `btchanges_article_type` [ RunTime:0.0006s ]
SQL: SELECT * FROM `btchanges_article_type` WHERE `status` = 1 AND `footer` = 1 AND `shang` = '' ORDER BY sort asc ,id desc LIMIT 3   [ RunTime:0.0006s ]
SQL: SELECT * FROM `btchanges_article_type` WHERE `shang` = 'aboutus' AND `footer` = 1 AND `status` = 1 ORDER BY id asc LIMIT 4   [ RunTime:0.0010s ]
SQL: SELECT * FROM `btchanges_article_type` WHERE `shang` = 'help' AND `footer` = 1 AND `status` = 1 ORDER BY id asc LIMIT 4   [ RunTime:0.0007s ]
SQL: SELECT * FROM `btchanges_article_type` WHERE `shang` = 'download' AND `footer` = 1 AND `status` = 1 ORDER BY id asc LIMIT 4   [ RunTime:0.0005s ]
SQL: SHOW COLUMNS FROM `btchanges_adver` [ RunTime:0.0007s ]
SQL: SELECT * FROM `btchanges_adver` WHERE `status` = 1 ORDER BY sort asc  [ RunTime:0.0005s ]
SQL: SELECT * FROM `btchanges_article_type` WHERE `status` = 1 AND `index` = 1 ORDER BY sort asc ,id desc LIMIT 3   [ RunTime:0.0005s ]
SQL: SHOW COLUMNS FROM `btchanges_article` [ RunTime:0.0007s ]
SQL: SELECT * FROM `btchanges_article` WHERE `type` = 'communique' AND `status` = 1 AND `index` = 1 ORDER BY id desc LIMIT 6   [ RunTime:0.0006s ]
SQL: SELECT * FROM `btchanges_article` WHERE `type` = 'industry' AND `status` = 1 AND `index` = 1 ORDER BY id desc LIMIT 6   [ RunTime:0.0009s ]
SQL: SELECT * FROM `btchanges_article` WHERE `type` = 'FAQ' AND `status` = 1 AND `index` = 1 ORDER BY id desc LIMIT 6   [ RunTime:0.0007s ]
SQL: SHOW COLUMNS FROM `btchanges_link` [ RunTime:0.0007s ]
SQL: SELECT * FROM `btchanges_link` WHERE `status` = 1 ORDER BY sort asc ,id desc  [ RunTime:0.0006s ]
SQL: SELECT * FROM `btchanges_config` WHERE `id` = 1 LIMIT 1   [ RunTime:0.0007s ]
SQL: SELECT * FROM `btchanges_article_type` WHERE `status` = 1 AND `footer` = 1 AND `shang` = '' ORDER BY sort asc ,id desc LIMIT 3   [ RunTime:0.0006s ]
SQL: SELECT * FROM `btchanges_article_type` WHERE `shang` = 'aboutus' AND `footer` = 1 AND `status` = 1 ORDER BY id asc LIMIT 4   [ RunTime:0.0006s ]
SQL: SELECT * FROM `btchanges_article_type` WHERE `shang` = 'help' AND `footer` = 1 AND `status` = 1 ORDER BY id asc LIMIT 4   [ RunTime:0.0005s ]
SQL: SELECT * FROM `btchanges_article_type` WHERE `shang` = 'download' AND `footer` = 1 AND `status` = 1 ORDER BY id asc LIMIT 4   [ RunTime:0.0005s ]
INFO: [ view_parse ] --START--
INFO: [ template_filter ] --START--
INFO: Run Behavior\ContentReplaceBehavior [ RunTime:0.000159s ]
INFO: [ template_filter ] --END-- [ RunTime:0.000192s ]
INFO: Run Behavior\ParseTemplateBehavior [ RunTime:0.009550s ]
INFO: [ view_parse ] --END-- [ RunTime:0.009579s ]
INFO: [ view_filter ] --START--
INFO: Run Behavior\WriteHtmlCacheBehavior [ RunTime:0.000055s ]
INFO: [ view_filter ] --END-- [ RunTime:0.000077s ]
INFO: [ app_end ] --START--
INFO: Run Behavior\ShowPageTraceBehavior [ RunTime:0.000063s ]
INFO: [ app_end ] --END-- [ RunTime:0.000091s ]

[ 2019-07-11T19:07:13+08:00 ] 220.181.108.146 /Trade/index/market/
INFO: [ app_init ] --START--
INFO: Run Behavior\BuildLiteBehavior [ RunTime:0.000015s ]
INFO: [ app_init ] --END-- [ RunTime:0.000118s ]
INFO: [ app_begin ] --START--
INFO: Run Behavior\ReadHtmlCacheBehavior [ RunTime:0.000064s ]
INFO: [ app_begin ] --END-- [ RunTime:0.000098s ]
NOTIC: [2048] Declaration of Home\Controller\TradeController::show() should be compatible with Think\Controller::show($content, $charset = '', $contentType = '', $prefix = '') /www/wwwroot/bnb/Application/Home/Controller/TradeController.class.php 第 11 行.
SQL: SHOW COLUMNS FROM `btchanges_config` [ RunTime:0.0014s ]
SQL: SELECT * FROM `btchanges_config` WHERE `id` = 1 LIMIT 1   [ RunTime:0.0009s ]
SQL: SHOW COLUMNS FROM `btchanges_article_type` [ RunTime:0.0006s ]
SQL: SELECT * FROM `btchanges_article_type` WHERE `status` = 1 AND `footer` = 1 AND `shang` = '' ORDER BY sort asc ,id desc LIMIT 3   [ RunTime:0.0006s ]
SQL: SELECT * FROM `btchanges_article_type` WHERE `shang` = 'aboutus' AND `footer` = 1 AND `status` = 1 ORDER BY id asc LIMIT 4   [ RunTime:0.0009s ]
SQL: SELECT * FROM `btchanges_article_type` WHERE `shang` = 'help' AND `footer` = 1 AND `status` = 1 ORDER BY id asc LIMIT 4   [ RunTime:0.0005s ]
SQL: SELECT * FROM `btchanges_article_type` WHERE `shang` = 'download' AND `footer` = 1 AND `status` = 1 ORDER BY id asc LIMIT 4   [ RunTime:0.0005s ]
SQL: SHOW COLUMNS FROM `btchanges_coin` [ RunTime:0.0008s ]
SQL: SHOW COLUMNS FROM `btchanges_coin` [ RunTime:0.0007s ]
SQL: SELECT `title` FROM `btchanges_coin` WHERE `name` = 'bys' LIMIT 1   [ RunTime:0.0005s ]
SQL: SHOW COLUMNS FROM `btchanges_market` [ RunTime:0.0007s ]
SQL: SELECT `round` FROM `btchanges_market` WHERE `name` = 'bys_usdt' LIMIT 1   [ RunTime:0.0004s ]
SQL: SELECT `num_round` FROM `btchanges_market` WHERE `name` = 'bys_usdt' LIMIT 1   [ RunTime:0.0004s ]
SQL: SELECT `price_round` FROM `btchanges_market` WHERE `name` = 'bys_usdt' LIMIT 1   [ RunTime:0.0004s ]
INFO: [ view_parse ] --START--
INFO: [ template_filter ] --START--
INFO: Run Behavior\ContentReplaceBehavior [ RunTime:0.000425s ]
INFO: [ template_filter ] --END-- [ RunTime:0.000470s ]
INFO: Run Behavior\ParseTemplateBehavior [ RunTime:0.024035s ]
INFO: [ view_parse ] --END-- [ RunTime:0.024089s ]
INFO: [ view_filter ] --START--
INFO: Run Behavior\WriteHtmlCacheBehavior [ RunTime:0.000077s ]
INFO: [ view_filter ] --END-- [ RunTime:0.000106s ]
INFO: [ app_end ] --START--
INFO: Run Behavior\ShowPageTraceBehavior [ RunTime:0.000073s ]
INFO: [ app_end ] --END-- [ RunTime:0.000102s ]

[ 2019-07-11T20:01:00+08:00 ] 66.249.65.129 /trade/index/market/ae_usdt/
INFO: [ app_init ] --START--
INFO: Run Behavior\BuildLiteBehavior [ RunTime:0.000012s ]
INFO: [ app_init ] --END-- [ RunTime:0.000086s ]
INFO: [ app_begin ] --START--
INFO: Run Behavior\ReadHtmlCacheBehavior [ RunTime:0.000050s ]
INFO: [ app_begin ] --END-- [ RunTime:0.000075s ]
NOTIC: [2048] Declaration of Home\Controller\TradeController::show() should be compatible with Think\Controller::show($content, $charset = '', $contentType = '', $prefix = '') /www/wwwroot/bnb/Application/Home/Controller/TradeController.class.php 第 11 行.
SQL: SHOW COLUMNS FROM `btchanges_config` [ RunTime:0.0014s ]
SQL: SELECT * FROM `btchanges_config` WHERE `id` = 1 LIMIT 1   [ RunTime:0.0009s ]
SQL: SHOW COLUMNS FROM `btchanges_article_type` [ RunTime:0.0006s ]
SQL: SELECT * FROM `btchanges_article_type` WHERE `status` = 1 AND `footer` = 1 AND `shang` = '' ORDER BY sort asc ,id desc LIMIT 3   [ RunTime:0.0006s ]
SQL: SELECT * FROM `btchanges_article_type` WHERE `shang` = 'aboutus' AND `footer` = 1 AND `status` = 1 ORDER BY id asc LIMIT 4   [ RunTime:0.0011s ]
SQL: SELECT * FROM `btchanges_article_type` WHERE `shang` = 'help' AND `footer` = 1 AND `status` = 1 ORDER BY id asc LIMIT 4   [ RunTime:0.0006s ]
SQL: SELECT * FROM `btchanges_article_type` WHERE `shang` = 'download' AND `footer` = 1 AND `status` = 1 ORDER BY id asc LIMIT 4   [ RunTime:0.0005s ]
SQL: SHOW COLUMNS FROM `btchanges_coin` [ RunTime:0.0008s ]
SQL: SHOW COLUMNS FROM `btchanges_coin` [ RunTime:0.0008s ]
SQL: SELECT `title` FROM `btchanges_coin` WHERE `name` = 'ae' LIMIT 1   [ RunTime:0.0005s ]
SQL: SHOW COLUMNS FROM `btchanges_market` [ RunTime:0.0008s ]
SQL: SELECT `round` FROM `btchanges_market` WHERE `name` = 'ae_usdt' LIMIT 1   [ RunTime:0.0004s ]
SQL: SELECT `num_round` FROM `btchanges_market` WHERE `name` = 'ae_usdt' LIMIT 1   [ RunTime:0.0004s ]
SQL: SELECT `price_round` FROM `btchanges_market` WHERE `name` = 'ae_usdt' LIMIT 1   [ RunTime:0.0005s ]
INFO: [ view_parse ] --START--
INFO: [ template_filter ] --START--
INFO: Run Behavior\ContentReplaceBehavior [ RunTime:0.000271s ]
INFO: [ template_filter ] --END-- [ RunTime:0.000301s ]
INFO: Run Behavior\ParseTemplateBehavior [ RunTime:0.013873s ]
INFO: [ view_parse ] --END-- [ RunTime:0.013904s ]
INFO: [ view_filter ] --START--
INFO: Run Behavior\WriteHtmlCacheBehavior [ RunTime:0.000061s ]
INFO: [ view_filter ] --END-- [ RunTime:0.000079s ]
INFO: [ app_end ] --START--
INFO: Run Behavior\ShowPageTraceBehavior [ RunTime:0.000067s ]
INFO: [ app_end ] --END-- [ RunTime:0.000100s ]

[ 2019-07-11T21:31:05+08:00 ] 66.249.65.133 /robots.txt
INFO: [ app_init ] --START--
INFO: Run Behavior\BuildLiteBehavior [ RunTime:0.000012s ]
INFO: [ app_init ] --END-- [ RunTime:0.000091s ]
INFO: [ app_begin ] --START--
INFO: Run Behavior\ReadHtmlCacheBehavior [ RunTime:0.000061s ]
INFO: [ app_begin ] --END-- [ RunTime:0.000095s ]
SQL: SHOW COLUMNS FROM `btchanges_config` [ RunTime:0.0012s ]
SQL: SELECT * FROM `btchanges_config` WHERE `id` = 1 LIMIT 1   [ RunTime:0.0008s ]
SQL: SHOW COLUMNS FROM `btchanges_article_type` [ RunTime:0.0006s ]
SQL: SELECT * FROM `btchanges_article_type` WHERE `status` = 1 AND `footer` = 1 AND `shang` = '' ORDER BY sort asc ,id desc LIMIT 3   [ RunTime:0.0006s ]
SQL: SELECT * FROM `btchanges_article_type` WHERE `shang` = 'aboutus' AND `footer` = 1 AND `status` = 1 ORDER BY id asc LIMIT 4   [ RunTime:0.0009s ]
SQL: SELECT * FROM `btchanges_article_type` WHERE `shang` = 'help' AND `footer` = 1 AND `status` = 1 ORDER BY id asc LIMIT 4   [ RunTime:0.0006s ]
SQL: SELECT * FROM `btchanges_article_type` WHERE `shang` = 'download' AND `footer` = 1 AND `status` = 1 ORDER BY id asc LIMIT 4   [ RunTime:0.0005s ]
INFO: [ view_parse ] --START--
INFO: [ template_filter ] --START--
INFO: Run Behavior\ContentReplaceBehavior [ RunTime:0.000033s ]
INFO: [ template_filter ] --END-- [ RunTime:0.000061s ]
INFO: Run Behavior\ParseTemplateBehavior [ RunTime:0.001708s ]
INFO: [ view_parse ] --END-- [ RunTime:0.001748s ]
INFO: [ view_filter ] --START--
INFO: Run Behavior\WriteHtmlCacheBehavior [ RunTime:0.000073s ]
INFO: [ view_filter ] --END-- [ RunTime:0.000101s ]

[ 2019-07-11T21:31:05+08:00 ] 66.249.65.133 /Trade/index/market/bchabc_usdt
INFO: [ app_init ] --START--
INFO: Run Behavior\BuildLiteBehavior [ RunTime:0.000012s ]
INFO: [ app_init ] --END-- [ RunTime:0.000100s ]
INFO: [ app_begin ] --START--
INFO: Run Behavior\ReadHtmlCacheBehavior [ RunTime:0.000072s ]
INFO: [ app_begin ] --END-- [ RunTime:0.000111s ]
NOTIC: [2048] Declaration of Home\Controller\TradeController::show() should be compatible with Think\Controller::show($content, $charset = '', $contentType = '', $prefix = '') /www/wwwroot/bnb/Application/Home/Controller/TradeController.class.php 第 11 行.
SQL: SHOW COLUMNS FROM `btchanges_config` [ RunTime:0.0020s ]
SQL: SELECT * FROM `btchanges_config` WHERE `id` = 1 LIMIT 1   [ RunTime:0.0010s ]
SQL: SHOW COLUMNS FROM `btchanges_article_type` [ RunTime:0.0008s ]
SQL: SELECT * FROM `btchanges_article_type` WHERE `status` = 1 AND `footer` = 1 AND `shang` = '' ORDER BY sort asc ,id desc LIMIT 3   [ RunTime:0.0006s ]
SQL: SELECT * FROM `btchanges_article_type` WHERE `shang` = 'aboutus' AND `footer` = 1 AND `status` = 1 ORDER BY id asc LIMIT 4   [ RunTime:0.0008s ]
SQL: SELECT * FROM `btchanges_article_type` WHERE `shang` = 'help' AND `footer` = 1 AND `status` = 1 ORDER BY id asc LIMIT 4   [ RunTime:0.0006s ]
SQL: SELECT * FROM `btchanges_article_type` WHERE `shang` = 'download' AND `footer` = 1 AND `status` = 1 ORDER BY id asc LIMIT 4   [ RunTime:0.0005s ]
SQL: SHOW COLUMNS FROM `btchanges_coin` [ RunTime:0.0009s ]
SQL: SHOW COLUMNS FROM `btchanges_coin` [ RunTime:0.0008s ]
SQL: SELECT `title` FROM `btchanges_coin` WHERE `name` = 'bchabc' LIMIT 1   [ RunTime:0.0005s ]
SQL: SHOW COLUMNS FROM `btchanges_market` [ RunTime:0.0009s ]
SQL: SELECT `round` FROM `btchanges_market` WHERE `name` = 'bchabc_usdt' LIMIT 1   [ RunTime:0.0006s ]
SQL: SELECT `num_round` FROM `btchanges_market` WHERE `name` = 'bchabc_usdt' LIMIT 1   [ RunTime:0.0004s ]
SQL: SELECT `price_round` FROM `btchanges_market` WHERE `name` = 'bchabc_usdt' LIMIT 1   [ RunTime:0.0004s ]
INFO: [ view_parse ] --START--
INFO: [ template_filter ] --START--
INFO: Run Behavior\ContentReplaceBehavior [ RunTime:0.000392s ]
INFO: [ template_filter ] --END-- [ RunTime:0.000444s ]
INFO: Run Behavior\ParseTemplateBehavior [ RunTime:0.016854s ]
INFO: [ view_parse ] --END-- [ RunTime:0.016889s ]
INFO: [ view_filter ] --START--
INFO: Run Behavior\WriteHtmlCacheBehavior [ RunTime:0.000067s ]
INFO: [ view_filter ] --END-- [ RunTime:0.000086s ]
INFO: [ app_end ] --START--
INFO: Run Behavior\ShowPageTraceBehavior [ RunTime:0.000129s ]
INFO: [ app_end ] --END-- [ RunTime:0.000172s ]

[ 2019-07-11T21:37:00+08:00 ] 54.36.148.86 /Article/detail/id/18.html
INFO: [ app_init ] --START--
INFO: Run Behavior\BuildLiteBehavior [ RunTime:0.000013s ]
INFO: [ app_init ] --END-- [ RunTime:0.000125s ]
INFO: [ app_begin ] --START--
INFO: Run Behavior\ReadHtmlCacheBehavior [ RunTime:0.000065s ]
INFO: [ app_begin ] --END-- [ RunTime:0.000100s ]
SQL: SHOW COLUMNS FROM `btchanges_config` [ RunTime:0.0014s ]
SQL: SELECT * FROM `btchanges_config` WHERE `id` = 1 LIMIT 1   [ RunTime:0.0009s ]
SQL: SHOW COLUMNS FROM `btchanges_article_type` [ RunTime:0.0007s ]
SQL: SELECT * FROM `btchanges_article_type` WHERE `status` = 1 AND `footer` = 1 AND `shang` = '' ORDER BY sort asc ,id desc LIMIT 3   [ RunTime:0.0007s ]
SQL: SELECT * FROM `btchanges_article_type` WHERE `shang` = 'aboutus' AND `footer` = 1 AND `status` = 1 ORDER BY id asc LIMIT 4   [ RunTime:0.0013s ]
SQL: SELECT * FROM `btchanges_article_type` WHERE `shang` = 'help' AND `footer` = 1 AND `status` = 1 ORDER BY id asc LIMIT 4   [ RunTime:0.0006s ]
SQL: SELECT * FROM `btchanges_article_type` WHERE `shang` = 'download' AND `footer` = 1 AND `status` = 1 ORDER BY id asc LIMIT 4   [ RunTime:0.0007s ]
SQL: SHOW COLUMNS FROM `btchanges_article` [ RunTime:0.0007s ]
SQL: SELECT * FROM `btchanges_article` WHERE `id` = 18 LIMIT 1   [ RunTime:0.0005s ]
SQL: SELECT * FROM `btchanges_article_type` WHERE `status` = 1 AND `index` = 1 ORDER BY sort asc ,id desc  [ RunTime:0.0008s ]
INFO: [ view_parse ] --START--
INFO: [ template_filter ] --START--
INFO: Run Behavior\ContentReplaceBehavior [ RunTime:0.000138s ]
INFO: [ template_filter ] --END-- [ RunTime:0.000180s ]
NOTIC: [8] Undefined variable: shang /www/wwwroot/bnb/Runtime/Cache/Home/3c8a1a47a3534a7b1252c226abfc3928.php 第 236 行.
INFO: Run Behavior\ParseTemplateBehavior [ RunTime:0.010832s ]
INFO: [ view_parse ] --END-- [ RunTime:0.010870s ]
INFO: [ view_filter ] --START--
INFO: Run Behavior\WriteHtmlCacheBehavior [ RunTime:0.000080s ]
INFO: [ view_filter ] --END-- [ RunTime:0.000108s ]
INFO: [ app_end ] --START--
INFO: Run Behavior\ShowPageTraceBehavior [ RunTime:0.000071s ]
INFO: [ app_end ] --END-- [ RunTime:0.000103s ]

[ 2019-07-11T21:47:29+08:00 ] 34.212.165.129 /
INFO: [ app_init ] --START--
INFO: Run Behavior\BuildLiteBehavior [ RunTime:0.000012s ]
INFO: [ app_init ] --END-- [ RunTime:0.000103s ]
INFO: [ app_begin ] --START--
INFO: Run Behavior\ReadHtmlCacheBehavior [ RunTime:0.000047s ]
INFO: [ app_begin ] --END-- [ RunTime:0.000071s ]
SQL: SHOW COLUMNS FROM `btchanges_config` [ RunTime:0.0013s ]
SQL: SELECT * FROM `btchanges_config` WHERE `id` = 1 LIMIT 1   [ RunTime:0.0009s ]
SQL: SHOW COLUMNS FROM `btchanges_article_type` [ RunTime:0.0007s ]
SQL: SELECT * FROM `btchanges_article_type` WHERE `status` = 1 AND `footer` = 1 AND `shang` = '' ORDER BY sort asc ,id desc LIMIT 3   [ RunTime:0.0006s ]
SQL: SELECT * FROM `btchanges_article_type` WHERE `shang` = 'aboutus' AND `footer` = 1 AND `status` = 1 ORDER BY id asc LIMIT 4   [ RunTime:0.0008s ]
SQL: SELECT * FROM `btchanges_article_type` WHERE `shang` = 'help' AND `footer` = 1 AND `status` = 1 ORDER BY id asc LIMIT 4   [ RunTime:0.0005s ]
SQL: SELECT * FROM `btchanges_article_type` WHERE `shang` = 'download' AND `footer` = 1 AND `status` = 1 ORDER BY id asc LIMIT 4   [ RunTime:0.0005s ]
SQL: SHOW COLUMNS FROM `btchanges_adver` [ RunTime:0.0006s ]
SQL: SELECT * FROM `btchanges_adver` WHERE `status` = 1 ORDER BY sort asc  [ RunTime:0.0005s ]
SQL: SELECT * FROM `btchanges_article_type` WHERE `status` = 1 AND `index` = 1 ORDER BY sort asc ,id desc LIMIT 3   [ RunTime:0.0005s ]
SQL: SHOW COLUMNS FROM `btchanges_article` [ RunTime:0.0006s ]
SQL: SELECT * FROM `btchanges_article` WHERE `type` = 'communique' AND `status` = 1 AND `index` = 1 ORDER BY id desc LIMIT 6   [ RunTime:0.0006s ]
SQL: SELECT * FROM `btchanges_article` WHERE `type` = 'industry' AND `status` = 1 AND `index` = 1 ORDER BY id desc LIMIT 6   [ RunTime:0.0008s ]
SQL: SELECT * FROM `btchanges_article` WHERE `type` = 'FAQ' AND `status` = 1 AND `index` = 1 ORDER BY id desc LIMIT 6   [ RunTime:0.0006s ]
SQL: SHOW COLUMNS FROM `btchanges_link` [ RunTime:0.0006s ]
SQL: SELECT * FROM `btchanges_link` WHERE `status` = 1 ORDER BY sort asc ,id desc  [ RunTime:0.0005s ]
SQL: SELECT * FROM `btchanges_config` WHERE `id` = 1 LIMIT 1   [ RunTime:0.0006s ]
SQL: SELECT * FROM `btchanges_article_type` WHERE `status` = 1 AND `footer` = 1 AND `shang` = '' ORDER BY sort asc ,id desc LIMIT 3   [ RunTime:0.0005s ]
SQL: SELECT * FROM `btchanges_article_type` WHERE `shang` = 'aboutus' AND `footer` = 1 AND `status` = 1 ORDER BY id asc LIMIT 4   [ RunTime:0.0006s ]
SQL: SELECT * FROM `btchanges_article_type` WHERE `shang` = 'help' AND `footer` = 1 AND `status` = 1 ORDER BY id asc LIMIT 4   [ RunTime:0.0005s ]
SQL: SELECT * FROM `btchanges_article_type` WHERE `shang` = 'download' AND `footer` = 1 AND `status` = 1 ORDER BY id asc LIMIT 4   [ RunTime:0.0005s ]
INFO: [ view_parse ] --START--
INFO: [ template_filter ] --START--
INFO: Run Behavior\ContentReplaceBehavior [ RunTime:0.000135s ]
INFO: [ template_filter ] --END-- [ RunTime:0.000165s ]
INFO: Run Behavior\ParseTemplateBehavior [ RunTime:0.009860s ]
INFO: [ view_parse ] --END-- [ RunTime:0.009889s ]
INFO: [ view_filter ] --START--
INFO: Run Behavior\WriteHtmlCacheBehavior [ RunTime:0.000059s ]
INFO: [ view_filter ] --END-- [ RunTime:0.000078s ]
INFO: [ app_end ] --START--
INFO: Run Behavior\ShowPageTraceBehavior [ RunTime:0.000070s ]
INFO: [ app_end ] --END-- [ RunTime:0.000097s ]

[ 2019-07-11T22:42:43+08:00 ] 87.241.191.220 /
INFO: [ app_init ] --START--
INFO: Run Behavior\BuildLiteBehavior [ RunTime:0.000011s ]
INFO: [ app_init ] --END-- [ RunTime:0.000083s ]
INFO: [ app_begin ] --START--
INFO: Run Behavior\ReadHtmlCacheBehavior [ RunTime:0.000045s ]
INFO: [ app_begin ] --END-- [ RunTime:0.000068s ]
SQL: SHOW COLUMNS FROM `btchanges_config` [ RunTime:0.0013s ]
SQL: SELECT * FROM `btchanges_config` WHERE `id` = 1 LIMIT 1   [ RunTime:0.0009s ]
SQL: SHOW COLUMNS FROM `btchanges_article_type` [ RunTime:0.0007s ]
SQL: SELECT * FROM `btchanges_article_type` WHERE `status` = 1 AND `footer` = 1 AND `shang` = '' ORDER BY sort asc ,id desc LIMIT 3   [ RunTime:0.0006s ]
SQL: SELECT * FROM `btchanges_article_type` WHERE `shang` = 'aboutus' AND `footer` = 1 AND `status` = 1 ORDER BY id asc LIMIT 4   [ RunTime:0.0009s ]
SQL: SELECT * FROM `btchanges_article_type` WHERE `shang` = 'help' AND `footer` = 1 AND `status` = 1 ORDER BY id asc LIMIT 4   [ RunTime:0.0005s ]
SQL: SELECT * FROM `btchanges_article_type` WHERE `shang` = 'download' AND `footer` = 1 AND `status` = 1 ORDER BY id asc LIMIT 4   [ RunTime:0.0005s ]
SQL: SHOW COLUMNS FROM `btchanges_adver` [ RunTime:0.0006s ]
SQL: SELECT * FROM `btchanges_adver` WHERE `status` = 1 ORDER BY sort asc  [ RunTime:0.0005s ]
SQL: SELECT * FROM `btchanges_article_type` WHERE `status` = 1 AND `index` = 1 ORDER BY sort asc ,id desc LIMIT 3   [ RunTime:0.0005s ]
SQL: SHOW COLUMNS FROM `btchanges_article` [ RunTime:0.0006s ]
SQL: SELECT * FROM `btchanges_article` WHERE `type` = 'communique' AND `status` = 1 AND `index` = 1 ORDER BY id desc LIMIT 6   [ RunTime:0.0006s ]
SQL: SELECT * FROM `btchanges_article` WHERE `type` = 'industry' AND `status` = 1 AND `index` = 1 ORDER BY id desc LIMIT 6   [ RunTime:0.0009s ]
SQL: SELECT * FROM `btchanges_article` WHERE `type` = 'FAQ' AND `status` = 1 AND `index` = 1 ORDER BY id desc LIMIT 6   [ RunTime:0.0006s ]
SQL: SHOW COLUMNS FROM `btchanges_link` [ RunTime:0.0006s ]
SQL: SELECT * FROM `btchanges_link` WHERE `status` = 1 ORDER BY sort asc ,id desc  [ RunTime:0.0005s ]
SQL: SELECT * FROM `btchanges_config` WHERE `id` = 1 LIMIT 1   [ RunTime:0.0006s ]
SQL: SELECT * FROM `btchanges_article_type` WHERE `status` = 1 AND `footer` = 1 AND `shang` = '' ORDER BY sort asc ,id desc LIMIT 3   [ RunTime:0.0005s ]
SQL: SELECT * FROM `btchanges_article_type` WHERE `shang` = 'aboutus' AND `footer` = 1 AND `status` = 1 ORDER BY id asc LIMIT 4   [ RunTime:0.0006s ]
SQL: SELECT * FROM `btchanges_article_type` WHERE `shang` = 'help' AND `footer` = 1 AND `status` = 1 ORDER BY id asc LIMIT 4   [ RunTime:0.0005s ]
SQL: SELECT * FROM `btchanges_article_type` WHERE `shang` = 'download' AND `footer` = 1 AND `status` = 1 ORDER BY id asc LIMIT 4   [ RunTime:0.0005s ]
INFO: [ view_parse ] --START--
INFO: [ template_filter ] --START--
INFO: Run Behavior\ContentReplaceBehavior [ RunTime:0.000139s ]
INFO: [ template_filter ] --END-- [ RunTime:0.000172s ]
INFO: Run Behavior\ParseTemplateBehavior [ RunTime:0.009516s ]
INFO: [ view_parse ] --END-- [ RunTime:0.009547s ]
INFO: [ view_filter ] --START--
INFO: Run Behavior\WriteHtmlCacheBehavior [ RunTime:0.000066s ]
INFO: [ view_filter ] --END-- [ RunTime:0.000089s ]
INFO: [ app_end ] --START--
INFO: Run Behavior\ShowPageTraceBehavior [ RunTime:0.000069s ]
INFO: [ app_end ] --END-- [ RunTime:0.000096s ]

[ 2019-07-11T23:53:32+08:00 ] 66.249.65.129 /trade/index/market/doge_usdt/
INFO: [ app_init ] --START--
INFO: Run Behavior\BuildLiteBehavior [ RunTime:0.000011s ]
INFO: [ app_init ] --END-- [ RunTime:0.000084s ]
INFO: [ app_begin ] --START--
INFO: Run Behavior\ReadHtmlCacheBehavior [ RunTime:0.000070s ]
INFO: [ app_begin ] --END-- [ RunTime:0.000098s ]
NOTIC: [2048] Declaration of Home\Controller\TradeController::show() should be compatible with Think\Controller::show($content, $charset = '', $contentType = '', $prefix = '') /www/wwwroot/bnb/Application/Home/Controller/TradeController.class.php 第 11 行.
SQL: SHOW COLUMNS FROM `btchanges_config` [ RunTime:0.0013s ]
SQL: SELECT * FROM `btchanges_config` WHERE `id` = 1 LIMIT 1   [ RunTime:0.0009s ]
SQL: SHOW COLUMNS FROM `btchanges_article_type` [ RunTime:0.0006s ]
SQL: SELECT * FROM `btchanges_article_type` WHERE `status` = 1 AND `footer` = 1 AND `shang` = '' ORDER BY sort asc ,id desc LIMIT 3   [ RunTime:0.0007s ]
SQL: SELECT * FROM `btchanges_article_type` WHERE `shang` = 'aboutus' AND `footer` = 1 AND `status` = 1 ORDER BY id asc LIMIT 4   [ RunTime:0.0009s ]
SQL: SELECT * FROM `btchanges_article_type` WHERE `shang` = 'help' AND `footer` = 1 AND `status` = 1 ORDER BY id asc LIMIT 4   [ RunTime:0.0005s ]
SQL: SELECT * FROM `btchanges_article_type` WHERE `shang` = 'download' AND `footer` = 1 AND `status` = 1 ORDER BY id asc LIMIT 4   [ RunTime:0.0005s ]
SQL: SHOW COLUMNS FROM `btchanges_coin` [ RunTime:0.0008s ]
SQL: SHOW COLUMNS FROM `btchanges_coin` [ RunTime:0.0009s ]
SQL: SELECT `title` FROM `btchanges_coin` WHERE `name` = 'doge' LIMIT 1   [ RunTime:0.0005s ]
SQL: SHOW COLUMNS FROM `btchanges_market` [ RunTime:0.0007s ]
SQL: SELECT `round` FROM `btchanges_market` WHERE `name` = 'doge_usdt' LIMIT 1   [ RunTime:0.0004s ]
SQL: SELECT `num_round` FROM `btchanges_market` WHERE `name` = 'doge_usdt' LIMIT 1   [ RunTime:0.0004s ]
SQL: SELECT `price_round` FROM `btchanges_market` WHERE `name` = 'doge_usdt' LIMIT 1   [ RunTime:0.0004s ]
INFO: [ view_parse ] --START--
INFO: [ template_filter ] --START--
INFO: Run Behavior\ContentReplaceBehavior [ RunTime:0.000273s ]
INFO: [ template_filter ] --END-- [ RunTime:0.000310s ]
INFO: Run Behavior\ParseTemplateBehavior [ RunTime:0.014418s ]
INFO: [ view_parse ] --END-- [ RunTime:0.014447s ]
INFO: [ view_filter ] --START--
INFO: Run Behavior\WriteHtmlCacheBehavior [ RunTime:0.000060s ]
INFO: [ view_filter ] --END-- [ RunTime:0.000078s ]
INFO: [ app_end ] --START--
INFO: Run Behavior\ShowPageTraceBehavior [ RunTime:0.000080s ]
INFO: [ app_end ] --END-- [ RunTime:0.000122s ]

