[ 2019-07-10T10:53:29+08:00 ] 5.253.16.128 /admin/login?btchanges=linsion
INFO: [ app_init ] --START--
INFO: Run Behavior\BuildLiteBehavior [ RunTime:0.000013s ]
INFO: [ app_init ] --END-- [ RunTime:0.000111s ]
INFO: [ app_begin ] --START--
INFO: Run Behavior\ReadHtmlCacheBehavior [ RunTime:0.000073s ]
INFO: [ app_begin ] --END-- [ RunTime:0.000107s ]
INFO: [ view_parse ] --START--
INFO: [ template_filter ] --START--
INFO: Run Behavior\ContentReplaceBehavior [ RunTime:0.000064s ]
INFO: [ template_filter ] --END-- [ RunTime:0.000107s ]
INFO: Run Behavior\ParseTemplateBehavior [ RunTime:0.002697s ]
INFO: [ view_parse ] --END-- [ RunTime:0.002736s ]
INFO: [ view_filter ] --START--
INFO: Run Behavior\WriteHtmlCacheBehavior [ RunTime:0.000063s ]
INFO: [ view_filter ] --END-- [ RunTime:0.000090s ]
INFO: [ app_end ] --START--
INFO: Run Behavior\ShowPageTraceBehavior [ RunTime:0.000070s ]
INFO: [ app_end ] --END-- [ RunTime:0.000099s ]

[ 2019-07-10T10:53:29+08:00 ] 5.253.16.128 /Admin/Verify/code.html
INFO: [ app_init ] --START--
INFO: Run Behavior\BuildLiteBehavior [ RunTime:0.000014s ]
INFO: [ app_init ] --END-- [ RunTime:0.000105s ]
INFO: [ app_begin ] --START--
INFO: Run Behavior\ReadHtmlCacheBehavior [ RunTime:0.000064s ]
INFO: [ app_begin ] --END-- [ RunTime:0.000102s ]
INFO: [ app_end ] --START--
INFO: Run Behavior\ShowPageTraceBehavior [ RunTime:0.000072s ]
INFO: [ app_end ] --END-- [ RunTime:0.000106s ]

[ 2019-07-10T10:53:33+08:00 ] 5.253.16.128 /Admin/Login/index.html
INFO: [ app_init ] --START--
INFO: Run Behavior\BuildLiteBehavior [ RunTime:0.000014s ]
INFO: [ app_init ] --END-- [ RunTime:0.000111s ]
INFO: [ app_begin ] --START--
INFO: Run Behavior\ReadHtmlCacheBehavior [ RunTime:0.000062s ]
INFO: [ app_begin ] --END-- [ RunTime:0.000096s ]
SQL: SHOW COLUMNS FROM `btchanges_admin` [ RunTime:0.0009s ]
SQL: SELECT * FROM `btchanges_admin` WHERE `username` = 'admin_yh' LIMIT 1   [ RunTime:0.0008s ]

[ 2019-07-10T10:53:33+08:00 ] 5.253.16.128 /Admin/Index/index.html
INFO: [ app_init ] --START--
INFO: Run Behavior\BuildLiteBehavior [ RunTime:0.000012s ]
INFO: [ app_init ] --END-- [ RunTime:0.000083s ]
INFO: [ app_begin ] --START--
INFO: Run Behavior\ReadHtmlCacheBehavior [ RunTime:0.000048s ]
INFO: [ app_begin ] --END-- [ RunTime:0.000072s ]
SQL: SHOW COLUMNS FROM `btchanges_config` [ RunTime:0.0013s ]
SQL: SELECT * FROM `btchanges_config` WHERE `id` = 1 LIMIT 1   [ RunTime:0.0009s ]
SQL: SHOW COLUMNS FROM `btchanges_coin` [ RunTime:0.0007s ]
SQL: SELECT * FROM `btchanges_coin` WHERE `status` = 1  [ RunTime:0.0009s ]
NOTIC: [2] file_put_contents(./Runtime/Temp/d3b0f8d9ca32c5b36a19a420175948c2.php): failed to open stream: Permission denied /www/wwwroot/bnb/ThinkPHP/Library/Think/Cache/Driver/File.class.php 第 137 行.
SQL: SHOW COLUMNS FROM `btchanges_market` [ RunTime:0.0008s ]
SQL: SELECT * FROM `btchanges_market` WHERE `status` = 1  [ RunTime:0.0008s ]
NOTIC: [2] file_put_contents(./Runtime/Temp/a03d4382331eb5bc6fd5bb423ebe4d48.php): failed to open stream: Permission denied /www/wwwroot/bnb/ThinkPHP/Library/Think/Cache/Driver/File.class.php 第 137 行.
NOTIC: [8] Use of undefined constant IS_ROOT - assumed 'IS_ROOT' /www/wwwroot/bnb/Application/Admin/Controller/AdminController.class.php 第 211 行.
SQL: SHOW COLUMNS FROM `btchanges_menu` [ RunTime:0.0006s ]
SQL: SELECT * FROM `btchanges_menu` WHERE `pid` = 0 AND `hide` = 0 AND `is_dev` = 0 ORDER BY sort asc  [ RunTime:0.0016s ]
SQL: SELECT `id` FROM `btchanges_menu` WHERE ( url like 'Index/index%' ) LIMIT 1   [ RunTime:0.0004s ]
SQL: SHOW COLUMNS FROM `btchanges_menu` [ RunTime:0.0006s ]
SQL: SELECT `id`,`pid`,`title` FROM `btchanges_menu` WHERE ( id=1 ) LIMIT 1   [ RunTime:0.0004s ]
NOTIC: [8] Use of undefined constant IS_ROOT - assumed 'IS_ROOT' /www/wwwroot/bnb/Application/Admin/Controller/AdminController.class.php 第 261 行.
NOTIC: [8] Use of undefined constant IS_ROOT - assumed 'IS_ROOT' /www/wwwroot/bnb/Application/Admin/Controller/AdminController.class.php 第 261 行.
SQL: SELECT DISTINCT  `group` FROM `btchanges_menu` WHERE ( pid = 1 )  [ RunTime:0.0008s ]
SQL: SELECT `id`,`url` FROM `btchanges_menu` WHERE `pid` = 1 AND `hide` = 0 AND `is_dev` = 0  [ RunTime:0.0005s ]
NOTIC: [8] Use of undefined constant IS_ROOT - assumed 'IS_ROOT' /www/wwwroot/bnb/Application/Admin/Controller/AdminController.class.php 第 286 行.
SQL: SELECT `id`,`pid`,`title`,`url`,`tip`,`ico_name` FROM `btchanges_menu` WHERE `group` = '系统' AND `pid` = 1 AND `hide` = 0 AND `is_dev` = 0 ORDER BY sort asc  [ RunTime:0.0005s ]
SQL: SELECT `id`,`pid`,`title`,`url`,`tip`,`ico_name` FROM `btchanges_menu` WHERE `group` = '' AND `pid` = 1 AND `hide` = 0 AND `is_dev` = 0 ORDER BY sort asc  [ RunTime:0.0005s ]
NOTIC: [8] Use of undefined constant IS_ROOT - assumed 'IS_ROOT' /www/wwwroot/bnb/Application/Admin/Controller/AdminController.class.php 第 261 行.
NOTIC: [8] Use of undefined constant IS_ROOT - assumed 'IS_ROOT' /www/wwwroot/bnb/Application/Admin/Controller/AdminController.class.php 第 261 行.
NOTIC: [8] Use of undefined constant IS_ROOT - assumed 'IS_ROOT' /www/wwwroot/bnb/Application/Admin/Controller/AdminController.class.php 第 261 行.
NOTIC: [8] Use of undefined constant IS_ROOT - assumed 'IS_ROOT' /www/wwwroot/bnb/Application/Admin/Controller/AdminController.class.php 第 261 行.
NOTIC: [8] Use of undefined constant IS_ROOT - assumed 'IS_ROOT' /www/wwwroot/bnb/Application/Admin/Controller/AdminController.class.php 第 261 行.
NOTIC: [8] Use of undefined constant IS_ROOT - assumed 'IS_ROOT' /www/wwwroot/bnb/Application/Admin/Controller/AdminController.class.php 第 261 行.
NOTIC: [8] Use of undefined constant IS_ROOT - assumed 'IS_ROOT' /www/wwwroot/bnb/Application/Admin/Controller/AdminController.class.php 第 261 行.
NOTIC: [8] Use of undefined constant IS_ROOT - assumed 'IS_ROOT' /www/wwwroot/bnb/Application/Admin/Controller/AdminController.class.php 第 261 行.
INFO: [ view_parse ] --START--
INFO: [ template_filter ] --START--
INFO: Run Behavior\ContentReplaceBehavior [ RunTime:0.000089s ]
INFO: [ template_filter ] --END-- [ RunTime:0.000116s ]
NOTIC: [8] Undefined index: class /www/wwwroot/bnb/Runtime/Cache/Admin/b595b808c2ebeeeb0478ffc30bb4e87a.php 第 30 行.
NOTIC: [8] Undefined index: class /www/wwwroot/bnb/Runtime/Cache/Admin/b595b808c2ebeeeb0478ffc30bb4e87a.php 第 30 行.
NOTIC: [8] Undefined index: class /www/wwwroot/bnb/Runtime/Cache/Admin/b595b808c2ebeeeb0478ffc30bb4e87a.php 第 30 行.
NOTIC: [8] Undefined index: class /www/wwwroot/bnb/Runtime/Cache/Admin/b595b808c2ebeeeb0478ffc30bb4e87a.php 第 30 行.
NOTIC: [8] Undefined index: class /www/wwwroot/bnb/Runtime/Cache/Admin/b595b808c2ebeeeb0478ffc30bb4e87a.php 第 30 行.
NOTIC: [8] Undefined index: class /www/wwwroot/bnb/Runtime/Cache/Admin/b595b808c2ebeeeb0478ffc30bb4e87a.php 第 30 行.
NOTIC: [8] Undefined index: class /www/wwwroot/bnb/Runtime/Cache/Admin/b595b808c2ebeeeb0478ffc30bb4e87a.php 第 30 行.
NOTIC: [8] Undefined index: class /www/wwwroot/bnb/Runtime/Cache/Admin/b595b808c2ebeeeb0478ffc30bb4e87a.php 第 30 行.
NOTIC: [8] Undefined index: class /www/wwwroot/bnb/Runtime/Cache/Admin/b595b808c2ebeeeb0478ffc30bb4e87a.php 第 30 行.
NOTIC: [8] Undefined index: reg_sum /www/wwwroot/bnb/Runtime/Cache/Admin/b595b808c2ebeeeb0478ffc30bb4e87a.php 第 109 行.
NOTIC: [8] Undefined index: cny_num /www/wwwroot/bnb/Runtime/Cache/Admin/b595b808c2ebeeeb0478ffc30bb4e87a.php 第 121 行.
NOTIC: [8] Undefined index: trance_mum /www/wwwroot/bnb/Runtime/Cache/Admin/b595b808c2ebeeeb0478ffc30bb4e87a.php 第 133 行.
NOTIC: [8] Undefined index: art_sum /www/wwwroot/bnb/Runtime/Cache/Admin/b595b808c2ebeeeb0478ffc30bb4e87a.php 第 145 行.
SQL: select version() as v; [ RunTime:0.0004s ]
INFO: Run Behavior\ParseTemplateBehavior [ RunTime:0.008548s ]
INFO: [ view_parse ] --END-- [ RunTime:0.008572s ]
INFO: [ view_filter ] --START--
INFO: Run Behavior\WriteHtmlCacheBehavior [ RunTime:0.000086s ]
INFO: [ view_filter ] --END-- [ RunTime:0.000105s ]
INFO: [ app_end ] --START--
INFO: Run Behavior\ShowPageTraceBehavior [ RunTime:0.000065s ]
INFO: [ app_end ] --END-- [ RunTime:0.000086s ]

[ 2019-07-10T10:53:35+08:00 ] 5.253.16.128 /Admin/User/index.html
INFO: [ app_init ] --START--
INFO: Run Behavior\BuildLiteBehavior [ RunTime:0.000011s ]
INFO: [ app_init ] --END-- [ RunTime:0.000093s ]
INFO: [ app_begin ] --START--
INFO: Run Behavior\ReadHtmlCacheBehavior [ RunTime:0.000048s ]
INFO: [ app_begin ] --END-- [ RunTime:0.000071s ]
SQL: SHOW COLUMNS FROM `btchanges_config` [ RunTime:0.0013s ]
SQL: SELECT * FROM `btchanges_config` WHERE `id` = 1 LIMIT 1   [ RunTime:0.0009s ]
SQL: SHOW COLUMNS FROM `btchanges_coin` [ RunTime:0.0008s ]
SQL: SELECT * FROM `btchanges_coin` WHERE `status` = 1  [ RunTime:0.0009s ]
NOTIC: [2] file_put_contents(./Runtime/Temp/d3b0f8d9ca32c5b36a19a420175948c2.php): failed to open stream: Permission denied /www/wwwroot/bnb/ThinkPHP/Library/Think/Cache/Driver/File.class.php 第 137 行.
SQL: SHOW COLUMNS FROM `btchanges_market` [ RunTime:0.0008s ]
SQL: SELECT * FROM `btchanges_market` WHERE `status` = 1  [ RunTime:0.0009s ]
NOTIC: [2] file_put_contents(./Runtime/Temp/a03d4382331eb5bc6fd5bb423ebe4d48.php): failed to open stream: Permission denied /www/wwwroot/bnb/ThinkPHP/Library/Think/Cache/Driver/File.class.php 第 137 行.
NOTIC: [8] Use of undefined constant IS_ROOT - assumed 'IS_ROOT' /www/wwwroot/bnb/Application/Admin/Controller/AdminController.class.php 第 211 行.
SQL: SHOW COLUMNS FROM `btchanges_menu` [ RunTime:0.0006s ]
SQL: SELECT * FROM `btchanges_menu` WHERE `pid` = 0 AND `hide` = 0 AND `is_dev` = 0 ORDER BY sort asc  [ RunTime:0.0006s ]
SQL: SELECT `id` FROM `btchanges_menu` WHERE ( url like 'User/index%' ) LIMIT 1   [ RunTime:0.0004s ]
SQL: SHOW COLUMNS FROM `btchanges_menu` [ RunTime:0.0006s ]
SQL: SELECT `id`,`pid`,`title` FROM `btchanges_menu` WHERE ( id=3 ) LIMIT 1   [ RunTime:0.0004s ]
NOTIC: [8] Use of undefined constant IS_ROOT - assumed 'IS_ROOT' /www/wwwroot/bnb/Application/Admin/Controller/AdminController.class.php 第 261 行.
NOTIC: [8] Use of undefined constant IS_ROOT - assumed 'IS_ROOT' /www/wwwroot/bnb/Application/Admin/Controller/AdminController.class.php 第 261 行.
NOTIC: [8] Use of undefined constant IS_ROOT - assumed 'IS_ROOT' /www/wwwroot/bnb/Application/Admin/Controller/AdminController.class.php 第 261 行.
NOTIC: [8] Use of undefined constant IS_ROOT - assumed 'IS_ROOT' /www/wwwroot/bnb/Application/Admin/Controller/AdminController.class.php 第 261 行.
SQL: SELECT DISTINCT  `group` FROM `btchanges_menu` WHERE ( pid = 3 )  [ RunTime:0.0012s ]
SQL: SELECT `id`,`url` FROM `btchanges_menu` WHERE `pid` = 3 AND `hide` = 0 AND `is_dev` = 0  [ RunTime:0.0006s ]
NOTIC: [8] Use of undefined constant IS_ROOT - assumed 'IS_ROOT' /www/wwwroot/bnb/Application/Admin/Controller/AdminController.class.php 第 286 行.
SQL: SELECT `id`,`pid`,`title`,`url`,`tip`,`ico_name` FROM `btchanges_menu` WHERE `group` = '用户' AND `pid` = 3 AND `hide` = 0 AND `is_dev` = 0 ORDER BY sort asc  [ RunTime:0.0006s ]
SQL: SELECT `id`,`pid`,`title`,`url`,`tip`,`ico_name` FROM `btchanges_menu` WHERE `group` = '前台用户管理' AND `pid` = 3 AND `hide` = 0 AND `is_dev` = 0 ORDER BY sort asc  [ RunTime:0.0005s ]
SQL: SELECT `id`,`pid`,`title`,`url`,`tip`,`ico_name` FROM `btchanges_menu` WHERE `group` = '用户配置' AND `pid` = 3 AND `hide` = 0 AND `is_dev` = 0 ORDER BY sort asc  [ RunTime:0.0005s ]
SQL: SELECT `id`,`pid`,`title`,`url`,`tip`,`ico_name` FROM `btchanges_menu` WHERE `group` = '后台用户管理' AND `pid` = 3 AND `hide` = 0 AND `is_dev` = 0 ORDER BY sort asc  [ RunTime:0.0005s ]
NOTIC: [8] Use of undefined constant IS_ROOT - assumed 'IS_ROOT' /www/wwwroot/bnb/Application/Admin/Controller/AdminController.class.php 第 261 行.
NOTIC: [8] Use of undefined constant IS_ROOT - assumed 'IS_ROOT' /www/wwwroot/bnb/Application/Admin/Controller/AdminController.class.php 第 261 行.
NOTIC: [8] Use of undefined constant IS_ROOT - assumed 'IS_ROOT' /www/wwwroot/bnb/Application/Admin/Controller/AdminController.class.php 第 261 行.
NOTIC: [8] Use of undefined constant IS_ROOT - assumed 'IS_ROOT' /www/wwwroot/bnb/Application/Admin/Controller/AdminController.class.php 第 261 行.
NOTIC: [8] Use of undefined constant IS_ROOT - assumed 'IS_ROOT' /www/wwwroot/bnb/Application/Admin/Controller/AdminController.class.php 第 261 行.
NOTIC: [8] Use of undefined constant IS_ROOT - assumed 'IS_ROOT' /www/wwwroot/bnb/Application/Admin/Controller/AdminController.class.php 第 261 行.
SQL: SHOW COLUMNS FROM `btchanges_user` [ RunTime:0.0008s ]
SQL: SELECT COUNT(*) AS tp_count FROM `btchanges_user` WHERE (  1  ) LIMIT 1   [ RunTime:0.0006s ]
SQL: SELECT * FROM `btchanges_user` WHERE (  1  ) ORDER BY id desc LIMIT 0,15   [ RunTime:0.0007s ]
INFO: [ view_parse ] --START--
INFO: [ template_filter ] --START--
INFO: Run Behavior\ContentReplaceBehavior [ RunTime:0.000082s ]
INFO: [ template_filter ] --END-- [ RunTime:0.000111s ]
NOTIC: [8] Undefined index: class /www/wwwroot/bnb/Runtime/Cache/Admin/65e605872ed5d34210f5b33beb13f5a3.php 第 30 行.
NOTIC: [8] Undefined index: class /www/wwwroot/bnb/Runtime/Cache/Admin/65e605872ed5d34210f5b33beb13f5a3.php 第 30 行.
NOTIC: [8] Undefined index: class /www/wwwroot/bnb/Runtime/Cache/Admin/65e605872ed5d34210f5b33beb13f5a3.php 第 30 行.
NOTIC: [8] Undefined index: class /www/wwwroot/bnb/Runtime/Cache/Admin/65e605872ed5d34210f5b33beb13f5a3.php 第 30 行.
NOTIC: [8] Undefined index: class /www/wwwroot/bnb/Runtime/Cache/Admin/65e605872ed5d34210f5b33beb13f5a3.php 第 30 行.
NOTIC: [8] Undefined index: class /www/wwwroot/bnb/Runtime/Cache/Admin/65e605872ed5d34210f5b33beb13f5a3.php 第 30 行.
NOTIC: [8] Undefined index: class /www/wwwroot/bnb/Runtime/Cache/Admin/65e605872ed5d34210f5b33beb13f5a3.php 第 30 行.
NOTIC: [8] Undefined index: class /www/wwwroot/bnb/Runtime/Cache/Admin/65e605872ed5d34210f5b33beb13f5a3.php 第 30 行.
NOTIC: [8] Undefined index: class /www/wwwroot/bnb/Runtime/Cache/Admin/65e605872ed5d34210f5b33beb13f5a3.php 第 30 行.
NOTIC: [8] Undefined index: status /www/wwwroot/bnb/Runtime/Cache/Admin/65e605872ed5d34210f5b33beb13f5a3.php 第 115 行.
NOTIC: [8] Undefined index: status /www/wwwroot/bnb/Runtime/Cache/Admin/65e605872ed5d34210f5b33beb13f5a3.php 第 118 行.
NOTIC: [8] Undefined index: ident_status /www/wwwroot/bnb/Runtime/Cache/Admin/65e605872ed5d34210f5b33beb13f5a3.php 第 123 行.
NOTIC: [8] Undefined index: ident_status /www/wwwroot/bnb/Runtime/Cache/Admin/65e605872ed5d34210f5b33beb13f5a3.php 第 124 行.
NOTIC: [8] Undefined index: ident_status /www/wwwroot/bnb/Runtime/Cache/Admin/65e605872ed5d34210f5b33beb13f5a3.php 第 125 行.
NOTIC: [8] Undefined index: field /www/wwwroot/bnb/Runtime/Cache/Admin/65e605872ed5d34210f5b33beb13f5a3.php 第 132 行.
NOTIC: [8] Undefined index: field /www/wwwroot/bnb/Runtime/Cache/Admin/65e605872ed5d34210f5b33beb13f5a3.php 第 135 行.
NOTIC: [8] Undefined index: field /www/wwwroot/bnb/Runtime/Cache/Admin/65e605872ed5d34210f5b33beb13f5a3.php 第 138 行.
NOTIC: [8] Undefined index: name /www/wwwroot/bnb/Runtime/Cache/Admin/65e605872ed5d34210f5b33beb13f5a3.php 第 141 行.
INFO: Run Behavior\ParseTemplateBehavior [ RunTime:0.008960s ]
INFO: [ view_parse ] --END-- [ RunTime:0.008989s ]
INFO: [ view_filter ] --START--
INFO: Run Behavior\WriteHtmlCacheBehavior [ RunTime:0.000057s ]
INFO: [ view_filter ] --END-- [ RunTime:0.000076s ]
INFO: [ app_end ] --START--
INFO: Run Behavior\ShowPageTraceBehavior [ RunTime:0.000066s ]
INFO: [ app_end ] --END-- [ RunTime:0.000088s ]

[ 2019-07-10T10:53:37+08:00 ] 5.253.16.128 /Admin/Index/index.html
INFO: [ app_init ] --START--
INFO: Run Behavior\BuildLiteBehavior [ RunTime:0.000013s ]
INFO: [ app_init ] --END-- [ RunTime:0.000109s ]
INFO: [ app_begin ] --START--
INFO: Run Behavior\ReadHtmlCacheBehavior [ RunTime:0.000067s ]
INFO: [ app_begin ] --END-- [ RunTime:0.000106s ]
SQL: SHOW COLUMNS FROM `btchanges_config` [ RunTime:0.0015s ]
SQL: SELECT * FROM `btchanges_config` WHERE `id` = 1 LIMIT 1   [ RunTime:0.0010s ]
SQL: SHOW COLUMNS FROM `btchanges_coin` [ RunTime:0.0008s ]
SQL: SELECT * FROM `btchanges_coin` WHERE `status` = 1  [ RunTime:0.0009s ]
NOTIC: [2] file_put_contents(./Runtime/Temp/d3b0f8d9ca32c5b36a19a420175948c2.php): failed to open stream: Permission denied /www/wwwroot/bnb/ThinkPHP/Library/Think/Cache/Driver/File.class.php 第 137 行.
SQL: SHOW COLUMNS FROM `btchanges_market` [ RunTime:0.0008s ]
SQL: SELECT * FROM `btchanges_market` WHERE `status` = 1  [ RunTime:0.0008s ]
NOTIC: [2] file_put_contents(./Runtime/Temp/a03d4382331eb5bc6fd5bb423ebe4d48.php): failed to open stream: Permission denied /www/wwwroot/bnb/ThinkPHP/Library/Think/Cache/Driver/File.class.php 第 137 行.
NOTIC: [8] Use of undefined constant IS_ROOT - assumed 'IS_ROOT' /www/wwwroot/bnb/Application/Admin/Controller/AdminController.class.php 第 211 行.
SQL: SHOW COLUMNS FROM `btchanges_menu` [ RunTime:0.0006s ]
SQL: SELECT * FROM `btchanges_menu` WHERE `pid` = 0 AND `hide` = 0 AND `is_dev` = 0 ORDER BY sort asc  [ RunTime:0.0006s ]
SQL: SELECT `id` FROM `btchanges_menu` WHERE ( url like 'Index/index%' ) LIMIT 1   [ RunTime:0.0004s ]
SQL: SHOW COLUMNS FROM `btchanges_menu` [ RunTime:0.0006s ]
SQL: SELECT `id`,`pid`,`title` FROM `btchanges_menu` WHERE ( id=1 ) LIMIT 1   [ RunTime:0.0004s ]
NOTIC: [8] Use of undefined constant IS_ROOT - assumed 'IS_ROOT' /www/wwwroot/bnb/Application/Admin/Controller/AdminController.class.php 第 261 行.
NOTIC: [8] Use of undefined constant IS_ROOT - assumed 'IS_ROOT' /www/wwwroot/bnb/Application/Admin/Controller/AdminController.class.php 第 261 行.
SQL: SELECT DISTINCT  `group` FROM `btchanges_menu` WHERE ( pid = 1 )  [ RunTime:0.0005s ]
SQL: SELECT `id`,`url` FROM `btchanges_menu` WHERE `pid` = 1 AND `hide` = 0 AND `is_dev` = 0  [ RunTime:0.0004s ]
NOTIC: [8] Use of undefined constant IS_ROOT - assumed 'IS_ROOT' /www/wwwroot/bnb/Application/Admin/Controller/AdminController.class.php 第 286 行.
SQL: SELECT `id`,`pid`,`title`,`url`,`tip`,`ico_name` FROM `btchanges_menu` WHERE `group` = '系统' AND `pid` = 1 AND `hide` = 0 AND `is_dev` = 0 ORDER BY sort asc  [ RunTime:0.0005s ]
SQL: SELECT `id`,`pid`,`title`,`url`,`tip`,`ico_name` FROM `btchanges_menu` WHERE `group` = '' AND `pid` = 1 AND `hide` = 0 AND `is_dev` = 0 ORDER BY sort asc  [ RunTime:0.0005s ]
NOTIC: [8] Use of undefined constant IS_ROOT - assumed 'IS_ROOT' /www/wwwroot/bnb/Application/Admin/Controller/AdminController.class.php 第 261 行.
NOTIC: [8] Use of undefined constant IS_ROOT - assumed 'IS_ROOT' /www/wwwroot/bnb/Application/Admin/Controller/AdminController.class.php 第 261 行.
NOTIC: [8] Use of undefined constant IS_ROOT - assumed 'IS_ROOT' /www/wwwroot/bnb/Application/Admin/Controller/AdminController.class.php 第 261 行.
NOTIC: [8] Use of undefined constant IS_ROOT - assumed 'IS_ROOT' /www/wwwroot/bnb/Application/Admin/Controller/AdminController.class.php 第 261 行.
NOTIC: [8] Use of undefined constant IS_ROOT - assumed 'IS_ROOT' /www/wwwroot/bnb/Application/Admin/Controller/AdminController.class.php 第 261 行.
NOTIC: [8] Use of undefined constant IS_ROOT - assumed 'IS_ROOT' /www/wwwroot/bnb/Application/Admin/Controller/AdminController.class.php 第 261 行.
NOTIC: [8] Use of undefined constant IS_ROOT - assumed 'IS_ROOT' /www/wwwroot/bnb/Application/Admin/Controller/AdminController.class.php 第 261 行.
NOTIC: [8] Use of undefined constant IS_ROOT - assumed 'IS_ROOT' /www/wwwroot/bnb/Application/Admin/Controller/AdminController.class.php 第 261 行.
INFO: [ view_parse ] --START--
INFO: [ template_filter ] --START--
INFO: Run Behavior\ContentReplaceBehavior [ RunTime:0.000096s ]
INFO: [ template_filter ] --END-- [ RunTime:0.000126s ]
NOTIC: [8] Undefined index: class /www/wwwroot/bnb/Runtime/Cache/Admin/b595b808c2ebeeeb0478ffc30bb4e87a.php 第 30 行.
NOTIC: [8] Undefined index: class /www/wwwroot/bnb/Runtime/Cache/Admin/b595b808c2ebeeeb0478ffc30bb4e87a.php 第 30 行.
NOTIC: [8] Undefined index: class /www/wwwroot/bnb/Runtime/Cache/Admin/b595b808c2ebeeeb0478ffc30bb4e87a.php 第 30 行.
NOTIC: [8] Undefined index: class /www/wwwroot/bnb/Runtime/Cache/Admin/b595b808c2ebeeeb0478ffc30bb4e87a.php 第 30 行.
NOTIC: [8] Undefined index: class /www/wwwroot/bnb/Runtime/Cache/Admin/b595b808c2ebeeeb0478ffc30bb4e87a.php 第 30 行.
NOTIC: [8] Undefined index: class /www/wwwroot/bnb/Runtime/Cache/Admin/b595b808c2ebeeeb0478ffc30bb4e87a.php 第 30 行.
NOTIC: [8] Undefined index: class /www/wwwroot/bnb/Runtime/Cache/Admin/b595b808c2ebeeeb0478ffc30bb4e87a.php 第 30 行.
NOTIC: [8] Undefined index: class /www/wwwroot/bnb/Runtime/Cache/Admin/b595b808c2ebeeeb0478ffc30bb4e87a.php 第 30 行.
NOTIC: [8] Undefined index: class /www/wwwroot/bnb/Runtime/Cache/Admin/b595b808c2ebeeeb0478ffc30bb4e87a.php 第 30 行.
NOTIC: [8] Undefined index: reg_sum /www/wwwroot/bnb/Runtime/Cache/Admin/b595b808c2ebeeeb0478ffc30bb4e87a.php 第 109 行.
NOTIC: [8] Undefined index: cny_num /www/wwwroot/bnb/Runtime/Cache/Admin/b595b808c2ebeeeb0478ffc30bb4e87a.php 第 121 行.
NOTIC: [8] Undefined index: trance_mum /www/wwwroot/bnb/Runtime/Cache/Admin/b595b808c2ebeeeb0478ffc30bb4e87a.php 第 133 行.
NOTIC: [8] Undefined index: art_sum /www/wwwroot/bnb/Runtime/Cache/Admin/b595b808c2ebeeeb0478ffc30bb4e87a.php 第 145 行.
SQL: select version() as v; [ RunTime:0.0004s ]
INFO: Run Behavior\ParseTemplateBehavior [ RunTime:0.008535s ]
INFO: [ view_parse ] --END-- [ RunTime:0.008561s ]
INFO: [ view_filter ] --START--
INFO: Run Behavior\WriteHtmlCacheBehavior [ RunTime:0.000062s ]
INFO: [ view_filter ] --END-- [ RunTime:0.000079s ]
INFO: [ app_end ] --START--
INFO: Run Behavior\ShowPageTraceBehavior [ RunTime:0.000065s ]
INFO: [ app_end ] --END-- [ RunTime:0.000089s ]

[ 2019-07-10T10:53:38+08:00 ] 5.253.16.128 /Admin/Logs/index.html
INFO: [ app_init ] --START--
INFO: Run Behavior\BuildLiteBehavior [ RunTime:0.000010s ]
INFO: [ app_init ] --END-- [ RunTime:0.000083s ]
INFO: [ app_begin ] --START--
INFO: Run Behavior\ReadHtmlCacheBehavior [ RunTime:0.000048s ]
INFO: [ app_begin ] --END-- [ RunTime:0.000072s ]
SQL: SHOW COLUMNS FROM `btchanges_config` [ RunTime:0.0014s ]
SQL: SELECT * FROM `btchanges_config` WHERE `id` = 1 LIMIT 1   [ RunTime:0.0009s ]
SQL: SHOW COLUMNS FROM `btchanges_coin` [ RunTime:0.0008s ]
SQL: SELECT * FROM `btchanges_coin` WHERE `status` = 1  [ RunTime:0.0009s ]
NOTIC: [2] file_put_contents(./Runtime/Temp/d3b0f8d9ca32c5b36a19a420175948c2.php): failed to open stream: Permission denied /www/wwwroot/bnb/ThinkPHP/Library/Think/Cache/Driver/File.class.php 第 137 行.
SQL: SHOW COLUMNS FROM `btchanges_market` [ RunTime:0.0008s ]
SQL: SELECT * FROM `btchanges_market` WHERE `status` = 1  [ RunTime:0.0008s ]
NOTIC: [2] file_put_contents(./Runtime/Temp/a03d4382331eb5bc6fd5bb423ebe4d48.php): failed to open stream: Permission denied /www/wwwroot/bnb/ThinkPHP/Library/Think/Cache/Driver/File.class.php 第 137 行.
NOTIC: [8] Use of undefined constant IS_ROOT - assumed 'IS_ROOT' /www/wwwroot/bnb/Application/Admin/Controller/AdminController.class.php 第 211 行.
SQL: SHOW COLUMNS FROM `btchanges_menu` [ RunTime:0.0007s ]
SQL: SELECT * FROM `btchanges_menu` WHERE `pid` = 0 AND `hide` = 0 AND `is_dev` = 0 ORDER BY sort asc  [ RunTime:0.0006s ]
SQL: SELECT `id` FROM `btchanges_menu` WHERE ( url like 'Logs/index%' ) LIMIT 1   [ RunTime:0.0005s ]
SQL: SHOW COLUMNS FROM `btchanges_menu` [ RunTime:0.0008s ]
SQL: SELECT `id`,`pid`,`title` FROM `btchanges_menu` WHERE ( id=465 ) LIMIT 1   [ RunTime:0.0005s ]
SQL: SELECT `id`,`pid`,`title` FROM `btchanges_menu` WHERE ( id=1 ) LIMIT 1   [ RunTime:0.0004s ]
NOTIC: [8] Use of undefined constant IS_ROOT - assumed 'IS_ROOT' /www/wwwroot/bnb/Application/Admin/Controller/AdminController.class.php 第 261 行.
NOTIC: [8] Use of undefined constant IS_ROOT - assumed 'IS_ROOT' /www/wwwroot/bnb/Application/Admin/Controller/AdminController.class.php 第 261 行.
SQL: SELECT DISTINCT  `group` FROM `btchanges_menu` WHERE ( pid = 1 )  [ RunTime:0.0005s ]
SQL: SELECT `id`,`url` FROM `btchanges_menu` WHERE `pid` = 1 AND `hide` = 0 AND `is_dev` = 0  [ RunTime:0.0005s ]
NOTIC: [8] Use of undefined constant IS_ROOT - assumed 'IS_ROOT' /www/wwwroot/bnb/Application/Admin/Controller/AdminController.class.php 第 286 行.
SQL: SELECT `id`,`pid`,`title`,`url`,`tip`,`ico_name` FROM `btchanges_menu` WHERE `group` = '系统' AND `pid` = 1 AND `hide` = 0 AND `is_dev` = 0 ORDER BY sort asc  [ RunTime:0.0006s ]
SQL: SELECT `id`,`pid`,`title`,`url`,`tip`,`ico_name` FROM `btchanges_menu` WHERE `group` = '' AND `pid` = 1 AND `hide` = 0 AND `is_dev` = 0 ORDER BY sort asc  [ RunTime:0.0005s ]
NOTIC: [8] Use of undefined constant IS_ROOT - assumed 'IS_ROOT' /www/wwwroot/bnb/Application/Admin/Controller/AdminController.class.php 第 261 行.
NOTIC: [8] Use of undefined constant IS_ROOT - assumed 'IS_ROOT' /www/wwwroot/bnb/Application/Admin/Controller/AdminController.class.php 第 261 行.
NOTIC: [8] Use of undefined constant IS_ROOT - assumed 'IS_ROOT' /www/wwwroot/bnb/Application/Admin/Controller/AdminController.class.php 第 261 行.
NOTIC: [8] Use of undefined constant IS_ROOT - assumed 'IS_ROOT' /www/wwwroot/bnb/Application/Admin/Controller/AdminController.class.php 第 261 行.
NOTIC: [8] Use of undefined constant IS_ROOT - assumed 'IS_ROOT' /www/wwwroot/bnb/Application/Admin/Controller/AdminController.class.php 第 261 行.
NOTIC: [8] Use of undefined constant IS_ROOT - assumed 'IS_ROOT' /www/wwwroot/bnb/Application/Admin/Controller/AdminController.class.php 第 261 行.
NOTIC: [8] Use of undefined constant IS_ROOT - assumed 'IS_ROOT' /www/wwwroot/bnb/Application/Admin/Controller/AdminController.class.php 第 261 行.
NOTIC: [8] Use of undefined constant IS_ROOT - assumed 'IS_ROOT' /www/wwwroot/bnb/Application/Admin/Controller/AdminController.class.php 第 261 行.
SQL: SHOW COLUMNS FROM `btchanges_logs` [ RunTime:0.0007s ]
SQL: SELECT COUNT(*) AS tp_count FROM `btchanges_logs` LIMIT 1   [ RunTime:0.0008s ]
SQL: SELECT * FROM `btchanges_logs` ORDER BY id desc LIMIT 0,15   [ RunTime:0.0004s ]
INFO: [ view_parse ] --START--
INFO: [ template_filter ] --START--
INFO: Run Behavior\ContentReplaceBehavior [ RunTime:0.000068s ]
INFO: [ template_filter ] --END-- [ RunTime:0.000095s ]
NOTIC: [8] Undefined index: class /www/wwwroot/bnb/Runtime/Cache/Admin/4f67697a90cd6978a1b9ba7cc3f1ab73.php 第 30 行.
NOTIC: [8] Undefined index: class /www/wwwroot/bnb/Runtime/Cache/Admin/4f67697a90cd6978a1b9ba7cc3f1ab73.php 第 30 行.
NOTIC: [8] Undefined index: class /www/wwwroot/bnb/Runtime/Cache/Admin/4f67697a90cd6978a1b9ba7cc3f1ab73.php 第 30 行.
NOTIC: [8] Undefined index: class /www/wwwroot/bnb/Runtime/Cache/Admin/4f67697a90cd6978a1b9ba7cc3f1ab73.php 第 30 行.
NOTIC: [8] Undefined index: class /www/wwwroot/bnb/Runtime/Cache/Admin/4f67697a90cd6978a1b9ba7cc3f1ab73.php 第 30 行.
NOTIC: [8] Undefined index: class /www/wwwroot/bnb/Runtime/Cache/Admin/4f67697a90cd6978a1b9ba7cc3f1ab73.php 第 30 行.
NOTIC: [8] Undefined index: class /www/wwwroot/bnb/Runtime/Cache/Admin/4f67697a90cd6978a1b9ba7cc3f1ab73.php 第 30 行.
NOTIC: [8] Undefined index: class /www/wwwroot/bnb/Runtime/Cache/Admin/4f67697a90cd6978a1b9ba7cc3f1ab73.php 第 30 行.
NOTIC: [8] Undefined index: class /www/wwwroot/bnb/Runtime/Cache/Admin/4f67697a90cd6978a1b9ba7cc3f1ab73.php 第 30 行.
INFO: Run Behavior\ParseTemplateBehavior [ RunTime:0.006178s ]
INFO: [ view_parse ] --END-- [ RunTime:0.006202s ]
INFO: [ view_filter ] --START--
INFO: Run Behavior\WriteHtmlCacheBehavior [ RunTime:0.000056s ]
INFO: [ view_filter ] --END-- [ RunTime:0.000073s ]
INFO: [ app_end ] --START--
INFO: Run Behavior\ShowPageTraceBehavior [ RunTime:0.000062s ]
INFO: [ app_end ] --END-- [ RunTime:0.000084s ]

[ 2019-07-10T10:53:45+08:00 ] 5.253.16.128 /Admin/User/index.html
INFO: [ app_init ] --START--
INFO: Run Behavior\BuildLiteBehavior [ RunTime:0.000014s ]
INFO: [ app_init ] --END-- [ RunTime:0.000122s ]
INFO: [ app_begin ] --START--
INFO: Run Behavior\ReadHtmlCacheBehavior [ RunTime:0.000064s ]
INFO: [ app_begin ] --END-- [ RunTime:0.000113s ]
SQL: SHOW COLUMNS FROM `btchanges_config` [ RunTime:0.0013s ]
SQL: SELECT * FROM `btchanges_config` WHERE `id` = 1 LIMIT 1   [ RunTime:0.0009s ]
SQL: SHOW COLUMNS FROM `btchanges_coin` [ RunTime:0.0008s ]
SQL: SELECT * FROM `btchanges_coin` WHERE `status` = 1  [ RunTime:0.0009s ]
NOTIC: [2] file_put_contents(./Runtime/Temp/d3b0f8d9ca32c5b36a19a420175948c2.php): failed to open stream: Permission denied /www/wwwroot/bnb/ThinkPHP/Library/Think/Cache/Driver/File.class.php 第 137 行.
SQL: SHOW COLUMNS FROM `btchanges_market` [ RunTime:0.0007s ]
SQL: SELECT * FROM `btchanges_market` WHERE `status` = 1  [ RunTime:0.0007s ]
NOTIC: [2] file_put_contents(./Runtime/Temp/a03d4382331eb5bc6fd5bb423ebe4d48.php): failed to open stream: Permission denied /www/wwwroot/bnb/ThinkPHP/Library/Think/Cache/Driver/File.class.php 第 137 行.
NOTIC: [8] Use of undefined constant IS_ROOT - assumed 'IS_ROOT' /www/wwwroot/bnb/Application/Admin/Controller/AdminController.class.php 第 211 行.
SQL: SHOW COLUMNS FROM `btchanges_menu` [ RunTime:0.0006s ]
SQL: SELECT * FROM `btchanges_menu` WHERE `pid` = 0 AND `hide` = 0 AND `is_dev` = 0 ORDER BY sort asc  [ RunTime:0.0006s ]
SQL: SELECT `id` FROM `btchanges_menu` WHERE ( url like 'User/index%' ) LIMIT 1   [ RunTime:0.0004s ]
SQL: SHOW COLUMNS FROM `btchanges_menu` [ RunTime:0.0006s ]
SQL: SELECT `id`,`pid`,`title` FROM `btchanges_menu` WHERE ( id=3 ) LIMIT 1   [ RunTime:0.0004s ]
NOTIC: [8] Use of undefined constant IS_ROOT - assumed 'IS_ROOT' /www/wwwroot/bnb/Application/Admin/Controller/AdminController.class.php 第 261 行.
NOTIC: [8] Use of undefined constant IS_ROOT - assumed 'IS_ROOT' /www/wwwroot/bnb/Application/Admin/Controller/AdminController.class.php 第 261 行.
NOTIC: [8] Use of undefined constant IS_ROOT - assumed 'IS_ROOT' /www/wwwroot/bnb/Application/Admin/Controller/AdminController.class.php 第 261 行.
NOTIC: [8] Use of undefined constant IS_ROOT - assumed 'IS_ROOT' /www/wwwroot/bnb/Application/Admin/Controller/AdminController.class.php 第 261 行.
SQL: SELECT DISTINCT  `group` FROM `btchanges_menu` WHERE ( pid = 3 )  [ RunTime:0.0005s ]
SQL: SELECT `id`,`url` FROM `btchanges_menu` WHERE `pid` = 3 AND `hide` = 0 AND `is_dev` = 0  [ RunTime:0.0005s ]
NOTIC: [8] Use of undefined constant IS_ROOT - assumed 'IS_ROOT' /www/wwwroot/bnb/Application/Admin/Controller/AdminController.class.php 第 286 行.
SQL: SELECT `id`,`pid`,`title`,`url`,`tip`,`ico_name` FROM `btchanges_menu` WHERE `group` = '用户' AND `pid` = 3 AND `hide` = 0 AND `is_dev` = 0 ORDER BY sort asc  [ RunTime:0.0006s ]
SQL: SELECT `id`,`pid`,`title`,`url`,`tip`,`ico_name` FROM `btchanges_menu` WHERE `group` = '前台用户管理' AND `pid` = 3 AND `hide` = 0 AND `is_dev` = 0 ORDER BY sort asc  [ RunTime:0.0006s ]
SQL: SELECT `id`,`pid`,`title`,`url`,`tip`,`ico_name` FROM `btchanges_menu` WHERE `group` = '用户配置' AND `pid` = 3 AND `hide` = 0 AND `is_dev` = 0 ORDER BY sort asc  [ RunTime:0.0005s ]
SQL: SELECT `id`,`pid`,`title`,`url`,`tip`,`ico_name` FROM `btchanges_menu` WHERE `group` = '后台用户管理' AND `pid` = 3 AND `hide` = 0 AND `is_dev` = 0 ORDER BY sort asc  [ RunTime:0.0005s ]
NOTIC: [8] Use of undefined constant IS_ROOT - assumed 'IS_ROOT' /www/wwwroot/bnb/Application/Admin/Controller/AdminController.class.php 第 261 行.
NOTIC: [8] Use of undefined constant IS_ROOT - assumed 'IS_ROOT' /www/wwwroot/bnb/Application/Admin/Controller/AdminController.class.php 第 261 行.
NOTIC: [8] Use of undefined constant IS_ROOT - assumed 'IS_ROOT' /www/wwwroot/bnb/Application/Admin/Controller/AdminController.class.php 第 261 行.
NOTIC: [8] Use of undefined constant IS_ROOT - assumed 'IS_ROOT' /www/wwwroot/bnb/Application/Admin/Controller/AdminController.class.php 第 261 行.
NOTIC: [8] Use of undefined constant IS_ROOT - assumed 'IS_ROOT' /www/wwwroot/bnb/Application/Admin/Controller/AdminController.class.php 第 261 行.
NOTIC: [8] Use of undefined constant IS_ROOT - assumed 'IS_ROOT' /www/wwwroot/bnb/Application/Admin/Controller/AdminController.class.php 第 261 行.
SQL: SHOW COLUMNS FROM `btchanges_user` [ RunTime:0.0010s ]
SQL: SELECT COUNT(*) AS tp_count FROM `btchanges_user` WHERE (  1  ) LIMIT 1   [ RunTime:0.0004s ]
SQL: SELECT * FROM `btchanges_user` WHERE (  1  ) ORDER BY id desc LIMIT 0,15   [ RunTime:0.0006s ]
INFO: [ view_parse ] --START--
INFO: [ template_filter ] --START--
INFO: Run Behavior\ContentReplaceBehavior [ RunTime:0.000127s ]
INFO: [ template_filter ] --END-- [ RunTime:0.000169s ]
NOTIC: [8] Undefined index: class /www/wwwroot/bnb/Runtime/Cache/Admin/65e605872ed5d34210f5b33beb13f5a3.php 第 30 行.
NOTIC: [8] Undefined index: class /www/wwwroot/bnb/Runtime/Cache/Admin/65e605872ed5d34210f5b33beb13f5a3.php 第 30 行.
NOTIC: [8] Undefined index: class /www/wwwroot/bnb/Runtime/Cache/Admin/65e605872ed5d34210f5b33beb13f5a3.php 第 30 行.
NOTIC: [8] Undefined index: class /www/wwwroot/bnb/Runtime/Cache/Admin/65e605872ed5d34210f5b33beb13f5a3.php 第 30 行.
NOTIC: [8] Undefined index: class /www/wwwroot/bnb/Runtime/Cache/Admin/65e605872ed5d34210f5b33beb13f5a3.php 第 30 行.
NOTIC: [8] Undefined index: class /www/wwwroot/bnb/Runtime/Cache/Admin/65e605872ed5d34210f5b33beb13f5a3.php 第 30 行.
NOTIC: [8] Undefined index: class /www/wwwroot/bnb/Runtime/Cache/Admin/65e605872ed5d34210f5b33beb13f5a3.php 第 30 行.
NOTIC: [8] Undefined index: class /www/wwwroot/bnb/Runtime/Cache/Admin/65e605872ed5d34210f5b33beb13f5a3.php 第 30 行.
NOTIC: [8] Undefined index: class /www/wwwroot/bnb/Runtime/Cache/Admin/65e605872ed5d34210f5b33beb13f5a3.php 第 30 行.
NOTIC: [8] Undefined index: status /www/wwwroot/bnb/Runtime/Cache/Admin/65e605872ed5d34210f5b33beb13f5a3.php 第 115 行.
NOTIC: [8] Undefined index: status /www/wwwroot/bnb/Runtime/Cache/Admin/65e605872ed5d34210f5b33beb13f5a3.php 第 118 行.
NOTIC: [8] Undefined index: ident_status /www/wwwroot/bnb/Runtime/Cache/Admin/65e605872ed5d34210f5b33beb13f5a3.php 第 123 行.
NOTIC: [8] Undefined index: ident_status /www/wwwroot/bnb/Runtime/Cache/Admin/65e605872ed5d34210f5b33beb13f5a3.php 第 124 行.
NOTIC: [8] Undefined index: ident_status /www/wwwroot/bnb/Runtime/Cache/Admin/65e605872ed5d34210f5b33beb13f5a3.php 第 125 行.
NOTIC: [8] Undefined index: field /www/wwwroot/bnb/Runtime/Cache/Admin/65e605872ed5d34210f5b33beb13f5a3.php 第 132 行.
NOTIC: [8] Undefined index: field /www/wwwroot/bnb/Runtime/Cache/Admin/65e605872ed5d34210f5b33beb13f5a3.php 第 135 行.
NOTIC: [8] Undefined index: field /www/wwwroot/bnb/Runtime/Cache/Admin/65e605872ed5d34210f5b33beb13f5a3.php 第 138 行.
NOTIC: [8] Undefined index: name /www/wwwroot/bnb/Runtime/Cache/Admin/65e605872ed5d34210f5b33beb13f5a3.php 第 141 行.
INFO: Run Behavior\ParseTemplateBehavior [ RunTime:0.014700s ]
INFO: [ view_parse ] --END-- [ RunTime:0.014739s ]
INFO: [ view_filter ] --START--
INFO: Run Behavior\WriteHtmlCacheBehavior [ RunTime:0.000086s ]
INFO: [ view_filter ] --END-- [ RunTime:0.000120s ]
INFO: [ app_end ] --START--
INFO: Run Behavior\ShowPageTraceBehavior [ RunTime:0.000060s ]
INFO: [ app_end ] --END-- [ RunTime:0.000089s ]

[ 2019-07-10T10:53:47+08:00 ] 5.253.16.128 /Admin/Finance/index.html
INFO: [ app_init ] --START--
INFO: Run Behavior\BuildLiteBehavior [ RunTime:0.000011s ]
INFO: [ app_init ] --END-- [ RunTime:0.000082s ]
INFO: [ app_begin ] --START--
INFO: Run Behavior\ReadHtmlCacheBehavior [ RunTime:0.000048s ]
INFO: [ app_begin ] --END-- [ RunTime:0.000072s ]
SQL: SHOW COLUMNS FROM `btchanges_config` [ RunTime:0.0013s ]
SQL: SELECT * FROM `btchanges_config` WHERE `id` = 1 LIMIT 1   [ RunTime:0.0009s ]
SQL: SHOW COLUMNS FROM `btchanges_coin` [ RunTime:0.0008s ]
SQL: SELECT * FROM `btchanges_coin` WHERE `status` = 1  [ RunTime:0.0009s ]
NOTIC: [2] file_put_contents(./Runtime/Temp/d3b0f8d9ca32c5b36a19a420175948c2.php): failed to open stream: Permission denied /www/wwwroot/bnb/ThinkPHP/Library/Think/Cache/Driver/File.class.php 第 137 行.
SQL: SHOW COLUMNS FROM `btchanges_market` [ RunTime:0.0008s ]
SQL: SELECT * FROM `btchanges_market` WHERE `status` = 1  [ RunTime:0.0009s ]
NOTIC: [2] file_put_contents(./Runtime/Temp/a03d4382331eb5bc6fd5bb423ebe4d48.php): failed to open stream: Permission denied /www/wwwroot/bnb/ThinkPHP/Library/Think/Cache/Driver/File.class.php 第 137 行.
NOTIC: [8] Use of undefined constant IS_ROOT - assumed 'IS_ROOT' /www/wwwroot/bnb/Application/Admin/Controller/AdminController.class.php 第 211 行.
SQL: SHOW COLUMNS FROM `btchanges_menu` [ RunTime:0.0006s ]
SQL: SELECT * FROM `btchanges_menu` WHERE `pid` = 0 AND `hide` = 0 AND `is_dev` = 0 ORDER BY sort asc  [ RunTime:0.0006s ]
SQL: SELECT `id` FROM `btchanges_menu` WHERE ( url like 'Finance/index%' ) LIMIT 1   [ RunTime:0.0004s ]
SQL: SHOW COLUMNS FROM `btchanges_menu` [ RunTime:0.0006s ]
SQL: SELECT `id`,`pid`,`title` FROM `btchanges_menu` WHERE ( id=4 ) LIMIT 1   [ RunTime:0.0004s ]
NOTIC: [8] Use of undefined constant IS_ROOT - assumed 'IS_ROOT' /www/wwwroot/bnb/Application/Admin/Controller/AdminController.class.php 第 261 行.
NOTIC: [8] Use of undefined constant IS_ROOT - assumed 'IS_ROOT' /www/wwwroot/bnb/Application/Admin/Controller/AdminController.class.php 第 261 行.
NOTIC: [8] Use of undefined constant IS_ROOT - assumed 'IS_ROOT' /www/wwwroot/bnb/Application/Admin/Controller/AdminController.class.php 第 261 行.
NOTIC: [8] Use of undefined constant IS_ROOT - assumed 'IS_ROOT' /www/wwwroot/bnb/Application/Admin/Controller/AdminController.class.php 第 261 行.
NOTIC: [8] Use of undefined constant IS_ROOT - assumed 'IS_ROOT' /www/wwwroot/bnb/Application/Admin/Controller/AdminController.class.php 第 261 行.
SQL: SELECT DISTINCT  `group` FROM `btchanges_menu` WHERE ( pid = 4 )  [ RunTime:0.0005s ]
SQL: SELECT `id`,`url` FROM `btchanges_menu` WHERE `pid` = 4 AND `hide` = 0 AND `is_dev` = 0  [ RunTime:0.0005s ]
NOTIC: [8] Use of undefined constant IS_ROOT - assumed 'IS_ROOT' /www/wwwroot/bnb/Application/Admin/Controller/AdminController.class.php 第 286 行.
SQL: SELECT `id`,`pid`,`title`,`url`,`tip`,`ico_name` FROM `btchanges_menu` WHERE `group` = '财务' AND `pid` = 4 AND `hide` = 0 AND `is_dev` = 0 ORDER BY sort asc  [ RunTime:0.0005s ]
SQL: SELECT `id`,`pid`,`title`,`url`,`tip`,`ico_name` FROM `btchanges_menu` WHERE `group` = '' AND `pid` = 4 AND `hide` = 0 AND `is_dev` = 0 ORDER BY sort asc  [ RunTime:0.0005s ]
NOTIC: [8] Use of undefined constant IS_ROOT - assumed 'IS_ROOT' /www/wwwroot/bnb/Application/Admin/Controller/AdminController.class.php 第 261 行.
NOTIC: [8] Use of undefined constant IS_ROOT - assumed 'IS_ROOT' /www/wwwroot/bnb/Application/Admin/Controller/AdminController.class.php 第 261 行.
NOTIC: [8] Use of undefined constant IS_ROOT - assumed 'IS_ROOT' /www/wwwroot/bnb/Application/Admin/Controller/AdminController.class.php 第 261 行.
NOTIC: [8] Use of undefined constant IS_ROOT - assumed 'IS_ROOT' /www/wwwroot/bnb/Application/Admin/Controller/AdminController.class.php 第 261 行.
NOTIC: [8] Use of undefined constant IS_ROOT - assumed 'IS_ROOT' /www/wwwroot/bnb/Application/Admin/Controller/AdminController.class.php 第 261 行.
SQL: SHOW COLUMNS FROM `btchanges_finance` [ RunTime:0.0006s ]
SQL: SELECT COUNT(*) AS tp_count FROM `btchanges_finance` LIMIT 1   [ RunTime:0.0017s ]
SQL: SELECT * FROM `btchanges_finance` ORDER BY id desc LIMIT 0,15   [ RunTime:0.0005s ]
SQL: SHOW COLUMNS FROM `btchanges_user` [ RunTime:0.0007s ]
SQL: SELECT `username` FROM `btchanges_user` WHERE `id` = 115 LIMIT 1   [ RunTime:0.0004s ]
SQL: SELECT `username` FROM `btchanges_user` WHERE `id` = 115 LIMIT 1   [ RunTime:0.0004s ]
SQL: SELECT `username` FROM `btchanges_user` WHERE `id` = 54 LIMIT 1   [ RunTime:0.0005s ]
SQL: SELECT `username` FROM `btchanges_user` WHERE `id` = 54 LIMIT 1   [ RunTime:0.0004s ]
SQL: SELECT `username` FROM `btchanges_user` WHERE `id` = 115 LIMIT 1   [ RunTime:0.0004s ]
SQL: SELECT `username` FROM `btchanges_user` WHERE `id` = 115 LIMIT 1   [ RunTime:0.0004s ]
SQL: SELECT `username` FROM `btchanges_user` WHERE `id` = 54 LIMIT 1   [ RunTime:0.0004s ]
SQL: SELECT `username` FROM `btchanges_user` WHERE `id` = 54 LIMIT 1   [ RunTime:0.0004s ]
SQL: SELECT `username` FROM `btchanges_user` WHERE `id` = 115 LIMIT 1   [ RunTime:0.0004s ]
SQL: SELECT `username` FROM `btchanges_user` WHERE `id` = 115 LIMIT 1   [ RunTime:0.0004s ]
SQL: SELECT `username` FROM `btchanges_user` WHERE `id` = 54 LIMIT 1   [ RunTime:0.0004s ]
SQL: SELECT `username` FROM `btchanges_user` WHERE `id` = 54 LIMIT 1   [ RunTime:0.0004s ]
SQL: SELECT `username` FROM `btchanges_user` WHERE `id` = 124 LIMIT 1   [ RunTime:0.0005s ]
SQL: SELECT `username` FROM `btchanges_user` WHERE `id` = 124 LIMIT 1   [ RunTime:0.0004s ]
SQL: SELECT `username` FROM `btchanges_user` WHERE `id` = 146 LIMIT 1   [ RunTime:0.0004s ]
INFO: [ view_parse ] --START--
INFO: [ template_filter ] --START--
INFO: Run Behavior\ContentReplaceBehavior [ RunTime:0.000073s ]
INFO: [ template_filter ] --END-- [ RunTime:0.000101s ]
NOTIC: [8] Undefined index: class /www/wwwroot/bnb/Runtime/Cache/Admin/be63e8ac18ebea09dc932cef0872ffd8.php 第 30 行.
NOTIC: [8] Undefined index: class /www/wwwroot/bnb/Runtime/Cache/Admin/be63e8ac18ebea09dc932cef0872ffd8.php 第 30 行.
NOTIC: [8] Undefined index: class /www/wwwroot/bnb/Runtime/Cache/Admin/be63e8ac18ebea09dc932cef0872ffd8.php 第 30 行.
NOTIC: [8] Undefined index: class /www/wwwroot/bnb/Runtime/Cache/Admin/be63e8ac18ebea09dc932cef0872ffd8.php 第 30 行.
NOTIC: [8] Undefined index: class /www/wwwroot/bnb/Runtime/Cache/Admin/be63e8ac18ebea09dc932cef0872ffd8.php 第 30 行.
NOTIC: [8] Undefined index: class /www/wwwroot/bnb/Runtime/Cache/Admin/be63e8ac18ebea09dc932cef0872ffd8.php 第 30 行.
NOTIC: [8] Undefined index: class /www/wwwroot/bnb/Runtime/Cache/Admin/be63e8ac18ebea09dc932cef0872ffd8.php 第 30 行.
NOTIC: [8] Undefined index: class /www/wwwroot/bnb/Runtime/Cache/Admin/be63e8ac18ebea09dc932cef0872ffd8.php 第 30 行.
NOTIC: [8] Undefined index: class /www/wwwroot/bnb/Runtime/Cache/Admin/be63e8ac18ebea09dc932cef0872ffd8.php 第 30 行.
NOTIC: [8] Undefined index: field /www/wwwroot/bnb/Runtime/Cache/Admin/be63e8ac18ebea09dc932cef0872ffd8.php 第 107 行.
NOTIC: [8] Undefined index: name /www/wwwroot/bnb/Runtime/Cache/Admin/be63e8ac18ebea09dc932cef0872ffd8.php 第 110 行.
INFO: Run Behavior\ParseTemplateBehavior [ RunTime:0.007658s ]
INFO: [ view_parse ] --END-- [ RunTime:0.007684s ]
INFO: [ view_filter ] --START--
INFO: Run Behavior\WriteHtmlCacheBehavior [ RunTime:0.000059s ]
INFO: [ view_filter ] --END-- [ RunTime:0.000076s ]
INFO: [ app_end ] --START--
INFO: Run Behavior\ShowPageTraceBehavior [ RunTime:0.000075s ]
INFO: [ app_end ] --END-- [ RunTime:0.000101s ]

[ 2019-07-10T10:53:48+08:00 ] 5.253.16.128 /Admin/Finance/robot.html
INFO: [ app_init ] --START--
INFO: Run Behavior\BuildLiteBehavior [ RunTime:0.000010s ]
INFO: [ app_init ] --END-- [ RunTime:0.000080s ]
INFO: [ app_begin ] --START--
INFO: Run Behavior\ReadHtmlCacheBehavior [ RunTime:0.000047s ]
INFO: [ app_begin ] --END-- [ RunTime:0.000073s ]
SQL: SHOW COLUMNS FROM `btchanges_config` [ RunTime:0.0013s ]
SQL: SELECT * FROM `btchanges_config` WHERE `id` = 1 LIMIT 1   [ RunTime:0.0010s ]
SQL: SHOW COLUMNS FROM `btchanges_coin` [ RunTime:0.0010s ]
SQL: SELECT * FROM `btchanges_coin` WHERE `status` = 1  [ RunTime:0.0009s ]
NOTIC: [2] file_put_contents(./Runtime/Temp/d3b0f8d9ca32c5b36a19a420175948c2.php): failed to open stream: Permission denied /www/wwwroot/bnb/ThinkPHP/Library/Think/Cache/Driver/File.class.php 第 137 行.
SQL: SHOW COLUMNS FROM `btchanges_market` [ RunTime:0.0007s ]
SQL: SELECT * FROM `btchanges_market` WHERE `status` = 1  [ RunTime:0.0010s ]
NOTIC: [2] file_put_contents(./Runtime/Temp/a03d4382331eb5bc6fd5bb423ebe4d48.php): failed to open stream: Permission denied /www/wwwroot/bnb/ThinkPHP/Library/Think/Cache/Driver/File.class.php 第 137 行.
NOTIC: [8] Use of undefined constant IS_ROOT - assumed 'IS_ROOT' /www/wwwroot/bnb/Application/Admin/Controller/AdminController.class.php 第 211 行.
SQL: SHOW COLUMNS FROM `btchanges_menu` [ RunTime:0.0006s ]
SQL: SELECT * FROM `btchanges_menu` WHERE `pid` = 0 AND `hide` = 0 AND `is_dev` = 0 ORDER BY sort asc  [ RunTime:0.0006s ]
SQL: SELECT `id` FROM `btchanges_menu` WHERE ( url like 'Finance/robot%' ) LIMIT 1   [ RunTime:0.0005s ]
SQL: SHOW COLUMNS FROM `btchanges_menu` [ RunTime:0.0006s ]
SQL: SELECT `id`,`pid`,`title` FROM `btchanges_menu` WHERE ( id=457 ) LIMIT 1   [ RunTime:0.0004s ]
SQL: SELECT `id`,`pid`,`title` FROM `btchanges_menu` WHERE ( id=4 ) LIMIT 1   [ RunTime:0.0004s ]
NOTIC: [8] Use of undefined constant IS_ROOT - assumed 'IS_ROOT' /www/wwwroot/bnb/Application/Admin/Controller/AdminController.class.php 第 261 行.
NOTIC: [8] Use of undefined constant IS_ROOT - assumed 'IS_ROOT' /www/wwwroot/bnb/Application/Admin/Controller/AdminController.class.php 第 261 行.
NOTIC: [8] Use of undefined constant IS_ROOT - assumed 'IS_ROOT' /www/wwwroot/bnb/Application/Admin/Controller/AdminController.class.php 第 261 行.
NOTIC: [8] Use of undefined constant IS_ROOT - assumed 'IS_ROOT' /www/wwwroot/bnb/Application/Admin/Controller/AdminController.class.php 第 261 行.
NOTIC: [8] Use of undefined constant IS_ROOT - assumed 'IS_ROOT' /www/wwwroot/bnb/Application/Admin/Controller/AdminController.class.php 第 261 行.
SQL: SELECT DISTINCT  `group` FROM `btchanges_menu` WHERE ( pid = 4 )  [ RunTime:0.0005s ]
SQL: SELECT `id`,`url` FROM `btchanges_menu` WHERE `pid` = 4 AND `hide` = 0 AND `is_dev` = 0  [ RunTime:0.0005s ]
NOTIC: [8] Use of undefined constant IS_ROOT - assumed 'IS_ROOT' /www/wwwroot/bnb/Application/Admin/Controller/AdminController.class.php 第 286 行.
SQL: SELECT `id`,`pid`,`title`,`url`,`tip`,`ico_name` FROM `btchanges_menu` WHERE `group` = '财务' AND `pid` = 4 AND `hide` = 0 AND `is_dev` = 0 ORDER BY sort asc  [ RunTime:0.0005s ]
SQL: SELECT `id`,`pid`,`title`,`url`,`tip`,`ico_name` FROM `btchanges_menu` WHERE `group` = '' AND `pid` = 4 AND `hide` = 0 AND `is_dev` = 0 ORDER BY sort asc  [ RunTime:0.0005s ]
NOTIC: [8] Use of undefined constant IS_ROOT - assumed 'IS_ROOT' /www/wwwroot/bnb/Application/Admin/Controller/AdminController.class.php 第 261 行.
NOTIC: [8] Use of undefined constant IS_ROOT - assumed 'IS_ROOT' /www/wwwroot/bnb/Application/Admin/Controller/AdminController.class.php 第 261 行.
NOTIC: [8] Use of undefined constant IS_ROOT - assumed 'IS_ROOT' /www/wwwroot/bnb/Application/Admin/Controller/AdminController.class.php 第 261 行.
NOTIC: [8] Use of undefined constant IS_ROOT - assumed 'IS_ROOT' /www/wwwroot/bnb/Application/Admin/Controller/AdminController.class.php 第 261 行.
NOTIC: [8] Use of undefined constant IS_ROOT - assumed 'IS_ROOT' /www/wwwroot/bnb/Application/Admin/Controller/AdminController.class.php 第 261 行.
INFO: [ view_parse ] --START--
INFO: [ template_filter ] --START--
INFO: Run Behavior\ContentReplaceBehavior [ RunTime:0.000070s ]
INFO: [ template_filter ] --END-- [ RunTime:0.000101s ]
NOTIC: [8] Undefined index: class /www/wwwroot/bnb/Runtime/Cache/Admin/65d3ec5a891f3dfac6f6e0af89d07578.php 第 30 行.
NOTIC: [8] Undefined index: class /www/wwwroot/bnb/Runtime/Cache/Admin/65d3ec5a891f3dfac6f6e0af89d07578.php 第 30 行.
NOTIC: [8] Undefined index: class /www/wwwroot/bnb/Runtime/Cache/Admin/65d3ec5a891f3dfac6f6e0af89d07578.php 第 30 行.
NOTIC: [8] Undefined index: class /www/wwwroot/bnb/Runtime/Cache/Admin/65d3ec5a891f3dfac6f6e0af89d07578.php 第 30 行.
NOTIC: [8] Undefined index: class /www/wwwroot/bnb/Runtime/Cache/Admin/65d3ec5a891f3dfac6f6e0af89d07578.php 第 30 行.
NOTIC: [8] Undefined index: class /www/wwwroot/bnb/Runtime/Cache/Admin/65d3ec5a891f3dfac6f6e0af89d07578.php 第 30 行.
NOTIC: [8] Undefined index: class /www/wwwroot/bnb/Runtime/Cache/Admin/65d3ec5a891f3dfac6f6e0af89d07578.php 第 30 行.
NOTIC: [8] Undefined index: class /www/wwwroot/bnb/Runtime/Cache/Admin/65d3ec5a891f3dfac6f6e0af89d07578.php 第 30 行.
NOTIC: [8] Undefined index: class /www/wwwroot/bnb/Runtime/Cache/Admin/65d3ec5a891f3dfac6f6e0af89d07578.php 第 30 行.
NOTIC: [8] Undefined index: id /www/wwwroot/bnb/Runtime/Cache/Admin/65d3ec5a891f3dfac6f6e0af89d07578.php 第 115 行.
NOTIC: [8] Undefined index: id /www/wwwroot/bnb/Runtime/Cache/Admin/65d3ec5a891f3dfac6f6e0af89d07578.php 第 115 行.
NOTIC: [8] Undefined index: id /www/wwwroot/bnb/Runtime/Cache/Admin/65d3ec5a891f3dfac6f6e0af89d07578.php 第 115 行.
NOTIC: [8] Undefined index: id /www/wwwroot/bnb/Runtime/Cache/Admin/65d3ec5a891f3dfac6f6e0af89d07578.php 第 115 行.
NOTIC: [8] Undefined index: id /www/wwwroot/bnb/Runtime/Cache/Admin/65d3ec5a891f3dfac6f6e0af89d07578.php 第 115 行.
NOTIC: [8] Undefined index: id /www/wwwroot/bnb/Runtime/Cache/Admin/65d3ec5a891f3dfac6f6e0af89d07578.php 第 115 行.
NOTIC: [8] Undefined index: id /www/wwwroot/bnb/Runtime/Cache/Admin/65d3ec5a891f3dfac6f6e0af89d07578.php 第 115 行.
NOTIC: [8] Undefined index: id /www/wwwroot/bnb/Runtime/Cache/Admin/65d3ec5a891f3dfac6f6e0af89d07578.php 第 115 行.
NOTIC: [8] Undefined index: id /www/wwwroot/bnb/Runtime/Cache/Admin/65d3ec5a891f3dfac6f6e0af89d07578.php 第 115 行.
NOTIC: [8] Undefined index: id /www/wwwroot/bnb/Runtime/Cache/Admin/65d3ec5a891f3dfac6f6e0af89d07578.php 第 115 行.
NOTIC: [8] Undefined index: id /www/wwwroot/bnb/Runtime/Cache/Admin/65d3ec5a891f3dfac6f6e0af89d07578.php 第 115 行.
NOTIC: [8] Undefined index: id /www/wwwroot/bnb/Runtime/Cache/Admin/65d3ec5a891f3dfac6f6e0af89d07578.php 第 115 行.
NOTIC: [8] Undefined index: id /www/wwwroot/bnb/Runtime/Cache/Admin/65d3ec5a891f3dfac6f6e0af89d07578.php 第 115 行.
NOTIC: [8] Undefined index: id /www/wwwroot/bnb/Runtime/Cache/Admin/65d3ec5a891f3dfac6f6e0af89d07578.php 第 115 行.
NOTIC: [8] Undefined index: id /www/wwwroot/bnb/Runtime/Cache/Admin/65d3ec5a891f3dfac6f6e0af89d07578.php 第 115 行.
NOTIC: [8] Undefined index: id /www/wwwroot/bnb/Runtime/Cache/Admin/65d3ec5a891f3dfac6f6e0af89d07578.php 第 115 行.
NOTIC: [8] Undefined index: id /www/wwwroot/bnb/Runtime/Cache/Admin/65d3ec5a891f3dfac6f6e0af89d07578.php 第 115 行.
NOTIC: [8] Undefined index: id /www/wwwroot/bnb/Runtime/Cache/Admin/65d3ec5a891f3dfac6f6e0af89d07578.php 第 115 行.
NOTIC: [8] Undefined index: id /www/wwwroot/bnb/Runtime/Cache/Admin/65d3ec5a891f3dfac6f6e0af89d07578.php 第 115 行.
NOTIC: [8] Undefined index: id /www/wwwroot/bnb/Runtime/Cache/Admin/65d3ec5a891f3dfac6f6e0af89d07578.php 第 115 行.
NOTIC: [8] Undefined index: id /www/wwwroot/bnb/Runtime/Cache/Admin/65d3ec5a891f3dfac6f6e0af89d07578.php 第 115 行.
INFO: Run Behavior\ParseTemplateBehavior [ RunTime:0.006966s ]
INFO: [ view_parse ] --END-- [ RunTime:0.006996s ]
INFO: [ view_filter ] --START--
INFO: Run Behavior\WriteHtmlCacheBehavior [ RunTime:0.000056s ]
INFO: [ view_filter ] --END-- [ RunTime:0.000075s ]
INFO: [ app_end ] --START--
INFO: Run Behavior\ShowPageTraceBehavior [ RunTime:0.000070s ]
INFO: [ app_end ] --END-- [ RunTime:0.000093s ]

[ 2019-07-10T10:53:52+08:00 ] 5.253.16.128 /Admin/Finance/robotall.html
INFO: [ app_init ] --START--
INFO: Run Behavior\BuildLiteBehavior [ RunTime:0.000029s ]
INFO: [ app_init ] --END-- [ RunTime:0.000128s ]
INFO: [ app_begin ] --START--
INFO: Run Behavior\ReadHtmlCacheBehavior [ RunTime:0.000064s ]
INFO: [ app_begin ] --END-- [ RunTime:0.000099s ]
SQL: SHOW COLUMNS FROM `btchanges_config` [ RunTime:0.0014s ]
SQL: SELECT * FROM `btchanges_config` WHERE `id` = 1 LIMIT 1   [ RunTime:0.0009s ]
SQL: SHOW COLUMNS FROM `btchanges_coin` [ RunTime:0.0008s ]
SQL: SELECT * FROM `btchanges_coin` WHERE `status` = 1  [ RunTime:0.0010s ]
NOTIC: [2] file_put_contents(./Runtime/Temp/d3b0f8d9ca32c5b36a19a420175948c2.php): failed to open stream: Permission denied /www/wwwroot/bnb/ThinkPHP/Library/Think/Cache/Driver/File.class.php 第 137 行.
SQL: SHOW COLUMNS FROM `btchanges_market` [ RunTime:0.0011s ]
SQL: SELECT * FROM `btchanges_market` WHERE `status` = 1  [ RunTime:0.0009s ]
NOTIC: [2] file_put_contents(./Runtime/Temp/a03d4382331eb5bc6fd5bb423ebe4d48.php): failed to open stream: Permission denied /www/wwwroot/bnb/ThinkPHP/Library/Think/Cache/Driver/File.class.php 第 137 行.
NOTIC: [8] Use of undefined constant IS_ROOT - assumed 'IS_ROOT' /www/wwwroot/bnb/Application/Admin/Controller/AdminController.class.php 第 211 行.
SQL: SHOW COLUMNS FROM `btchanges_menu` [ RunTime:0.0006s ]
SQL: SELECT * FROM `btchanges_menu` WHERE `pid` = 0 AND `hide` = 0 AND `is_dev` = 0 ORDER BY sort asc  [ RunTime:0.0006s ]
SQL: SELECT `id` FROM `btchanges_menu` WHERE ( url like 'Finance/robotall%' ) LIMIT 1   [ RunTime:0.0005s ]
SQL: SHOW COLUMNS FROM `btchanges_menu` [ RunTime:0.0006s ]
SQL: SELECT `id`,`pid`,`title` FROM `btchanges_menu` WHERE ( id=458 ) LIMIT 1   [ RunTime:0.0004s ]
SQL: SELECT `id`,`pid`,`title` FROM `btchanges_menu` WHERE ( id=4 ) LIMIT 1   [ RunTime:0.0004s ]
NOTIC: [8] Use of undefined constant IS_ROOT - assumed 'IS_ROOT' /www/wwwroot/bnb/Application/Admin/Controller/AdminController.class.php 第 261 行.
NOTIC: [8] Use of undefined constant IS_ROOT - assumed 'IS_ROOT' /www/wwwroot/bnb/Application/Admin/Controller/AdminController.class.php 第 261 行.
NOTIC: [8] Use of undefined constant IS_ROOT - assumed 'IS_ROOT' /www/wwwroot/bnb/Application/Admin/Controller/AdminController.class.php 第 261 行.
NOTIC: [8] Use of undefined constant IS_ROOT - assumed 'IS_ROOT' /www/wwwroot/bnb/Application/Admin/Controller/AdminController.class.php 第 261 行.
NOTIC: [8] Use of undefined constant IS_ROOT - assumed 'IS_ROOT' /www/wwwroot/bnb/Application/Admin/Controller/AdminController.class.php 第 261 行.
SQL: SELECT DISTINCT  `group` FROM `btchanges_menu` WHERE ( pid = 4 )  [ RunTime:0.0005s ]
SQL: SELECT `id`,`url` FROM `btchanges_menu` WHERE `pid` = 4 AND `hide` = 0 AND `is_dev` = 0  [ RunTime:0.0005s ]
NOTIC: [8] Use of undefined constant IS_ROOT - assumed 'IS_ROOT' /www/wwwroot/bnb/Application/Admin/Controller/AdminController.class.php 第 286 行.
SQL: SELECT `id`,`pid`,`title`,`url`,`tip`,`ico_name` FROM `btchanges_menu` WHERE `group` = '财务' AND `pid` = 4 AND `hide` = 0 AND `is_dev` = 0 ORDER BY sort asc  [ RunTime:0.0006s ]
SQL: SELECT `id`,`pid`,`title`,`url`,`tip`,`ico_name` FROM `btchanges_menu` WHERE `group` = '' AND `pid` = 4 AND `hide` = 0 AND `is_dev` = 0 ORDER BY sort asc  [ RunTime:0.0006s ]
NOTIC: [8] Use of undefined constant IS_ROOT - assumed 'IS_ROOT' /www/wwwroot/bnb/Application/Admin/Controller/AdminController.class.php 第 261 行.
NOTIC: [8] Use of undefined constant IS_ROOT - assumed 'IS_ROOT' /www/wwwroot/bnb/Application/Admin/Controller/AdminController.class.php 第 261 行.
NOTIC: [8] Use of undefined constant IS_ROOT - assumed 'IS_ROOT' /www/wwwroot/bnb/Application/Admin/Controller/AdminController.class.php 第 261 行.
NOTIC: [8] Use of undefined constant IS_ROOT - assumed 'IS_ROOT' /www/wwwroot/bnb/Application/Admin/Controller/AdminController.class.php 第 261 行.
NOTIC: [8] Use of undefined constant IS_ROOT - assumed 'IS_ROOT' /www/wwwroot/bnb/Application/Admin/Controller/AdminController.class.php 第 261 行.
NOTIC: [8] curl_setopt(): CURLOPT_SSL_VERIFYHOST no longer accepts the value 1, value 2 will be used instead /www/wwwroot/bnb/Application/Common/Common/function.php 第 52 行.
INFO: [ view_parse ] --START--
INFO: [ template_filter ] --START--
INFO: Run Behavior\ContentReplaceBehavior [ RunTime:0.000085s ]
INFO: [ template_filter ] --END-- [ RunTime:0.000122s ]
NOTIC: [8] Undefined index: class /www/wwwroot/bnb/Runtime/Cache/Admin/3500b055da6dc93e87009767aa749021.php 第 30 行.
NOTIC: [8] Undefined index: class /www/wwwroot/bnb/Runtime/Cache/Admin/3500b055da6dc93e87009767aa749021.php 第 30 行.
NOTIC: [8] Undefined index: class /www/wwwroot/bnb/Runtime/Cache/Admin/3500b055da6dc93e87009767aa749021.php 第 30 行.
NOTIC: [8] Undefined index: class /www/wwwroot/bnb/Runtime/Cache/Admin/3500b055da6dc93e87009767aa749021.php 第 30 行.
NOTIC: [8] Undefined index: class /www/wwwroot/bnb/Runtime/Cache/Admin/3500b055da6dc93e87009767aa749021.php 第 30 行.
NOTIC: [8] Undefined index: class /www/wwwroot/bnb/Runtime/Cache/Admin/3500b055da6dc93e87009767aa749021.php 第 30 行.
NOTIC: [8] Undefined index: class /www/wwwroot/bnb/Runtime/Cache/Admin/3500b055da6dc93e87009767aa749021.php 第 30 行.
NOTIC: [8] Undefined index: class /www/wwwroot/bnb/Runtime/Cache/Admin/3500b055da6dc93e87009767aa749021.php 第 30 行.
NOTIC: [8] Undefined index: class /www/wwwroot/bnb/Runtime/Cache/Admin/3500b055da6dc93e87009767aa749021.php 第 30 行.
NOTIC: [8] Undefined index: coinname /www/wwwroot/bnb/Runtime/Cache/Admin/3500b055da6dc93e87009767aa749021.php 第 110 行.
NOTIC: [8] Undefined index: coinname /www/wwwroot/bnb/Runtime/Cache/Admin/3500b055da6dc93e87009767aa749021.php 第 110 行.
NOTIC: [8] Undefined index: coinname /www/wwwroot/bnb/Runtime/Cache/Admin/3500b055da6dc93e87009767aa749021.php 第 110 行.
NOTIC: [8] Undefined index: coinname /www/wwwroot/bnb/Runtime/Cache/Admin/3500b055da6dc93e87009767aa749021.php 第 110 行.
NOTIC: [8] Undefined index: coinname /www/wwwroot/bnb/Runtime/Cache/Admin/3500b055da6dc93e87009767aa749021.php 第 110 行.
NOTIC: [8] Undefined index: coinname /www/wwwroot/bnb/Runtime/Cache/Admin/3500b055da6dc93e87009767aa749021.php 第 110 行.
NOTIC: [8] Undefined index: coinname /www/wwwroot/bnb/Runtime/Cache/Admin/3500b055da6dc93e87009767aa749021.php 第 110 行.
NOTIC: [8] Undefined index: coinname /www/wwwroot/bnb/Runtime/Cache/Admin/3500b055da6dc93e87009767aa749021.php 第 110 行.
NOTIC: [8] Undefined index: coinname /www/wwwroot/bnb/Runtime/Cache/Admin/3500b055da6dc93e87009767aa749021.php 第 110 行.
NOTIC: [8] Undefined index: coinname /www/wwwroot/bnb/Runtime/Cache/Admin/3500b055da6dc93e87009767aa749021.php 第 110 行.
NOTIC: [8] Undefined index: coinname /www/wwwroot/bnb/Runtime/Cache/Admin/3500b055da6dc93e87009767aa749021.php 第 110 行.
NOTIC: [8] Undefined index: coinname /www/wwwroot/bnb/Runtime/Cache/Admin/3500b055da6dc93e87009767aa749021.php 第 110 行.
NOTIC: [8] Undefined index: coinname /www/wwwroot/bnb/Runtime/Cache/Admin/3500b055da6dc93e87009767aa749021.php 第 110 行.
NOTIC: [8] Undefined index: coinname /www/wwwroot/bnb/Runtime/Cache/Admin/3500b055da6dc93e87009767aa749021.php 第 110 行.
NOTIC: [8] Undefined index: coinname /www/wwwroot/bnb/Runtime/Cache/Admin/3500b055da6dc93e87009767aa749021.php 第 110 行.
NOTIC: [8] Undefined index: coinname /www/wwwroot/bnb/Runtime/Cache/Admin/3500b055da6dc93e87009767aa749021.php 第 110 行.
NOTIC: [8] Undefined index: coinname /www/wwwroot/bnb/Runtime/Cache/Admin/3500b055da6dc93e87009767aa749021.php 第 110 行.
NOTIC: [8] Undefined index: coinname /www/wwwroot/bnb/Runtime/Cache/Admin/3500b055da6dc93e87009767aa749021.php 第 110 行.
NOTIC: [8] Undefined index: coinname /www/wwwroot/bnb/Runtime/Cache/Admin/3500b055da6dc93e87009767aa749021.php 第 110 行.
NOTIC: [8] Undefined index: coinname /www/wwwroot/bnb/Runtime/Cache/Admin/3500b055da6dc93e87009767aa749021.php 第 110 行.
NOTIC: [8] Undefined index: coinname /www/wwwroot/bnb/Runtime/Cache/Admin/3500b055da6dc93e87009767aa749021.php 第 110 行.
NOTIC: [8] Undefined index: coinname /www/wwwroot/bnb/Runtime/Cache/Admin/3500b055da6dc93e87009767aa749021.php 第 110 行.
NOTIC: [8] Undefined index: status /www/wwwroot/bnb/Runtime/Cache/Admin/3500b055da6dc93e87009767aa749021.php 第 118 行.
NOTIC: [8] Undefined index: status /www/wwwroot/bnb/Runtime/Cache/Admin/3500b055da6dc93e87009767aa749021.php 第 121 行.
NOTIC: [8] Undefined index: status /www/wwwroot/bnb/Runtime/Cache/Admin/3500b055da6dc93e87009767aa749021.php 第 124 行.
NOTIC: [8] Undefined index: status /www/wwwroot/bnb/Runtime/Cache/Admin/3500b055da6dc93e87009767aa749021.php 第 127 行.
NOTIC: [8] Undefined index: status /www/wwwroot/bnb/Runtime/Cache/Admin/3500b055da6dc93e87009767aa749021.php 第 130 行.
NOTIC: [8] Undefined index: name /www/wwwroot/bnb/Runtime/Cache/Admin/3500b055da6dc93e87009767aa749021.php 第 133 行.
INFO: Run Behavior\ParseTemplateBehavior [ RunTime:0.010338s ]
INFO: [ view_parse ] --END-- [ RunTime:0.010379s ]
INFO: [ view_filter ] --START--
INFO: Run Behavior\WriteHtmlCacheBehavior [ RunTime:0.000071s ]
INFO: [ view_filter ] --END-- [ RunTime:0.000090s ]
INFO: [ app_end ] --START--
INFO: Run Behavior\ShowPageTraceBehavior [ RunTime:0.000061s ]
INFO: [ app_end ] --END-- [ RunTime:0.000085s ]

[ 2019-07-10T10:57:49+08:00 ] 5.253.16.128 /admin/login?btchanges=linsion
INFO: [ app_init ] --START--
INFO: Run Behavior\BuildLiteBehavior [ RunTime:0.000014s ]
INFO: [ app_init ] --END-- [ RunTime:0.000116s ]
INFO: [ app_begin ] --START--
INFO: Run Behavior\ReadHtmlCacheBehavior [ RunTime:0.000066s ]
INFO: [ app_begin ] --END-- [ RunTime:0.000102s ]

[ 2019-07-10T10:57:49+08:00 ] 5.253.16.128 /Admin/Index/index.html
INFO: [ app_init ] --START--
INFO: Run Behavior\BuildLiteBehavior [ RunTime:0.000013s ]
INFO: [ app_init ] --END-- [ RunTime:0.000122s ]
INFO: [ app_begin ] --START--
INFO: Run Behavior\ReadHtmlCacheBehavior [ RunTime:0.000064s ]
INFO: [ app_begin ] --END-- [ RunTime:0.000099s ]
SQL: SHOW COLUMNS FROM `btchanges_config` [ RunTime:0.0014s ]
SQL: SELECT * FROM `btchanges_config` WHERE `id` = 1 LIMIT 1   [ RunTime:0.0009s ]
SQL: SHOW COLUMNS FROM `btchanges_coin` [ RunTime:0.0008s ]
SQL: SELECT * FROM `btchanges_coin` WHERE `status` = 1  [ RunTime:0.0008s ]
NOTIC: [2] file_put_contents(./Runtime/Temp/d3b0f8d9ca32c5b36a19a420175948c2.php): failed to open stream: Permission denied /www/wwwroot/bnb/ThinkPHP/Library/Think/Cache/Driver/File.class.php 第 137 行.
SQL: SHOW COLUMNS FROM `btchanges_market` [ RunTime:0.0012s ]
SQL: SELECT * FROM `btchanges_market` WHERE `status` = 1  [ RunTime:0.0010s ]
NOTIC: [2] file_put_contents(./Runtime/Temp/a03d4382331eb5bc6fd5bb423ebe4d48.php): failed to open stream: Permission denied /www/wwwroot/bnb/ThinkPHP/Library/Think/Cache/Driver/File.class.php 第 137 行.
NOTIC: [8] Use of undefined constant IS_ROOT - assumed 'IS_ROOT' /www/wwwroot/bnb/Application/Admin/Controller/AdminController.class.php 第 211 行.
SQL: SHOW COLUMNS FROM `btchanges_menu` [ RunTime:0.0008s ]
SQL: SELECT * FROM `btchanges_menu` WHERE `pid` = 0 AND `hide` = 0 AND `is_dev` = 0 ORDER BY sort asc  [ RunTime:0.0006s ]
SQL: SELECT `id` FROM `btchanges_menu` WHERE ( url like 'Index/index%' ) LIMIT 1   [ RunTime:0.0005s ]
SQL: SHOW COLUMNS FROM `btchanges_menu` [ RunTime:0.0007s ]
SQL: SELECT `id`,`pid`,`title` FROM `btchanges_menu` WHERE ( id=1 ) LIMIT 1   [ RunTime:0.0005s ]
NOTIC: [8] Use of undefined constant IS_ROOT - assumed 'IS_ROOT' /www/wwwroot/bnb/Application/Admin/Controller/AdminController.class.php 第 261 行.
NOTIC: [8] Use of undefined constant IS_ROOT - assumed 'IS_ROOT' /www/wwwroot/bnb/Application/Admin/Controller/AdminController.class.php 第 261 行.
SQL: SELECT DISTINCT  `group` FROM `btchanges_menu` WHERE ( pid = 1 )  [ RunTime:0.0005s ]
SQL: SELECT `id`,`url` FROM `btchanges_menu` WHERE `pid` = 1 AND `hide` = 0 AND `is_dev` = 0  [ RunTime:0.0005s ]
NOTIC: [8] Use of undefined constant IS_ROOT - assumed 'IS_ROOT' /www/wwwroot/bnb/Application/Admin/Controller/AdminController.class.php 第 286 行.
SQL: SELECT `id`,`pid`,`title`,`url`,`tip`,`ico_name` FROM `btchanges_menu` WHERE `group` = '系统' AND `pid` = 1 AND `hide` = 0 AND `is_dev` = 0 ORDER BY sort asc  [ RunTime:0.0005s ]
SQL: SELECT `id`,`pid`,`title`,`url`,`tip`,`ico_name` FROM `btchanges_menu` WHERE `group` = '' AND `pid` = 1 AND `hide` = 0 AND `is_dev` = 0 ORDER BY sort asc  [ RunTime:0.0005s ]
NOTIC: [8] Use of undefined constant IS_ROOT - assumed 'IS_ROOT' /www/wwwroot/bnb/Application/Admin/Controller/AdminController.class.php 第 261 行.
NOTIC: [8] Use of undefined constant IS_ROOT - assumed 'IS_ROOT' /www/wwwroot/bnb/Application/Admin/Controller/AdminController.class.php 第 261 行.
NOTIC: [8] Use of undefined constant IS_ROOT - assumed 'IS_ROOT' /www/wwwroot/bnb/Application/Admin/Controller/AdminController.class.php 第 261 行.
NOTIC: [8] Use of undefined constant IS_ROOT - assumed 'IS_ROOT' /www/wwwroot/bnb/Application/Admin/Controller/AdminController.class.php 第 261 行.
NOTIC: [8] Use of undefined constant IS_ROOT - assumed 'IS_ROOT' /www/wwwroot/bnb/Application/Admin/Controller/AdminController.class.php 第 261 行.
NOTIC: [8] Use of undefined constant IS_ROOT - assumed 'IS_ROOT' /www/wwwroot/bnb/Application/Admin/Controller/AdminController.class.php 第 261 行.
NOTIC: [8] Use of undefined constant IS_ROOT - assumed 'IS_ROOT' /www/wwwroot/bnb/Application/Admin/Controller/AdminController.class.php 第 261 行.
NOTIC: [8] Use of undefined constant IS_ROOT - assumed 'IS_ROOT' /www/wwwroot/bnb/Application/Admin/Controller/AdminController.class.php 第 261 行.
INFO: [ view_parse ] --START--
INFO: [ template_filter ] --START--
INFO: Run Behavior\ContentReplaceBehavior [ RunTime:0.000164s ]
INFO: [ template_filter ] --END-- [ RunTime:0.000206s ]
NOTIC: [8] Undefined index: class /www/wwwroot/bnb/Runtime/Cache/Admin/b595b808c2ebeeeb0478ffc30bb4e87a.php 第 30 行.
NOTIC: [8] Undefined index: class /www/wwwroot/bnb/Runtime/Cache/Admin/b595b808c2ebeeeb0478ffc30bb4e87a.php 第 30 行.
NOTIC: [8] Undefined index: class /www/wwwroot/bnb/Runtime/Cache/Admin/b595b808c2ebeeeb0478ffc30bb4e87a.php 第 30 行.
NOTIC: [8] Undefined index: class /www/wwwroot/bnb/Runtime/Cache/Admin/b595b808c2ebeeeb0478ffc30bb4e87a.php 第 30 行.
NOTIC: [8] Undefined index: class /www/wwwroot/bnb/Runtime/Cache/Admin/b595b808c2ebeeeb0478ffc30bb4e87a.php 第 30 行.
NOTIC: [8] Undefined index: class /www/wwwroot/bnb/Runtime/Cache/Admin/b595b808c2ebeeeb0478ffc30bb4e87a.php 第 30 行.
NOTIC: [8] Undefined index: class /www/wwwroot/bnb/Runtime/Cache/Admin/b595b808c2ebeeeb0478ffc30bb4e87a.php 第 30 行.
NOTIC: [8] Undefined index: class /www/wwwroot/bnb/Runtime/Cache/Admin/b595b808c2ebeeeb0478ffc30bb4e87a.php 第 30 行.
NOTIC: [8] Undefined index: class /www/wwwroot/bnb/Runtime/Cache/Admin/b595b808c2ebeeeb0478ffc30bb4e87a.php 第 30 行.
NOTIC: [8] Undefined index: reg_sum /www/wwwroot/bnb/Runtime/Cache/Admin/b595b808c2ebeeeb0478ffc30bb4e87a.php 第 109 行.
NOTIC: [8] Undefined index: cny_num /www/wwwroot/bnb/Runtime/Cache/Admin/b595b808c2ebeeeb0478ffc30bb4e87a.php 第 121 行.
NOTIC: [8] Undefined index: trance_mum /www/wwwroot/bnb/Runtime/Cache/Admin/b595b808c2ebeeeb0478ffc30bb4e87a.php 第 133 行.
NOTIC: [8] Undefined index: art_sum /www/wwwroot/bnb/Runtime/Cache/Admin/b595b808c2ebeeeb0478ffc30bb4e87a.php 第 145 行.
SQL: select version() as v; [ RunTime:0.0004s ]
INFO: Run Behavior\ParseTemplateBehavior [ RunTime:0.013497s ]
INFO: [ view_parse ] --END-- [ RunTime:0.013533s ]
INFO: [ view_filter ] --START--
INFO: Run Behavior\WriteHtmlCacheBehavior [ RunTime:0.000078s ]
INFO: [ view_filter ] --END-- [ RunTime:0.000106s ]
INFO: [ app_end ] --START--
INFO: Run Behavior\ShowPageTraceBehavior [ RunTime:0.000063s ]
INFO: [ app_end ] --END-- [ RunTime:0.000105s ]

