cancel
2018-09-04 15:17:40 撤销成功
2018-09-04 18:46:55 256128980996849664:撤销成功
2018-09-04 18:46:57 256129000374534144:撤销成功
2018-09-04 18:47:01 256129047094886400:撤销成功
2018-09-04 18:47:02 256129263504195584:撤销成功
2018-09-04 18:47:18 256129030430916608:撤销成功
2018-09-04 18:48:48 256129826807611392:撤销成功
2018-09-04 19:57:10 256129995502518272:撤销成功
2018-09-04 20:28:25 256154964903067648:撤销成功
2018-09-04 20:38:04 256157359775154176:撤销成功
2018-09-04 20:44:58 256157610179297280:撤销成功
2018-09-04 21:03:19 256163479063363584:撤销成功
2018-09-04 21:13:27 256166273556152320:撤销成功
2018-09-04 21:16:38 256167080435384320:撤销成功
2018-09-04 21:29:56 256170382992605184:撤销成功
2018-09-04 21:33:40 256170547673563136:撤销成功
2018-09-04 21:52:50 256173407190646784:撤销成功
2018-09-04 21:52:51 256173151359074304:撤销成功
2018-09-04 21:52:52 256172609534689280:撤销成功
2018-09-04 21:52:52 订单已完成或已撤销
2018-09-04 21:52:52 256172210035621888:撤销成功
2018-09-04 21:52:52 订单已完成或已撤销
2018-09-05 09:14:43 256347654391332864:撤销成功
2018-09-05 09:30:50 256348685133152256:撤销成功
2018-09-05 09:30:51 256348559782182912:撤销成功
2018-09-05 10:17:39 256363644260974592:撤销成功
2018-09-05 14:34:29 256413778306924544:撤销成功
2018-09-05 14:34:34 256414112538427392:撤销成功
2018-09-05 16:59:58 256413874473926656:撤销成功
2018-09-05 16:59:59 256413846858629120:撤销成功
2018-09-05 17:01:50 256465146304528384:撤销成功
2018-09-05 19:58:17 256509695013945344:撤销成功
2018-09-05 19:58:52 256509897754017792:撤销成功
2018-09-05 20:03:55 256509968042164224:撤销成功
2018-09-05 20:05:14 256511232138280960:撤销成功
2018-09-05 20:18:32 256513684761739264:撤销成功
2018-09-05 20:30:43 256517750988472320:撤销成功
2018-09-05 20:36:40 256519233968537600:撤销成功
2018-09-05 20:36:41 256519128779587584:撤销成功
2018-09-05 20:37:41 256519580745203712:撤销成功
2018-09-05 20:37:42 256519626987405312:撤销成功
2018-09-05 20:38:37 256519787646025728:撤销成功
2018-09-05 20:38:38 256519831996596224:撤销成功
2018-09-05 21:15:24 256529132014272512:撤销成功
2018-09-18 17:14:05 261179386043039744:撤销成功
2018-09-18 17:17:36 261180171564875776:撤销成功
2018-09-20 12:31:29 261832987987935232:撤销成功
2018-09-20 12:34:16 261833687618813952:撤销成功
2018-10-15 14:10:30 270917702413975552:撤销成功
2018-10-15 14:17:17 270919336548368384:撤销成功
2018-10-15 14:19:38 270919616962756608:撤销成功
2018-10-15 14:23:03 270920125299818496:撤销成功
2018-10-15 14:44:27 270921304461279232:撤销成功
2018-10-15 15:00:23 270928902153568256:撤销成功
2018-10-15 15:31:55 270937649668161536:撤销成功
2018-10-16 10:01:22 270917167300476928:撤销成功
2018-10-17 09:58:35 271579071291326464:撤销成功
2018-10-18 11:25:47 271963462614122496:撤销成功
2018-10-22 10:16:44 273395358397104128:撤销成功
2018-10-22 10:18:21 273395856382623744:撤销成功
2018-10-22 16:45:56 273493414564069376:撤销成功
2018-10-22 16:49:04 273494166485336064:撤销成功
2018-10-22 16:50:12 273494551086235648:撤销成功
2018-10-22 16:50:47 273494718187307008:撤销成功
2018-10-22 16:52:00 273495058601213952:撤销成功
2018-10-23 11:23:29 273774739661520896:撤销成功
2018-10-23 11:43:26 273774899347062784:撤销成功
2018-10-23 11:44:43 273780061331521536:撤销成功
2018-10-23 13:53:26 273812549839880192:撤销成功
2018-10-23 13:53:51 273812655515369472:撤销成功
2018-10-23 13:54:42 273812869508759552:撤销成功
2018-10-23 13:55:14 273812951008280576:撤销成功
2018-10-23 13:55:33 273813102766587904:撤销成功
2018-10-23 13:55:57 273813201869602816:撤销成功
2018-10-23 13:56:09 273813247054839808:撤销成功
2018-10-24 10:50:36 274128747362254848:撤销成功
2018-10-25 11:55:44 274506968754814976:撤销成功
2018-10-25 11:57:32 274508045273268224:撤销成功
2018-10-25 11:59:31 274508585130524672:撤销成功
2018-10-25 12:00:06 274508793285443584:撤销成功
2018-10-26 10:53:24 274854398503419904:撤销成功
2018-10-26 11:09:50 274858524910026752:撤销成功
2018-10-26 11:14:25 274859706084753408:撤销成功
2018-10-29 10:19:40 275933024342769664:撤销成功
2018-10-29 10:20:46 275933379935862784:撤销成功
2018-10-29 10:22:23 275933599688032256:撤销成功
2018-10-30 10:29:09 276297603694460928:撤销成功
2018-10-30 12:46:01 276332294556352512:撤销成功
2018-10-30 12:46:41 276332408331042816:撤销成功
2018-10-30 12:51:38 276333464830083072:撤销成功
2018-10-30 12:54:16 276333880678547456:撤销成功
2018-10-30 12:56:05 276334827450400768:撤销成功
2018-10-30 12:58:37 276335485050159104:撤销成功
2018-10-30 13:01:37 276336217891536896:撤销成功
2018-11-05 09:45:54 278460963324166144:撤销成功
2018-11-06 14:19:50 278883300020322304:撤销成功
2018-11-06 16:41:42 278928340578992128:撤销成功
2018-11-06 16:41:43 278928291061039104:撤销成功
2018-11-07 11:05:04 279205865863512064:撤销成功
2018-11-07 11:07:26 279206596800675840:撤销成功
2018-11-07 16:07:25 279282076572712960:撤销成功
2018-11-07 16:07:26 279281948239593472:撤销成功
2018-11-08 10:29:45 279559301897388032:撤销成功
2018-11-08 10:33:26 279560420333715456:撤销成功
2018-11-09 17:41:57 280025134243250176:撤销成功
2018-11-09 20:02:31 280030843890565120:撤销成功
2018-11-09 20:10:38 280066201571295232:撤销成功
2018-11-09 20:10:40 280066742787506176:撤销成功
2018-11-09 20:44:44 280072754412126208:撤销成功
2018-11-09 20:44:46 280070007403053056:撤销成功
2018-11-09 20:44:48 280068375957209088:撤销成功
2018-11-12 11:02:08 281017111852089344:撤销成功
2018-11-12 11:04:26 281017739034755072:撤销成功
2018-11-12 12:06:22 281033373537796096:撤销成功
2018-11-12 14:10:32 281064611891904512:撤销成功
2018-11-12 14:34:47 281070728709668864:撤销成功
2018-11-12 14:38:38 281071589586370560:撤销成功
2018-11-12 14:40:29 281072078533165056:撤销成功
2018-11-12 14:42:06 281072412169076736:撤销成功
2018-11-12 14:48:21 281074053979045888:撤销成功
2018-11-12 15:08:08 281078900119830528:撤销成功
2018-11-12 15:14:57 281079513977192448:撤销成功
2018-11-12 16:37:03 281101409334591488:撤销成功
2018-11-13 12:41:22 280078120109735936:撤销成功
2018-11-14 09:29:16 281718550912040960:撤销成功
2018-11-14 14:05:33 订单已完成或已撤销
2018-11-14 15:05:21 281436660690845696:撤销成功
2018-11-14 18:39:50 281853026002534400:撤销成功
2018-11-14 18:52:06 281852653305069568:撤销成功
2018-11-15 05:52:20 282026160412426240:撤销成功
2018-11-15 11:42:36 282114553028804608:撤销成功
2018-11-15 11:51:27 282116767990415360:撤销成功
2018-11-16 11:55:59 282480152087101440:撤销成功
2018-11-19 10:42:53 订单已完成或已撤销
2018-11-19 10:46:27 283549965916045312:撤销成功
2018-11-21 14:44:56 284334679115431936:撤销成功
2018-11-22 10:25:50 284631919365193728:撤销成功
2018-11-22 12:16:43 284659849566879744:撤销成功
2018-11-22 12:21:15 284660887648731136:撤销成功
2018-11-22 12:31:16 284661467649671168:撤销成功
2018-11-23 09:18:47 284977353623339008:撤销成功
2018-11-23 09:53:35 284980435891519488:撤销成功
2018-11-23 10:33:31 284995627232788480:撤销成功
2018-11-23 10:33:47 284993148285878272:撤销成功
2018-11-23 10:34:09 284992584240070656:撤销成功
2018-11-23 10:34:13 284991809820557312:撤销成功
2018-11-23 10:45:15 284999209910796288:撤销成功
2018-11-23 10:51:11 285000417358643200:撤销成功
2018-11-23 10:57:00 285000849573281792:撤销成功
2018-11-23 10:59:59 284999565382254592:撤销成功
2018-11-23 11:03:53 285003819245371392:撤销成功
2018-11-23 11:04:00 285003751918403584:撤销成功
2018-11-23 19:01:04 285122750291378176:撤销成功
2018-11-23 19:04:16 285119879378370560:撤销成功
2018-11-25 09:04:20 285107449399083008:撤销成功
2018-11-25 09:04:23 285106881385463808:撤销成功
2018-11-25 09:04:26 285106607669379072:撤销成功
2018-11-25 10:05:10 285699044863377408:撤销成功
2018-11-25 10:21:35 285714009347325952:撤销成功
2018-11-25 20:22:19 285718386204213248:撤销成功
2018-11-26 08:28:16 286043722645241856:撤销成功
2018-11-26 08:42:02 286052018374574080:撤销成功
2018-11-26 09:57:46 286074450388975616:撤销成功
2018-11-26 10:00:08 286075049402695680:撤销成功
2018-11-26 10:07:33 286076319232425984:撤销成功
2018-11-26 10:23:06 286080808228225024:撤销成功
2018-11-27 10:50:32 286450097074470912:撤销成功
2018-11-27 13:49:20 286495104850460672:撤销成功
2018-11-27 13:49:46 286495209020194816:撤销成功
2018-11-27 15:16:14 286516935993065472:撤销成功
2018-11-27 15:18:59 286517601385840640:撤销成功
2018-11-27 15:23:32 286518777242189824:撤销成功
2018-11-27 15:29:33 286520214055550976:撤销成功
2018-11-27 15:30:51 286520504318164992:撤销成功
2018-11-27 15:47:16 286523966917443584:撤销成功
2018-11-27 15:50:49 286525286252544000:撤销成功
2018-11-28 11:47:05 286826550735667200:撤销成功
2018-11-29 12:18:11 287196851348701184:撤销成功
2018-12-03 12:39:16 订单已完成或已撤销
2018-12-03 12:39:17 订单已完成或已撤销
2018-12-03 12:39:45 288651877267013632:撤销成功
2018-12-04 11:35:39 288998157440778240:撤销成功
2018-12-05 10:43:47 289347455940558848:撤销成功
2018-12-06 11:18:07 订单已完成或已撤销
2018-12-06 11:24:43 289719997595385856:撤销成功
2018-12-07 07:50:45 290027696228925440:撤销成功
2018-12-07 07:59:53 290028560226189312:撤销成功
2018-12-07 13:09:50 290109041609277440:撤销成功
2018-12-07 13:10:00 290109086484135936:撤销成功
2018-12-07 13:10:24 290109160777842688:撤销成功
2018-12-08 18:58:24 290031122576834560:撤销成功
2018-12-08 18:58:27 290028869870682112:撤销成功
2018-12-08 19:20:11 290563890851348480:撤销成功
2018-12-08 19:21:42 290561913257984000:撤销成功
2018-12-08 19:21:49 290560333192364032:撤销成功
2018-12-08 19:21:57 290561225530540032:撤销成功
2018-12-10 11:59:15 291178313160851456:撤销成功
2018-12-10 12:00:12 291178520065867776:撤销成功
2018-12-11 11:44:10 291536961879932928:撤销成功
2018-12-11 11:45:02 291537125931745280:撤销成功
2018-12-12 11:23:43 291894258493816832:撤销成功
2018-12-12 12:13:37 291906808312758272:撤销成功
2018-12-12 17:45:33 291990389391360000
2018-12-12 17:45:53 291990473579429888
2018-12-12 18:07:17 291995857727782912
2018-12-13 10:02:42 292236298213654528
2018-12-13 10:03:17 292236441130369024
2018-12-13 12:26:37 292272514992701440
2018-12-14 11:04:28 292614228991279104
2018-12-17 10:26:16 293691778693857280
2018-12-17 18:37:44 293815459176775680
2018-12-18 10:11:45 294050514528632832
2018-12-18 10:11:53 294050548301168640
2018-12-18 10:12:58 294050817168637952
2018-12-18 12:52:41 294091014119882752
2018-12-18 13:42:00 294103425128333312
2018-12-18 13:42:46 294103618414444544
2018-12-18 13:43:22 294103769736544256
2018-12-19 07:45:51 294376185930973184
2018-12-19 07:48:54 294376950263185408
2018-12-19 11:38:50 294434814243635200
2018-12-19 20:03:02 294561701313904640
2018-12-19 20:12:00 294563960261181440
2018-12-19 20:12:38 294564119992860672
2018-12-19 20:12:40 294564128545046528
2018-12-19 20:12:43 294564137093038080
2018-12-19 20:16:07 294564993716715520
2018-12-19 20:16:09 294565002268901376
2018-12-19 20:16:11 294565010816892928
2018-12-21 10:57:08 295149097784967168
2018-12-22 20:23:18 295653967721922560
2018-12-22 20:23:56 295654127428435968
2018-12-22 20:26:57 295654883313319936
2018-12-22 20:26:59 295654891865505792
2018-12-22 20:28:29 295655269877153792
2018-12-22 20:28:31 295655278425145344
2018-12-23 19:18:32 296000052927660032
2018-12-23 19:19:48 296000372206469120
2018-12-23 19:19:50 296000380746072064
2018-12-23 19:22:12 296000977134157824
2018-12-23 19:22:14 296000985677955072
2018-12-23 19:22:16 296000994225946624
2018-12-24 11:38:29 296246666460135424
2018-12-27 13:55:52 297368406670180352
2018-12-28 10:40:02 297681510662668288
2019-01-04 09:54:27 300206754443034624
2019-02-19 17:47:57 316995757058031616
2019-02-19 18:56:37 317013034159570944
2019-03-18 21:49:31 326841019419066368
2019-03-18 21:50:13 326841195940544512
2019-03-18 21:52:33 326841784019714048
2019-03-19 13:02:20 327070738831900672
2019-03-19 16:45:30 327126901229355008
2019-03-21 23:06:47 327947626370564096
2019-03-21 23:07:03 327947693777223680
2019-03-21 23:07:05 327947702329409536
2019-03-21 23:10:07 327948466644844544
2019-03-21 23:20:02 327950961655939072
2019-03-21 23:20:04 327950970329759744
2019-03-21 23:55:28 327959881468346368
2019-03-21 23:55:57 327959999185682432
2019-03-21 23:59:19 327960847580135424
2019-03-22 00:00:03 327961032624439296
2019-03-22 00:02:59 327961772122177536
2019-03-22 00:04:39 327962192374661120
2019-03-22 00:10:44 327963721034891264
2019-03-22 00:15:46 327964989417586688
2019-03-22 00:17:28 327965418050289664
2019-03-22 00:18:33 327965686976479232
2019-03-22 07:34:54 328075501098762240
2019-03-22 07:35:26 328075635605897216
2019-03-26 21:04:35 329728816370941952
2019-03-26 21:05:17 329728992863059968
2019-03-26 21:06:28 329729286955073536
2019-03-26 21:07:14 329729480253767680
2019-03-26 21:20:49 329732898351480832
2019-03-26 21:21:31 329733074906513408
2019-03-28 02:16:54 330169799898300416
2019-03-28 02:17:24 330169926113296384
2019-03-28 02:18:02 330170086084050944
2019-03-28 02:18:04 330170094950809600
2019-03-28 09:14:24 330274866139758592
2019-03-29 17:04:42 330755608594612224
2019-03-29 17:05:20 330755768376623104
2019-04-01 14:11:53 331799280555655168
2019-04-01 14:12:41 331799482469449728
2019-04-01 14:13:09 331799600174202880
2019-04-01 14:14:17 331799885844054016
2019-04-01 14:26:28 331802951712505856
2019-04-01 14:27:32 331803220571586560
2019-04-01 14:28:14 331803397059510272
2019-04-01 14:28:56 331803573568405504
2019-04-01 14:29:48 331803792104226816
2019-04-01 14:30:08 331803876220993536
2019-04-01 14:34:49 331805052278669312
2019-04-02 15:51:56 332186847927074816
2019-04-02 22:05:42 332280908411305984
2019-04-02 22:06:38 332281143682400256
2019-04-02 22:07:02 332281244765126656
2019-04-03 08:20:25 332435610625114112
2019-04-03 10:16:50 332464906764812288
2019-04-03 10:27:11 332467511360487424
2019-04-04 15:39:26 332908480497188864
2019-04-17 10:34:12 337542705305354240
2019-04-17 10:36:28 337543276556976128
2019-04-17 10:38:20 337543746956558336
2019-04-23 11:51:50 339736572041625600
2019-05-14 21:46:55 347496474516389888
2019-05-14 21:47:27 347496609065467904
2019-05-14 21:47:35 347496642812837888
2019-05-14 21:47:51 347496710148194304
2019-05-14 21:48:05 347496769283686400
2019-05-14 21:48:14 347496803052027904
2019-05-14 21:48:26 347496853580808192
2019-05-14 21:48:44 347496929296384000
2019-05-14 21:49:04 347497013492842496
2019-05-14 21:49:30 347497122817376256
2019-05-14 21:49:40 347497164961742848
2019-05-14 21:49:50 347497207089332224
2019-05-15 08:11:47 347653725529047040
2019-05-15 08:14:59 347654532378918912
2019-05-15 08:15:13 347654591329861632
2019-05-15 08:23:22 347656640679378944
2019-05-15 08:33:13 347659119609511936
2019-05-15 21:13:22 347850419378061312
2019-05-15 21:13:48 347850528710983680
2019-05-15 21:16:19 347851158754164736
2019-05-15 21:17:15 347851394063007744
2019-05-16 07:04:45 347999245141278720
2019-05-16 07:16:58 348002319557722112
2019-05-16 07:17:40 348002496066617344
2019-05-17 09:14:52 348394377069985792
2019-05-17 09:16:00 348394662811140096
2019-05-17 19:36:38 348550851201073152
2019-05-17 19:37:50 348551153778163712
2019-05-17 19:37:52 348551162326155264
2019-05-17 19:38:08 348551229657317376
2019-05-17 19:45:57 348553195988975616
2019-05-17 19:46:03 348553221565841408
2019-05-17 19:46:25 348553314117353472
2019-05-17 19:46:43 348553389862289408
2019-05-17 19:46:45 348553398401892352
2019-05-17 19:46:48 348553406937300992
2019-05-17 19:46:50 348553415476903936
2019-05-17 19:46:52 348553424016506880
2019-05-17 19:46:58 348553449354297344
2019-05-17 19:47:20 348553541977112576
2019-05-17 19:51:26 348554575550087168
2019-05-17 19:51:28 348554584085495808
2019-05-17 19:51:30 348554592620904448
2019-05-17 19:51:32 348554601160507392
2019-05-18 06:05:15 348709045550448640
2019-05-18 06:06:23 348709331320963072
2019-05-18 06:07:23 348709583469936640
2019-05-18 06:07:25 348709592022122496
2019-05-18 06:07:27 348709600561725440
2019-05-18 06:07:29 348709609097134080
2019-05-18 06:08:35 348709886462263296
2019-05-18 06:08:37 348709895010254848
2019-05-19 10:14:14 349134095457976320
2019-05-19 10:15:59 349134532521230336
2019-05-19 10:16:01 349134541060833280
2019-05-19 10:16:07 349134566465732608
2019-05-19 10:16:09 349134575013724160
2019-05-19 10:35:06 349139346051301376
2019-05-19 10:35:08 349139354595098624
2019-05-19 10:35:10 349139363155673088
2019-05-19 18:06:28 349252933042307072
2019-05-19 18:06:52 349253033953067008
2019-05-21 11:03:42 349871318394470400
2019-05-21 11:09:03 349872662840868864
2019-05-23 12:32:21 350618401594408960
2019-05-23 12:32:47 350618510939914240
2019-05-24 19:24:23 351084483769794560
2019-05-24 19:24:29 351084509115973632
2019-05-24 19:24:51 351084601667485696
2019-05-24 19:25:23 351084736170426368
2019-05-24 19:25:25 351084744705835008
2019-05-24 19:25:50 351084845671120896
2019-05-24 19:25:52 351084854198140928
2019-05-24 19:26:04 351084904844361728
2019-05-24 19:26:06 351084913463656448
2019-05-24 19:26:20 351084972406210560
2019-05-24 19:26:36 351085039728984064
2019-05-24 19:27:04 351085157517623296
2019-05-24 19:27:30 351085266854739968
2019-05-24 19:27:42 351085317370937344
2019-05-24 19:27:44 351085325902151680
2019-05-24 19:28:02 351085401936494592
2019-05-24 19:28:30 351085519649636352
2019-05-24 19:28:32 351085528197627904
2019-05-24 19:28:46 351085587119210496
2019-05-24 19:28:48 351085595650424832
2019-05-24 19:28:50 351085604185833472
2019-05-24 19:29:04 351085663111610368
2019-05-24 19:29:06 351085671651213312
2019-05-24 19:29:29 351085764219502592
2019-05-24 19:29:47 351085839935078400
2019-05-24 19:29:59 351085890480635904
2019-05-24 19:30:01 351085899020238848
2019-05-24 19:30:15 351085957954404352
2019-05-24 19:30:17 351085966494007296
2019-05-24 19:30:35 351086042209583104
2019-05-24 19:30:37 351086050753380352
2019-05-24 19:30:53 351086118080348160
2019-05-24 19:31:07 351086177056456704
2019-05-24 19:31:09 351086185621225472
2019-05-24 19:31:11 351086194152439808
2019-05-24 19:42:42 351089092018044928
2019-05-24 19:43:06 351089192958164992
2019-05-24 19:43:52 351089386328162304
2019-05-24 19:44:14 351089478959366144
2019-05-24 19:44:16 351089487498969088
2019-05-24 19:46:22 351090016950157312
2019-05-24 22:58:16 351138306752249856
2019-05-26 18:21:52 351793526788325376
2019-05-26 18:22:22 351793652999127040
2019-05-26 18:22:32 351793695135105024
2019-05-26 18:22:34 351793703666319360
2019-05-26 18:22:47 351793754195099648
2019-05-26 18:22:49 351793762726313984
2019-05-26 18:23:05 351793830095224832
2019-05-26 18:23:07 351793838643216384
2019-05-26 18:23:17 351793880850497536
2019-05-26 18:23:19 351793889381711872
2019-05-26 18:23:31 351793939906297856
2019-05-26 18:23:33 351793948437512192
2019-05-26 18:23:45 351793998966292480
2019-05-26 18:23:47 351794007497506816
2019-05-26 18:23:57 351794049637679104
2019-05-26 18:23:59 351794058177282048
2019-05-26 18:24:01 351794066721079296
2019-05-26 18:24:15 351794125642661888
2019-05-26 18:24:17 351794134173876224
2019-05-26 18:24:19 351794142709284864
2019-05-26 18:24:37 351794218433249280
2019-05-26 18:24:39 351794226964463616
2019-05-26 18:24:41 351794235491483648
2019-05-26 18:24:47 351794260820885504
2019-05-26 18:24:49 351794269352099840
2019-05-26 18:24:51 351794277887508480
2019-05-26 18:24:57 351794303216910336
2019-05-26 18:24:59 351794311748124672
2019-05-26 18:25:02 351794320493248512
2019-05-26 18:25:08 351794345843621888
2019-05-26 18:25:10 351794354391613440
2019-05-26 18:25:12 351794362947993600
2019-05-26 18:25:20 351794396686974976
2019-05-26 18:25:22 351794405218189312
2019-05-26 18:25:24 351794413757792256
2019-05-26 18:25:28 351794430698586112
2019-05-26 18:25:30 351794439225606144
2019-05-26 18:25:32 351794447761014784
2019-05-27 15:21:51 352110612689453056
2019-05-31 15:07:56 353556661933178880
2019-05-31 15:08:29 353556796578725888
2019-05-31 15:08:31 353556805114134528
2019-05-31 15:08:57 353556914417696768
2019-05-31 15:08:59 353556922961494016
2019-05-31 15:11:39 353557594989658112
2019-05-31 15:11:55 353557662312431616
2019-05-31 21:15:15 353649100148703232
2019-05-31 21:15:17 353649108688306176
2019-05-31 21:16:00 353649285184618496
2019-05-31 21:16:44 353649470157619200
2019-05-31 21:17:30 353649663519227904
2019-05-31 21:17:32 353649672050442240
2019-06-25 11:59:12 362568861368713216
2019-06-25 11:59:46 362569004310593536
2019-07-02 13:28:32 365128055951196160
2019-07-07 23:43:23 367094728811872256
2019-07-08 10:25:28 367256312221794304
