2018-09-19 17:30:04 bys_usdt:0.0298------0.0281
2018-09-19 17:30:08 btc_usdt:6322.9164------6248.1709
2018-09-19 17:30:10 eos_usdt:5.0418------4.84
2018-09-19 17:30:11 eth_usdt:208.4562------197.2719
2018-09-19 17:30:12 xrp_usdt:0.3216------0.2725
2018-09-19 17:30:13 ltc_usdt:53.3238------51.6184
2018-09-19 17:30:16 btm_usdt:0.167------0.1619
2018-09-19 17:30:17 mana_usdt:0.0677------0.0654
2018-09-19 17:30:18 rcn_usdt:0.0246------0.0214
2018-09-19 17:30:19 eosdac_usdt:0.0199------0.0221
2018-09-19 17:30:22 bcx_usdt:0.0086------0.0085
2018-09-19 17:31:02 bys_usdt:0.0298------0.0282
2018-09-19 17:31:03 btc_usdt:6323.7743------6257.0613
2018-09-19 17:31:05 eos_usdt:5.0537------4.8398
2018-09-19 17:31:08 eth_usdt:208.7631------197.0443
2018-09-19 17:31:09 xrp_usdt:0.3216------0.2729
2018-09-19 17:31:10 ltc_usdt:53.4507------51.6062
2018-09-19 17:31:11 btm_usdt:0.1698------0.1611
2018-09-19 17:31:12 mana_usdt:0.0651------0.0671
2018-09-19 17:31:15 rcn_usdt:0.0282------0.0232
2018-09-19 17:31:17 eosdac_usdt:0.0218------0.0223
2018-09-19 17:31:18 bcx_usdt:0.0078------0.0086
2018-09-19 17:32:02 bys_usdt:0.0299------0.0281
2018-09-19 17:32:03 btc_usdt:6322.5124------6254.2739
2018-09-19 17:32:04 eos_usdt:5.0583------4.8405
2018-09-19 17:32:08 eth_usdt:209.0413------197.1603
2018-09-19 17:32:09 xrp_usdt:0.3221------0.2731
2018-09-19 17:32:10 ltc_usdt:53.4352------51.6129
2018-09-19 17:32:11 btm_usdt:0.1667------0.162
2018-09-19 17:32:13 mana_usdt:0.0674------0.0661
2018-09-19 17:32:14 rcn_usdt:0.0298------0.0195
2018-09-19 17:32:17 eosdac_usdt:0.0205------0.0218
2018-09-19 17:32:18 bcx_usdt:0.0086------0.0086
2018-09-19 17:33:03 bys_usdt:0.0298------0.0282
2018-09-19 17:33:05 btc_usdt:6323.0262------6242.2666
2018-09-19 17:33:06 eos_usdt:5.0588------4.8406
2018-09-19 17:33:09 eth_usdt:208.7423------196.9696
2018-09-19 17:33:11 xrp_usdt:0.3231------0.2724
2018-09-19 17:33:12 ltc_usdt:53.3801------51.6286
2018-09-19 17:33:13 btm_usdt:0.1711------0.1625
2018-09-19 17:33:14 mana_usdt:0.0677------0.0667
2018-09-19 17:33:17 rcn_usdt:0.0297------0.0231
2018-09-19 17:33:19 eosdac_usdt:0.0222------0.0193
2018-09-19 17:33:21 bcx_usdt:0.0081------0.0082
2018-11-22 17:21:54 HB22785012494102--BU20181939-47360--Order placed
2018-11-22 17:22:46 HB22785162531826--BU20181932-47361--Pending payment
2018-11-22 17:25:53 HB22785162531826--BU20181932-47361--Completed
2018-11-22 17:26:47 HB22785162531826--BU20181932-47361--Completed
2018-11-22 18:08:57 HB22813301405595--BU20181932-47414--Order placed
2018-11-22 18:34:26 HB22828597874007--BU20181936-47472--Order placed
2018-11-23 10:29:17 HB23401481805842--BU20181932-48065--Order placed
2018-11-23 12:16:45 HB23465930371476--BU20181932-48270--Order placed
2018-11-23 12:16:53 HB23465930371476--BU20181932-48270--Cancel
2018-11-23 12:16:55 HB23465930371476--BU20181932-48270--Cancel
2018-11-23 12:22:56 HB23469671839084--BU20182004-48292--Order placed
2018-11-23 12:32:09 HB23475184299947--BU20181932-48322--Order placed
2018-11-23 12:32:16 HB23475184299947--BU20181932-48322--Cancel
2018-11-23 12:32:17 HB23475184299947--BU20181932-48322--Cancel
2018-11-23 12:32:44 HB23475571730972--BU20182011-48326--Order placed
2018-11-23 12:34:34 HB23476685458657--BU20182011-48332--Order placed
2018-11-23 12:36:37 HB23477838863558--BU20181932-48337--Order placed
2018-11-23 12:36:42 HB23477838863558--BU20181932-48337--Cancel
2018-11-23 12:36:44 HB23477838863558--BU20181932-48337--Cancel
2018-11-23 12:37:28 HB23478421852172--BU20181932-48341--Order placed
2018-11-23 12:38:45 HB23479159032848--BU20181932-48342--Cancel
2018-11-23 12:38:46 HB23479159032848--BU20181932-48342--Cancel
2018-11-23 12:39:40 HB23479703766377--BU20181932-48343--Cancel
2018-11-23 12:39:41 HB23479703766377--BU20181932-48343--Cancel
2018-11-23 12:44:08 HB23480061119957--BU20182012-48344--Completed
2018-11-23 12:44:15 HB23480061119957--BU20182012-48344--Completed
2018-11-23 12:55:43 HB23489375707386--BU20182011-48382--Order placed
2018-11-23 12:56:10 HB23489656112912--BU20182011-48384--Pending payment
2018-11-26 10:15:21 HB26985114718415--BU20181932-50621--Order placed
2018-11-27 10:11:30 HB27846785842332--BU20182004-51503--Order placed
2018-11-27 10:38:57 HB27863305719870--BU20182004-51517--Order placed
2018-11-27 12:02:24 HB27911154122303--BU20182012-51592--Pending confirmation
2018-11-27 12:12:18 HB27911154122303--BU20182012-51592--Completed
2018-11-27 13:27:40 HB27964451607644--BU20181936-51672--Order placed
2018-11-27 15:26:29 HB27033129066408--BU20182012-51797--Order placed
2018-11-28 10:04:09 HB28706400510327--BU20181932-52094--Order placed
2018-11-28 10:10:15 HB28709569525770--BU20181932-52098--Order placed
2018-11-28 10:11:13 HB28710666492352--BU20181932-52102--Order placed
2018-11-30 16:26:08 HB30663570558180--BU20182004-54928--Order placed
2018-12-03 12:08:48 HC03101170566686--BU20182004-58371--Order placed
2018-12-04 10:04:02 HC04890243618742--BU20181932-59350--Cancel
2018-12-04 10:04:05 HC04890243618742--BU20181932-59350--Cancel
2018-12-07 12:57:17 HC07586130877620--BU20181932-63487--Cancel
2018-12-07 12:57:21 HC07586130877620--BU20181932-63487--Cancel
2018-12-10 12:10:12 HC10149776841742--BU20182004-66606--Cancel
2018-12-10 12:10:14 HC10149776841742--BU20182004-66606--Cancel
2018-12-11 16:52:35 HC11183462821698--BU20182354-68285--Cancel
2018-12-11 16:52:40 HC11183462821698--BU20182354-68285--Cancel
2018-12-11 16:52:43 HC11183462821698--BU20182354-68285--Cancel
2018-12-11 16:52:48 HC11182647421950--BU20181950-68281--Cancel
2018-12-11 17:12:56 HC11195079008719--BU20181932-68319--Order placed
2018-12-11 17:13:32 HC11195079008719--BU20181932-68319--Cancel
2018-12-11 17:13:36 HC11195079008719--BU20181932-68319--Cancel
2018-12-11 17:13:38 HC11195079008719--BU20181932-68319--Cancel
2018-12-11 18:47:22 HC11199484651735--BU20181932-68333--Completed
2018-12-12 10:50:15 HC12829969782116--BU20181932-68567--Cancel
2018-12-12 11:11:30 HC12831205612592--BU20181932-68568--Cancel
2018-12-12 11:20:21 HC12846677008712--BU20181932-68572--Order placed
2018-12-12 11:50:41 HC12846677008712--BU20181932-68572--Completed
2018-12-12 12:04:45 HC12846677008712--BU20181932-68572--Completed
2018-12-12 12:18:59 HC12876769968913--BU20181932-68574--Completed
2018-12-12 12:19:01 HC12876769968913--BU20181932-68574--Completed
2018-12-12 17:49:11 HC12081439206951--BU20181932-68600--Cancel
2018-12-13 11:04:32 HC13702632044801--BU20181932-68656--Order placed
2018-12-13 11:04:34 HC13702632044801--BU20181932-68656--Order placed
2018-12-13 11:04:42 HC13702632044801--BU20181932-68656--Cancel
2018-12-13 11:04:45 HC13702632044801--BU20181932-68656--Cancel
2018-12-13 11:04:48 HC13702632044801--BU20181932-68656--Cancel
2018-12-13 11:58:15 HC13734887831848--BU20182004-68658--Cancel
2018-12-14 11:15:21 HC14572530800350--BU20181932-68710--Cancel
2018-12-14 11:16:52 HC14574016614610--BU20181932-68712--Cancel
2018-12-14 11:16:56 HC14574016614610--BU20181932-68712--Cancel
2018-12-14 11:16:58 HC14574016614610--BU20181932-68712--Cancel
2018-12-14 11:19:52 HC14573524440279--BU20182004-68711--Cancel
2018-12-14 11:19:54 HC14573524440279--BU20182004-68711--Cancel
2018-12-17 10:24:41 HC17134713429061--BU20182004-68787--Cancel
2018-12-17 10:24:44 HC17134713429061--BU20182004-68787--Cancel
2018-12-17 10:24:46 HC17134713429061--BU20182004-68787--Cancel
2018-12-17 14:57:23 HC17298319318406--BU20182004-68804--Cancel
2018-12-17 15:11:37 HC17306700958433--BU20182004-68807--Cancel
2018-12-19 13:54:52 HC19988470120304--BU20182004-68931--Cancel
2018-12-19 13:54:54 HC19988470120304--BU20182004-68931--Cancel
2018-12-20 10:42:20 HC20737276798701--BU20181932-69025--Cancel
2018-12-20 10:42:22 HC20737276798701--BU20181932-69025--Cancel
2018-12-21 11:04:38 HC21614709550033--BU20181932-69151--Cancel
2018-12-21 11:04:43 HC21614709550033--BU20181932-69151--Cancel
2018-12-21 11:04:45 HC21614709550033--BU20181932-69151--Cancel
2018-12-24 11:49:40 HC24233725186180--BU20182004-69298--Cancel
2018-12-27 13:54:38 HC27900588765766--BU20182004-69478--Cancel
2018-12-28 11:30:11 HC28678034383284--BU20182004-69553--Cancel
2019-01-02 19:21:25 I102280651364213--BU20192004-69666--Cancel
2019-01-24 16:19:31 I124179514472459--BU20192068-70463--Order placed
2019-01-24 16:19:33 I124179514472459--BU20192068-70463--Order placed
2019-01-24 16:20:33 I124179514472459--BU20192068-70463--Order placed
2019-03-13 15:27:32 I313618071916069--BU20192068-71807--Pending payment
