[ 2019-07-11T16:18:16+08:00 ] 223.114.116.189 /Papi/Activity/getActivity
INFO: [ app_init ] --START--
INFO: Run Behavior\BuildLiteBehavior [ RunTime:0.000013s ]
INFO: [ app_init ] --END-- [ RunTime:0.000128s ]
INFO: [ app_begin ] --START--
INFO: Run Behavior\ReadHtmlCacheBehavior [ RunTime:0.000066s ]
INFO: [ app_begin ] --END-- [ RunTime:0.000102s ]
SQL: SHOW COLUMNS FROM `btchanges_activity` [ RunTime:0.0008s ]
SQL: SELECT * FROM `btchanges_activity` ORDER BY id desc LIMIT 1   [ RunTime:0.0006s ]

[ 2019-07-11T16:18:16+08:00 ] 223.114.116.189 /Papi/Article/notice
INFO: [ app_init ] --START--
INFO: Run Behavior\BuildLiteBehavior [ RunTime:0.000011s ]
INFO: [ app_init ] --END-- [ RunTime:0.000095s ]
INFO: [ app_begin ] --START--
INFO: Run Behavior\ReadHtmlCacheBehavior [ RunTime:0.000060s ]
INFO: [ app_begin ] --END-- [ RunTime:0.000095s ]
SQL: SHOW COLUMNS FROM `btchanges_article` [ RunTime:0.0013s ]
SQL: SELECT * FROM `btchanges_article` WHERE `type` = 'communique' AND `index` = 1 ORDER BY sort asc ,id desc LIMIT 1   [ RunTime:0.0008s ]

[ 2019-07-11T16:18:17+08:00 ] 223.114.116.189 /Papi/Market/allcoin
INFO: [ app_init ] --START--
INFO: Run Behavior\BuildLiteBehavior [ RunTime:0.000010s ]
INFO: [ app_init ] --END-- [ RunTime:0.000086s ]
INFO: [ app_begin ] --START--
INFO: Run Behavior\ReadHtmlCacheBehavior [ RunTime:0.000080s ]
INFO: [ app_begin ] --END-- [ RunTime:0.000115s ]
SQL: SHOW COLUMNS FROM `btchanges_market` [ RunTime:0.0012s ]
SQL: SELECT * FROM `btchanges_market` WHERE `status` = 1  [ RunTime:0.0013s ]
SQL: SHOW COLUMNS FROM `btchanges_coin` [ RunTime:0.0009s ]
SQL: SHOW COLUMNS FROM `btchanges_coin` [ RunTime:0.0008s ]
SQL: SELECT `title` FROM `btchanges_coin` WHERE `name` = 'bys' LIMIT 1   [ RunTime:0.0007s ]
SQL: SELECT `imgapp` FROM `btchanges_coin` WHERE `name` = 'bys' LIMIT 1   [ RunTime:0.0005s ]
SQL: SHOW COLUMNS FROM `btchanges_rate` [ RunTime:0.0007s ]
SQL: SELECT `rate` FROM `btchanges_rate` WHERE `id` = 1 LIMIT 1   [ RunTime:0.0004s ]
SQL: SHOW COLUMNS FROM `btchanges_market` [ RunTime:0.0008s ]
SQL: SELECT `title` FROM `btchanges_coin` WHERE `name` = 'btc' LIMIT 1   [ RunTime:0.0005s ]
SQL: SELECT `imgapp` FROM `btchanges_coin` WHERE `name` = 'btc' LIMIT 1   [ RunTime:0.0004s ]
SQL: SELECT `rate` FROM `btchanges_rate` WHERE `id` = 1 LIMIT 1   [ RunTime:0.0004s ]
SQL: SELECT `title` FROM `btchanges_coin` WHERE `name` = 'eos' LIMIT 1   [ RunTime:0.0005s ]
SQL: SELECT `imgapp` FROM `btchanges_coin` WHERE `name` = 'eos' LIMIT 1   [ RunTime:0.0006s ]
SQL: SELECT `rate` FROM `btchanges_rate` WHERE `id` = 1 LIMIT 1   [ RunTime:0.0004s ]
SQL: SELECT `title` FROM `btchanges_coin` WHERE `name` = 'eth' LIMIT 1   [ RunTime:0.0005s ]
SQL: SELECT `imgapp` FROM `btchanges_coin` WHERE `name` = 'eth' LIMIT 1   [ RunTime:0.0004s ]
SQL: SELECT `rate` FROM `btchanges_rate` WHERE `id` = 1 LIMIT 1   [ RunTime:0.0004s ]
SQL: SELECT `title` FROM `btchanges_coin` WHERE `name` = 'bchabc' LIMIT 1   [ RunTime:0.0004s ]
SQL: SELECT `imgapp` FROM `btchanges_coin` WHERE `name` = 'bchabc' LIMIT 1   [ RunTime:0.0005s ]
SQL: SELECT `rate` FROM `btchanges_rate` WHERE `id` = 1 LIMIT 1   [ RunTime:0.0004s ]
SQL: SELECT `title` FROM `btchanges_coin` WHERE `name` = 'xrp' LIMIT 1   [ RunTime:0.0005s ]
SQL: SELECT `imgapp` FROM `btchanges_coin` WHERE `name` = 'xrp' LIMIT 1   [ RunTime:0.0005s ]
SQL: SELECT `rate` FROM `btchanges_rate` WHERE `id` = 1 LIMIT 1   [ RunTime:0.0004s ]
SQL: SELECT `title` FROM `btchanges_coin` WHERE `name` = 'etc' LIMIT 1   [ RunTime:0.0005s ]
SQL: SELECT `imgapp` FROM `btchanges_coin` WHERE `name` = 'etc' LIMIT 1   [ RunTime:0.0005s ]
SQL: SELECT `rate` FROM `btchanges_rate` WHERE `id` = 1 LIMIT 1   [ RunTime:0.0004s ]
SQL: SELECT `title` FROM `btchanges_coin` WHERE `name` = 'ltc' LIMIT 1   [ RunTime:0.0005s ]
SQL: SELECT `imgapp` FROM `btchanges_coin` WHERE `name` = 'ltc' LIMIT 1   [ RunTime:0.0005s ]
SQL: SELECT `rate` FROM `btchanges_rate` WHERE `id` = 1 LIMIT 1   [ RunTime:0.0005s ]
SQL: SELECT `title` FROM `btchanges_coin` WHERE `name` = 'qtum' LIMIT 1   [ RunTime:0.0004s ]
SQL: SELECT `imgapp` FROM `btchanges_coin` WHERE `name` = 'qtum' LIMIT 1   [ RunTime:0.0005s ]
SQL: SELECT `rate` FROM `btchanges_rate` WHERE `id` = 1 LIMIT 1   [ RunTime:0.0004s ]
SQL: SELECT `title` FROM `btchanges_coin` WHERE `name` = 'btm' LIMIT 1   [ RunTime:0.0005s ]
SQL: SELECT `imgapp` FROM `btchanges_coin` WHERE `name` = 'btm' LIMIT 1   [ RunTime:0.0004s ]
SQL: SELECT `rate` FROM `btchanges_rate` WHERE `id` = 1 LIMIT 1   [ RunTime:0.0004s ]
SQL: SELECT `title` FROM `btchanges_coin` WHERE `name` = 'bts' LIMIT 1   [ RunTime:0.0005s ]
SQL: SELECT `imgapp` FROM `btchanges_coin` WHERE `name` = 'bts' LIMIT 1   [ RunTime:0.0005s ]
SQL: SELECT `rate` FROM `btchanges_rate` WHERE `id` = 1 LIMIT 1   [ RunTime:0.0004s ]
SQL: SELECT `title` FROM `btchanges_coin` WHERE `name` = 'mana' LIMIT 1   [ RunTime:0.0004s ]
SQL: SELECT `imgapp` FROM `btchanges_coin` WHERE `name` = 'mana' LIMIT 1   [ RunTime:0.0004s ]
SQL: SELECT `rate` FROM `btchanges_rate` WHERE `id` = 1 LIMIT 1   [ RunTime:0.0004s ]
SQL: SELECT `title` FROM `btchanges_coin` WHERE `name` = 'rcn' LIMIT 1   [ RunTime:0.0005s ]
SQL: SELECT `imgapp` FROM `btchanges_coin` WHERE `name` = 'rcn' LIMIT 1   [ RunTime:0.0005s ]
SQL: SELECT `rate` FROM `btchanges_rate` WHERE `id` = 1 LIMIT 1   [ RunTime:0.0004s ]
SQL: SELECT `title` FROM `btchanges_coin` WHERE `name` = 'eosdac' LIMIT 1   [ RunTime:0.0005s ]
SQL: SELECT `imgapp` FROM `btchanges_coin` WHERE `name` = 'eosdac' LIMIT 1   [ RunTime:0.0004s ]
SQL: SELECT `rate` FROM `btchanges_rate` WHERE `id` = 1 LIMIT 1   [ RunTime:0.0004s ]
SQL: SELECT `title` FROM `btchanges_coin` WHERE `name` = 'bcx' LIMIT 1   [ RunTime:0.0005s ]
SQL: SELECT `imgapp` FROM `btchanges_coin` WHERE `name` = 'bcx' LIMIT 1   [ RunTime:0.0004s ]
SQL: SELECT `rate` FROM `btchanges_rate` WHERE `id` = 1 LIMIT 1   [ RunTime:0.0004s ]
SQL: SELECT `title` FROM `btchanges_coin` WHERE `name` = 'pass' LIMIT 1   [ RunTime:0.0006s ]
SQL: SELECT `imgapp` FROM `btchanges_coin` WHERE `name` = 'pass' LIMIT 1   [ RunTime:0.0005s ]
SQL: SELECT `rate` FROM `btchanges_rate` WHERE `id` = 1 LIMIT 1   [ RunTime:0.0006s ]
SQL: SELECT `title` FROM `btchanges_coin` WHERE `name` = 'doge' LIMIT 1   [ RunTime:0.0004s ]
SQL: SELECT `imgapp` FROM `btchanges_coin` WHERE `name` = 'doge' LIMIT 1   [ RunTime:0.0005s ]
SQL: SELECT `rate` FROM `btchanges_rate` WHERE `id` = 1 LIMIT 1   [ RunTime:0.0004s ]
SQL: SELECT `title` FROM `btchanges_coin` WHERE `name` = 'hc' LIMIT 1   [ RunTime:0.0004s ]
SQL: SELECT `imgapp` FROM `btchanges_coin` WHERE `name` = 'hc' LIMIT 1   [ RunTime:0.0004s ]
SQL: SELECT `rate` FROM `btchanges_rate` WHERE `id` = 1 LIMIT 1   [ RunTime:0.0004s ]
SQL: SELECT `title` FROM `btchanges_coin` WHERE `name` = 'zrx' LIMIT 1   [ RunTime:0.0004s ]
SQL: SELECT `imgapp` FROM `btchanges_coin` WHERE `name` = 'zrx' LIMIT 1   [ RunTime:0.0004s ]
SQL: SELECT `rate` FROM `btchanges_rate` WHERE `id` = 1 LIMIT 1   [ RunTime:0.0004s ]
SQL: SELECT `title` FROM `btchanges_coin` WHERE `name` = 'bchsv' LIMIT 1   [ RunTime:0.0005s ]
SQL: SELECT `imgapp` FROM `btchanges_coin` WHERE `name` = 'bchsv' LIMIT 1   [ RunTime:0.0010s ]
SQL: SELECT `rate` FROM `btchanges_rate` WHERE `id` = 1 LIMIT 1   [ RunTime:0.0004s ]
SQL: SELECT `title` FROM `btchanges_coin` WHERE `name` = 'yhet' LIMIT 1   [ RunTime:0.0005s ]
SQL: SELECT `imgapp` FROM `btchanges_coin` WHERE `name` = 'yhet' LIMIT 1   [ RunTime:0.0004s ]
SQL: SELECT `rate` FROM `btchanges_rate` WHERE `id` = 1 LIMIT 1   [ RunTime:0.0004s ]

[ 2019-07-11T16:18:17+08:00 ] 223.114.116.189 /Papi/Trade/getDepth?jmcode=6130463E4B09E6F2F8B29673104CD70EBAFADEEE33B1D248EF80208C0567E0DB
INFO: [ app_init ] --START--
INFO: Run Behavior\BuildLiteBehavior [ RunTime:0.000010s ]
INFO: [ app_init ] --END-- [ RunTime:0.000083s ]
INFO: [ app_begin ] --START--
INFO: Run Behavior\ReadHtmlCacheBehavior [ RunTime:0.000052s ]
INFO: [ app_begin ] --END-- [ RunTime:0.000079s ]
SQL: SHOW COLUMNS FROM `btchanges_market` [ RunTime:0.0011s ]
SQL: SELECT * FROM `btchanges_market` WHERE `name` = 'eth_usdt' LIMIT 1   [ RunTime:0.0008s ]
SQL: SHOW COLUMNS FROM `btchanges_rate` [ RunTime:0.0006s ]
SQL: SELECT `rate` FROM `btchanges_rate` WHERE `id` = 1 LIMIT 1   [ RunTime:0.0005s ]

[ 2019-07-11T16:18:17+08:00 ] 223.114.116.189 /Papi/Share/current_assets?jmcode=6130463E4B09E6F2F8B29673104CD70E7F5CDB7E99EBF88D41D73A178DB40275AEBBCB89723B7D0C2B6AADC3289E3545
INFO: [ app_init ] --START--
INFO: Run Behavior\BuildLiteBehavior [ RunTime:0.000009s ]
INFO: [ app_init ] --END-- [ RunTime:0.000073s ]
INFO: [ app_begin ] --START--
INFO: Run Behavior\ReadHtmlCacheBehavior [ RunTime:0.000048s ]
INFO: [ app_begin ] --END-- [ RunTime:0.000071s ]
SQL: SHOW COLUMNS FROM `btchanges_user` [ RunTime:0.0009s ]
SQL: SELECT * FROM `btchanges_user` WHERE `id` = 124 LIMIT 1   [ RunTime:0.0006s ]
SQL: SHOW COLUMNS FROM `btchanges_user_coin` [ RunTime:0.0017s ]
SQL: SELECT * FROM `btchanges_user_coin` WHERE `userid` = 124 LIMIT 1   [ RunTime:0.0008s ]
SQL: SHOW COLUMNS FROM `btchanges_user_coin` [ RunTime:0.0016s ]
SQL: SELECT * FROM `btchanges_user_coin` WHERE `userid` = 124 LIMIT 1   [ RunTime:0.0008s ]
SQL: SHOW COLUMNS FROM `btchanges_coin` [ RunTime:0.0008s ]
SQL: SELECT `name` FROM `btchanges_coin` WHERE `status` = 1  [ RunTime:0.0005s ]
SQL: SHOW COLUMNS FROM `btchanges_market` [ RunTime:0.0008s ]
SQL: SELECT `new_price` FROM `btchanges_market` WHERE `name` = 'bys_usdt' LIMIT 1   [ RunTime:0.0004s ]
SQL: SELECT `new_price` FROM `btchanges_market` WHERE `name` = 'btc_usdt' LIMIT 1   [ RunTime:0.0004s ]
SQL: SELECT `new_price` FROM `btchanges_market` WHERE `name` = 'eos_usdt' LIMIT 1   [ RunTime:0.0004s ]
SQL: SELECT `new_price` FROM `btchanges_market` WHERE `name` = 'eth_usdt' LIMIT 1   [ RunTime:0.0004s ]
SQL: SELECT `new_price` FROM `btchanges_market` WHERE `name` = 'bchabc_usdt' LIMIT 1   [ RunTime:0.0004s ]
SQL: SELECT `new_price` FROM `btchanges_market` WHERE `name` = 'xrp_usdt' LIMIT 1   [ RunTime:0.0004s ]
SQL: SELECT `new_price` FROM `btchanges_market` WHERE `name` = 'etc_usdt' LIMIT 1   [ RunTime:0.0004s ]
SQL: SELECT `new_price` FROM `btchanges_market` WHERE `name` = 'ltc_usdt' LIMIT 1   [ RunTime:0.0004s ]
SQL: SELECT `new_price` FROM `btchanges_market` WHERE `name` = 'qtum_usdt' LIMIT 1   [ RunTime:0.0004s ]
SQL: SELECT `new_price` FROM `btchanges_market` WHERE `name` = 'btm_usdt' LIMIT 1   [ RunTime:0.0005s ]
SQL: SELECT `new_price` FROM `btchanges_market` WHERE `name` = 'bts_usdt' LIMIT 1   [ RunTime:0.0004s ]
SQL: SELECT `new_price` FROM `btchanges_market` WHERE `name` = 'mana_usdt' LIMIT 1   [ RunTime:0.0004s ]
SQL: SELECT `new_price` FROM `btchanges_market` WHERE `name` = 'rcn_usdt' LIMIT 1   [ RunTime:0.0004s ]
SQL: SELECT `new_price` FROM `btchanges_market` WHERE `name` = 'eosdac_usdt' LIMIT 1   [ RunTime:0.0004s ]
SQL: SELECT `new_price` FROM `btchanges_market` WHERE `name` = 'bcx_usdt' LIMIT 1   [ RunTime:0.0004s ]
SQL: SELECT `new_price` FROM `btchanges_market` WHERE `name` = 'pass_usdt' LIMIT 1   [ RunTime:0.0004s ]
SQL: SELECT `new_price` FROM `btchanges_market` WHERE `name` = 'doge_usdt' LIMIT 1   [ RunTime:0.0004s ]
SQL: SELECT `new_price` FROM `btchanges_market` WHERE `name` = 'hc_usdt' LIMIT 1   [ RunTime:0.0005s ]
SQL: SELECT `new_price` FROM `btchanges_market` WHERE `name` = 'zrx_usdt' LIMIT 1   [ RunTime:0.0004s ]
SQL: SELECT `new_price` FROM `btchanges_market` WHERE `name` = 'bchsv_usdt' LIMIT 1   [ RunTime:0.0005s ]
SQL: SELECT `new_price` FROM `btchanges_market` WHERE `name` = 'yhet_usdt' LIMIT 1   [ RunTime:0.0005s ]
SQL: SHOW COLUMNS FROM `btchanges_rate` [ RunTime:0.0006s ]
SQL: SELECT `rate` FROM `btchanges_rate` WHERE `id` = 1 LIMIT 1   [ RunTime:0.0004s ]

[ 2019-07-11T16:18:17+08:00 ] 223.114.116.189 /Papi/Share/current_assets?jmcode=6130463E4B09E6F2F8B29673104CD70E7F5CDB7E99EBF88D41D73A178DB40275AEBBCB89723B7D0C2B6AADC3289E3545
INFO: [ app_init ] --START--
INFO: Run Behavior\BuildLiteBehavior [ RunTime:0.000009s ]
INFO: [ app_init ] --END-- [ RunTime:0.000068s ]
INFO: [ app_begin ] --START--
INFO: Run Behavior\ReadHtmlCacheBehavior [ RunTime:0.000045s ]
INFO: [ app_begin ] --END-- [ RunTime:0.000068s ]
SQL: SHOW COLUMNS FROM `btchanges_user` [ RunTime:0.0007s ]
SQL: SELECT * FROM `btchanges_user` WHERE `id` = 124 LIMIT 1   [ RunTime:0.0005s ]
SQL: SHOW COLUMNS FROM `btchanges_user_coin` [ RunTime:0.0016s ]
SQL: SELECT * FROM `btchanges_user_coin` WHERE `userid` = 124 LIMIT 1   [ RunTime:0.0011s ]
SQL: SHOW COLUMNS FROM `btchanges_user_coin` [ RunTime:0.0019s ]
SQL: SELECT * FROM `btchanges_user_coin` WHERE `userid` = 124 LIMIT 1   [ RunTime:0.0009s ]
SQL: SHOW COLUMNS FROM `btchanges_coin` [ RunTime:0.0008s ]
SQL: SELECT `name` FROM `btchanges_coin` WHERE `status` = 1  [ RunTime:0.0005s ]
SQL: SHOW COLUMNS FROM `btchanges_market` [ RunTime:0.0007s ]
SQL: SELECT `new_price` FROM `btchanges_market` WHERE `name` = 'bys_usdt' LIMIT 1   [ RunTime:0.0005s ]
SQL: SELECT `new_price` FROM `btchanges_market` WHERE `name` = 'btc_usdt' LIMIT 1   [ RunTime:0.0004s ]
SQL: SELECT `new_price` FROM `btchanges_market` WHERE `name` = 'eos_usdt' LIMIT 1   [ RunTime:0.0004s ]
SQL: SELECT `new_price` FROM `btchanges_market` WHERE `name` = 'eth_usdt' LIMIT 1   [ RunTime:0.0004s ]
SQL: SELECT `new_price` FROM `btchanges_market` WHERE `name` = 'bchabc_usdt' LIMIT 1   [ RunTime:0.0004s ]
SQL: SELECT `new_price` FROM `btchanges_market` WHERE `name` = 'xrp_usdt' LIMIT 1   [ RunTime:0.0004s ]
SQL: SELECT `new_price` FROM `btchanges_market` WHERE `name` = 'etc_usdt' LIMIT 1   [ RunTime:0.0004s ]
SQL: SELECT `new_price` FROM `btchanges_market` WHERE `name` = 'ltc_usdt' LIMIT 1   [ RunTime:0.0004s ]
SQL: SELECT `new_price` FROM `btchanges_market` WHERE `name` = 'qtum_usdt' LIMIT 1   [ RunTime:0.0004s ]
SQL: SELECT `new_price` FROM `btchanges_market` WHERE `name` = 'btm_usdt' LIMIT 1   [ RunTime:0.0004s ]
SQL: SELECT `new_price` FROM `btchanges_market` WHERE `name` = 'bts_usdt' LIMIT 1   [ RunTime:0.0004s ]
SQL: SELECT `new_price` FROM `btchanges_market` WHERE `name` = 'mana_usdt' LIMIT 1   [ RunTime:0.0004s ]
SQL: SELECT `new_price` FROM `btchanges_market` WHERE `name` = 'rcn_usdt' LIMIT 1   [ RunTime:0.0004s ]
SQL: SELECT `new_price` FROM `btchanges_market` WHERE `name` = 'eosdac_usdt' LIMIT 1   [ RunTime:0.0004s ]
SQL: SELECT `new_price` FROM `btchanges_market` WHERE `name` = 'bcx_usdt' LIMIT 1   [ RunTime:0.0004s ]
SQL: SELECT `new_price` FROM `btchanges_market` WHERE `name` = 'pass_usdt' LIMIT 1   [ RunTime:0.0004s ]
SQL: SELECT `new_price` FROM `btchanges_market` WHERE `name` = 'doge_usdt' LIMIT 1   [ RunTime:0.0004s ]
SQL: SELECT `new_price` FROM `btchanges_market` WHERE `name` = 'hc_usdt' LIMIT 1   [ RunTime:0.0004s ]
SQL: SELECT `new_price` FROM `btchanges_market` WHERE `name` = 'zrx_usdt' LIMIT 1   [ RunTime:0.0004s ]
SQL: SELECT `new_price` FROM `btchanges_market` WHERE `name` = 'bchsv_usdt' LIMIT 1   [ RunTime:0.0004s ]
SQL: SELECT `new_price` FROM `btchanges_market` WHERE `name` = 'yhet_usdt' LIMIT 1   [ RunTime:0.0004s ]
SQL: SHOW COLUMNS FROM `btchanges_rate` [ RunTime:0.0006s ]
SQL: SELECT `rate` FROM `btchanges_rate` WHERE `id` = 1 LIMIT 1   [ RunTime:0.0005s ]

[ 2019-07-11T16:18:17+08:00 ] 223.114.116.189 /Papi/Market/allcoin
INFO: [ app_init ] --START--
INFO: Run Behavior\BuildLiteBehavior [ RunTime:0.000009s ]
INFO: [ app_init ] --END-- [ RunTime:0.000076s ]
INFO: [ app_begin ] --START--
INFO: Run Behavior\ReadHtmlCacheBehavior [ RunTime:0.000040s ]
INFO: [ app_begin ] --END-- [ RunTime:0.000063s ]
SQL: SHOW COLUMNS FROM `btchanges_market` [ RunTime:0.0011s ]
SQL: SELECT * FROM `btchanges_market` WHERE `status` = 1  [ RunTime:0.0010s ]
SQL: SHOW COLUMNS FROM `btchanges_coin` [ RunTime:0.0008s ]
SQL: SHOW COLUMNS FROM `btchanges_coin` [ RunTime:0.0008s ]
SQL: SELECT `title` FROM `btchanges_coin` WHERE `name` = 'bys' LIMIT 1   [ RunTime:0.0005s ]
SQL: SELECT `imgapp` FROM `btchanges_coin` WHERE `name` = 'bys' LIMIT 1   [ RunTime:0.0004s ]
SQL: SHOW COLUMNS FROM `btchanges_rate` [ RunTime:0.0005s ]
SQL: SELECT `rate` FROM `btchanges_rate` WHERE `id` = 1 LIMIT 1   [ RunTime:0.0004s ]
SQL: SHOW COLUMNS FROM `btchanges_market` [ RunTime:0.0007s ]
SQL: SELECT `title` FROM `btchanges_coin` WHERE `name` = 'btc' LIMIT 1   [ RunTime:0.0004s ]
SQL: SELECT `imgapp` FROM `btchanges_coin` WHERE `name` = 'btc' LIMIT 1   [ RunTime:0.0004s ]
SQL: SELECT `rate` FROM `btchanges_rate` WHERE `id` = 1 LIMIT 1   [ RunTime:0.0004s ]
SQL: SELECT `title` FROM `btchanges_coin` WHERE `name` = 'eos' LIMIT 1   [ RunTime:0.0004s ]
SQL: SELECT `imgapp` FROM `btchanges_coin` WHERE `name` = 'eos' LIMIT 1   [ RunTime:0.0004s ]
SQL: SELECT `rate` FROM `btchanges_rate` WHERE `id` = 1 LIMIT 1   [ RunTime:0.0004s ]
SQL: SELECT `title` FROM `btchanges_coin` WHERE `name` = 'eth' LIMIT 1   [ RunTime:0.0005s ]
SQL: SELECT `imgapp` FROM `btchanges_coin` WHERE `name` = 'eth' LIMIT 1   [ RunTime:0.0005s ]
SQL: SELECT `rate` FROM `btchanges_rate` WHERE `id` = 1 LIMIT 1   [ RunTime:0.0005s ]
SQL: SELECT `title` FROM `btchanges_coin` WHERE `name` = 'bchabc' LIMIT 1   [ RunTime:0.0005s ]
SQL: SELECT `imgapp` FROM `btchanges_coin` WHERE `name` = 'bchabc' LIMIT 1   [ RunTime:0.0004s ]
SQL: SELECT `rate` FROM `btchanges_rate` WHERE `id` = 1 LIMIT 1   [ RunTime:0.0004s ]
SQL: SELECT `title` FROM `btchanges_coin` WHERE `name` = 'xrp' LIMIT 1   [ RunTime:0.0004s ]
SQL: SELECT `imgapp` FROM `btchanges_coin` WHERE `name` = 'xrp' LIMIT 1   [ RunTime:0.0004s ]
SQL: SELECT `rate` FROM `btchanges_rate` WHERE `id` = 1 LIMIT 1   [ RunTime:0.0004s ]
SQL: SELECT `title` FROM `btchanges_coin` WHERE `name` = 'etc' LIMIT 1   [ RunTime:0.0005s ]
SQL: SELECT `imgapp` FROM `btchanges_coin` WHERE `name` = 'etc' LIMIT 1   [ RunTime:0.0005s ]
SQL: SELECT `rate` FROM `btchanges_rate` WHERE `id` = 1 LIMIT 1   [ RunTime:0.0004s ]
SQL: SELECT `title` FROM `btchanges_coin` WHERE `name` = 'ltc' LIMIT 1   [ RunTime:0.0004s ]
SQL: SELECT `imgapp` FROM `btchanges_coin` WHERE `name` = 'ltc' LIMIT 1   [ RunTime:0.0004s ]
SQL: SELECT `rate` FROM `btchanges_rate` WHERE `id` = 1 LIMIT 1   [ RunTime:0.0004s ]
SQL: SELECT `title` FROM `btchanges_coin` WHERE `name` = 'qtum' LIMIT 1   [ RunTime:0.0005s ]
SQL: SELECT `imgapp` FROM `btchanges_coin` WHERE `name` = 'qtum' LIMIT 1   [ RunTime:0.0005s ]
SQL: SELECT `rate` FROM `btchanges_rate` WHERE `id` = 1 LIMIT 1   [ RunTime:0.0004s ]
SQL: SELECT `title` FROM `btchanges_coin` WHERE `name` = 'btm' LIMIT 1   [ RunTime:0.0004s ]
SQL: SELECT `imgapp` FROM `btchanges_coin` WHERE `name` = 'btm' LIMIT 1   [ RunTime:0.0004s ]
SQL: SELECT `rate` FROM `btchanges_rate` WHERE `id` = 1 LIMIT 1   [ RunTime:0.0004s ]
SQL: SELECT `title` FROM `btchanges_coin` WHERE `name` = 'bts' LIMIT 1   [ RunTime:0.0004s ]
SQL: SELECT `imgapp` FROM `btchanges_coin` WHERE `name` = 'bts' LIMIT 1   [ RunTime:0.0004s ]
SQL: SELECT `rate` FROM `btchanges_rate` WHERE `id` = 1 LIMIT 1   [ RunTime:0.0004s ]
SQL: SELECT `title` FROM `btchanges_coin` WHERE `name` = 'mana' LIMIT 1   [ RunTime:0.0005s ]
SQL: SELECT `imgapp` FROM `btchanges_coin` WHERE `name` = 'mana' LIMIT 1   [ RunTime:0.0004s ]
SQL: SELECT `rate` FROM `btchanges_rate` WHERE `id` = 1 LIMIT 1   [ RunTime:0.0004s ]
SQL: SELECT `title` FROM `btchanges_coin` WHERE `name` = 'rcn' LIMIT 1   [ RunTime:0.0005s ]
SQL: SELECT `imgapp` FROM `btchanges_coin` WHERE `name` = 'rcn' LIMIT 1   [ RunTime:0.0005s ]
SQL: SELECT `rate` FROM `btchanges_rate` WHERE `id` = 1 LIMIT 1   [ RunTime:0.0004s ]
SQL: SELECT `title` FROM `btchanges_coin` WHERE `name` = 'eosdac' LIMIT 1   [ RunTime:0.0005s ]
SQL: SELECT `imgapp` FROM `btchanges_coin` WHERE `name` = 'eosdac' LIMIT 1   [ RunTime:0.0004s ]
SQL: SELECT `rate` FROM `btchanges_rate` WHERE `id` = 1 LIMIT 1   [ RunTime:0.0004s ]
SQL: SELECT `title` FROM `btchanges_coin` WHERE `name` = 'bcx' LIMIT 1   [ RunTime:0.0007s ]
SQL: SELECT `imgapp` FROM `btchanges_coin` WHERE `name` = 'bcx' LIMIT 1   [ RunTime:0.0006s ]
SQL: SELECT `rate` FROM `btchanges_rate` WHERE `id` = 1 LIMIT 1   [ RunTime:0.0004s ]
SQL: SELECT `title` FROM `btchanges_coin` WHERE `name` = 'pass' LIMIT 1   [ RunTime:0.0005s ]
SQL: SELECT `imgapp` FROM `btchanges_coin` WHERE `name` = 'pass' LIMIT 1   [ RunTime:0.0007s ]
SQL: SELECT `rate` FROM `btchanges_rate` WHERE `id` = 1 LIMIT 1   [ RunTime:0.0004s ]
SQL: SELECT `title` FROM `btchanges_coin` WHERE `name` = 'doge' LIMIT 1   [ RunTime:0.0005s ]
SQL: SELECT `imgapp` FROM `btchanges_coin` WHERE `name` = 'doge' LIMIT 1   [ RunTime:0.0005s ]
SQL: SELECT `rate` FROM `btchanges_rate` WHERE `id` = 1 LIMIT 1   [ RunTime:0.0004s ]
SQL: SELECT `title` FROM `btchanges_coin` WHERE `name` = 'hc' LIMIT 1   [ RunTime:0.0005s ]
SQL: SELECT `imgapp` FROM `btchanges_coin` WHERE `name` = 'hc' LIMIT 1   [ RunTime:0.0005s ]
SQL: SELECT `rate` FROM `btchanges_rate` WHERE `id` = 1 LIMIT 1   [ RunTime:0.0005s ]
SQL: SELECT `title` FROM `btchanges_coin` WHERE `name` = 'zrx' LIMIT 1   [ RunTime:0.0005s ]
SQL: SELECT `imgapp` FROM `btchanges_coin` WHERE `name` = 'zrx' LIMIT 1   [ RunTime:0.0004s ]
SQL: SELECT `rate` FROM `btchanges_rate` WHERE `id` = 1 LIMIT 1   [ RunTime:0.0004s ]
SQL: SELECT `title` FROM `btchanges_coin` WHERE `name` = 'bchsv' LIMIT 1   [ RunTime:0.0005s ]
SQL: SELECT `imgapp` FROM `btchanges_coin` WHERE `name` = 'bchsv' LIMIT 1   [ RunTime:0.0004s ]
SQL: SELECT `rate` FROM `btchanges_rate` WHERE `id` = 1 LIMIT 1   [ RunTime:0.0004s ]
SQL: SELECT `title` FROM `btchanges_coin` WHERE `name` = 'yhet' LIMIT 1   [ RunTime:0.0004s ]
SQL: SELECT `imgapp` FROM `btchanges_coin` WHERE `name` = 'yhet' LIMIT 1   [ RunTime:0.0004s ]
SQL: SELECT `rate` FROM `btchanges_rate` WHERE `id` = 1 LIMIT 1   [ RunTime:0.0005s ]

[ 2019-07-11T16:18:17+08:00 ] 223.114.116.189 /Papi/Share/current_assets?jmcode=6130463E4B09E6F2F8B29673104CD70E7F5CDB7E99EBF88D41D73A178DB40275AEBBCB89723B7D0C2B6AADC3289E3545
INFO: [ app_init ] --START--
INFO: Run Behavior\BuildLiteBehavior [ RunTime:0.000010s ]
INFO: [ app_init ] --END-- [ RunTime:0.000081s ]
INFO: [ app_begin ] --START--
INFO: Run Behavior\ReadHtmlCacheBehavior [ RunTime:0.000044s ]
INFO: [ app_begin ] --END-- [ RunTime:0.000067s ]
SQL: SHOW COLUMNS FROM `btchanges_user` [ RunTime:0.0008s ]
SQL: SELECT * FROM `btchanges_user` WHERE `id` = 124 LIMIT 1   [ RunTime:0.0005s ]
SQL: SHOW COLUMNS FROM `btchanges_user_coin` [ RunTime:0.0018s ]
SQL: SELECT * FROM `btchanges_user_coin` WHERE `userid` = 124 LIMIT 1   [ RunTime:0.0011s ]
SQL: SHOW COLUMNS FROM `btchanges_user_coin` [ RunTime:0.0017s ]
SQL: SELECT * FROM `btchanges_user_coin` WHERE `userid` = 124 LIMIT 1   [ RunTime:0.0009s ]
SQL: SHOW COLUMNS FROM `btchanges_coin` [ RunTime:0.0007s ]
SQL: SELECT `name` FROM `btchanges_coin` WHERE `status` = 1  [ RunTime:0.0005s ]
SQL: SHOW COLUMNS FROM `btchanges_market` [ RunTime:0.0007s ]
SQL: SELECT `new_price` FROM `btchanges_market` WHERE `name` = 'bys_usdt' LIMIT 1   [ RunTime:0.0004s ]
SQL: SELECT `new_price` FROM `btchanges_market` WHERE `name` = 'btc_usdt' LIMIT 1   [ RunTime:0.0004s ]
SQL: SELECT `new_price` FROM `btchanges_market` WHERE `name` = 'eos_usdt' LIMIT 1   [ RunTime:0.0004s ]
SQL: SELECT `new_price` FROM `btchanges_market` WHERE `name` = 'eth_usdt' LIMIT 1   [ RunTime:0.0004s ]
SQL: SELECT `new_price` FROM `btchanges_market` WHERE `name` = 'bchabc_usdt' LIMIT 1   [ RunTime:0.0005s ]
SQL: SELECT `new_price` FROM `btchanges_market` WHERE `name` = 'xrp_usdt' LIMIT 1   [ RunTime:0.0004s ]
SQL: SELECT `new_price` FROM `btchanges_market` WHERE `name` = 'etc_usdt' LIMIT 1   [ RunTime:0.0004s ]
SQL: SELECT `new_price` FROM `btchanges_market` WHERE `name` = 'ltc_usdt' LIMIT 1   [ RunTime:0.0005s ]
SQL: SELECT `new_price` FROM `btchanges_market` WHERE `name` = 'qtum_usdt' LIMIT 1   [ RunTime:0.0031s ]
SQL: SELECT `new_price` FROM `btchanges_market` WHERE `name` = 'btm_usdt' LIMIT 1   [ RunTime:0.0004s ]
SQL: SELECT `new_price` FROM `btchanges_market` WHERE `name` = 'bts_usdt' LIMIT 1   [ RunTime:0.0005s ]
SQL: SELECT `new_price` FROM `btchanges_market` WHERE `name` = 'mana_usdt' LIMIT 1   [ RunTime:0.0004s ]
SQL: SELECT `new_price` FROM `btchanges_market` WHERE `name` = 'rcn_usdt' LIMIT 1   [ RunTime:0.0004s ]
SQL: SELECT `new_price` FROM `btchanges_market` WHERE `name` = 'eosdac_usdt' LIMIT 1   [ RunTime:0.0004s ]
SQL: SELECT `new_price` FROM `btchanges_market` WHERE `name` = 'bcx_usdt' LIMIT 1   [ RunTime:0.0004s ]
SQL: SELECT `new_price` FROM `btchanges_market` WHERE `name` = 'pass_usdt' LIMIT 1   [ RunTime:0.0004s ]
SQL: SELECT `new_price` FROM `btchanges_market` WHERE `name` = 'doge_usdt' LIMIT 1   [ RunTime:0.0004s ]
SQL: SELECT `new_price` FROM `btchanges_market` WHERE `name` = 'hc_usdt' LIMIT 1   [ RunTime:0.0004s ]
SQL: SELECT `new_price` FROM `btchanges_market` WHERE `name` = 'zrx_usdt' LIMIT 1   [ RunTime:0.0004s ]
SQL: SELECT `new_price` FROM `btchanges_market` WHERE `name` = 'bchsv_usdt' LIMIT 1   [ RunTime:0.0004s ]
SQL: SELECT `new_price` FROM `btchanges_market` WHERE `name` = 'yhet_usdt' LIMIT 1   [ RunTime:0.0004s ]
SQL: SHOW COLUMNS FROM `btchanges_rate` [ RunTime:0.0006s ]
SQL: SELECT `rate` FROM `btchanges_rate` WHERE `id` = 1 LIMIT 1   [ RunTime:0.0004s ]

[ 2019-07-11T16:18:17+08:00 ] 223.114.116.189 /Papi/Trade/myEntrust?jmcode=7A0B5CCC626BAA631E10755DC62F06A64E85F6A62874EBFB9CA5BEE8F1D8CF698EDEAB1F51D71B333C8DBAC54D4C3D79ADCEB6F1C22548E115E02EF2B99FF05F9416F5BDF15F23C5D43EC22C09407F86
INFO: [ app_init ] --START--
INFO: Run Behavior\BuildLiteBehavior [ RunTime:0.000010s ]
INFO: [ app_init ] --END-- [ RunTime:0.000075s ]
INFO: [ app_begin ] --START--
INFO: Run Behavior\ReadHtmlCacheBehavior [ RunTime:0.000045s ]
INFO: [ app_begin ] --END-- [ RunTime:0.000070s ]
NOTIC: [8] Undefined index: order /www/wwwroot/bnb/Application/Papi/Controller/TradeController.class.php 第 123 行.
SQL: SHOW COLUMNS FROM `btchanges_trade` [ RunTime:0.0008s ]
SQL: SELECT * FROM `btchanges_trade` WHERE `userid` = 124 AND `status` = 0 ORDER BY addtime desc LIMIT 0,15   [ RunTime:0.0006s ]
SQL: SHOW COLUMNS FROM `btchanges_market` [ RunTime:0.0007s ]
SQL: SELECT * FROM `btchanges_market` WHERE `name` = 'eth_usdt' LIMIT 1   [ RunTime:0.0006s ]

[ 2019-07-11T16:18:17+08:00 ] 223.114.116.189 /Papi/Trade/myEntrust?jmcode=D71890F2F8F0418B073749718CABF158AF72AAFC1542297D49E5C7F5A182F2514614F9099B6876017AEE03C107B03352FF0C0B5F39B0DCF32161CC19EB9DF8DB72140489EEA7C588AD7827507B772C18
INFO: [ app_init ] --START--
INFO: Run Behavior\BuildLiteBehavior [ RunTime:0.000009s ]
INFO: [ app_init ] --END-- [ RunTime:0.000077s ]
INFO: [ app_begin ] --START--
INFO: Run Behavior\ReadHtmlCacheBehavior [ RunTime:0.000044s ]
INFO: [ app_begin ] --END-- [ RunTime:0.000067s ]
NOTIC: [8] Undefined index: order /www/wwwroot/bnb/Application/Papi/Controller/TradeController.class.php 第 123 行.
SQL: SHOW COLUMNS FROM `btchanges_trade` [ RunTime:0.0007s ]
SQL: SELECT * FROM `btchanges_trade` WHERE `userid` = 124 AND `market` = 'eth_usdt' AND `status` = 0 ORDER BY addtime desc LIMIT 0,15   [ RunTime:0.0006s ]
SQL: SHOW COLUMNS FROM `btchanges_market` [ RunTime:0.0007s ]
SQL: SELECT * FROM `btchanges_market` WHERE `name` = 'eth_usdt' LIMIT 1   [ RunTime:0.0006s ]

[ 2019-07-11T16:18:17+08:00 ] 223.114.116.189 /Papi/Trade/myDeal?jmcode=6130463E4B09E6F2F8B29673104CD70E2B3E136C9FCE486E4AFABE2E02C41A54A8CB890EC7885F45A5438177C7F44F9D5D07CC875D1FCF19270C4908DB3CC397
INFO: [ app_init ] --START--
INFO: Run Behavior\BuildLiteBehavior [ RunTime:0.000011s ]
INFO: [ app_init ] --END-- [ RunTime:0.000082s ]
INFO: [ app_begin ] --START--
INFO: Run Behavior\ReadHtmlCacheBehavior [ RunTime:0.000047s ]
INFO: [ app_begin ] --END-- [ RunTime:0.000071s ]
NOTIC: [8] Undefined index: order /www/wwwroot/bnb/Application/Papi/Controller/TradeController.class.php 第 194 行.
SQL: SHOW COLUMNS FROM `btchanges_market` [ RunTime:0.0010s ]
SQL: SELECT * FROM `btchanges_market` WHERE `name` = 'eth_usdt' LIMIT 1   [ RunTime:0.0007s ]
SQL: SHOW COLUMNS FROM `btchanges_trade_log` [ RunTime:0.0006s ]
SQL: SELECT * FROM `btchanges_trade_log` WHERE ( ((userid=124) || (peerid=124)) && market='eth_usdt' ) ORDER BY addtime desc LIMIT 0,15   [ RunTime:0.0040s ]

[ 2019-07-11T16:18:17+08:00 ] 223.114.116.189 /Papi/Trade/myDeal?jmcode=6130463E4B09E6F2F8B29673104CD70E2B3E136C9FCE486E4AFABE2E02C41A54A8CB890EC7885F45A5438177C7F44F9D5D07CC875D1FCF19270C4908DB3CC397
INFO: [ app_init ] --START--
INFO: Run Behavior\BuildLiteBehavior [ RunTime:0.000009s ]
INFO: [ app_init ] --END-- [ RunTime:0.000075s ]
INFO: [ app_begin ] --START--
INFO: Run Behavior\ReadHtmlCacheBehavior [ RunTime:0.000043s ]
INFO: [ app_begin ] --END-- [ RunTime:0.000067s ]
NOTIC: [8] Undefined index: order /www/wwwroot/bnb/Application/Papi/Controller/TradeController.class.php 第 194 行.
SQL: SHOW COLUMNS FROM `btchanges_market` [ RunTime:0.0010s ]
SQL: SELECT * FROM `btchanges_market` WHERE `name` = 'eth_usdt' LIMIT 1   [ RunTime:0.0007s ]
SQL: SHOW COLUMNS FROM `btchanges_trade_log` [ RunTime:0.0006s ]
SQL: SELECT * FROM `btchanges_trade_log` WHERE ( ((userid=124) || (peerid=124)) && market='eth_usdt' ) ORDER BY addtime desc LIMIT 0,15   [ RunTime:0.0020s ]

[ 2019-07-11T16:18:18+08:00 ] 223.114.116.189 /Papi/Market/allcoin
INFO: [ app_init ] --START--
INFO: Run Behavior\BuildLiteBehavior [ RunTime:0.000013s ]
INFO: [ app_init ] --END-- [ RunTime:0.000108s ]
INFO: [ app_begin ] --START--
INFO: Run Behavior\ReadHtmlCacheBehavior [ RunTime:0.000062s ]
INFO: [ app_begin ] --END-- [ RunTime:0.000101s ]
SQL: SHOW COLUMNS FROM `btchanges_market` [ RunTime:0.0011s ]
SQL: SELECT * FROM `btchanges_market` WHERE `status` = 1  [ RunTime:0.0010s ]
SQL: SHOW COLUMNS FROM `btchanges_coin` [ RunTime:0.0008s ]
SQL: SHOW COLUMNS FROM `btchanges_coin` [ RunTime:0.0008s ]
SQL: SELECT `title` FROM `btchanges_coin` WHERE `name` = 'bys' LIMIT 1   [ RunTime:0.0006s ]
SQL: SELECT `imgapp` FROM `btchanges_coin` WHERE `name` = 'bys' LIMIT 1   [ RunTime:0.0004s ]
SQL: SHOW COLUMNS FROM `btchanges_rate` [ RunTime:0.0006s ]
SQL: SELECT `rate` FROM `btchanges_rate` WHERE `id` = 1 LIMIT 1   [ RunTime:0.0004s ]
SQL: SHOW COLUMNS FROM `btchanges_market` [ RunTime:0.0009s ]
SQL: SELECT `title` FROM `btchanges_coin` WHERE `name` = 'btc' LIMIT 1   [ RunTime:0.0005s ]
SQL: SELECT `imgapp` FROM `btchanges_coin` WHERE `name` = 'btc' LIMIT 1   [ RunTime:0.0005s ]
SQL: SELECT `rate` FROM `btchanges_rate` WHERE `id` = 1 LIMIT 1   [ RunTime:0.0004s ]
SQL: SELECT `title` FROM `btchanges_coin` WHERE `name` = 'eos' LIMIT 1   [ RunTime:0.0005s ]
SQL: SELECT `imgapp` FROM `btchanges_coin` WHERE `name` = 'eos' LIMIT 1   [ RunTime:0.0004s ]
SQL: SELECT `rate` FROM `btchanges_rate` WHERE `id` = 1 LIMIT 1   [ RunTime:0.0006s ]
SQL: SELECT `title` FROM `btchanges_coin` WHERE `name` = 'eth' LIMIT 1   [ RunTime:0.0005s ]
SQL: SELECT `imgapp` FROM `btchanges_coin` WHERE `name` = 'eth' LIMIT 1   [ RunTime:0.0005s ]
SQL: SELECT `rate` FROM `btchanges_rate` WHERE `id` = 1 LIMIT 1   [ RunTime:0.0004s ]
SQL: SELECT `title` FROM `btchanges_coin` WHERE `name` = 'bchabc' LIMIT 1   [ RunTime:0.0005s ]
SQL: SELECT `imgapp` FROM `btchanges_coin` WHERE `name` = 'bchabc' LIMIT 1   [ RunTime:0.0004s ]
SQL: SELECT `rate` FROM `btchanges_rate` WHERE `id` = 1 LIMIT 1   [ RunTime:0.0004s ]
SQL: SELECT `title` FROM `btchanges_coin` WHERE `name` = 'xrp' LIMIT 1   [ RunTime:0.0005s ]
SQL: SELECT `imgapp` FROM `btchanges_coin` WHERE `name` = 'xrp' LIMIT 1   [ RunTime:0.0004s ]
SQL: SELECT `rate` FROM `btchanges_rate` WHERE `id` = 1 LIMIT 1   [ RunTime:0.0004s ]
SQL: SELECT `title` FROM `btchanges_coin` WHERE `name` = 'etc' LIMIT 1   [ RunTime:0.0004s ]
SQL: SELECT `imgapp` FROM `btchanges_coin` WHERE `name` = 'etc' LIMIT 1   [ RunTime:0.0004s ]
SQL: SELECT `rate` FROM `btchanges_rate` WHERE `id` = 1 LIMIT 1   [ RunTime:0.0006s ]
SQL: SELECT `title` FROM `btchanges_coin` WHERE `name` = 'ltc' LIMIT 1   [ RunTime:0.0004s ]
SQL: SELECT `imgapp` FROM `btchanges_coin` WHERE `name` = 'ltc' LIMIT 1   [ RunTime:0.0004s ]
SQL: SELECT `rate` FROM `btchanges_rate` WHERE `id` = 1 LIMIT 1   [ RunTime:0.0004s ]
SQL: SELECT `title` FROM `btchanges_coin` WHERE `name` = 'qtum' LIMIT 1   [ RunTime:0.0004s ]
SQL: SELECT `imgapp` FROM `btchanges_coin` WHERE `name` = 'qtum' LIMIT 1   [ RunTime:0.0004s ]
SQL: SELECT `rate` FROM `btchanges_rate` WHERE `id` = 1 LIMIT 1   [ RunTime:0.0004s ]
SQL: SELECT `title` FROM `btchanges_coin` WHERE `name` = 'btm' LIMIT 1   [ RunTime:0.0004s ]
SQL: SELECT `imgapp` FROM `btchanges_coin` WHERE `name` = 'btm' LIMIT 1   [ RunTime:0.0004s ]
SQL: SELECT `rate` FROM `btchanges_rate` WHERE `id` = 1 LIMIT 1   [ RunTime:0.0004s ]
SQL: SELECT `title` FROM `btchanges_coin` WHERE `name` = 'bts' LIMIT 1   [ RunTime:0.0005s ]
SQL: SELECT `imgapp` FROM `btchanges_coin` WHERE `name` = 'bts' LIMIT 1   [ RunTime:0.0004s ]
SQL: SELECT `rate` FROM `btchanges_rate` WHERE `id` = 1 LIMIT 1   [ RunTime:0.0004s ]
SQL: SELECT `title` FROM `btchanges_coin` WHERE `name` = 'mana' LIMIT 1   [ RunTime:0.0005s ]
SQL: SELECT `imgapp` FROM `btchanges_coin` WHERE `name` = 'mana' LIMIT 1   [ RunTime:0.0005s ]
SQL: SELECT `rate` FROM `btchanges_rate` WHERE `id` = 1 LIMIT 1   [ RunTime:0.0004s ]
SQL: SELECT `title` FROM `btchanges_coin` WHERE `name` = 'rcn' LIMIT 1   [ RunTime:0.0004s ]
SQL: SELECT `imgapp` FROM `btchanges_coin` WHERE `name` = 'rcn' LIMIT 1   [ RunTime:0.0004s ]
SQL: SELECT `rate` FROM `btchanges_rate` WHERE `id` = 1 LIMIT 1   [ RunTime:0.0004s ]
SQL: SELECT `title` FROM `btchanges_coin` WHERE `name` = 'eosdac' LIMIT 1   [ RunTime:0.0005s ]
SQL: SELECT `imgapp` FROM `btchanges_coin` WHERE `name` = 'eosdac' LIMIT 1   [ RunTime:0.0005s ]
SQL: SELECT `rate` FROM `btchanges_rate` WHERE `id` = 1 LIMIT 1   [ RunTime:0.0004s ]
SQL: SELECT `title` FROM `btchanges_coin` WHERE `name` = 'bcx' LIMIT 1   [ RunTime:0.0004s ]
SQL: SELECT `imgapp` FROM `btchanges_coin` WHERE `name` = 'bcx' LIMIT 1   [ RunTime:0.0004s ]
SQL: SELECT `rate` FROM `btchanges_rate` WHERE `id` = 1 LIMIT 1   [ RunTime:0.0004s ]
SQL: SELECT `title` FROM `btchanges_coin` WHERE `name` = 'pass' LIMIT 1   [ RunTime:0.0004s ]
SQL: SELECT `imgapp` FROM `btchanges_coin` WHERE `name` = 'pass' LIMIT 1   [ RunTime:0.0005s ]
SQL: SELECT `rate` FROM `btchanges_rate` WHERE `id` = 1 LIMIT 1   [ RunTime:0.0004s ]
SQL: SELECT `title` FROM `btchanges_coin` WHERE `name` = 'doge' LIMIT 1   [ RunTime:0.0004s ]
SQL: SELECT `imgapp` FROM `btchanges_coin` WHERE `name` = 'doge' LIMIT 1   [ RunTime:0.0004s ]
SQL: SELECT `rate` FROM `btchanges_rate` WHERE `id` = 1 LIMIT 1   [ RunTime:0.0004s ]
SQL: SELECT `title` FROM `btchanges_coin` WHERE `name` = 'hc' LIMIT 1   [ RunTime:0.0005s ]
SQL: SELECT `imgapp` FROM `btchanges_coin` WHERE `name` = 'hc' LIMIT 1   [ RunTime:0.0004s ]
SQL: SELECT `rate` FROM `btchanges_rate` WHERE `id` = 1 LIMIT 1   [ RunTime:0.0004s ]
SQL: SELECT `title` FROM `btchanges_coin` WHERE `name` = 'zrx' LIMIT 1   [ RunTime:0.0004s ]
SQL: SELECT `imgapp` FROM `btchanges_coin` WHERE `name` = 'zrx' LIMIT 1   [ RunTime:0.0004s ]
SQL: SELECT `rate` FROM `btchanges_rate` WHERE `id` = 1 LIMIT 1   [ RunTime:0.0004s ]
SQL: SELECT `title` FROM `btchanges_coin` WHERE `name` = 'bchsv' LIMIT 1   [ RunTime:0.0004s ]
SQL: SELECT `imgapp` FROM `btchanges_coin` WHERE `name` = 'bchsv' LIMIT 1   [ RunTime:0.0004s ]
SQL: SELECT `rate` FROM `btchanges_rate` WHERE `id` = 1 LIMIT 1   [ RunTime:0.0004s ]
SQL: SELECT `title` FROM `btchanges_coin` WHERE `name` = 'yhet' LIMIT 1   [ RunTime:0.0004s ]
SQL: SELECT `imgapp` FROM `btchanges_coin` WHERE `name` = 'yhet' LIMIT 1   [ RunTime:0.0004s ]
SQL: SELECT `rate` FROM `btchanges_rate` WHERE `id` = 1 LIMIT 1   [ RunTime:0.0004s ]

[ 2019-07-11T16:18:30+08:00 ] 223.114.116.189 /Papi/Trade/myEntrust?jmcode=D71890F2F8F0418B073749718CABF158AF72AAFC1542297D49E5C7F5A182F2514614F9099B6876017AEE03C107B03352FF0C0B5F39B0DCF32161CC19EB9DF8DB72140489EEA7C588AD7827507B772C18
INFO: [ app_init ] --START--
INFO: Run Behavior\BuildLiteBehavior [ RunTime:0.000011s ]
INFO: [ app_init ] --END-- [ RunTime:0.000104s ]
INFO: [ app_begin ] --START--
INFO: Run Behavior\ReadHtmlCacheBehavior [ RunTime:0.000056s ]
INFO: [ app_begin ] --END-- [ RunTime:0.000087s ]
NOTIC: [8] Undefined index: order /www/wwwroot/bnb/Application/Papi/Controller/TradeController.class.php 第 123 行.
SQL: SHOW COLUMNS FROM `btchanges_trade` [ RunTime:0.0010s ]
SQL: SELECT * FROM `btchanges_trade` WHERE `userid` = 124 AND `market` = 'eth_usdt' AND `status` = 0 ORDER BY addtime desc LIMIT 0,15   [ RunTime:0.0007s ]
SQL: SHOW COLUMNS FROM `btchanges_market` [ RunTime:0.0008s ]
SQL: SELECT * FROM `btchanges_market` WHERE `name` = 'eth_usdt' LIMIT 1   [ RunTime:0.0006s ]

[ 2019-07-11T16:18:30+08:00 ] 223.114.116.189 /Papi/Share/current_assets?jmcode=6130463E4B09E6F2F8B29673104CD70E7F5CDB7E99EBF88D41D73A178DB40275AEBBCB89723B7D0C2B6AADC3289E3545
INFO: [ app_init ] --START--
INFO: Run Behavior\BuildLiteBehavior [ RunTime:0.000011s ]
INFO: [ app_init ] --END-- [ RunTime:0.000096s ]
INFO: [ app_begin ] --START--
INFO: Run Behavior\ReadHtmlCacheBehavior [ RunTime:0.000067s ]
INFO: [ app_begin ] --END-- [ RunTime:0.000106s ]
SQL: SHOW COLUMNS FROM `btchanges_user` [ RunTime:0.0008s ]
SQL: SELECT * FROM `btchanges_user` WHERE `id` = 124 LIMIT 1   [ RunTime:0.0006s ]
SQL: SHOW COLUMNS FROM `btchanges_user_coin` [ RunTime:0.0018s ]
SQL: SELECT * FROM `btchanges_user_coin` WHERE `userid` = 124 LIMIT 1   [ RunTime:0.0018s ]
SQL: SHOW COLUMNS FROM `btchanges_user_coin` [ RunTime:0.0021s ]
SQL: SELECT * FROM `btchanges_user_coin` WHERE `userid` = 124 LIMIT 1   [ RunTime:0.0009s ]
SQL: SHOW COLUMNS FROM `btchanges_coin` [ RunTime:0.0009s ]
SQL: SELECT `name` FROM `btchanges_coin` WHERE `status` = 1  [ RunTime:0.0005s ]
SQL: SHOW COLUMNS FROM `btchanges_market` [ RunTime:0.0007s ]
SQL: SELECT `new_price` FROM `btchanges_market` WHERE `name` = 'bys_usdt' LIMIT 1   [ RunTime:0.0005s ]
SQL: SELECT `new_price` FROM `btchanges_market` WHERE `name` = 'btc_usdt' LIMIT 1   [ RunTime:0.0005s ]
SQL: SELECT `new_price` FROM `btchanges_market` WHERE `name` = 'eos_usdt' LIMIT 1   [ RunTime:0.0004s ]
SQL: SELECT `new_price` FROM `btchanges_market` WHERE `name` = 'eth_usdt' LIMIT 1   [ RunTime:0.0004s ]
SQL: SELECT `new_price` FROM `btchanges_market` WHERE `name` = 'bchabc_usdt' LIMIT 1   [ RunTime:0.0005s ]
SQL: SELECT `new_price` FROM `btchanges_market` WHERE `name` = 'xrp_usdt' LIMIT 1   [ RunTime:0.0004s ]
SQL: SELECT `new_price` FROM `btchanges_market` WHERE `name` = 'etc_usdt' LIMIT 1   [ RunTime:0.0004s ]
SQL: SELECT `new_price` FROM `btchanges_market` WHERE `name` = 'ltc_usdt' LIMIT 1   [ RunTime:0.0004s ]
SQL: SELECT `new_price` FROM `btchanges_market` WHERE `name` = 'qtum_usdt' LIMIT 1   [ RunTime:0.0004s ]
SQL: SELECT `new_price` FROM `btchanges_market` WHERE `name` = 'btm_usdt' LIMIT 1   [ RunTime:0.0004s ]
SQL: SELECT `new_price` FROM `btchanges_market` WHERE `name` = 'bts_usdt' LIMIT 1   [ RunTime:0.0005s ]
SQL: SELECT `new_price` FROM `btchanges_market` WHERE `name` = 'mana_usdt' LIMIT 1   [ RunTime:0.0004s ]
SQL: SELECT `new_price` FROM `btchanges_market` WHERE `name` = 'rcn_usdt' LIMIT 1   [ RunTime:0.0004s ]
SQL: SELECT `new_price` FROM `btchanges_market` WHERE `name` = 'eosdac_usdt' LIMIT 1   [ RunTime:0.0004s ]
SQL: SELECT `new_price` FROM `btchanges_market` WHERE `name` = 'bcx_usdt' LIMIT 1   [ RunTime:0.0005s ]
SQL: SELECT `new_price` FROM `btchanges_market` WHERE `name` = 'pass_usdt' LIMIT 1   [ RunTime:0.0005s ]
SQL: SELECT `new_price` FROM `btchanges_market` WHERE `name` = 'doge_usdt' LIMIT 1   [ RunTime:0.0004s ]
SQL: SELECT `new_price` FROM `btchanges_market` WHERE `name` = 'hc_usdt' LIMIT 1   [ RunTime:0.0005s ]
SQL: SELECT `new_price` FROM `btchanges_market` WHERE `name` = 'zrx_usdt' LIMIT 1   [ RunTime:0.0005s ]
SQL: SELECT `new_price` FROM `btchanges_market` WHERE `name` = 'bchsv_usdt' LIMIT 1   [ RunTime:0.0004s ]
SQL: SELECT `new_price` FROM `btchanges_market` WHERE `name` = 'yhet_usdt' LIMIT 1   [ RunTime:0.0004s ]
SQL: SHOW COLUMNS FROM `btchanges_rate` [ RunTime:0.0007s ]
SQL: SELECT `rate` FROM `btchanges_rate` WHERE `id` = 1 LIMIT 1   [ RunTime:0.0005s ]

[ 2019-07-11T16:18:30+08:00 ] 223.114.116.189 /Papi/Share/current_assets?jmcode=6130463E4B09E6F2F8B29673104CD70E7F5CDB7E99EBF88D41D73A178DB40275AEBBCB89723B7D0C2B6AADC3289E3545
INFO: [ app_init ] --START--
INFO: Run Behavior\BuildLiteBehavior [ RunTime:0.000011s ]
INFO: [ app_init ] --END-- [ RunTime:0.000096s ]
INFO: [ app_begin ] --START--
INFO: Run Behavior\ReadHtmlCacheBehavior [ RunTime:0.000067s ]
INFO: [ app_begin ] --END-- [ RunTime:0.000106s ]
SQL: SHOW COLUMNS FROM `btchanges_user` [ RunTime:0.0013s ]
SQL: SELECT * FROM `btchanges_user` WHERE `id` = 124 LIMIT 1   [ RunTime:0.0005s ]
SQL: SHOW COLUMNS FROM `btchanges_user_coin` [ RunTime:0.0031s ]
SQL: SELECT * FROM `btchanges_user_coin` WHERE `userid` = 124 LIMIT 1   [ RunTime:0.0010s ]
SQL: SHOW COLUMNS FROM `btchanges_user_coin` [ RunTime:0.0022s ]
SQL: SELECT * FROM `btchanges_user_coin` WHERE `userid` = 124 LIMIT 1   [ RunTime:0.0010s ]
SQL: SHOW COLUMNS FROM `btchanges_coin` [ RunTime:0.0008s ]
SQL: SELECT `name` FROM `btchanges_coin` WHERE `status` = 1  [ RunTime:0.0005s ]
SQL: SHOW COLUMNS FROM `btchanges_market` [ RunTime:0.0008s ]
SQL: SELECT `new_price` FROM `btchanges_market` WHERE `name` = 'bys_usdt' LIMIT 1   [ RunTime:0.0005s ]
SQL: SELECT `new_price` FROM `btchanges_market` WHERE `name` = 'btc_usdt' LIMIT 1   [ RunTime:0.0004s ]
SQL: SELECT `new_price` FROM `btchanges_market` WHERE `name` = 'eos_usdt' LIMIT 1   [ RunTime:0.0005s ]
SQL: SELECT `new_price` FROM `btchanges_market` WHERE `name` = 'eth_usdt' LIMIT 1   [ RunTime:0.0005s ]
SQL: SELECT `new_price` FROM `btchanges_market` WHERE `name` = 'bchabc_usdt' LIMIT 1   [ RunTime:0.0005s ]
SQL: SELECT `new_price` FROM `btchanges_market` WHERE `name` = 'xrp_usdt' LIMIT 1   [ RunTime:0.0004s ]
SQL: SELECT `new_price` FROM `btchanges_market` WHERE `name` = 'etc_usdt' LIMIT 1   [ RunTime:0.0004s ]
SQL: SELECT `new_price` FROM `btchanges_market` WHERE `name` = 'ltc_usdt' LIMIT 1   [ RunTime:0.0004s ]
SQL: SELECT `new_price` FROM `btchanges_market` WHERE `name` = 'qtum_usdt' LIMIT 1   [ RunTime:0.0004s ]
SQL: SELECT `new_price` FROM `btchanges_market` WHERE `name` = 'btm_usdt' LIMIT 1   [ RunTime:0.0005s ]
SQL: SELECT `new_price` FROM `btchanges_market` WHERE `name` = 'bts_usdt' LIMIT 1   [ RunTime:0.0004s ]
SQL: SELECT `new_price` FROM `btchanges_market` WHERE `name` = 'mana_usdt' LIMIT 1   [ RunTime:0.0004s ]
SQL: SELECT `new_price` FROM `btchanges_market` WHERE `name` = 'rcn_usdt' LIMIT 1   [ RunTime:0.0004s ]
SQL: SELECT `new_price` FROM `btchanges_market` WHERE `name` = 'eosdac_usdt' LIMIT 1   [ RunTime:0.0004s ]
SQL: SELECT `new_price` FROM `btchanges_market` WHERE `name` = 'bcx_usdt' LIMIT 1   [ RunTime:0.0004s ]
SQL: SELECT `new_price` FROM `btchanges_market` WHERE `name` = 'pass_usdt' LIMIT 1   [ RunTime:0.0005s ]
SQL: SELECT `new_price` FROM `btchanges_market` WHERE `name` = 'doge_usdt' LIMIT 1   [ RunTime:0.0005s ]
SQL: SELECT `new_price` FROM `btchanges_market` WHERE `name` = 'hc_usdt' LIMIT 1   [ RunTime:0.0004s ]
SQL: SELECT `new_price` FROM `btchanges_market` WHERE `name` = 'zrx_usdt' LIMIT 1   [ RunTime:0.0005s ]
SQL: SELECT `new_price` FROM `btchanges_market` WHERE `name` = 'bchsv_usdt' LIMIT 1   [ RunTime:0.0005s ]
SQL: SELECT `new_price` FROM `btchanges_market` WHERE `name` = 'yhet_usdt' LIMIT 1   [ RunTime:0.0004s ]
SQL: SHOW COLUMNS FROM `btchanges_rate` [ RunTime:0.0008s ]
SQL: SELECT `rate` FROM `btchanges_rate` WHERE `id` = 1 LIMIT 1   [ RunTime:0.0004s ]

[ 2019-07-11T16:18:30+08:00 ] 223.114.116.189 /Papi/Market/allcoin
INFO: [ app_init ] --START--
INFO: Run Behavior\BuildLiteBehavior [ RunTime:0.000010s ]
INFO: [ app_init ] --END-- [ RunTime:0.000085s ]
INFO: [ app_begin ] --START--
INFO: Run Behavior\ReadHtmlCacheBehavior [ RunTime:0.000060s ]
INFO: [ app_begin ] --END-- [ RunTime:0.000089s ]
SQL: SHOW COLUMNS FROM `btchanges_market` [ RunTime:0.0030s ]
SQL: SELECT * FROM `btchanges_market` WHERE `status` = 1  [ RunTime:0.0014s ]
SQL: SHOW COLUMNS FROM `btchanges_coin` [ RunTime:0.0010s ]
SQL: SHOW COLUMNS FROM `btchanges_coin` [ RunTime:0.0011s ]
SQL: SELECT `title` FROM `btchanges_coin` WHERE `name` = 'bys' LIMIT 1   [ RunTime:0.0010s ]
SQL: SELECT `imgapp` FROM `btchanges_coin` WHERE `name` = 'bys' LIMIT 1   [ RunTime:0.0015s ]
SQL: SHOW COLUMNS FROM `btchanges_rate` [ RunTime:0.0006s ]
SQL: SELECT `rate` FROM `btchanges_rate` WHERE `id` = 1 LIMIT 1   [ RunTime:0.0006s ]
SQL: SHOW COLUMNS FROM `btchanges_market` [ RunTime:0.0008s ]
SQL: SELECT `title` FROM `btchanges_coin` WHERE `name` = 'btc' LIMIT 1   [ RunTime:0.0005s ]
SQL: SELECT `imgapp` FROM `btchanges_coin` WHERE `name` = 'btc' LIMIT 1   [ RunTime:0.0017s ]
SQL: SELECT `rate` FROM `btchanges_rate` WHERE `id` = 1 LIMIT 1   [ RunTime:0.0004s ]
SQL: SELECT `title` FROM `btchanges_coin` WHERE `name` = 'eos' LIMIT 1   [ RunTime:0.0005s ]
SQL: SELECT `imgapp` FROM `btchanges_coin` WHERE `name` = 'eos' LIMIT 1   [ RunTime:0.0005s ]
SQL: SELECT `rate` FROM `btchanges_rate` WHERE `id` = 1 LIMIT 1   [ RunTime:0.0004s ]
SQL: SELECT `title` FROM `btchanges_coin` WHERE `name` = 'eth' LIMIT 1   [ RunTime:0.0004s ]
SQL: SELECT `imgapp` FROM `btchanges_coin` WHERE `name` = 'eth' LIMIT 1   [ RunTime:0.0004s ]
SQL: SELECT `rate` FROM `btchanges_rate` WHERE `id` = 1 LIMIT 1   [ RunTime:0.0004s ]
SQL: SELECT `title` FROM `btchanges_coin` WHERE `name` = 'bchabc' LIMIT 1   [ RunTime:0.0005s ]
SQL: SELECT `imgapp` FROM `btchanges_coin` WHERE `name` = 'bchabc' LIMIT 1   [ RunTime:0.0005s ]
SQL: SELECT `rate` FROM `btchanges_rate` WHERE `id` = 1 LIMIT 1   [ RunTime:0.0005s ]
SQL: SELECT `title` FROM `btchanges_coin` WHERE `name` = 'xrp' LIMIT 1   [ RunTime:0.0005s ]
SQL: SELECT `imgapp` FROM `btchanges_coin` WHERE `name` = 'xrp' LIMIT 1   [ RunTime:0.0005s ]
SQL: SELECT `rate` FROM `btchanges_rate` WHERE `id` = 1 LIMIT 1   [ RunTime:0.0005s ]
SQL: SELECT `title` FROM `btchanges_coin` WHERE `name` = 'etc' LIMIT 1   [ RunTime:0.0005s ]
SQL: SELECT `imgapp` FROM `btchanges_coin` WHERE `name` = 'etc' LIMIT 1   [ RunTime:0.0005s ]
SQL: SELECT `rate` FROM `btchanges_rate` WHERE `id` = 1 LIMIT 1   [ RunTime:0.0004s ]
SQL: SELECT `title` FROM `btchanges_coin` WHERE `name` = 'ltc' LIMIT 1   [ RunTime:0.0005s ]
SQL: SELECT `imgapp` FROM `btchanges_coin` WHERE `name` = 'ltc' LIMIT 1   [ RunTime:0.0004s ]
SQL: SELECT `rate` FROM `btchanges_rate` WHERE `id` = 1 LIMIT 1   [ RunTime:0.0005s ]
SQL: SELECT `title` FROM `btchanges_coin` WHERE `name` = 'qtum' LIMIT 1   [ RunTime:0.0005s ]
SQL: SELECT `imgapp` FROM `btchanges_coin` WHERE `name` = 'qtum' LIMIT 1   [ RunTime:0.0005s ]
SQL: SELECT `rate` FROM `btchanges_rate` WHERE `id` = 1 LIMIT 1   [ RunTime:0.0004s ]
SQL: SELECT `title` FROM `btchanges_coin` WHERE `name` = 'btm' LIMIT 1   [ RunTime:0.0005s ]
SQL: SELECT `imgapp` FROM `btchanges_coin` WHERE `name` = 'btm' LIMIT 1   [ RunTime:0.0005s ]
SQL: SELECT `rate` FROM `btchanges_rate` WHERE `id` = 1 LIMIT 1   [ RunTime:0.0006s ]
SQL: SELECT `title` FROM `btchanges_coin` WHERE `name` = 'bts' LIMIT 1   [ RunTime:0.0004s ]
SQL: SELECT `imgapp` FROM `btchanges_coin` WHERE `name` = 'bts' LIMIT 1   [ RunTime:0.0004s ]
SQL: SELECT `rate` FROM `btchanges_rate` WHERE `id` = 1 LIMIT 1   [ RunTime:0.0004s ]
SQL: SELECT `title` FROM `btchanges_coin` WHERE `name` = 'mana' LIMIT 1   [ RunTime:0.0004s ]
SQL: SELECT `imgapp` FROM `btchanges_coin` WHERE `name` = 'mana' LIMIT 1   [ RunTime:0.0004s ]
SQL: SELECT `rate` FROM `btchanges_rate` WHERE `id` = 1 LIMIT 1   [ RunTime:0.0004s ]
SQL: SELECT `title` FROM `btchanges_coin` WHERE `name` = 'rcn' LIMIT 1   [ RunTime:0.0004s ]
SQL: SELECT `imgapp` FROM `btchanges_coin` WHERE `name` = 'rcn' LIMIT 1   [ RunTime:0.0004s ]
SQL: SELECT `rate` FROM `btchanges_rate` WHERE `id` = 1 LIMIT 1   [ RunTime:0.0004s ]
SQL: SELECT `title` FROM `btchanges_coin` WHERE `name` = 'eosdac' LIMIT 1   [ RunTime:0.0004s ]
SQL: SELECT `imgapp` FROM `btchanges_coin` WHERE `name` = 'eosdac' LIMIT 1   [ RunTime:0.0004s ]
SQL: SELECT `rate` FROM `btchanges_rate` WHERE `id` = 1 LIMIT 1   [ RunTime:0.0004s ]
SQL: SELECT `title` FROM `btchanges_coin` WHERE `name` = 'bcx' LIMIT 1   [ RunTime:0.0004s ]
SQL: SELECT `imgapp` FROM `btchanges_coin` WHERE `name` = 'bcx' LIMIT 1   [ RunTime:0.0004s ]
SQL: SELECT `rate` FROM `btchanges_rate` WHERE `id` = 1 LIMIT 1   [ RunTime:0.0004s ]
SQL: SELECT `title` FROM `btchanges_coin` WHERE `name` = 'pass' LIMIT 1   [ RunTime:0.0004s ]
SQL: SELECT `imgapp` FROM `btchanges_coin` WHERE `name` = 'pass' LIMIT 1   [ RunTime:0.0005s ]
SQL: SELECT `rate` FROM `btchanges_rate` WHERE `id` = 1 LIMIT 1   [ RunTime:0.0006s ]
SQL: SELECT `title` FROM `btchanges_coin` WHERE `name` = 'doge' LIMIT 1   [ RunTime:0.0005s ]
SQL: SELECT `imgapp` FROM `btchanges_coin` WHERE `name` = 'doge' LIMIT 1   [ RunTime:0.0005s ]
SQL: SELECT `rate` FROM `btchanges_rate` WHERE `id` = 1 LIMIT 1   [ RunTime:0.0004s ]
SQL: SELECT `title` FROM `btchanges_coin` WHERE `name` = 'hc' LIMIT 1   [ RunTime:0.0004s ]
SQL: SELECT `imgapp` FROM `btchanges_coin` WHERE `name` = 'hc' LIMIT 1   [ RunTime:0.0004s ]
SQL: SELECT `rate` FROM `btchanges_rate` WHERE `id` = 1 LIMIT 1   [ RunTime:0.0004s ]
SQL: SELECT `title` FROM `btchanges_coin` WHERE `name` = 'zrx' LIMIT 1   [ RunTime:0.0005s ]
SQL: SELECT `imgapp` FROM `btchanges_coin` WHERE `name` = 'zrx' LIMIT 1   [ RunTime:0.0005s ]
SQL: SELECT `rate` FROM `btchanges_rate` WHERE `id` = 1 LIMIT 1   [ RunTime:0.0004s ]
SQL: SELECT `title` FROM `btchanges_coin` WHERE `name` = 'bchsv' LIMIT 1   [ RunTime:0.0004s ]
SQL: SELECT `imgapp` FROM `btchanges_coin` WHERE `name` = 'bchsv' LIMIT 1   [ RunTime:0.0004s ]
SQL: SELECT `rate` FROM `btchanges_rate` WHERE `id` = 1 LIMIT 1   [ RunTime:0.0004s ]
SQL: SELECT `title` FROM `btchanges_coin` WHERE `name` = 'yhet' LIMIT 1   [ RunTime:0.0004s ]
SQL: SELECT `imgapp` FROM `btchanges_coin` WHERE `name` = 'yhet' LIMIT 1   [ RunTime:0.0004s ]
SQL: SELECT `rate` FROM `btchanges_rate` WHERE `id` = 1 LIMIT 1   [ RunTime:0.0004s ]

[ 2019-07-11T16:18:30+08:00 ] 223.114.116.189 /Papi/Market/allcoin
INFO: [ app_init ] --START--
INFO: Run Behavior\BuildLiteBehavior [ RunTime:0.000011s ]
INFO: [ app_init ] --END-- [ RunTime:0.000104s ]
INFO: [ app_begin ] --START--
INFO: Run Behavior\ReadHtmlCacheBehavior [ RunTime:0.000054s ]
INFO: [ app_begin ] --END-- [ RunTime:0.000087s ]
SQL: SHOW COLUMNS FROM `btchanges_market` [ RunTime:0.0011s ]
SQL: SELECT * FROM `btchanges_market` WHERE `status` = 1  [ RunTime:0.0011s ]
SQL: SHOW COLUMNS FROM `btchanges_coin` [ RunTime:0.0012s ]
SQL: SHOW COLUMNS FROM `btchanges_coin` [ RunTime:0.0010s ]
SQL: SELECT `title` FROM `btchanges_coin` WHERE `name` = 'bys' LIMIT 1   [ RunTime:0.0005s ]
SQL: SELECT `imgapp` FROM `btchanges_coin` WHERE `name` = 'bys' LIMIT 1   [ RunTime:0.0005s ]
SQL: SHOW COLUMNS FROM `btchanges_rate` [ RunTime:0.0007s ]
SQL: SELECT `rate` FROM `btchanges_rate` WHERE `id` = 1 LIMIT 1   [ RunTime:0.0005s ]
SQL: SHOW COLUMNS FROM `btchanges_market` [ RunTime:0.0017s ]
SQL: SELECT `title` FROM `btchanges_coin` WHERE `name` = 'btc' LIMIT 1   [ RunTime:0.0005s ]
SQL: SELECT `imgapp` FROM `btchanges_coin` WHERE `name` = 'btc' LIMIT 1   [ RunTime:0.0005s ]
SQL: SELECT `rate` FROM `btchanges_rate` WHERE `id` = 1 LIMIT 1   [ RunTime:0.0004s ]
SQL: SELECT `title` FROM `btchanges_coin` WHERE `name` = 'eos' LIMIT 1   [ RunTime:0.0004s ]
SQL: SELECT `imgapp` FROM `btchanges_coin` WHERE `name` = 'eos' LIMIT 1   [ RunTime:0.0006s ]
SQL: SELECT `rate` FROM `btchanges_rate` WHERE `id` = 1 LIMIT 1   [ RunTime:0.0005s ]
SQL: SELECT `title` FROM `btchanges_coin` WHERE `name` = 'eth' LIMIT 1   [ RunTime:0.0026s ]
SQL: SELECT `imgapp` FROM `btchanges_coin` WHERE `name` = 'eth' LIMIT 1   [ RunTime:0.0005s ]
SQL: SELECT `rate` FROM `btchanges_rate` WHERE `id` = 1 LIMIT 1   [ RunTime:0.0005s ]
SQL: SELECT `title` FROM `btchanges_coin` WHERE `name` = 'bchabc' LIMIT 1   [ RunTime:0.0005s ]
SQL: SELECT `imgapp` FROM `btchanges_coin` WHERE `name` = 'bchabc' LIMIT 1   [ RunTime:0.0004s ]
SQL: SELECT `rate` FROM `btchanges_rate` WHERE `id` = 1 LIMIT 1   [ RunTime:0.0004s ]
SQL: SELECT `title` FROM `btchanges_coin` WHERE `name` = 'xrp' LIMIT 1   [ RunTime:0.0004s ]
SQL: SELECT `imgapp` FROM `btchanges_coin` WHERE `name` = 'xrp' LIMIT 1   [ RunTime:0.0004s ]
SQL: SELECT `rate` FROM `btchanges_rate` WHERE `id` = 1 LIMIT 1   [ RunTime:0.0004s ]
SQL: SELECT `title` FROM `btchanges_coin` WHERE `name` = 'etc' LIMIT 1   [ RunTime:0.0005s ]
SQL: SELECT `imgapp` FROM `btchanges_coin` WHERE `name` = 'etc' LIMIT 1   [ RunTime:0.0004s ]
SQL: SELECT `rate` FROM `btchanges_rate` WHERE `id` = 1 LIMIT 1   [ RunTime:0.0004s ]
SQL: SELECT `title` FROM `btchanges_coin` WHERE `name` = 'ltc' LIMIT 1   [ RunTime:0.0005s ]
SQL: SELECT `imgapp` FROM `btchanges_coin` WHERE `name` = 'ltc' LIMIT 1   [ RunTime:0.0004s ]
SQL: SELECT `rate` FROM `btchanges_rate` WHERE `id` = 1 LIMIT 1   [ RunTime:0.0004s ]
SQL: SELECT `title` FROM `btchanges_coin` WHERE `name` = 'qtum' LIMIT 1   [ RunTime:0.0005s ]
SQL: SELECT `imgapp` FROM `btchanges_coin` WHERE `name` = 'qtum' LIMIT 1   [ RunTime:0.0005s ]
SQL: SELECT `rate` FROM `btchanges_rate` WHERE `id` = 1 LIMIT 1   [ RunTime:0.0004s ]
SQL: SELECT `title` FROM `btchanges_coin` WHERE `name` = 'btm' LIMIT 1   [ RunTime:0.0005s ]
SQL: SELECT `imgapp` FROM `btchanges_coin` WHERE `name` = 'btm' LIMIT 1   [ RunTime:0.0004s ]
SQL: SELECT `rate` FROM `btchanges_rate` WHERE `id` = 1 LIMIT 1   [ RunTime:0.0004s ]
SQL: SELECT `title` FROM `btchanges_coin` WHERE `name` = 'bts' LIMIT 1   [ RunTime:0.0005s ]
SQL: SELECT `imgapp` FROM `btchanges_coin` WHERE `name` = 'bts' LIMIT 1   [ RunTime:0.0004s ]
SQL: SELECT `rate` FROM `btchanges_rate` WHERE `id` = 1 LIMIT 1   [ RunTime:0.0004s ]
SQL: SELECT `title` FROM `btchanges_coin` WHERE `name` = 'mana' LIMIT 1   [ RunTime:0.0004s ]
SQL: SELECT `imgapp` FROM `btchanges_coin` WHERE `name` = 'mana' LIMIT 1   [ RunTime:0.0004s ]
SQL: SELECT `rate` FROM `btchanges_rate` WHERE `id` = 1 LIMIT 1   [ RunTime:0.0004s ]
SQL: SELECT `title` FROM `btchanges_coin` WHERE `name` = 'rcn' LIMIT 1   [ RunTime:0.0004s ]
SQL: SELECT `imgapp` FROM `btchanges_coin` WHERE `name` = 'rcn' LIMIT 1   [ RunTime:0.0004s ]
SQL: SELECT `rate` FROM `btchanges_rate` WHERE `id` = 1 LIMIT 1   [ RunTime:0.0005s ]
SQL: SELECT `title` FROM `btchanges_coin` WHERE `name` = 'eosdac' LIMIT 1   [ RunTime:0.0004s ]
SQL: SELECT `imgapp` FROM `btchanges_coin` WHERE `name` = 'eosdac' LIMIT 1   [ RunTime:0.0004s ]
SQL: SELECT `rate` FROM `btchanges_rate` WHERE `id` = 1 LIMIT 1   [ RunTime:0.0004s ]
SQL: SELECT `title` FROM `btchanges_coin` WHERE `name` = 'bcx' LIMIT 1   [ RunTime:0.0005s ]
SQL: SELECT `imgapp` FROM `btchanges_coin` WHERE `name` = 'bcx' LIMIT 1   [ RunTime:0.0004s ]
SQL: SELECT `rate` FROM `btchanges_rate` WHERE `id` = 1 LIMIT 1   [ RunTime:0.0054s ]
SQL: SELECT `title` FROM `btchanges_coin` WHERE `name` = 'pass' LIMIT 1   [ RunTime:0.0005s ]
SQL: SELECT `imgapp` FROM `btchanges_coin` WHERE `name` = 'pass' LIMIT 1   [ RunTime:0.0004s ]
SQL: SELECT `rate` FROM `btchanges_rate` WHERE `id` = 1 LIMIT 1   [ RunTime:0.0004s ]
SQL: SELECT `title` FROM `btchanges_coin` WHERE `name` = 'doge' LIMIT 1   [ RunTime:0.0004s ]
SQL: SELECT `imgapp` FROM `btchanges_coin` WHERE `name` = 'doge' LIMIT 1   [ RunTime:0.0004s ]
SQL: SELECT `rate` FROM `btchanges_rate` WHERE `id` = 1 LIMIT 1   [ RunTime:0.0004s ]
SQL: SELECT `title` FROM `btchanges_coin` WHERE `name` = 'hc' LIMIT 1   [ RunTime:0.0005s ]
SQL: SELECT `imgapp` FROM `btchanges_coin` WHERE `name` = 'hc' LIMIT 1   [ RunTime:0.0004s ]
SQL: SELECT `rate` FROM `btchanges_rate` WHERE `id` = 1 LIMIT 1   [ RunTime:0.0004s ]
SQL: SELECT `title` FROM `btchanges_coin` WHERE `name` = 'zrx' LIMIT 1   [ RunTime:0.0004s ]
SQL: SELECT `imgapp` FROM `btchanges_coin` WHERE `name` = 'zrx' LIMIT 1   [ RunTime:0.0005s ]
SQL: SELECT `rate` FROM `btchanges_rate` WHERE `id` = 1 LIMIT 1   [ RunTime:0.0004s ]
SQL: SELECT `title` FROM `btchanges_coin` WHERE `name` = 'bchsv' LIMIT 1   [ RunTime:0.0004s ]
SQL: SELECT `imgapp` FROM `btchanges_coin` WHERE `name` = 'bchsv' LIMIT 1   [ RunTime:0.0005s ]
SQL: SELECT `rate` FROM `btchanges_rate` WHERE `id` = 1 LIMIT 1   [ RunTime:0.0004s ]
SQL: SELECT `title` FROM `btchanges_coin` WHERE `name` = 'yhet' LIMIT 1   [ RunTime:0.0004s ]
SQL: SELECT `imgapp` FROM `btchanges_coin` WHERE `name` = 'yhet' LIMIT 1   [ RunTime:0.0004s ]
SQL: SELECT `rate` FROM `btchanges_rate` WHERE `id` = 1 LIMIT 1   [ RunTime:0.0004s ]

[ 2019-07-11T16:18:30+08:00 ] 223.114.116.189 /Papi/Trade/myDeal?jmcode=6130463E4B09E6F2F8B29673104CD70E2B3E136C9FCE486E4AFABE2E02C41A54A8CB890EC7885F45A5438177C7F44F9D5D07CC875D1FCF19270C4908DB3CC397
INFO: [ app_init ] --START--
INFO: Run Behavior\BuildLiteBehavior [ RunTime:0.000010s ]
INFO: [ app_init ] --END-- [ RunTime:0.000075s ]
INFO: [ app_begin ] --START--
INFO: Run Behavior\ReadHtmlCacheBehavior [ RunTime:0.000044s ]
INFO: [ app_begin ] --END-- [ RunTime:0.000067s ]
NOTIC: [8] Undefined index: order /www/wwwroot/bnb/Application/Papi/Controller/TradeController.class.php 第 194 行.
SQL: SHOW COLUMNS FROM `btchanges_market` [ RunTime:0.0012s ]
SQL: SELECT * FROM `btchanges_market` WHERE `name` = 'eth_usdt' LIMIT 1   [ RunTime:0.0007s ]
SQL: SHOW COLUMNS FROM `btchanges_trade_log` [ RunTime:0.0007s ]
SQL: SELECT * FROM `btchanges_trade_log` WHERE ( ((userid=124) || (peerid=124)) && market='eth_usdt' ) ORDER BY addtime desc LIMIT 0,15   [ RunTime:0.0031s ]

[ 2019-07-11T16:18:42+08:00 ] 223.114.116.189 /Papi/Trade/getDepth?jmcode=6130463E4B09E6F2F8B29673104CD70EBAFADEEE33B1D248EF80208C0567E0DB
INFO: [ app_init ] --START--
INFO: Run Behavior\BuildLiteBehavior [ RunTime:0.000021s ]
INFO: [ app_init ] --END-- [ RunTime:0.000097s ]
INFO: [ app_begin ] --START--
INFO: Run Behavior\ReadHtmlCacheBehavior [ RunTime:0.000044s ]
INFO: [ app_begin ] --END-- [ RunTime:0.000068s ]
SQL: SHOW COLUMNS FROM `btchanges_market` [ RunTime:0.0008s ]
SQL: SELECT * FROM `btchanges_market` WHERE `name` = 'eth_usdt' LIMIT 1   [ RunTime:0.0006s ]
SQL: SHOW COLUMNS FROM `btchanges_rate` [ RunTime:0.0005s ]
SQL: SELECT `rate` FROM `btchanges_rate` WHERE `id` = 1 LIMIT 1   [ RunTime:0.0006s ]

[ 2019-07-11T16:18:42+08:00 ] 223.114.116.189 /Papi/Market/allcoin
INFO: [ app_init ] --START--
INFO: Run Behavior\BuildLiteBehavior [ RunTime:0.000025s ]
INFO: [ app_init ] --END-- [ RunTime:0.000132s ]
INFO: [ app_begin ] --START--
INFO: Run Behavior\ReadHtmlCacheBehavior [ RunTime:0.000069s ]
INFO: [ app_begin ] --END-- [ RunTime:0.000107s ]
SQL: SHOW COLUMNS FROM `btchanges_market` [ RunTime:0.0009s ]
SQL: SELECT * FROM `btchanges_market` WHERE `status` = 1  [ RunTime:0.0009s ]
SQL: SHOW COLUMNS FROM `btchanges_coin` [ RunTime:0.0007s ]
SQL: SHOW COLUMNS FROM `btchanges_coin` [ RunTime:0.0007s ]
SQL: SELECT `title` FROM `btchanges_coin` WHERE `name` = 'bys' LIMIT 1   [ RunTime:0.0005s ]
SQL: SELECT `imgapp` FROM `btchanges_coin` WHERE `name` = 'bys' LIMIT 1   [ RunTime:0.0004s ]
SQL: SHOW COLUMNS FROM `btchanges_rate` [ RunTime:0.0005s ]
SQL: SELECT `rate` FROM `btchanges_rate` WHERE `id` = 1 LIMIT 1   [ RunTime:0.0004s ]
SQL: SHOW COLUMNS FROM `btchanges_market` [ RunTime:0.0007s ]
SQL: SELECT `title` FROM `btchanges_coin` WHERE `name` = 'btc' LIMIT 1   [ RunTime:0.0005s ]
SQL: SELECT `imgapp` FROM `btchanges_coin` WHERE `name` = 'btc' LIMIT 1   [ RunTime:0.0004s ]
SQL: SELECT `rate` FROM `btchanges_rate` WHERE `id` = 1 LIMIT 1   [ RunTime:0.0004s ]
SQL: SELECT `title` FROM `btchanges_coin` WHERE `name` = 'eos' LIMIT 1   [ RunTime:0.0004s ]
SQL: SELECT `imgapp` FROM `btchanges_coin` WHERE `name` = 'eos' LIMIT 1   [ RunTime:0.0004s ]
SQL: SELECT `rate` FROM `btchanges_rate` WHERE `id` = 1 LIMIT 1   [ RunTime:0.0004s ]
SQL: SELECT `title` FROM `btchanges_coin` WHERE `name` = 'eth' LIMIT 1   [ RunTime:0.0004s ]
SQL: SELECT `imgapp` FROM `btchanges_coin` WHERE `name` = 'eth' LIMIT 1   [ RunTime:0.0004s ]
SQL: SELECT `rate` FROM `btchanges_rate` WHERE `id` = 1 LIMIT 1   [ RunTime:0.0004s ]
SQL: SELECT `title` FROM `btchanges_coin` WHERE `name` = 'bchabc' LIMIT 1   [ RunTime:0.0004s ]
SQL: SELECT `imgapp` FROM `btchanges_coin` WHERE `name` = 'bchabc' LIMIT 1   [ RunTime:0.0004s ]
SQL: SELECT `rate` FROM `btchanges_rate` WHERE `id` = 1 LIMIT 1   [ RunTime:0.0004s ]
SQL: SELECT `title` FROM `btchanges_coin` WHERE `name` = 'xrp' LIMIT 1   [ RunTime:0.0005s ]
SQL: SELECT `imgapp` FROM `btchanges_coin` WHERE `name` = 'xrp' LIMIT 1   [ RunTime:0.0004s ]
SQL: SELECT `rate` FROM `btchanges_rate` WHERE `id` = 1 LIMIT 1   [ RunTime:0.0004s ]
SQL: SELECT `title` FROM `btchanges_coin` WHERE `name` = 'etc' LIMIT 1   [ RunTime:0.0004s ]
SQL: SELECT `imgapp` FROM `btchanges_coin` WHERE `name` = 'etc' LIMIT 1   [ RunTime:0.0004s ]
SQL: SELECT `rate` FROM `btchanges_rate` WHERE `id` = 1 LIMIT 1   [ RunTime:0.0004s ]
SQL: SELECT `title` FROM `btchanges_coin` WHERE `name` = 'ltc' LIMIT 1   [ RunTime:0.0004s ]
SQL: SELECT `imgapp` FROM `btchanges_coin` WHERE `name` = 'ltc' LIMIT 1   [ RunTime:0.0004s ]
SQL: SELECT `rate` FROM `btchanges_rate` WHERE `id` = 1 LIMIT 1   [ RunTime:0.0004s ]
SQL: SELECT `title` FROM `btchanges_coin` WHERE `name` = 'qtum' LIMIT 1   [ RunTime:0.0004s ]
SQL: SELECT `imgapp` FROM `btchanges_coin` WHERE `name` = 'qtum' LIMIT 1   [ RunTime:0.0004s ]
SQL: SELECT `rate` FROM `btchanges_rate` WHERE `id` = 1 LIMIT 1   [ RunTime:0.0004s ]
SQL: SELECT `title` FROM `btchanges_coin` WHERE `name` = 'btm' LIMIT 1   [ RunTime:0.0004s ]
SQL: SELECT `imgapp` FROM `btchanges_coin` WHERE `name` = 'btm' LIMIT 1   [ RunTime:0.0004s ]
SQL: SELECT `rate` FROM `btchanges_rate` WHERE `id` = 1 LIMIT 1   [ RunTime:0.0004s ]
SQL: SELECT `title` FROM `btchanges_coin` WHERE `name` = 'bts' LIMIT 1   [ RunTime:0.0004s ]
SQL: SELECT `imgapp` FROM `btchanges_coin` WHERE `name` = 'bts' LIMIT 1   [ RunTime:0.0004s ]
SQL: SELECT `rate` FROM `btchanges_rate` WHERE `id` = 1 LIMIT 1   [ RunTime:0.0004s ]
SQL: SELECT `title` FROM `btchanges_coin` WHERE `name` = 'mana' LIMIT 1   [ RunTime:0.0004s ]
SQL: SELECT `imgapp` FROM `btchanges_coin` WHERE `name` = 'mana' LIMIT 1   [ RunTime:0.0004s ]
SQL: SELECT `rate` FROM `btchanges_rate` WHERE `id` = 1 LIMIT 1   [ RunTime:0.0004s ]
SQL: SELECT `title` FROM `btchanges_coin` WHERE `name` = 'rcn' LIMIT 1   [ RunTime:0.0004s ]
SQL: SELECT `imgapp` FROM `btchanges_coin` WHERE `name` = 'rcn' LIMIT 1   [ RunTime:0.0004s ]
SQL: SELECT `rate` FROM `btchanges_rate` WHERE `id` = 1 LIMIT 1   [ RunTime:0.0004s ]
SQL: SELECT `title` FROM `btchanges_coin` WHERE `name` = 'eosdac' LIMIT 1   [ RunTime:0.0004s ]
SQL: SELECT `imgapp` FROM `btchanges_coin` WHERE `name` = 'eosdac' LIMIT 1   [ RunTime:0.0004s ]
SQL: SELECT `rate` FROM `btchanges_rate` WHERE `id` = 1 LIMIT 1   [ RunTime:0.0004s ]
SQL: SELECT `title` FROM `btchanges_coin` WHERE `name` = 'bcx' LIMIT 1   [ RunTime:0.0004s ]
SQL: SELECT `imgapp` FROM `btchanges_coin` WHERE `name` = 'bcx' LIMIT 1   [ RunTime:0.0004s ]
SQL: SELECT `rate` FROM `btchanges_rate` WHERE `id` = 1 LIMIT 1   [ RunTime:0.0004s ]
SQL: SELECT `title` FROM `btchanges_coin` WHERE `name` = 'pass' LIMIT 1   [ RunTime:0.0004s ]
SQL: SELECT `imgapp` FROM `btchanges_coin` WHERE `name` = 'pass' LIMIT 1   [ RunTime:0.0004s ]
SQL: SELECT `rate` FROM `btchanges_rate` WHERE `id` = 1 LIMIT 1   [ RunTime:0.0004s ]
SQL: SELECT `title` FROM `btchanges_coin` WHERE `name` = 'doge' LIMIT 1   [ RunTime:0.0004s ]
SQL: SELECT `imgapp` FROM `btchanges_coin` WHERE `name` = 'doge' LIMIT 1   [ RunTime:0.0004s ]
SQL: SELECT `rate` FROM `btchanges_rate` WHERE `id` = 1 LIMIT 1   [ RunTime:0.0004s ]
SQL: SELECT `title` FROM `btchanges_coin` WHERE `name` = 'hc' LIMIT 1   [ RunTime:0.0004s ]
SQL: SELECT `imgapp` FROM `btchanges_coin` WHERE `name` = 'hc' LIMIT 1   [ RunTime:0.0004s ]
SQL: SELECT `rate` FROM `btchanges_rate` WHERE `id` = 1 LIMIT 1   [ RunTime:0.0004s ]
SQL: SELECT `title` FROM `btchanges_coin` WHERE `name` = 'zrx' LIMIT 1   [ RunTime:0.0004s ]
SQL: SELECT `imgapp` FROM `btchanges_coin` WHERE `name` = 'zrx' LIMIT 1   [ RunTime:0.0004s ]
SQL: SELECT `rate` FROM `btchanges_rate` WHERE `id` = 1 LIMIT 1   [ RunTime:0.0004s ]
SQL: SELECT `title` FROM `btchanges_coin` WHERE `name` = 'bchsv' LIMIT 1   [ RunTime:0.0004s ]
SQL: SELECT `imgapp` FROM `btchanges_coin` WHERE `name` = 'bchsv' LIMIT 1   [ RunTime:0.0004s ]
SQL: SELECT `rate` FROM `btchanges_rate` WHERE `id` = 1 LIMIT 1   [ RunTime:0.0003s ]
SQL: SELECT `title` FROM `btchanges_coin` WHERE `name` = 'yhet' LIMIT 1   [ RunTime:0.0004s ]
SQL: SELECT `imgapp` FROM `btchanges_coin` WHERE `name` = 'yhet' LIMIT 1   [ RunTime:0.0004s ]
SQL: SELECT `rate` FROM `btchanges_rate` WHERE `id` = 1 LIMIT 1   [ RunTime:0.0004s ]

[ 2019-07-11T16:18:54+08:00 ] 223.114.116.189 /Papi/Trade/getDepth?jmcode=6130463E4B09E6F2F8B29673104CD70EBAFADEEE33B1D248EF80208C0567E0DB
INFO: [ app_init ] --START--
INFO: Run Behavior\BuildLiteBehavior [ RunTime:0.000013s ]
INFO: [ app_init ] --END-- [ RunTime:0.000103s ]
INFO: [ app_begin ] --START--
INFO: Run Behavior\ReadHtmlCacheBehavior [ RunTime:0.000064s ]
INFO: [ app_begin ] --END-- [ RunTime:0.000113s ]
SQL: SHOW COLUMNS FROM `btchanges_market` [ RunTime:0.0010s ]
SQL: SELECT * FROM `btchanges_market` WHERE `name` = 'eth_usdt' LIMIT 1   [ RunTime:0.0006s ]
SQL: SHOW COLUMNS FROM `btchanges_rate` [ RunTime:0.0006s ]
SQL: SELECT `rate` FROM `btchanges_rate` WHERE `id` = 1 LIMIT 1   [ RunTime:0.0004s ]

[ 2019-07-11T16:18:54+08:00 ] 223.114.116.189 /Papi/Market/allcoin
INFO: [ app_init ] --START--
INFO: Run Behavior\BuildLiteBehavior [ RunTime:0.000013s ]
INFO: [ app_init ] --END-- [ RunTime:0.000103s ]
INFO: [ app_begin ] --START--
INFO: Run Behavior\ReadHtmlCacheBehavior [ RunTime:0.000062s ]
INFO: [ app_begin ] --END-- [ RunTime:0.000113s ]
SQL: SHOW COLUMNS FROM `btchanges_market` [ RunTime:0.0010s ]
SQL: SELECT * FROM `btchanges_market` WHERE `status` = 1  [ RunTime:0.0010s ]
SQL: SHOW COLUMNS FROM `btchanges_coin` [ RunTime:0.0008s ]
SQL: SHOW COLUMNS FROM `btchanges_coin` [ RunTime:0.0007s ]
SQL: SELECT `title` FROM `btchanges_coin` WHERE `name` = 'bys' LIMIT 1   [ RunTime:0.0005s ]
SQL: SELECT `imgapp` FROM `btchanges_coin` WHERE `name` = 'bys' LIMIT 1   [ RunTime:0.0004s ]
SQL: SHOW COLUMNS FROM `btchanges_rate` [ RunTime:0.0006s ]
SQL: SELECT `rate` FROM `btchanges_rate` WHERE `id` = 1 LIMIT 1   [ RunTime:0.0004s ]
SQL: SHOW COLUMNS FROM `btchanges_market` [ RunTime:0.0007s ]
SQL: SELECT `title` FROM `btchanges_coin` WHERE `name` = 'btc' LIMIT 1   [ RunTime:0.0004s ]
SQL: SELECT `imgapp` FROM `btchanges_coin` WHERE `name` = 'btc' LIMIT 1   [ RunTime:0.0004s ]
SQL: SELECT `rate` FROM `btchanges_rate` WHERE `id` = 1 LIMIT 1   [ RunTime:0.0004s ]
SQL: SELECT `title` FROM `btchanges_coin` WHERE `name` = 'eos' LIMIT 1   [ RunTime:0.0004s ]
SQL: SELECT `imgapp` FROM `btchanges_coin` WHERE `name` = 'eos' LIMIT 1   [ RunTime:0.0005s ]
SQL: SELECT `rate` FROM `btchanges_rate` WHERE `id` = 1 LIMIT 1   [ RunTime:0.0004s ]
SQL: SELECT `title` FROM `btchanges_coin` WHERE `name` = 'eth' LIMIT 1   [ RunTime:0.0004s ]
SQL: SELECT `imgapp` FROM `btchanges_coin` WHERE `name` = 'eth' LIMIT 1   [ RunTime:0.0004s ]
SQL: SELECT `rate` FROM `btchanges_rate` WHERE `id` = 1 LIMIT 1   [ RunTime:0.0004s ]
SQL: SELECT `title` FROM `btchanges_coin` WHERE `name` = 'bchabc' LIMIT 1   [ RunTime:0.0004s ]
SQL: SELECT `imgapp` FROM `btchanges_coin` WHERE `name` = 'bchabc' LIMIT 1   [ RunTime:0.0005s ]
SQL: SELECT `rate` FROM `btchanges_rate` WHERE `id` = 1 LIMIT 1   [ RunTime:0.0004s ]
SQL: SELECT `title` FROM `btchanges_coin` WHERE `name` = 'xrp' LIMIT 1   [ RunTime:0.0004s ]
SQL: SELECT `imgapp` FROM `btchanges_coin` WHERE `name` = 'xrp' LIMIT 1   [ RunTime:0.0004s ]
SQL: SELECT `rate` FROM `btchanges_rate` WHERE `id` = 1 LIMIT 1   [ RunTime:0.0003s ]
SQL: SELECT `title` FROM `btchanges_coin` WHERE `name` = 'etc' LIMIT 1   [ RunTime:0.0004s ]
SQL: SELECT `imgapp` FROM `btchanges_coin` WHERE `name` = 'etc' LIMIT 1   [ RunTime:0.0004s ]
SQL: SELECT `rate` FROM `btchanges_rate` WHERE `id` = 1 LIMIT 1   [ RunTime:0.0004s ]
SQL: SELECT `title` FROM `btchanges_coin` WHERE `name` = 'ltc' LIMIT 1   [ RunTime:0.0004s ]
SQL: SELECT `imgapp` FROM `btchanges_coin` WHERE `name` = 'ltc' LIMIT 1   [ RunTime:0.0004s ]
SQL: SELECT `rate` FROM `btchanges_rate` WHERE `id` = 1 LIMIT 1   [ RunTime:0.0004s ]
SQL: SELECT `title` FROM `btchanges_coin` WHERE `name` = 'qtum' LIMIT 1   [ RunTime:0.0004s ]
SQL: SELECT `imgapp` FROM `btchanges_coin` WHERE `name` = 'qtum' LIMIT 1   [ RunTime:0.0004s ]
SQL: SELECT `rate` FROM `btchanges_rate` WHERE `id` = 1 LIMIT 1   [ RunTime:0.0004s ]
SQL: SELECT `title` FROM `btchanges_coin` WHERE `name` = 'btm' LIMIT 1   [ RunTime:0.0004s ]
SQL: SELECT `imgapp` FROM `btchanges_coin` WHERE `name` = 'btm' LIMIT 1   [ RunTime:0.0004s ]
SQL: SELECT `rate` FROM `btchanges_rate` WHERE `id` = 1 LIMIT 1   [ RunTime:0.0004s ]
SQL: SELECT `title` FROM `btchanges_coin` WHERE `name` = 'bts' LIMIT 1   [ RunTime:0.0004s ]
SQL: SELECT `imgapp` FROM `btchanges_coin` WHERE `name` = 'bts' LIMIT 1   [ RunTime:0.0004s ]
SQL: SELECT `rate` FROM `btchanges_rate` WHERE `id` = 1 LIMIT 1   [ RunTime:0.0004s ]
SQL: SELECT `title` FROM `btchanges_coin` WHERE `name` = 'mana' LIMIT 1   [ RunTime:0.0004s ]
SQL: SELECT `imgapp` FROM `btchanges_coin` WHERE `name` = 'mana' LIMIT 1   [ RunTime:0.0004s ]
SQL: SELECT `rate` FROM `btchanges_rate` WHERE `id` = 1 LIMIT 1   [ RunTime:0.0004s ]
SQL: SELECT `title` FROM `btchanges_coin` WHERE `name` = 'rcn' LIMIT 1   [ RunTime:0.0004s ]
SQL: SELECT `imgapp` FROM `btchanges_coin` WHERE `name` = 'rcn' LIMIT 1   [ RunTime:0.0004s ]
SQL: SELECT `rate` FROM `btchanges_rate` WHERE `id` = 1 LIMIT 1   [ RunTime:0.0004s ]
SQL: SELECT `title` FROM `btchanges_coin` WHERE `name` = 'eosdac' LIMIT 1   [ RunTime:0.0004s ]
SQL: SELECT `imgapp` FROM `btchanges_coin` WHERE `name` = 'eosdac' LIMIT 1   [ RunTime:0.0004s ]
SQL: SELECT `rate` FROM `btchanges_rate` WHERE `id` = 1 LIMIT 1   [ RunTime:0.0004s ]
SQL: SELECT `title` FROM `btchanges_coin` WHERE `name` = 'bcx' LIMIT 1   [ RunTime:0.0004s ]
SQL: SELECT `imgapp` FROM `btchanges_coin` WHERE `name` = 'bcx' LIMIT 1   [ RunTime:0.0004s ]
SQL: SELECT `rate` FROM `btchanges_rate` WHERE `id` = 1 LIMIT 1   [ RunTime:0.0003s ]
SQL: SELECT `title` FROM `btchanges_coin` WHERE `name` = 'pass' LIMIT 1   [ RunTime:0.0005s ]
SQL: SELECT `imgapp` FROM `btchanges_coin` WHERE `name` = 'pass' LIMIT 1   [ RunTime:0.0004s ]
SQL: SELECT `rate` FROM `btchanges_rate` WHERE `id` = 1 LIMIT 1   [ RunTime:0.0004s ]
SQL: SELECT `title` FROM `btchanges_coin` WHERE `name` = 'doge' LIMIT 1   [ RunTime:0.0004s ]
SQL: SELECT `imgapp` FROM `btchanges_coin` WHERE `name` = 'doge' LIMIT 1   [ RunTime:0.0004s ]
SQL: SELECT `rate` FROM `btchanges_rate` WHERE `id` = 1 LIMIT 1   [ RunTime:0.0005s ]
SQL: SELECT `title` FROM `btchanges_coin` WHERE `name` = 'hc' LIMIT 1   [ RunTime:0.0005s ]
SQL: SELECT `imgapp` FROM `btchanges_coin` WHERE `name` = 'hc' LIMIT 1   [ RunTime:0.0005s ]
SQL: SELECT `rate` FROM `btchanges_rate` WHERE `id` = 1 LIMIT 1   [ RunTime:0.0005s ]
SQL: SELECT `title` FROM `btchanges_coin` WHERE `name` = 'zrx' LIMIT 1   [ RunTime:0.0005s ]
SQL: SELECT `imgapp` FROM `btchanges_coin` WHERE `name` = 'zrx' LIMIT 1   [ RunTime:0.0004s ]
SQL: SELECT `rate` FROM `btchanges_rate` WHERE `id` = 1 LIMIT 1   [ RunTime:0.0004s ]
SQL: SELECT `title` FROM `btchanges_coin` WHERE `name` = 'bchsv' LIMIT 1   [ RunTime:0.0005s ]
SQL: SELECT `imgapp` FROM `btchanges_coin` WHERE `name` = 'bchsv' LIMIT 1   [ RunTime:0.0004s ]
SQL: SELECT `rate` FROM `btchanges_rate` WHERE `id` = 1 LIMIT 1   [ RunTime:0.0004s ]
SQL: SELECT `title` FROM `btchanges_coin` WHERE `name` = 'yhet' LIMIT 1   [ RunTime:0.0004s ]
SQL: SELECT `imgapp` FROM `btchanges_coin` WHERE `name` = 'yhet' LIMIT 1   [ RunTime:0.0004s ]
SQL: SELECT `rate` FROM `btchanges_rate` WHERE `id` = 1 LIMIT 1   [ RunTime:0.0004s ]

[ 2019-07-11T16:19:06+08:00 ] 223.114.116.189 /Papi/Trade/getDepth?jmcode=6130463E4B09E6F2F8B29673104CD70EBAFADEEE33B1D248EF80208C0567E0DB
INFO: [ app_init ] --START--
INFO: Run Behavior\BuildLiteBehavior [ RunTime:0.000015s ]
INFO: [ app_init ] --END-- [ RunTime:0.000130s ]
INFO: [ app_begin ] --START--
INFO: Run Behavior\ReadHtmlCacheBehavior [ RunTime:0.000060s ]
INFO: [ app_begin ] --END-- [ RunTime:0.000091s ]
SQL: SHOW COLUMNS FROM `btchanges_market` [ RunTime:0.0017s ]
SQL: SELECT * FROM `btchanges_market` WHERE `name` = 'eth_usdt' LIMIT 1   [ RunTime:0.0013s ]
SQL: SHOW COLUMNS FROM `btchanges_rate` [ RunTime:0.0008s ]
SQL: SELECT `rate` FROM `btchanges_rate` WHERE `id` = 1 LIMIT 1   [ RunTime:0.0005s ]

[ 2019-07-11T16:19:06+08:00 ] 223.114.116.189 /Papi/Market/allcoin
INFO: [ app_init ] --START--
INFO: Run Behavior\BuildLiteBehavior [ RunTime:0.000015s ]
INFO: [ app_init ] --END-- [ RunTime:0.000131s ]
INFO: [ app_begin ] --START--
INFO: Run Behavior\ReadHtmlCacheBehavior [ RunTime:0.000057s ]
INFO: [ app_begin ] --END-- [ RunTime:0.000091s ]
SQL: SHOW COLUMNS FROM `btchanges_market` [ RunTime:0.0010s ]
SQL: SELECT * FROM `btchanges_market` WHERE `status` = 1  [ RunTime:0.0011s ]
SQL: SHOW COLUMNS FROM `btchanges_coin` [ RunTime:0.0010s ]
SQL: SHOW COLUMNS FROM `btchanges_coin` [ RunTime:0.0011s ]
SQL: SELECT `title` FROM `btchanges_coin` WHERE `name` = 'bys' LIMIT 1   [ RunTime:0.0005s ]
SQL: SELECT `imgapp` FROM `btchanges_coin` WHERE `name` = 'bys' LIMIT 1   [ RunTime:0.0008s ]
SQL: SHOW COLUMNS FROM `btchanges_rate` [ RunTime:0.0006s ]
SQL: SELECT `rate` FROM `btchanges_rate` WHERE `id` = 1 LIMIT 1   [ RunTime:0.0006s ]
SQL: SHOW COLUMNS FROM `btchanges_market` [ RunTime:0.0008s ]
SQL: SELECT `title` FROM `btchanges_coin` WHERE `name` = 'btc' LIMIT 1   [ RunTime:0.0007s ]
SQL: SELECT `imgapp` FROM `btchanges_coin` WHERE `name` = 'btc' LIMIT 1   [ RunTime:0.0004s ]
SQL: SELECT `rate` FROM `btchanges_rate` WHERE `id` = 1 LIMIT 1   [ RunTime:0.0004s ]
SQL: SELECT `title` FROM `btchanges_coin` WHERE `name` = 'eos' LIMIT 1   [ RunTime:0.0005s ]
SQL: SELECT `imgapp` FROM `btchanges_coin` WHERE `name` = 'eos' LIMIT 1   [ RunTime:0.0004s ]
SQL: SELECT `rate` FROM `btchanges_rate` WHERE `id` = 1 LIMIT 1   [ RunTime:0.0004s ]
SQL: SELECT `title` FROM `btchanges_coin` WHERE `name` = 'eth' LIMIT 1   [ RunTime:0.0004s ]
SQL: SELECT `imgapp` FROM `btchanges_coin` WHERE `name` = 'eth' LIMIT 1   [ RunTime:0.0005s ]
SQL: SELECT `rate` FROM `btchanges_rate` WHERE `id` = 1 LIMIT 1   [ RunTime:0.0004s ]
SQL: SELECT `title` FROM `btchanges_coin` WHERE `name` = 'bchabc' LIMIT 1   [ RunTime:0.0005s ]
SQL: SELECT `imgapp` FROM `btchanges_coin` WHERE `name` = 'bchabc' LIMIT 1   [ RunTime:0.0005s ]
SQL: SELECT `rate` FROM `btchanges_rate` WHERE `id` = 1 LIMIT 1   [ RunTime:0.0004s ]
SQL: SELECT `title` FROM `btchanges_coin` WHERE `name` = 'xrp' LIMIT 1   [ RunTime:0.0004s ]
SQL: SELECT `imgapp` FROM `btchanges_coin` WHERE `name` = 'xrp' LIMIT 1   [ RunTime:0.0004s ]
SQL: SELECT `rate` FROM `btchanges_rate` WHERE `id` = 1 LIMIT 1   [ RunTime:0.0004s ]
SQL: SELECT `title` FROM `btchanges_coin` WHERE `name` = 'etc' LIMIT 1   [ RunTime:0.0005s ]
SQL: SELECT `imgapp` FROM `btchanges_coin` WHERE `name` = 'etc' LIMIT 1   [ RunTime:0.0009s ]
SQL: SELECT `rate` FROM `btchanges_rate` WHERE `id` = 1 LIMIT 1   [ RunTime:0.0004s ]
SQL: SELECT `title` FROM `btchanges_coin` WHERE `name` = 'ltc' LIMIT 1   [ RunTime:0.0004s ]
SQL: SELECT `imgapp` FROM `btchanges_coin` WHERE `name` = 'ltc' LIMIT 1   [ RunTime:0.0004s ]
SQL: SELECT `rate` FROM `btchanges_rate` WHERE `id` = 1 LIMIT 1   [ RunTime:0.0004s ]
SQL: SELECT `title` FROM `btchanges_coin` WHERE `name` = 'qtum' LIMIT 1   [ RunTime:0.0004s ]
SQL: SELECT `imgapp` FROM `btchanges_coin` WHERE `name` = 'qtum' LIMIT 1   [ RunTime:0.0007s ]
SQL: SELECT `rate` FROM `btchanges_rate` WHERE `id` = 1 LIMIT 1   [ RunTime:0.0004s ]
SQL: SELECT `title` FROM `btchanges_coin` WHERE `name` = 'btm' LIMIT 1   [ RunTime:0.0005s ]
SQL: SELECT `imgapp` FROM `btchanges_coin` WHERE `name` = 'btm' LIMIT 1   [ RunTime:0.0005s ]
SQL: SELECT `rate` FROM `btchanges_rate` WHERE `id` = 1 LIMIT 1   [ RunTime:0.0004s ]
SQL: SELECT `title` FROM `btchanges_coin` WHERE `name` = 'bts' LIMIT 1   [ RunTime:0.0004s ]
SQL: SELECT `imgapp` FROM `btchanges_coin` WHERE `name` = 'bts' LIMIT 1   [ RunTime:0.0005s ]
SQL: SELECT `rate` FROM `btchanges_rate` WHERE `id` = 1 LIMIT 1   [ RunTime:0.0004s ]
SQL: SELECT `title` FROM `btchanges_coin` WHERE `name` = 'mana' LIMIT 1   [ RunTime:0.0005s ]
SQL: SELECT `imgapp` FROM `btchanges_coin` WHERE `name` = 'mana' LIMIT 1   [ RunTime:0.0005s ]
SQL: SELECT `rate` FROM `btchanges_rate` WHERE `id` = 1 LIMIT 1   [ RunTime:0.0006s ]
SQL: SELECT `title` FROM `btchanges_coin` WHERE `name` = 'rcn' LIMIT 1   [ RunTime:0.0008s ]
SQL: SELECT `imgapp` FROM `btchanges_coin` WHERE `name` = 'rcn' LIMIT 1   [ RunTime:0.0005s ]
SQL: SELECT `rate` FROM `btchanges_rate` WHERE `id` = 1 LIMIT 1   [ RunTime:0.0004s ]
SQL: SELECT `title` FROM `btchanges_coin` WHERE `name` = 'eosdac' LIMIT 1   [ RunTime:0.0005s ]
SQL: SELECT `imgapp` FROM `btchanges_coin` WHERE `name` = 'eosdac' LIMIT 1   [ RunTime:0.0014s ]
SQL: SELECT `rate` FROM `btchanges_rate` WHERE `id` = 1 LIMIT 1   [ RunTime:0.0004s ]
SQL: SELECT `title` FROM `btchanges_coin` WHERE `name` = 'bcx' LIMIT 1   [ RunTime:0.0004s ]
SQL: SELECT `imgapp` FROM `btchanges_coin` WHERE `name` = 'bcx' LIMIT 1   [ RunTime:0.0004s ]
SQL: SELECT `rate` FROM `btchanges_rate` WHERE `id` = 1 LIMIT 1   [ RunTime:0.0004s ]
SQL: SELECT `title` FROM `btchanges_coin` WHERE `name` = 'pass' LIMIT 1   [ RunTime:0.0004s ]
SQL: SELECT `imgapp` FROM `btchanges_coin` WHERE `name` = 'pass' LIMIT 1   [ RunTime:0.0004s ]
SQL: SELECT `rate` FROM `btchanges_rate` WHERE `id` = 1 LIMIT 1   [ RunTime:0.0004s ]
SQL: SELECT `title` FROM `btchanges_coin` WHERE `name` = 'doge' LIMIT 1   [ RunTime:0.0004s ]
SQL: SELECT `imgapp` FROM `btchanges_coin` WHERE `name` = 'doge' LIMIT 1   [ RunTime:0.0004s ]
SQL: SELECT `rate` FROM `btchanges_rate` WHERE `id` = 1 LIMIT 1   [ RunTime:0.0004s ]
SQL: SELECT `title` FROM `btchanges_coin` WHERE `name` = 'hc' LIMIT 1   [ RunTime:0.0005s ]
SQL: SELECT `imgapp` FROM `btchanges_coin` WHERE `name` = 'hc' LIMIT 1   [ RunTime:0.0005s ]
SQL: SELECT `rate` FROM `btchanges_rate` WHERE `id` = 1 LIMIT 1   [ RunTime:0.0005s ]
SQL: SELECT `title` FROM `btchanges_coin` WHERE `name` = 'zrx' LIMIT 1   [ RunTime:0.0005s ]
SQL: SELECT `imgapp` FROM `btchanges_coin` WHERE `name` = 'zrx' LIMIT 1   [ RunTime:0.0005s ]
SQL: SELECT `rate` FROM `btchanges_rate` WHERE `id` = 1 LIMIT 1   [ RunTime:0.0005s ]
SQL: SELECT `title` FROM `btchanges_coin` WHERE `name` = 'bchsv' LIMIT 1   [ RunTime:0.0006s ]
SQL: SELECT `imgapp` FROM `btchanges_coin` WHERE `name` = 'bchsv' LIMIT 1   [ RunTime:0.0005s ]
SQL: SELECT `rate` FROM `btchanges_rate` WHERE `id` = 1 LIMIT 1   [ RunTime:0.0006s ]
SQL: SELECT `title` FROM `btchanges_coin` WHERE `name` = 'yhet' LIMIT 1   [ RunTime:0.0004s ]
SQL: SELECT `imgapp` FROM `btchanges_coin` WHERE `name` = 'yhet' LIMIT 1   [ RunTime:0.0005s ]
SQL: SELECT `rate` FROM `btchanges_rate` WHERE `id` = 1 LIMIT 1   [ RunTime:0.0004s ]

[ 2019-07-11T18:01:53+08:00 ] 13.52.186.184 /papi/help/download
INFO: [ app_init ] --START--
INFO: Run Behavior\BuildLiteBehavior [ RunTime:0.000014s ]
INFO: [ app_init ] --END-- [ RunTime:0.000098s ]
INFO: [ app_begin ] --START--
INFO: Run Behavior\ReadHtmlCacheBehavior [ RunTime:0.000061s ]
INFO: [ app_begin ] --END-- [ RunTime:0.000095s ]
INFO: [ view_parse ] --START--
INFO: [ template_filter ] --START--
INFO: Run Behavior\ContentReplaceBehavior [ RunTime:0.000039s ]
INFO: [ template_filter ] --END-- [ RunTime:0.000078s ]
INFO: Run Behavior\ParseTemplateBehavior [ RunTime:0.001757s ]
INFO: [ view_parse ] --END-- [ RunTime:0.001797s ]
INFO: [ view_filter ] --START--
INFO: Run Behavior\WriteHtmlCacheBehavior [ RunTime:0.000061s ]
INFO: [ view_filter ] --END-- [ RunTime:0.000089s ]
INFO: [ app_end ] --START--
INFO: Run Behavior\ShowPageTraceBehavior [ RunTime:0.000054s ]
INFO: [ app_end ] --END-- [ RunTime:0.000082s ]

[ 2019-07-11T18:01:57+08:00 ] 13.52.186.184 /papi/help/download
INFO: [ app_init ] --START--
INFO: Run Behavior\BuildLiteBehavior [ RunTime:0.000011s ]
INFO: [ app_init ] --END-- [ RunTime:0.000083s ]
INFO: [ app_begin ] --START--
INFO: Run Behavior\ReadHtmlCacheBehavior [ RunTime:0.000050s ]
INFO: [ app_begin ] --END-- [ RunTime:0.000076s ]
INFO: [ view_parse ] --START--
INFO: [ template_filter ] --START--
INFO: Run Behavior\ContentReplaceBehavior [ RunTime:0.000029s ]
INFO: [ template_filter ] --END-- [ RunTime:0.000058s ]
INFO: Run Behavior\ParseTemplateBehavior [ RunTime:0.001216s ]
INFO: [ view_parse ] --END-- [ RunTime:0.001244s ]
INFO: [ view_filter ] --START--
INFO: Run Behavior\WriteHtmlCacheBehavior [ RunTime:0.000048s ]
INFO: [ view_filter ] --END-- [ RunTime:0.000065s ]
INFO: [ app_end ] --START--
INFO: Run Behavior\ShowPageTraceBehavior [ RunTime:0.000063s ]
INFO: [ app_end ] --END-- [ RunTime:0.000098s ]

