[ 2019-07-09T00:57:55+08:00 ] 223.114.112.187 /Papi/Market/allcoin
INFO: [ app_init ] --START--
INFO: Run Behavior\BuildLiteBehavior [ RunTime:0.000012s ]
INFO: [ app_init ] --END-- [ RunTime:0.000101s ]
INFO: [ app_begin ] --START--
INFO: Run Behavior\ReadHtmlCacheBehavior [ RunTime:0.000048s ]
INFO: [ app_begin ] --END-- [ RunTime:0.000075s ]
SQL: SHOW COLUMNS FROM `btchanges_market` [ RunTime:0.0012s ]
SQL: SELECT * FROM `btchanges_market` WHERE `status` = 1  [ RunTime:0.0010s ]
SQL: SHOW COLUMNS FROM `btchanges_coin` [ RunTime:0.0008s ]
SQL: SHOW COLUMNS FROM `btchanges_coin` [ RunTime:0.0007s ]
SQL: SELECT `title` FROM `btchanges_coin` WHERE `name` = 'bys' LIMIT 1   [ RunTime:0.0005s ]
SQL: SELECT `imgapp` FROM `btchanges_coin` WHERE `name` = 'bys' LIMIT 1   [ RunTime:0.0004s ]
SQL: SHOW COLUMNS FROM `btchanges_rate` [ RunTime:0.0006s ]
SQL: SELECT `rate` FROM `btchanges_rate` WHERE `id` = 1 LIMIT 1   [ RunTime:0.0009s ]
SQL: SHOW COLUMNS FROM `btchanges_market` [ RunTime:0.0009s ]
SQL: SELECT `title` FROM `btchanges_coin` WHERE `name` = 'btc' LIMIT 1   [ RunTime:0.0005s ]
SQL: SELECT `imgapp` FROM `btchanges_coin` WHERE `name` = 'btc' LIMIT 1   [ RunTime:0.0005s ]
SQL: SELECT `rate` FROM `btchanges_rate` WHERE `id` = 1 LIMIT 1   [ RunTime:0.0004s ]
SQL: SELECT `title` FROM `btchanges_coin` WHERE `name` = 'eos' LIMIT 1   [ RunTime:0.0004s ]
SQL: SELECT `imgapp` FROM `btchanges_coin` WHERE `name` = 'eos' LIMIT 1   [ RunTime:0.0004s ]
SQL: SELECT `rate` FROM `btchanges_rate` WHERE `id` = 1 LIMIT 1   [ RunTime:0.0004s ]
SQL: SELECT `title` FROM `btchanges_coin` WHERE `name` = 'eth' LIMIT 1   [ RunTime:0.0004s ]
SQL: SELECT `imgapp` FROM `btchanges_coin` WHERE `name` = 'eth' LIMIT 1   [ RunTime:0.0004s ]
SQL: SELECT `rate` FROM `btchanges_rate` WHERE `id` = 1 LIMIT 1   [ RunTime:0.0004s ]
SQL: SELECT `title` FROM `btchanges_coin` WHERE `name` = 'bchabc' LIMIT 1   [ RunTime:0.0004s ]
SQL: SELECT `imgapp` FROM `btchanges_coin` WHERE `name` = 'bchabc' LIMIT 1   [ RunTime:0.0005s ]
SQL: SELECT `rate` FROM `btchanges_rate` WHERE `id` = 1 LIMIT 1   [ RunTime:0.0004s ]
SQL: SELECT `title` FROM `btchanges_coin` WHERE `name` = 'xrp' LIMIT 1   [ RunTime:0.0005s ]
SQL: SELECT `imgapp` FROM `btchanges_coin` WHERE `name` = 'xrp' LIMIT 1   [ RunTime:0.0004s ]
SQL: SELECT `rate` FROM `btchanges_rate` WHERE `id` = 1 LIMIT 1   [ RunTime:0.0004s ]
SQL: SELECT `title` FROM `btchanges_coin` WHERE `name` = 'etc' LIMIT 1   [ RunTime:0.0004s ]
SQL: SELECT `imgapp` FROM `btchanges_coin` WHERE `name` = 'etc' LIMIT 1   [ RunTime:0.0004s ]
SQL: SELECT `rate` FROM `btchanges_rate` WHERE `id` = 1 LIMIT 1   [ RunTime:0.0004s ]
SQL: SELECT `title` FROM `btchanges_coin` WHERE `name` = 'ltc' LIMIT 1   [ RunTime:0.0005s ]
SQL: SELECT `imgapp` FROM `btchanges_coin` WHERE `name` = 'ltc' LIMIT 1   [ RunTime:0.0004s ]
SQL: SELECT `rate` FROM `btchanges_rate` WHERE `id` = 1 LIMIT 1   [ RunTime:0.0004s ]
SQL: SELECT `title` FROM `btchanges_coin` WHERE `name` = 'qtum' LIMIT 1   [ RunTime:0.0005s ]
SQL: SELECT `imgapp` FROM `btchanges_coin` WHERE `name` = 'qtum' LIMIT 1   [ RunTime:0.0005s ]
SQL: SELECT `rate` FROM `btchanges_rate` WHERE `id` = 1 LIMIT 1   [ RunTime:0.0004s ]
SQL: SELECT `title` FROM `btchanges_coin` WHERE `name` = 'btm' LIMIT 1   [ RunTime:0.0004s ]
SQL: SELECT `imgapp` FROM `btchanges_coin` WHERE `name` = 'btm' LIMIT 1   [ RunTime:0.0004s ]
SQL: SELECT `rate` FROM `btchanges_rate` WHERE `id` = 1 LIMIT 1   [ RunTime:0.0004s ]
SQL: SELECT `title` FROM `btchanges_coin` WHERE `name` = 'bts' LIMIT 1   [ RunTime:0.0004s ]
SQL: SELECT `imgapp` FROM `btchanges_coin` WHERE `name` = 'bts' LIMIT 1   [ RunTime:0.0004s ]
SQL: SELECT `rate` FROM `btchanges_rate` WHERE `id` = 1 LIMIT 1   [ RunTime:0.0004s ]
SQL: SELECT `title` FROM `btchanges_coin` WHERE `name` = 'mana' LIMIT 1   [ RunTime:0.0004s ]
SQL: SELECT `imgapp` FROM `btchanges_coin` WHERE `name` = 'mana' LIMIT 1   [ RunTime:0.0004s ]
SQL: SELECT `rate` FROM `btchanges_rate` WHERE `id` = 1 LIMIT 1   [ RunTime:0.0005s ]
SQL: SELECT `title` FROM `btchanges_coin` WHERE `name` = 'rcn' LIMIT 1   [ RunTime:0.0004s ]
SQL: SELECT `imgapp` FROM `btchanges_coin` WHERE `name` = 'rcn' LIMIT 1   [ RunTime:0.0004s ]
SQL: SELECT `rate` FROM `btchanges_rate` WHERE `id` = 1 LIMIT 1   [ RunTime:0.0004s ]
SQL: SELECT `title` FROM `btchanges_coin` WHERE `name` = 'eosdac' LIMIT 1   [ RunTime:0.0005s ]
SQL: SELECT `imgapp` FROM `btchanges_coin` WHERE `name` = 'eosdac' LIMIT 1   [ RunTime:0.0005s ]
SQL: SELECT `rate` FROM `btchanges_rate` WHERE `id` = 1 LIMIT 1   [ RunTime:0.0004s ]
SQL: SELECT `title` FROM `btchanges_coin` WHERE `name` = 'bcx' LIMIT 1   [ RunTime:0.0005s ]
SQL: SELECT `imgapp` FROM `btchanges_coin` WHERE `name` = 'bcx' LIMIT 1   [ RunTime:0.0004s ]
SQL: SELECT `rate` FROM `btchanges_rate` WHERE `id` = 1 LIMIT 1   [ RunTime:0.0004s ]
SQL: SELECT `title` FROM `btchanges_coin` WHERE `name` = 'pass' LIMIT 1   [ RunTime:0.0004s ]
SQL: SELECT `imgapp` FROM `btchanges_coin` WHERE `name` = 'pass' LIMIT 1   [ RunTime:0.0004s ]
SQL: SELECT `rate` FROM `btchanges_rate` WHERE `id` = 1 LIMIT 1   [ RunTime:0.0004s ]
SQL: SELECT `title` FROM `btchanges_coin` WHERE `name` = 'doge' LIMIT 1   [ RunTime:0.0005s ]
SQL: SELECT `imgapp` FROM `btchanges_coin` WHERE `name` = 'doge' LIMIT 1   [ RunTime:0.0005s ]
SQL: SELECT `rate` FROM `btchanges_rate` WHERE `id` = 1 LIMIT 1   [ RunTime:0.0005s ]
SQL: SELECT `title` FROM `btchanges_coin` WHERE `name` = 'hc' LIMIT 1   [ RunTime:0.0005s ]
SQL: SELECT `imgapp` FROM `btchanges_coin` WHERE `name` = 'hc' LIMIT 1   [ RunTime:0.0005s ]
SQL: SELECT `rate` FROM `btchanges_rate` WHERE `id` = 1 LIMIT 1   [ RunTime:0.0004s ]
SQL: SELECT `title` FROM `btchanges_coin` WHERE `name` = 'zrx' LIMIT 1   [ RunTime:0.0004s ]
SQL: SELECT `imgapp` FROM `btchanges_coin` WHERE `name` = 'zrx' LIMIT 1   [ RunTime:0.0004s ]
SQL: SELECT `rate` FROM `btchanges_rate` WHERE `id` = 1 LIMIT 1   [ RunTime:0.0004s ]
SQL: SELECT `title` FROM `btchanges_coin` WHERE `name` = 'bchsv' LIMIT 1   [ RunTime:0.0005s ]
SQL: SELECT `imgapp` FROM `btchanges_coin` WHERE `name` = 'bchsv' LIMIT 1   [ RunTime:0.0004s ]
SQL: SELECT `rate` FROM `btchanges_rate` WHERE `id` = 1 LIMIT 1   [ RunTime:0.0004s ]
SQL: SELECT `title` FROM `btchanges_coin` WHERE `name` = 'yhet' LIMIT 1   [ RunTime:0.0004s ]
SQL: SELECT `imgapp` FROM `btchanges_coin` WHERE `name` = 'yhet' LIMIT 1   [ RunTime:0.0004s ]
SQL: SELECT `rate` FROM `btchanges_rate` WHERE `id` = 1 LIMIT 1   [ RunTime:0.0004s ]

[ 2019-07-09T00:57:55+08:00 ] 223.114.112.187 /Papi/Market/allcoin
INFO: [ app_init ] --START--
INFO: Run Behavior\BuildLiteBehavior [ RunTime:0.000011s ]
INFO: [ app_init ] --END-- [ RunTime:0.000083s ]
INFO: [ app_begin ] --START--
INFO: Run Behavior\ReadHtmlCacheBehavior [ RunTime:0.000046s ]
INFO: [ app_begin ] --END-- [ RunTime:0.000071s ]
SQL: SHOW COLUMNS FROM `btchanges_market` [ RunTime:0.0011s ]
SQL: SELECT * FROM `btchanges_market` WHERE `status` = 1  [ RunTime:0.0012s ]
SQL: SHOW COLUMNS FROM `btchanges_coin` [ RunTime:0.0008s ]
SQL: SHOW COLUMNS FROM `btchanges_coin` [ RunTime:0.0008s ]
SQL: SELECT `title` FROM `btchanges_coin` WHERE `name` = 'bys' LIMIT 1   [ RunTime:0.0005s ]
SQL: SELECT `imgapp` FROM `btchanges_coin` WHERE `name` = 'bys' LIMIT 1   [ RunTime:0.0004s ]
SQL: SHOW COLUMNS FROM `btchanges_rate` [ RunTime:0.0006s ]
SQL: SELECT `rate` FROM `btchanges_rate` WHERE `id` = 1 LIMIT 1   [ RunTime:0.0004s ]
SQL: SHOW COLUMNS FROM `btchanges_market` [ RunTime:0.0007s ]
SQL: SELECT `title` FROM `btchanges_coin` WHERE `name` = 'btc' LIMIT 1   [ RunTime:0.0004s ]
SQL: SELECT `imgapp` FROM `btchanges_coin` WHERE `name` = 'btc' LIMIT 1   [ RunTime:0.0004s ]
SQL: SELECT `rate` FROM `btchanges_rate` WHERE `id` = 1 LIMIT 1   [ RunTime:0.0004s ]
SQL: SELECT `title` FROM `btchanges_coin` WHERE `name` = 'eos' LIMIT 1   [ RunTime:0.0004s ]
SQL: SELECT `imgapp` FROM `btchanges_coin` WHERE `name` = 'eos' LIMIT 1   [ RunTime:0.0004s ]
SQL: SELECT `rate` FROM `btchanges_rate` WHERE `id` = 1 LIMIT 1   [ RunTime:0.0004s ]
SQL: SELECT `title` FROM `btchanges_coin` WHERE `name` = 'eth' LIMIT 1   [ RunTime:0.0006s ]
SQL: SELECT `imgapp` FROM `btchanges_coin` WHERE `name` = 'eth' LIMIT 1   [ RunTime:0.0004s ]
SQL: SELECT `rate` FROM `btchanges_rate` WHERE `id` = 1 LIMIT 1   [ RunTime:0.0004s ]
SQL: SELECT `title` FROM `btchanges_coin` WHERE `name` = 'bchabc' LIMIT 1   [ RunTime:0.0005s ]
SQL: SELECT `imgapp` FROM `btchanges_coin` WHERE `name` = 'bchabc' LIMIT 1   [ RunTime:0.0004s ]
SQL: SELECT `rate` FROM `btchanges_rate` WHERE `id` = 1 LIMIT 1   [ RunTime:0.0004s ]
SQL: SELECT `title` FROM `btchanges_coin` WHERE `name` = 'xrp' LIMIT 1   [ RunTime:0.0006s ]
SQL: SELECT `imgapp` FROM `btchanges_coin` WHERE `name` = 'xrp' LIMIT 1   [ RunTime:0.0004s ]
SQL: SELECT `rate` FROM `btchanges_rate` WHERE `id` = 1 LIMIT 1   [ RunTime:0.0004s ]
SQL: SELECT `title` FROM `btchanges_coin` WHERE `name` = 'etc' LIMIT 1   [ RunTime:0.0004s ]
SQL: SELECT `imgapp` FROM `btchanges_coin` WHERE `name` = 'etc' LIMIT 1   [ RunTime:0.0004s ]
SQL: SELECT `rate` FROM `btchanges_rate` WHERE `id` = 1 LIMIT 1   [ RunTime:0.0004s ]
SQL: SELECT `title` FROM `btchanges_coin` WHERE `name` = 'ltc' LIMIT 1   [ RunTime:0.0004s ]
SQL: SELECT `imgapp` FROM `btchanges_coin` WHERE `name` = 'ltc' LIMIT 1   [ RunTime:0.0006s ]
SQL: SELECT `rate` FROM `btchanges_rate` WHERE `id` = 1 LIMIT 1   [ RunTime:0.0004s ]
SQL: SELECT `title` FROM `btchanges_coin` WHERE `name` = 'qtum' LIMIT 1   [ RunTime:0.0004s ]
SQL: SELECT `imgapp` FROM `btchanges_coin` WHERE `name` = 'qtum' LIMIT 1   [ RunTime:0.0004s ]
SQL: SELECT `rate` FROM `btchanges_rate` WHERE `id` = 1 LIMIT 1   [ RunTime:0.0004s ]
SQL: SELECT `title` FROM `btchanges_coin` WHERE `name` = 'btm' LIMIT 1   [ RunTime:0.0004s ]
SQL: SELECT `imgapp` FROM `btchanges_coin` WHERE `name` = 'btm' LIMIT 1   [ RunTime:0.0004s ]
SQL: SELECT `rate` FROM `btchanges_rate` WHERE `id` = 1 LIMIT 1   [ RunTime:0.0004s ]
SQL: SELECT `title` FROM `btchanges_coin` WHERE `name` = 'bts' LIMIT 1   [ RunTime:0.0004s ]
SQL: SELECT `imgapp` FROM `btchanges_coin` WHERE `name` = 'bts' LIMIT 1   [ RunTime:0.0004s ]
SQL: SELECT `rate` FROM `btchanges_rate` WHERE `id` = 1 LIMIT 1   [ RunTime:0.0004s ]
SQL: SELECT `title` FROM `btchanges_coin` WHERE `name` = 'mana' LIMIT 1   [ RunTime:0.0005s ]
SQL: SELECT `imgapp` FROM `btchanges_coin` WHERE `name` = 'mana' LIMIT 1   [ RunTime:0.0004s ]
SQL: SELECT `rate` FROM `btchanges_rate` WHERE `id` = 1 LIMIT 1   [ RunTime:0.0004s ]
SQL: SELECT `title` FROM `btchanges_coin` WHERE `name` = 'rcn' LIMIT 1   [ RunTime:0.0005s ]
SQL: SELECT `imgapp` FROM `btchanges_coin` WHERE `name` = 'rcn' LIMIT 1   [ RunTime:0.0004s ]
SQL: SELECT `rate` FROM `btchanges_rate` WHERE `id` = 1 LIMIT 1   [ RunTime:0.0004s ]
SQL: SELECT `title` FROM `btchanges_coin` WHERE `name` = 'eosdac' LIMIT 1   [ RunTime:0.0005s ]
SQL: SELECT `imgapp` FROM `btchanges_coin` WHERE `name` = 'eosdac' LIMIT 1   [ RunTime:0.0004s ]
SQL: SELECT `rate` FROM `btchanges_rate` WHERE `id` = 1 LIMIT 1   [ RunTime:0.0004s ]
SQL: SELECT `title` FROM `btchanges_coin` WHERE `name` = 'bcx' LIMIT 1   [ RunTime:0.0004s ]
SQL: SELECT `imgapp` FROM `btchanges_coin` WHERE `name` = 'bcx' LIMIT 1   [ RunTime:0.0004s ]
SQL: SELECT `rate` FROM `btchanges_rate` WHERE `id` = 1 LIMIT 1   [ RunTime:0.0004s ]
SQL: SELECT `title` FROM `btchanges_coin` WHERE `name` = 'pass' LIMIT 1   [ RunTime:0.0004s ]
SQL: SELECT `imgapp` FROM `btchanges_coin` WHERE `name` = 'pass' LIMIT 1   [ RunTime:0.0005s ]
SQL: SELECT `rate` FROM `btchanges_rate` WHERE `id` = 1 LIMIT 1   [ RunTime:0.0004s ]
SQL: SELECT `title` FROM `btchanges_coin` WHERE `name` = 'doge' LIMIT 1   [ RunTime:0.0004s ]
SQL: SELECT `imgapp` FROM `btchanges_coin` WHERE `name` = 'doge' LIMIT 1   [ RunTime:0.0004s ]
SQL: SELECT `rate` FROM `btchanges_rate` WHERE `id` = 1 LIMIT 1   [ RunTime:0.0004s ]
SQL: SELECT `title` FROM `btchanges_coin` WHERE `name` = 'hc' LIMIT 1   [ RunTime:0.0005s ]
SQL: SELECT `imgapp` FROM `btchanges_coin` WHERE `name` = 'hc' LIMIT 1   [ RunTime:0.0005s ]
SQL: SELECT `rate` FROM `btchanges_rate` WHERE `id` = 1 LIMIT 1   [ RunTime:0.0004s ]
SQL: SELECT `title` FROM `btchanges_coin` WHERE `name` = 'zrx' LIMIT 1   [ RunTime:0.0004s ]
SQL: SELECT `imgapp` FROM `btchanges_coin` WHERE `name` = 'zrx' LIMIT 1   [ RunTime:0.0004s ]
SQL: SELECT `rate` FROM `btchanges_rate` WHERE `id` = 1 LIMIT 1   [ RunTime:0.0004s ]
SQL: SELECT `title` FROM `btchanges_coin` WHERE `name` = 'bchsv' LIMIT 1   [ RunTime:0.0004s ]
SQL: SELECT `imgapp` FROM `btchanges_coin` WHERE `name` = 'bchsv' LIMIT 1   [ RunTime:0.0004s ]
SQL: SELECT `rate` FROM `btchanges_rate` WHERE `id` = 1 LIMIT 1   [ RunTime:0.0004s ]
SQL: SELECT `title` FROM `btchanges_coin` WHERE `name` = 'yhet' LIMIT 1   [ RunTime:0.0004s ]
SQL: SELECT `imgapp` FROM `btchanges_coin` WHERE `name` = 'yhet' LIMIT 1   [ RunTime:0.0005s ]
SQL: SELECT `rate` FROM `btchanges_rate` WHERE `id` = 1 LIMIT 1   [ RunTime:0.0004s ]

[ 2019-07-09T00:57:56+08:00 ] 223.114.112.187 /Papi/Trade/getDepth?jmcode=6130463E4B09E6F2F8B29673104CD70EBAFADEEE33B1D248EF80208C0567E0DB
INFO: [ app_init ] --START--
INFO: Run Behavior\BuildLiteBehavior [ RunTime:0.000011s ]
INFO: [ app_init ] --END-- [ RunTime:0.000095s ]
INFO: [ app_begin ] --START--
INFO: Run Behavior\ReadHtmlCacheBehavior [ RunTime:0.000055s ]
INFO: [ app_begin ] --END-- [ RunTime:0.000085s ]
SQL: SHOW COLUMNS FROM `btchanges_market` [ RunTime:0.0010s ]
SQL: SELECT * FROM `btchanges_market` WHERE `name` = 'eth_usdt' LIMIT 1   [ RunTime:0.0007s ]
SQL: SHOW COLUMNS FROM `btchanges_rate` [ RunTime:0.0006s ]
SQL: SELECT `rate` FROM `btchanges_rate` WHERE `id` = 1 LIMIT 1   [ RunTime:0.0004s ]

[ 2019-07-09T00:57:56+08:00 ] 223.114.112.187 /Papi/Share/current_assets?jmcode=6130463E4B09E6F2F8B29673104CD70E7F5CDB7E99EBF88D41D73A178DB40275AEBBCB89723B7D0C2B6AADC3289E3545
INFO: [ app_init ] --START--
INFO: Run Behavior\BuildLiteBehavior [ RunTime:0.000014s ]
INFO: [ app_init ] --END-- [ RunTime:0.000146s ]
INFO: [ app_begin ] --START--
INFO: Run Behavior\ReadHtmlCacheBehavior [ RunTime:0.000047s ]
INFO: [ app_begin ] --END-- [ RunTime:0.000071s ]
SQL: SHOW COLUMNS FROM `btchanges_user` [ RunTime:0.0008s ]
SQL: SELECT * FROM `btchanges_user` WHERE `id` = 124 LIMIT 1   [ RunTime:0.0007s ]
SQL: SHOW COLUMNS FROM `btchanges_user_coin` [ RunTime:0.0017s ]
SQL: SELECT * FROM `btchanges_user_coin` WHERE `userid` = 124 LIMIT 1   [ RunTime:0.0011s ]
SQL: SHOW COLUMNS FROM `btchanges_user_coin` [ RunTime:0.0017s ]
SQL: SELECT * FROM `btchanges_user_coin` WHERE `userid` = 124 LIMIT 1   [ RunTime:0.0009s ]
SQL: SHOW COLUMNS FROM `btchanges_coin` [ RunTime:0.0007s ]
SQL: SELECT `name` FROM `btchanges_coin` WHERE `status` = 1  [ RunTime:0.0005s ]
SQL: SHOW COLUMNS FROM `btchanges_market` [ RunTime:0.0007s ]
SQL: SELECT `new_price` FROM `btchanges_market` WHERE `name` = 'bys_usdt' LIMIT 1   [ RunTime:0.0004s ]
SQL: SELECT `new_price` FROM `btchanges_market` WHERE `name` = 'btc_usdt' LIMIT 1   [ RunTime:0.0004s ]
SQL: SELECT `new_price` FROM `btchanges_market` WHERE `name` = 'eos_usdt' LIMIT 1   [ RunTime:0.0004s ]
SQL: SELECT `new_price` FROM `btchanges_market` WHERE `name` = 'eth_usdt' LIMIT 1   [ RunTime:0.0004s ]
SQL: SELECT `new_price` FROM `btchanges_market` WHERE `name` = 'bchabc_usdt' LIMIT 1   [ RunTime:0.0004s ]
SQL: SELECT `new_price` FROM `btchanges_market` WHERE `name` = 'xrp_usdt' LIMIT 1   [ RunTime:0.0004s ]
SQL: SELECT `new_price` FROM `btchanges_market` WHERE `name` = 'etc_usdt' LIMIT 1   [ RunTime:0.0004s ]
SQL: SELECT `new_price` FROM `btchanges_market` WHERE `name` = 'ltc_usdt' LIMIT 1   [ RunTime:0.0004s ]
SQL: SELECT `new_price` FROM `btchanges_market` WHERE `name` = 'qtum_usdt' LIMIT 1   [ RunTime:0.0004s ]
SQL: SELECT `new_price` FROM `btchanges_market` WHERE `name` = 'btm_usdt' LIMIT 1   [ RunTime:0.0004s ]
SQL: SELECT `new_price` FROM `btchanges_market` WHERE `name` = 'bts_usdt' LIMIT 1   [ RunTime:0.0004s ]
SQL: SELECT `new_price` FROM `btchanges_market` WHERE `name` = 'mana_usdt' LIMIT 1   [ RunTime:0.0004s ]
SQL: SELECT `new_price` FROM `btchanges_market` WHERE `name` = 'rcn_usdt' LIMIT 1   [ RunTime:0.0004s ]
SQL: SELECT `new_price` FROM `btchanges_market` WHERE `name` = 'eosdac_usdt' LIMIT 1   [ RunTime:0.0004s ]
SQL: SELECT `new_price` FROM `btchanges_market` WHERE `name` = 'bcx_usdt' LIMIT 1   [ RunTime:0.0004s ]
SQL: SELECT `new_price` FROM `btchanges_market` WHERE `name` = 'pass_usdt' LIMIT 1   [ RunTime:0.0004s ]
SQL: SELECT `new_price` FROM `btchanges_market` WHERE `name` = 'doge_usdt' LIMIT 1   [ RunTime:0.0004s ]
SQL: SELECT `new_price` FROM `btchanges_market` WHERE `name` = 'hc_usdt' LIMIT 1   [ RunTime:0.0004s ]
SQL: SELECT `new_price` FROM `btchanges_market` WHERE `name` = 'zrx_usdt' LIMIT 1   [ RunTime:0.0004s ]
SQL: SELECT `new_price` FROM `btchanges_market` WHERE `name` = 'bchsv_usdt' LIMIT 1   [ RunTime:0.0004s ]
SQL: SELECT `new_price` FROM `btchanges_market` WHERE `name` = 'yhet_usdt' LIMIT 1   [ RunTime:0.0004s ]
SQL: SHOW COLUMNS FROM `btchanges_rate` [ RunTime:0.0005s ]
SQL: SELECT `rate` FROM `btchanges_rate` WHERE `id` = 1 LIMIT 1   [ RunTime:0.0004s ]

[ 2019-07-09T00:57:56+08:00 ] 223.114.112.187 /Papi/Share/current_assets?jmcode=6130463E4B09E6F2F8B29673104CD70E7F5CDB7E99EBF88D41D73A178DB40275AEBBCB89723B7D0C2B6AADC3289E3545
INFO: [ app_init ] --START--
INFO: Run Behavior\BuildLiteBehavior [ RunTime:0.000013s ]
INFO: [ app_init ] --END-- [ RunTime:0.000096s ]
INFO: [ app_begin ] --START--
INFO: Run Behavior\ReadHtmlCacheBehavior [ RunTime:0.000048s ]
INFO: [ app_begin ] --END-- [ RunTime:0.000073s ]
SQL: SHOW COLUMNS FROM `btchanges_user` [ RunTime:0.0008s ]
SQL: SELECT * FROM `btchanges_user` WHERE `id` = 124 LIMIT 1   [ RunTime:0.0006s ]
SQL: SHOW COLUMNS FROM `btchanges_user_coin` [ RunTime:0.0017s ]
SQL: SELECT * FROM `btchanges_user_coin` WHERE `userid` = 124 LIMIT 1   [ RunTime:0.0010s ]
SQL: SHOW COLUMNS FROM `btchanges_user_coin` [ RunTime:0.0017s ]
SQL: SELECT * FROM `btchanges_user_coin` WHERE `userid` = 124 LIMIT 1   [ RunTime:0.0009s ]
SQL: SHOW COLUMNS FROM `btchanges_coin` [ RunTime:0.0008s ]
SQL: SELECT `name` FROM `btchanges_coin` WHERE `status` = 1  [ RunTime:0.0005s ]
SQL: SHOW COLUMNS FROM `btchanges_market` [ RunTime:0.0007s ]
SQL: SELECT `new_price` FROM `btchanges_market` WHERE `name` = 'bys_usdt' LIMIT 1   [ RunTime:0.0005s ]
SQL: SELECT `new_price` FROM `btchanges_market` WHERE `name` = 'btc_usdt' LIMIT 1   [ RunTime:0.0004s ]
SQL: SELECT `new_price` FROM `btchanges_market` WHERE `name` = 'eos_usdt' LIMIT 1   [ RunTime:0.0004s ]
SQL: SELECT `new_price` FROM `btchanges_market` WHERE `name` = 'eth_usdt' LIMIT 1   [ RunTime:0.0004s ]
SQL: SELECT `new_price` FROM `btchanges_market` WHERE `name` = 'bchabc_usdt' LIMIT 1   [ RunTime:0.0004s ]
SQL: SELECT `new_price` FROM `btchanges_market` WHERE `name` = 'xrp_usdt' LIMIT 1   [ RunTime:0.0004s ]
SQL: SELECT `new_price` FROM `btchanges_market` WHERE `name` = 'etc_usdt' LIMIT 1   [ RunTime:0.0004s ]
SQL: SELECT `new_price` FROM `btchanges_market` WHERE `name` = 'ltc_usdt' LIMIT 1   [ RunTime:0.0004s ]
SQL: SELECT `new_price` FROM `btchanges_market` WHERE `name` = 'qtum_usdt' LIMIT 1   [ RunTime:0.0004s ]
SQL: SELECT `new_price` FROM `btchanges_market` WHERE `name` = 'btm_usdt' LIMIT 1   [ RunTime:0.0004s ]
SQL: SELECT `new_price` FROM `btchanges_market` WHERE `name` = 'bts_usdt' LIMIT 1   [ RunTime:0.0004s ]
SQL: SELECT `new_price` FROM `btchanges_market` WHERE `name` = 'mana_usdt' LIMIT 1   [ RunTime:0.0004s ]
SQL: SELECT `new_price` FROM `btchanges_market` WHERE `name` = 'rcn_usdt' LIMIT 1   [ RunTime:0.0004s ]
SQL: SELECT `new_price` FROM `btchanges_market` WHERE `name` = 'eosdac_usdt' LIMIT 1   [ RunTime:0.0004s ]
SQL: SELECT `new_price` FROM `btchanges_market` WHERE `name` = 'bcx_usdt' LIMIT 1   [ RunTime:0.0004s ]
SQL: SELECT `new_price` FROM `btchanges_market` WHERE `name` = 'pass_usdt' LIMIT 1   [ RunTime:0.0005s ]
SQL: SELECT `new_price` FROM `btchanges_market` WHERE `name` = 'doge_usdt' LIMIT 1   [ RunTime:0.0004s ]
SQL: SELECT `new_price` FROM `btchanges_market` WHERE `name` = 'hc_usdt' LIMIT 1   [ RunTime:0.0004s ]
SQL: SELECT `new_price` FROM `btchanges_market` WHERE `name` = 'zrx_usdt' LIMIT 1   [ RunTime:0.0005s ]
SQL: SELECT `new_price` FROM `btchanges_market` WHERE `name` = 'bchsv_usdt' LIMIT 1   [ RunTime:0.0004s ]
SQL: SELECT `new_price` FROM `btchanges_market` WHERE `name` = 'yhet_usdt' LIMIT 1   [ RunTime:0.0004s ]
SQL: SHOW COLUMNS FROM `btchanges_rate` [ RunTime:0.0006s ]
SQL: SELECT `rate` FROM `btchanges_rate` WHERE `id` = 1 LIMIT 1   [ RunTime:0.0004s ]

[ 2019-07-09T00:57:56+08:00 ] 223.114.112.187 /Papi/Share/current_assets?jmcode=6130463E4B09E6F2F8B29673104CD70E7F5CDB7E99EBF88D41D73A178DB40275AEBBCB89723B7D0C2B6AADC3289E3545
INFO: [ app_init ] --START--
INFO: Run Behavior\BuildLiteBehavior [ RunTime:0.000008s ]
INFO: [ app_init ] --END-- [ RunTime:0.000072s ]
INFO: [ app_begin ] --START--
INFO: Run Behavior\ReadHtmlCacheBehavior [ RunTime:0.000043s ]
INFO: [ app_begin ] --END-- [ RunTime:0.000067s ]
SQL: SHOW COLUMNS FROM `btchanges_user` [ RunTime:0.0008s ]
SQL: SELECT * FROM `btchanges_user` WHERE `id` = 124 LIMIT 1   [ RunTime:0.0006s ]
SQL: SHOW COLUMNS FROM `btchanges_user_coin` [ RunTime:0.0018s ]
SQL: SELECT * FROM `btchanges_user_coin` WHERE `userid` = 124 LIMIT 1   [ RunTime:0.0010s ]
SQL: SHOW COLUMNS FROM `btchanges_user_coin` [ RunTime:0.0019s ]
SQL: SELECT * FROM `btchanges_user_coin` WHERE `userid` = 124 LIMIT 1   [ RunTime:0.0009s ]
SQL: SHOW COLUMNS FROM `btchanges_coin` [ RunTime:0.0009s ]
SQL: SELECT `name` FROM `btchanges_coin` WHERE `status` = 1  [ RunTime:0.0005s ]
SQL: SHOW COLUMNS FROM `btchanges_market` [ RunTime:0.0008s ]
SQL: SELECT `new_price` FROM `btchanges_market` WHERE `name` = 'bys_usdt' LIMIT 1   [ RunTime:0.0005s ]
SQL: SELECT `new_price` FROM `btchanges_market` WHERE `name` = 'btc_usdt' LIMIT 1   [ RunTime:0.0004s ]
SQL: SELECT `new_price` FROM `btchanges_market` WHERE `name` = 'eos_usdt' LIMIT 1   [ RunTime:0.0004s ]
SQL: SELECT `new_price` FROM `btchanges_market` WHERE `name` = 'eth_usdt' LIMIT 1   [ RunTime:0.0004s ]
SQL: SELECT `new_price` FROM `btchanges_market` WHERE `name` = 'bchabc_usdt' LIMIT 1   [ RunTime:0.0004s ]
SQL: SELECT `new_price` FROM `btchanges_market` WHERE `name` = 'xrp_usdt' LIMIT 1   [ RunTime:0.0004s ]
SQL: SELECT `new_price` FROM `btchanges_market` WHERE `name` = 'etc_usdt' LIMIT 1   [ RunTime:0.0004s ]
SQL: SELECT `new_price` FROM `btchanges_market` WHERE `name` = 'ltc_usdt' LIMIT 1   [ RunTime:0.0004s ]
SQL: SELECT `new_price` FROM `btchanges_market` WHERE `name` = 'qtum_usdt' LIMIT 1   [ RunTime:0.0004s ]
SQL: SELECT `new_price` FROM `btchanges_market` WHERE `name` = 'btm_usdt' LIMIT 1   [ RunTime:0.0004s ]
SQL: SELECT `new_price` FROM `btchanges_market` WHERE `name` = 'bts_usdt' LIMIT 1   [ RunTime:0.0004s ]
SQL: SELECT `new_price` FROM `btchanges_market` WHERE `name` = 'mana_usdt' LIMIT 1   [ RunTime:0.0004s ]
SQL: SELECT `new_price` FROM `btchanges_market` WHERE `name` = 'rcn_usdt' LIMIT 1   [ RunTime:0.0004s ]
SQL: SELECT `new_price` FROM `btchanges_market` WHERE `name` = 'eosdac_usdt' LIMIT 1   [ RunTime:0.0004s ]
SQL: SELECT `new_price` FROM `btchanges_market` WHERE `name` = 'bcx_usdt' LIMIT 1   [ RunTime:0.0005s ]
SQL: SELECT `new_price` FROM `btchanges_market` WHERE `name` = 'pass_usdt' LIMIT 1   [ RunTime:0.0004s ]
SQL: SELECT `new_price` FROM `btchanges_market` WHERE `name` = 'doge_usdt' LIMIT 1   [ RunTime:0.0004s ]
SQL: SELECT `new_price` FROM `btchanges_market` WHERE `name` = 'hc_usdt' LIMIT 1   [ RunTime:0.0004s ]
SQL: SELECT `new_price` FROM `btchanges_market` WHERE `name` = 'zrx_usdt' LIMIT 1   [ RunTime:0.0004s ]
SQL: SELECT `new_price` FROM `btchanges_market` WHERE `name` = 'bchsv_usdt' LIMIT 1   [ RunTime:0.0005s ]
SQL: SELECT `new_price` FROM `btchanges_market` WHERE `name` = 'yhet_usdt' LIMIT 1   [ RunTime:0.0004s ]
SQL: SHOW COLUMNS FROM `btchanges_rate` [ RunTime:0.0006s ]
SQL: SELECT `rate` FROM `btchanges_rate` WHERE `id` = 1 LIMIT 1   [ RunTime:0.0004s ]

[ 2019-07-09T00:57:56+08:00 ] 223.114.112.187 /Papi/Trade/myEntrust?jmcode=7A0B5CCC626BAA631E10755DC62F06A64E85F6A62874EBFB9CA5BEE8F1D8CF698EDEAB1F51D71B333C8DBAC54D4C3D79ADCEB6F1C22548E115E02EF2B99FF05F9416F5BDF15F23C5D43EC22C09407F86
INFO: [ app_init ] --START--
INFO: Run Behavior\BuildLiteBehavior [ RunTime:0.000011s ]
INFO: [ app_init ] --END-- [ RunTime:0.000087s ]
INFO: [ app_begin ] --START--
INFO: Run Behavior\ReadHtmlCacheBehavior [ RunTime:0.000047s ]
INFO: [ app_begin ] --END-- [ RunTime:0.000072s ]
NOTIC: [8] Undefined index: order /www/wwwroot/bnb/Application/Papi/Controller/TradeController.class.php 第 123 行.
SQL: SHOW COLUMNS FROM `btchanges_trade` [ RunTime:0.0008s ]
SQL: SELECT * FROM `btchanges_trade` WHERE `userid` = 124 AND `status` = 0 ORDER BY addtime desc LIMIT 0,15   [ RunTime:0.0006s ]
SQL: SHOW COLUMNS FROM `btchanges_market` [ RunTime:0.0007s ]
SQL: SELECT * FROM `btchanges_market` WHERE `name` = 'eth_usdt' LIMIT 1   [ RunTime:0.0006s ]

[ 2019-07-09T00:57:57+08:00 ] 223.114.112.187 /Papi/Article/notice
INFO: [ app_init ] --START--
INFO: Run Behavior\BuildLiteBehavior [ RunTime:0.000010s ]
INFO: [ app_init ] --END-- [ RunTime:0.000083s ]
INFO: [ app_begin ] --START--
INFO: Run Behavior\ReadHtmlCacheBehavior [ RunTime:0.000048s ]
INFO: [ app_begin ] --END-- [ RunTime:0.000071s ]
SQL: SHOW COLUMNS FROM `btchanges_article` [ RunTime:0.0010s ]
SQL: SELECT * FROM `btchanges_article` WHERE `type` = 'communique' AND `index` = 1 ORDER BY sort asc ,id desc LIMIT 1   [ RunTime:0.0007s ]

[ 2019-07-09T00:57:57+08:00 ] 223.114.112.187 /Papi/Trade/myEntrust?jmcode=D71890F2F8F0418B073749718CABF158AF72AAFC1542297D49E5C7F5A182F2514614F9099B6876017AEE03C107B03352FF0C0B5F39B0DCF32161CC19EB9DF8DB72140489EEA7C588AD7827507B772C18
INFO: [ app_init ] --START--
INFO: Run Behavior\BuildLiteBehavior [ RunTime:0.000010s ]
INFO: [ app_init ] --END-- [ RunTime:0.000077s ]
INFO: [ app_begin ] --START--
INFO: Run Behavior\ReadHtmlCacheBehavior [ RunTime:0.000047s ]
INFO: [ app_begin ] --END-- [ RunTime:0.000071s ]
NOTIC: [8] Undefined index: order /www/wwwroot/bnb/Application/Papi/Controller/TradeController.class.php 第 123 行.
SQL: SHOW COLUMNS FROM `btchanges_trade` [ RunTime:0.0008s ]
SQL: SELECT * FROM `btchanges_trade` WHERE `userid` = 124 AND `market` = 'eth_usdt' AND `status` = 0 ORDER BY addtime desc LIMIT 0,15   [ RunTime:0.0007s ]
SQL: SHOW COLUMNS FROM `btchanges_market` [ RunTime:0.0010s ]
SQL: SELECT * FROM `btchanges_market` WHERE `name` = 'eth_usdt' LIMIT 1   [ RunTime:0.0007s ]

[ 2019-07-09T00:57:57+08:00 ] 223.114.112.187 /Papi/Trade/myDeal?jmcode=6130463E4B09E6F2F8B29673104CD70E2B3E136C9FCE486E4AFABE2E02C41A54A8CB890EC7885F45A5438177C7F44F9D5D07CC875D1FCF19270C4908DB3CC397
INFO: [ app_init ] --START--
INFO: Run Behavior\BuildLiteBehavior [ RunTime:0.000010s ]
INFO: [ app_init ] --END-- [ RunTime:0.000097s ]
INFO: [ app_begin ] --START--
INFO: Run Behavior\ReadHtmlCacheBehavior [ RunTime:0.000047s ]
INFO: [ app_begin ] --END-- [ RunTime:0.000072s ]
NOTIC: [8] Undefined index: order /www/wwwroot/bnb/Application/Papi/Controller/TradeController.class.php 第 194 行.
SQL: SHOW COLUMNS FROM `btchanges_market` [ RunTime:0.0008s ]
SQL: SELECT * FROM `btchanges_market` WHERE `name` = 'eth_usdt' LIMIT 1   [ RunTime:0.0006s ]
SQL: SHOW COLUMNS FROM `btchanges_trade_log` [ RunTime:0.0006s ]
SQL: SELECT * FROM `btchanges_trade_log` WHERE ( ((userid=124) || (peerid=124)) && market='eth_usdt' ) ORDER BY addtime desc LIMIT 0,15   [ RunTime:0.0088s ]

[ 2019-07-09T00:57:57+08:00 ] 223.114.112.187 /Papi/Activity/getActivity
INFO: [ app_init ] --START--
INFO: Run Behavior\BuildLiteBehavior [ RunTime:0.000010s ]
INFO: [ app_init ] --END-- [ RunTime:0.000084s ]
INFO: [ app_begin ] --START--
INFO: Run Behavior\ReadHtmlCacheBehavior [ RunTime:0.000047s ]
INFO: [ app_begin ] --END-- [ RunTime:0.000072s ]
SQL: SHOW COLUMNS FROM `btchanges_activity` [ RunTime:0.0008s ]
SQL: SELECT * FROM `btchanges_activity` ORDER BY id desc LIMIT 1   [ RunTime:0.0005s ]

[ 2019-07-09T00:57:57+08:00 ] 223.114.112.187 /Papi/Trade/myDeal?jmcode=6130463E4B09E6F2F8B29673104CD70E2B3E136C9FCE486E4AFABE2E02C41A54A8CB890EC7885F45A5438177C7F44F9D5D07CC875D1FCF19270C4908DB3CC397
INFO: [ app_init ] --START--
INFO: Run Behavior\BuildLiteBehavior [ RunTime:0.000022s ]
INFO: [ app_init ] --END-- [ RunTime:0.000095s ]
INFO: [ app_begin ] --START--
INFO: Run Behavior\ReadHtmlCacheBehavior [ RunTime:0.000045s ]
INFO: [ app_begin ] --END-- [ RunTime:0.000068s ]
NOTIC: [8] Undefined index: order /www/wwwroot/bnb/Application/Papi/Controller/TradeController.class.php 第 194 行.
SQL: SHOW COLUMNS FROM `btchanges_market` [ RunTime:0.0008s ]
SQL: SELECT * FROM `btchanges_market` WHERE `name` = 'eth_usdt' LIMIT 1   [ RunTime:0.0006s ]
SQL: SHOW COLUMNS FROM `btchanges_trade_log` [ RunTime:0.0006s ]
SQL: SELECT * FROM `btchanges_trade_log` WHERE ( ((userid=124) || (peerid=124)) && market='eth_usdt' ) ORDER BY addtime desc LIMIT 0,15   [ RunTime:0.0026s ]

[ 2019-07-09T00:57:57+08:00 ] 223.114.112.187 /Papi/Market/allcoin
INFO: [ app_init ] --START--
INFO: Run Behavior\BuildLiteBehavior [ RunTime:0.000009s ]
INFO: [ app_init ] --END-- [ RunTime:0.000073s ]
INFO: [ app_begin ] --START--
INFO: Run Behavior\ReadHtmlCacheBehavior [ RunTime:0.000076s ]
INFO: [ app_begin ] --END-- [ RunTime:0.000103s ]
SQL: SHOW COLUMNS FROM `btchanges_market` [ RunTime:0.0009s ]
SQL: SELECT * FROM `btchanges_market` WHERE `status` = 1  [ RunTime:0.0010s ]
SQL: SHOW COLUMNS FROM `btchanges_coin` [ RunTime:0.0008s ]
SQL: SHOW COLUMNS FROM `btchanges_coin` [ RunTime:0.0008s ]
SQL: SELECT `title` FROM `btchanges_coin` WHERE `name` = 'bys' LIMIT 1   [ RunTime:0.0008s ]
SQL: SELECT `imgapp` FROM `btchanges_coin` WHERE `name` = 'bys' LIMIT 1   [ RunTime:0.0004s ]
SQL: SHOW COLUMNS FROM `btchanges_rate` [ RunTime:0.0005s ]
SQL: SELECT `rate` FROM `btchanges_rate` WHERE `id` = 1 LIMIT 1   [ RunTime:0.0004s ]
SQL: SHOW COLUMNS FROM `btchanges_market` [ RunTime:0.0008s ]
SQL: SELECT `title` FROM `btchanges_coin` WHERE `name` = 'btc' LIMIT 1   [ RunTime:0.0004s ]
SQL: SELECT `imgapp` FROM `btchanges_coin` WHERE `name` = 'btc' LIMIT 1   [ RunTime:0.0004s ]
SQL: SELECT `rate` FROM `btchanges_rate` WHERE `id` = 1 LIMIT 1   [ RunTime:0.0004s ]
SQL: SELECT `title` FROM `btchanges_coin` WHERE `name` = 'eos' LIMIT 1   [ RunTime:0.0005s ]
SQL: SELECT `imgapp` FROM `btchanges_coin` WHERE `name` = 'eos' LIMIT 1   [ RunTime:0.0004s ]
SQL: SELECT `rate` FROM `btchanges_rate` WHERE `id` = 1 LIMIT 1   [ RunTime:0.0005s ]
SQL: SELECT `title` FROM `btchanges_coin` WHERE `name` = 'eth' LIMIT 1   [ RunTime:0.0005s ]
SQL: SELECT `imgapp` FROM `btchanges_coin` WHERE `name` = 'eth' LIMIT 1   [ RunTime:0.0005s ]
SQL: SELECT `rate` FROM `btchanges_rate` WHERE `id` = 1 LIMIT 1   [ RunTime:0.0004s ]
SQL: SELECT `title` FROM `btchanges_coin` WHERE `name` = 'bchabc' LIMIT 1   [ RunTime:0.0004s ]
SQL: SELECT `imgapp` FROM `btchanges_coin` WHERE `name` = 'bchabc' LIMIT 1   [ RunTime:0.0004s ]
SQL: SELECT `rate` FROM `btchanges_rate` WHERE `id` = 1 LIMIT 1   [ RunTime:0.0004s ]
SQL: SELECT `title` FROM `btchanges_coin` WHERE `name` = 'xrp' LIMIT 1   [ RunTime:0.0004s ]
SQL: SELECT `imgapp` FROM `btchanges_coin` WHERE `name` = 'xrp' LIMIT 1   [ RunTime:0.0004s ]
SQL: SELECT `rate` FROM `btchanges_rate` WHERE `id` = 1 LIMIT 1   [ RunTime:0.0004s ]
SQL: SELECT `title` FROM `btchanges_coin` WHERE `name` = 'etc' LIMIT 1   [ RunTime:0.0004s ]
SQL: SELECT `imgapp` FROM `btchanges_coin` WHERE `name` = 'etc' LIMIT 1   [ RunTime:0.0004s ]
SQL: SELECT `rate` FROM `btchanges_rate` WHERE `id` = 1 LIMIT 1   [ RunTime:0.0004s ]
SQL: SELECT `title` FROM `btchanges_coin` WHERE `name` = 'ltc' LIMIT 1   [ RunTime:0.0004s ]
SQL: SELECT `imgapp` FROM `btchanges_coin` WHERE `name` = 'ltc' LIMIT 1   [ RunTime:0.0005s ]
SQL: SELECT `rate` FROM `btchanges_rate` WHERE `id` = 1 LIMIT 1   [ RunTime:0.0004s ]
SQL: SELECT `title` FROM `btchanges_coin` WHERE `name` = 'qtum' LIMIT 1   [ RunTime:0.0004s ]
SQL: SELECT `imgapp` FROM `btchanges_coin` WHERE `name` = 'qtum' LIMIT 1   [ RunTime:0.0004s ]
SQL: SELECT `rate` FROM `btchanges_rate` WHERE `id` = 1 LIMIT 1   [ RunTime:0.0004s ]
SQL: SELECT `title` FROM `btchanges_coin` WHERE `name` = 'btm' LIMIT 1   [ RunTime:0.0004s ]
SQL: SELECT `imgapp` FROM `btchanges_coin` WHERE `name` = 'btm' LIMIT 1   [ RunTime:0.0004s ]
SQL: SELECT `rate` FROM `btchanges_rate` WHERE `id` = 1 LIMIT 1   [ RunTime:0.0004s ]
SQL: SELECT `title` FROM `btchanges_coin` WHERE `name` = 'bts' LIMIT 1   [ RunTime:0.0004s ]
SQL: SELECT `imgapp` FROM `btchanges_coin` WHERE `name` = 'bts' LIMIT 1   [ RunTime:0.0004s ]
SQL: SELECT `rate` FROM `btchanges_rate` WHERE `id` = 1 LIMIT 1   [ RunTime:0.0004s ]
SQL: SELECT `title` FROM `btchanges_coin` WHERE `name` = 'mana' LIMIT 1   [ RunTime:0.0004s ]
SQL: SELECT `imgapp` FROM `btchanges_coin` WHERE `name` = 'mana' LIMIT 1   [ RunTime:0.0004s ]
SQL: SELECT `rate` FROM `btchanges_rate` WHERE `id` = 1 LIMIT 1   [ RunTime:0.0004s ]
SQL: SELECT `title` FROM `btchanges_coin` WHERE `name` = 'rcn' LIMIT 1   [ RunTime:0.0004s ]
SQL: SELECT `imgapp` FROM `btchanges_coin` WHERE `name` = 'rcn' LIMIT 1   [ RunTime:0.0004s ]
SQL: SELECT `rate` FROM `btchanges_rate` WHERE `id` = 1 LIMIT 1   [ RunTime:0.0004s ]
SQL: SELECT `title` FROM `btchanges_coin` WHERE `name` = 'eosdac' LIMIT 1   [ RunTime:0.0004s ]
SQL: SELECT `imgapp` FROM `btchanges_coin` WHERE `name` = 'eosdac' LIMIT 1   [ RunTime:0.0004s ]
SQL: SELECT `rate` FROM `btchanges_rate` WHERE `id` = 1 LIMIT 1   [ RunTime:0.0004s ]
SQL: SELECT `title` FROM `btchanges_coin` WHERE `name` = 'bcx' LIMIT 1   [ RunTime:0.0004s ]
SQL: SELECT `imgapp` FROM `btchanges_coin` WHERE `name` = 'bcx' LIMIT 1   [ RunTime:0.0004s ]
SQL: SELECT `rate` FROM `btchanges_rate` WHERE `id` = 1 LIMIT 1   [ RunTime:0.0006s ]
SQL: SELECT `title` FROM `btchanges_coin` WHERE `name` = 'pass' LIMIT 1   [ RunTime:0.0004s ]
SQL: SELECT `imgapp` FROM `btchanges_coin` WHERE `name` = 'pass' LIMIT 1   [ RunTime:0.0004s ]
SQL: SELECT `rate` FROM `btchanges_rate` WHERE `id` = 1 LIMIT 1   [ RunTime:0.0004s ]
SQL: SELECT `title` FROM `btchanges_coin` WHERE `name` = 'doge' LIMIT 1   [ RunTime:0.0004s ]
SQL: SELECT `imgapp` FROM `btchanges_coin` WHERE `name` = 'doge' LIMIT 1   [ RunTime:0.0004s ]
SQL: SELECT `rate` FROM `btchanges_rate` WHERE `id` = 1 LIMIT 1   [ RunTime:0.0005s ]
SQL: SELECT `title` FROM `btchanges_coin` WHERE `name` = 'hc' LIMIT 1   [ RunTime:0.0004s ]
SQL: SELECT `imgapp` FROM `btchanges_coin` WHERE `name` = 'hc' LIMIT 1   [ RunTime:0.0004s ]
SQL: SELECT `rate` FROM `btchanges_rate` WHERE `id` = 1 LIMIT 1   [ RunTime:0.0004s ]
SQL: SELECT `title` FROM `btchanges_coin` WHERE `name` = 'zrx' LIMIT 1   [ RunTime:0.0004s ]
SQL: SELECT `imgapp` FROM `btchanges_coin` WHERE `name` = 'zrx' LIMIT 1   [ RunTime:0.0005s ]
SQL: SELECT `rate` FROM `btchanges_rate` WHERE `id` = 1 LIMIT 1   [ RunTime:0.0004s ]
SQL: SELECT `title` FROM `btchanges_coin` WHERE `name` = 'bchsv' LIMIT 1   [ RunTime:0.0004s ]
SQL: SELECT `imgapp` FROM `btchanges_coin` WHERE `name` = 'bchsv' LIMIT 1   [ RunTime:0.0004s ]
SQL: SELECT `rate` FROM `btchanges_rate` WHERE `id` = 1 LIMIT 1   [ RunTime:0.0004s ]
SQL: SELECT `title` FROM `btchanges_coin` WHERE `name` = 'yhet' LIMIT 1   [ RunTime:0.0004s ]
SQL: SELECT `imgapp` FROM `btchanges_coin` WHERE `name` = 'yhet' LIMIT 1   [ RunTime:0.0005s ]
SQL: SELECT `rate` FROM `btchanges_rate` WHERE `id` = 1 LIMIT 1   [ RunTime:0.0004s ]

[ 2019-07-09T00:58:04+08:00 ] 223.114.112.187 /Papi/Cztrade/systemTrade
INFO: [ app_init ] --START--
INFO: Run Behavior\BuildLiteBehavior [ RunTime:0.000013s ]
INFO: [ app_init ] --END-- [ RunTime:0.000098s ]
INFO: [ app_begin ] --START--
INFO: Run Behavior\ReadHtmlCacheBehavior [ RunTime:0.000065s ]
INFO: [ app_begin ] --END-- [ RunTime:0.000099s ]
SQL: SHOW COLUMNS FROM `btchanges_rate` [ RunTime:0.0007s ]
SQL: SELECT `rate` FROM `btchanges_rate` WHERE `id` = 1 LIMIT 1   [ RunTime:0.0005s ]

[ 2019-07-09T00:58:04+08:00 ] 223.114.112.187 /Papi/Cztrade/systemTrade
INFO: [ app_init ] --START--
INFO: Run Behavior\BuildLiteBehavior [ RunTime:0.000014s ]
INFO: [ app_init ] --END-- [ RunTime:0.000115s ]
INFO: [ app_begin ] --START--
INFO: Run Behavior\ReadHtmlCacheBehavior [ RunTime:0.000063s ]
INFO: [ app_begin ] --END-- [ RunTime:0.000100s ]
SQL: SHOW COLUMNS FROM `btchanges_rate` [ RunTime:0.0008s ]
SQL: SELECT `rate` FROM `btchanges_rate` WHERE `id` = 1 LIMIT 1   [ RunTime:0.0005s ]

[ 2019-07-09T00:58:07+08:00 ] 223.114.112.187 /Papi/Trade/myEntrust?jmcode=D71890F2F8F0418B073749718CABF158AF72AAFC1542297D49E5C7F5A182F2514614F9099B6876017AEE03C107B03352FF0C0B5F39B0DCF32161CC19EB9DF8DB72140489EEA7C588AD7827507B772C18
INFO: [ app_init ] --START--
INFO: Run Behavior\BuildLiteBehavior [ RunTime:0.000022s ]
INFO: [ app_init ] --END-- [ RunTime:0.000108s ]
INFO: [ app_begin ] --START--
INFO: Run Behavior\ReadHtmlCacheBehavior [ RunTime:0.000067s ]
INFO: [ app_begin ] --END-- [ RunTime:0.000104s ]
NOTIC: [8] Undefined index: order /www/wwwroot/bnb/Application/Papi/Controller/TradeController.class.php 第 123 行.
SQL: SHOW COLUMNS FROM `btchanges_trade` [ RunTime:0.0008s ]
SQL: SELECT * FROM `btchanges_trade` WHERE `userid` = 124 AND `market` = 'eth_usdt' AND `status` = 0 ORDER BY addtime desc LIMIT 0,15   [ RunTime:0.0018s ]
SQL: SHOW COLUMNS FROM `btchanges_market` [ RunTime:0.0008s ]
SQL: SELECT * FROM `btchanges_market` WHERE `name` = 'eth_usdt' LIMIT 1   [ RunTime:0.0007s ]

[ 2019-07-09T00:58:07+08:00 ] 223.114.112.187 /Papi/Share/current_assets?jmcode=6130463E4B09E6F2F8B29673104CD70E7F5CDB7E99EBF88D41D73A178DB40275AEBBCB89723B7D0C2B6AADC3289E3545
INFO: [ app_init ] --START--
INFO: Run Behavior\BuildLiteBehavior [ RunTime:0.000012s ]
INFO: [ app_init ] --END-- [ RunTime:0.000097s ]
INFO: [ app_begin ] --START--
INFO: Run Behavior\ReadHtmlCacheBehavior [ RunTime:0.000073s ]
INFO: [ app_begin ] --END-- [ RunTime:0.000113s ]
SQL: SHOW COLUMNS FROM `btchanges_user` [ RunTime:0.0008s ]
SQL: SELECT * FROM `btchanges_user` WHERE `id` = 124 LIMIT 1   [ RunTime:0.0013s ]
SQL: SHOW COLUMNS FROM `btchanges_user_coin` [ RunTime:0.0024s ]
SQL: SELECT * FROM `btchanges_user_coin` WHERE `userid` = 124 LIMIT 1   [ RunTime:0.0013s ]
SQL: SHOW COLUMNS FROM `btchanges_user_coin` [ RunTime:0.0022s ]
SQL: SELECT * FROM `btchanges_user_coin` WHERE `userid` = 124 LIMIT 1   [ RunTime:0.0022s ]
SQL: SHOW COLUMNS FROM `btchanges_coin` [ RunTime:0.0008s ]
SQL: SELECT `name` FROM `btchanges_coin` WHERE `status` = 1  [ RunTime:0.0005s ]
SQL: SHOW COLUMNS FROM `btchanges_market` [ RunTime:0.0007s ]
SQL: SELECT `new_price` FROM `btchanges_market` WHERE `name` = 'bys_usdt' LIMIT 1   [ RunTime:0.0004s ]
SQL: SELECT `new_price` FROM `btchanges_market` WHERE `name` = 'btc_usdt' LIMIT 1   [ RunTime:0.0004s ]
SQL: SELECT `new_price` FROM `btchanges_market` WHERE `name` = 'eos_usdt' LIMIT 1   [ RunTime:0.0005s ]
SQL: SELECT `new_price` FROM `btchanges_market` WHERE `name` = 'eth_usdt' LIMIT 1   [ RunTime:0.0004s ]
SQL: SELECT `new_price` FROM `btchanges_market` WHERE `name` = 'bchabc_usdt' LIMIT 1   [ RunTime:0.0005s ]
SQL: SELECT `new_price` FROM `btchanges_market` WHERE `name` = 'xrp_usdt' LIMIT 1   [ RunTime:0.0010s ]
SQL: SELECT `new_price` FROM `btchanges_market` WHERE `name` = 'etc_usdt' LIMIT 1   [ RunTime:0.0005s ]
SQL: SELECT `new_price` FROM `btchanges_market` WHERE `name` = 'ltc_usdt' LIMIT 1   [ RunTime:0.0005s ]
SQL: SELECT `new_price` FROM `btchanges_market` WHERE `name` = 'qtum_usdt' LIMIT 1   [ RunTime:0.0005s ]
SQL: SELECT `new_price` FROM `btchanges_market` WHERE `name` = 'btm_usdt' LIMIT 1   [ RunTime:0.0005s ]
SQL: SELECT `new_price` FROM `btchanges_market` WHERE `name` = 'bts_usdt' LIMIT 1   [ RunTime:0.0005s ]
SQL: SELECT `new_price` FROM `btchanges_market` WHERE `name` = 'mana_usdt' LIMIT 1   [ RunTime:0.0004s ]
SQL: SELECT `new_price` FROM `btchanges_market` WHERE `name` = 'rcn_usdt' LIMIT 1   [ RunTime:0.0004s ]
SQL: SELECT `new_price` FROM `btchanges_market` WHERE `name` = 'eosdac_usdt' LIMIT 1   [ RunTime:0.0004s ]
SQL: SELECT `new_price` FROM `btchanges_market` WHERE `name` = 'bcx_usdt' LIMIT 1   [ RunTime:0.0004s ]
SQL: SELECT `new_price` FROM `btchanges_market` WHERE `name` = 'pass_usdt' LIMIT 1   [ RunTime:0.0004s ]
SQL: SELECT `new_price` FROM `btchanges_market` WHERE `name` = 'doge_usdt' LIMIT 1   [ RunTime:0.0004s ]
SQL: SELECT `new_price` FROM `btchanges_market` WHERE `name` = 'hc_usdt' LIMIT 1   [ RunTime:0.0004s ]
SQL: SELECT `new_price` FROM `btchanges_market` WHERE `name` = 'zrx_usdt' LIMIT 1   [ RunTime:0.0005s ]
SQL: SELECT `new_price` FROM `btchanges_market` WHERE `name` = 'bchsv_usdt' LIMIT 1   [ RunTime:0.0005s ]
SQL: SELECT `new_price` FROM `btchanges_market` WHERE `name` = 'yhet_usdt' LIMIT 1   [ RunTime:0.0005s ]
SQL: SHOW COLUMNS FROM `btchanges_rate` [ RunTime:0.0006s ]
SQL: SELECT `rate` FROM `btchanges_rate` WHERE `id` = 1 LIMIT 1   [ RunTime:0.0004s ]

[ 2019-07-09T00:58:07+08:00 ] 223.114.112.187 /Papi/Share/current_assets?jmcode=6130463E4B09E6F2F8B29673104CD70E7F5CDB7E99EBF88D41D73A178DB40275AEBBCB89723B7D0C2B6AADC3289E3545
INFO: [ app_init ] --START--
INFO: Run Behavior\BuildLiteBehavior [ RunTime:0.000010s ]
INFO: [ app_init ] --END-- [ RunTime:0.000107s ]
INFO: [ app_begin ] --START--
INFO: Run Behavior\ReadHtmlCacheBehavior [ RunTime:0.000070s ]
INFO: [ app_begin ] --END-- [ RunTime:0.000109s ]
SQL: SHOW COLUMNS FROM `btchanges_user` [ RunTime:0.0008s ]
SQL: SELECT * FROM `btchanges_user` WHERE `id` = 124 LIMIT 1   [ RunTime:0.0005s ]
SQL: SHOW COLUMNS FROM `btchanges_user_coin` [ RunTime:0.0017s ]
SQL: SELECT * FROM `btchanges_user_coin` WHERE `userid` = 124 LIMIT 1   [ RunTime:0.0010s ]
SQL: SHOW COLUMNS FROM `btchanges_user_coin` [ RunTime:0.0017s ]
SQL: SELECT * FROM `btchanges_user_coin` WHERE `userid` = 124 LIMIT 1   [ RunTime:0.0009s ]
SQL: SHOW COLUMNS FROM `btchanges_coin` [ RunTime:0.0008s ]
SQL: SELECT `name` FROM `btchanges_coin` WHERE `status` = 1  [ RunTime:0.0005s ]
SQL: SHOW COLUMNS FROM `btchanges_market` [ RunTime:0.0008s ]
SQL: SELECT `new_price` FROM `btchanges_market` WHERE `name` = 'bys_usdt' LIMIT 1   [ RunTime:0.0005s ]
SQL: SELECT `new_price` FROM `btchanges_market` WHERE `name` = 'btc_usdt' LIMIT 1   [ RunTime:0.0004s ]
SQL: SELECT `new_price` FROM `btchanges_market` WHERE `name` = 'eos_usdt' LIMIT 1   [ RunTime:0.0007s ]
SQL: SELECT `new_price` FROM `btchanges_market` WHERE `name` = 'eth_usdt' LIMIT 1   [ RunTime:0.0004s ]
SQL: SELECT `new_price` FROM `btchanges_market` WHERE `name` = 'bchabc_usdt' LIMIT 1   [ RunTime:0.0004s ]
SQL: SELECT `new_price` FROM `btchanges_market` WHERE `name` = 'xrp_usdt' LIMIT 1   [ RunTime:0.0005s ]
SQL: SELECT `new_price` FROM `btchanges_market` WHERE `name` = 'etc_usdt' LIMIT 1   [ RunTime:0.0006s ]
SQL: SELECT `new_price` FROM `btchanges_market` WHERE `name` = 'ltc_usdt' LIMIT 1   [ RunTime:0.0004s ]
SQL: SELECT `new_price` FROM `btchanges_market` WHERE `name` = 'qtum_usdt' LIMIT 1   [ RunTime:0.0006s ]
SQL: SELECT `new_price` FROM `btchanges_market` WHERE `name` = 'btm_usdt' LIMIT 1   [ RunTime:0.0004s ]
SQL: SELECT `new_price` FROM `btchanges_market` WHERE `name` = 'bts_usdt' LIMIT 1   [ RunTime:0.0004s ]
SQL: SELECT `new_price` FROM `btchanges_market` WHERE `name` = 'mana_usdt' LIMIT 1   [ RunTime:0.0004s ]
SQL: SELECT `new_price` FROM `btchanges_market` WHERE `name` = 'rcn_usdt' LIMIT 1   [ RunTime:0.0005s ]
SQL: SELECT `new_price` FROM `btchanges_market` WHERE `name` = 'eosdac_usdt' LIMIT 1   [ RunTime:0.0006s ]
SQL: SELECT `new_price` FROM `btchanges_market` WHERE `name` = 'bcx_usdt' LIMIT 1   [ RunTime:0.0004s ]
SQL: SELECT `new_price` FROM `btchanges_market` WHERE `name` = 'pass_usdt' LIMIT 1   [ RunTime:0.0004s ]
SQL: SELECT `new_price` FROM `btchanges_market` WHERE `name` = 'doge_usdt' LIMIT 1   [ RunTime:0.0004s ]
SQL: SELECT `new_price` FROM `btchanges_market` WHERE `name` = 'hc_usdt' LIMIT 1   [ RunTime:0.0004s ]
SQL: SELECT `new_price` FROM `btchanges_market` WHERE `name` = 'zrx_usdt' LIMIT 1   [ RunTime:0.0005s ]
SQL: SELECT `new_price` FROM `btchanges_market` WHERE `name` = 'bchsv_usdt' LIMIT 1   [ RunTime:0.0006s ]
SQL: SELECT `new_price` FROM `btchanges_market` WHERE `name` = 'yhet_usdt' LIMIT 1   [ RunTime:0.0005s ]
SQL: SHOW COLUMNS FROM `btchanges_rate` [ RunTime:0.0006s ]
SQL: SELECT `rate` FROM `btchanges_rate` WHERE `id` = 1 LIMIT 1   [ RunTime:0.0004s ]

[ 2019-07-09T00:58:07+08:00 ] 223.114.112.187 /Papi/Market/allcoin
INFO: [ app_init ] --START--
INFO: Run Behavior\BuildLiteBehavior [ RunTime:0.000008s ]
INFO: [ app_init ] --END-- [ RunTime:0.000084s ]
INFO: [ app_begin ] --START--
INFO: Run Behavior\ReadHtmlCacheBehavior [ RunTime:0.000056s ]
INFO: [ app_begin ] --END-- [ RunTime:0.000088s ]
SQL: SHOW COLUMNS FROM `btchanges_market` [ RunTime:0.0010s ]
SQL: SELECT * FROM `btchanges_market` WHERE `status` = 1  [ RunTime:0.0030s ]
SQL: SHOW COLUMNS FROM `btchanges_coin` [ RunTime:0.0008s ]
SQL: SHOW COLUMNS FROM `btchanges_coin` [ RunTime:0.0015s ]
SQL: SELECT `title` FROM `btchanges_coin` WHERE `name` = 'bys' LIMIT 1   [ RunTime:0.0007s ]
SQL: SELECT `imgapp` FROM `btchanges_coin` WHERE `name` = 'bys' LIMIT 1   [ RunTime:0.0031s ]
SQL: SHOW COLUMNS FROM `btchanges_rate` [ RunTime:0.0007s ]
SQL: SELECT `rate` FROM `btchanges_rate` WHERE `id` = 1 LIMIT 1   [ RunTime:0.0007s ]
SQL: SHOW COLUMNS FROM `btchanges_market` [ RunTime:0.0007s ]
SQL: SELECT `title` FROM `btchanges_coin` WHERE `name` = 'btc' LIMIT 1   [ RunTime:0.0010s ]
SQL: SELECT `imgapp` FROM `btchanges_coin` WHERE `name` = 'btc' LIMIT 1   [ RunTime:0.0005s ]
SQL: SELECT `rate` FROM `btchanges_rate` WHERE `id` = 1 LIMIT 1   [ RunTime:0.0005s ]
SQL: SELECT `title` FROM `btchanges_coin` WHERE `name` = 'eos' LIMIT 1   [ RunTime:0.0005s ]
SQL: SELECT `imgapp` FROM `btchanges_coin` WHERE `name` = 'eos' LIMIT 1   [ RunTime:0.0005s ]
SQL: SELECT `rate` FROM `btchanges_rate` WHERE `id` = 1 LIMIT 1   [ RunTime:0.0004s ]
SQL: SELECT `title` FROM `btchanges_coin` WHERE `name` = 'eth' LIMIT 1   [ RunTime:0.0006s ]
SQL: SELECT `imgapp` FROM `btchanges_coin` WHERE `name` = 'eth' LIMIT 1   [ RunTime:0.0005s ]
SQL: SELECT `rate` FROM `btchanges_rate` WHERE `id` = 1 LIMIT 1   [ RunTime:0.0004s ]
SQL: SELECT `title` FROM `btchanges_coin` WHERE `name` = 'bchabc' LIMIT 1   [ RunTime:0.0008s ]
SQL: SELECT `imgapp` FROM `btchanges_coin` WHERE `name` = 'bchabc' LIMIT 1   [ RunTime:0.0004s ]
SQL: SELECT `rate` FROM `btchanges_rate` WHERE `id` = 1 LIMIT 1   [ RunTime:0.0004s ]
SQL: SELECT `title` FROM `btchanges_coin` WHERE `name` = 'xrp' LIMIT 1   [ RunTime:0.0005s ]
SQL: SELECT `imgapp` FROM `btchanges_coin` WHERE `name` = 'xrp' LIMIT 1   [ RunTime:0.0005s ]
SQL: SELECT `rate` FROM `btchanges_rate` WHERE `id` = 1 LIMIT 1   [ RunTime:0.0004s ]
SQL: SELECT `title` FROM `btchanges_coin` WHERE `name` = 'etc' LIMIT 1   [ RunTime:0.0004s ]
SQL: SELECT `imgapp` FROM `btchanges_coin` WHERE `name` = 'etc' LIMIT 1   [ RunTime:0.0004s ]
SQL: SELECT `rate` FROM `btchanges_rate` WHERE `id` = 1 LIMIT 1   [ RunTime:0.0004s ]
SQL: SELECT `title` FROM `btchanges_coin` WHERE `name` = 'ltc' LIMIT 1   [ RunTime:0.0004s ]
SQL: SELECT `imgapp` FROM `btchanges_coin` WHERE `name` = 'ltc' LIMIT 1   [ RunTime:0.0005s ]
SQL: SELECT `rate` FROM `btchanges_rate` WHERE `id` = 1 LIMIT 1   [ RunTime:0.0004s ]
SQL: SELECT `title` FROM `btchanges_coin` WHERE `name` = 'qtum' LIMIT 1   [ RunTime:0.0004s ]
SQL: SELECT `imgapp` FROM `btchanges_coin` WHERE `name` = 'qtum' LIMIT 1   [ RunTime:0.0004s ]
SQL: SELECT `rate` FROM `btchanges_rate` WHERE `id` = 1 LIMIT 1   [ RunTime:0.0004s ]
SQL: SELECT `title` FROM `btchanges_coin` WHERE `name` = 'btm' LIMIT 1   [ RunTime:0.0004s ]
SQL: SELECT `imgapp` FROM `btchanges_coin` WHERE `name` = 'btm' LIMIT 1   [ RunTime:0.0005s ]
SQL: SELECT `rate` FROM `btchanges_rate` WHERE `id` = 1 LIMIT 1   [ RunTime:0.0004s ]
SQL: SELECT `title` FROM `btchanges_coin` WHERE `name` = 'bts' LIMIT 1   [ RunTime:0.0004s ]
SQL: SELECT `imgapp` FROM `btchanges_coin` WHERE `name` = 'bts' LIMIT 1   [ RunTime:0.0004s ]
SQL: SELECT `rate` FROM `btchanges_rate` WHERE `id` = 1 LIMIT 1   [ RunTime:0.0004s ]
SQL: SELECT `title` FROM `btchanges_coin` WHERE `name` = 'mana' LIMIT 1   [ RunTime:0.0005s ]
SQL: SELECT `imgapp` FROM `btchanges_coin` WHERE `name` = 'mana' LIMIT 1   [ RunTime:0.0005s ]
SQL: SELECT `rate` FROM `btchanges_rate` WHERE `id` = 1 LIMIT 1   [ RunTime:0.0004s ]
SQL: SELECT `title` FROM `btchanges_coin` WHERE `name` = 'rcn' LIMIT 1   [ RunTime:0.0004s ]
SQL: SELECT `imgapp` FROM `btchanges_coin` WHERE `name` = 'rcn' LIMIT 1   [ RunTime:0.0005s ]
SQL: SELECT `rate` FROM `btchanges_rate` WHERE `id` = 1 LIMIT 1   [ RunTime:0.0004s ]
SQL: SELECT `title` FROM `btchanges_coin` WHERE `name` = 'eosdac' LIMIT 1   [ RunTime:0.0006s ]
SQL: SELECT `imgapp` FROM `btchanges_coin` WHERE `name` = 'eosdac' LIMIT 1   [ RunTime:0.0004s ]
SQL: SELECT `rate` FROM `btchanges_rate` WHERE `id` = 1 LIMIT 1   [ RunTime:0.0004s ]
SQL: SELECT `title` FROM `btchanges_coin` WHERE `name` = 'bcx' LIMIT 1   [ RunTime:0.0004s ]
SQL: SELECT `imgapp` FROM `btchanges_coin` WHERE `name` = 'bcx' LIMIT 1   [ RunTime:0.0005s ]
SQL: SELECT `rate` FROM `btchanges_rate` WHERE `id` = 1 LIMIT 1   [ RunTime:0.0004s ]
SQL: SELECT `title` FROM `btchanges_coin` WHERE `name` = 'pass' LIMIT 1   [ RunTime:0.0004s ]
SQL: SELECT `imgapp` FROM `btchanges_coin` WHERE `name` = 'pass' LIMIT 1   [ RunTime:0.0004s ]
SQL: SELECT `rate` FROM `btchanges_rate` WHERE `id` = 1 LIMIT 1   [ RunTime:0.0004s ]
SQL: SELECT `title` FROM `btchanges_coin` WHERE `name` = 'doge' LIMIT 1   [ RunTime:0.0004s ]
SQL: SELECT `imgapp` FROM `btchanges_coin` WHERE `name` = 'doge' LIMIT 1   [ RunTime:0.0004s ]
SQL: SELECT `rate` FROM `btchanges_rate` WHERE `id` = 1 LIMIT 1   [ RunTime:0.0004s ]
SQL: SELECT `title` FROM `btchanges_coin` WHERE `name` = 'hc' LIMIT 1   [ RunTime:0.0005s ]
SQL: SELECT `imgapp` FROM `btchanges_coin` WHERE `name` = 'hc' LIMIT 1   [ RunTime:0.0008s ]
SQL: SELECT `rate` FROM `btchanges_rate` WHERE `id` = 1 LIMIT 1   [ RunTime:0.0005s ]
SQL: SELECT `title` FROM `btchanges_coin` WHERE `name` = 'zrx' LIMIT 1   [ RunTime:0.0005s ]
SQL: SELECT `imgapp` FROM `btchanges_coin` WHERE `name` = 'zrx' LIMIT 1   [ RunTime:0.0005s ]
SQL: SELECT `rate` FROM `btchanges_rate` WHERE `id` = 1 LIMIT 1   [ RunTime:0.0004s ]
SQL: SELECT `title` FROM `btchanges_coin` WHERE `name` = 'bchsv' LIMIT 1   [ RunTime:0.0009s ]
SQL: SELECT `imgapp` FROM `btchanges_coin` WHERE `name` = 'bchsv' LIMIT 1   [ RunTime:0.0005s ]
SQL: SELECT `rate` FROM `btchanges_rate` WHERE `id` = 1 LIMIT 1   [ RunTime:0.0004s ]
SQL: SELECT `title` FROM `btchanges_coin` WHERE `name` = 'yhet' LIMIT 1   [ RunTime:0.0004s ]
SQL: SELECT `imgapp` FROM `btchanges_coin` WHERE `name` = 'yhet' LIMIT 1   [ RunTime:0.0004s ]
SQL: SELECT `rate` FROM `btchanges_rate` WHERE `id` = 1 LIMIT 1   [ RunTime:0.0004s ]

[ 2019-07-09T00:58:07+08:00 ] 223.114.112.187 /Papi/Market/allcoin
INFO: [ app_init ] --START--
INFO: Run Behavior\BuildLiteBehavior [ RunTime:0.000013s ]
INFO: [ app_init ] --END-- [ RunTime:0.000105s ]
INFO: [ app_begin ] --START--
INFO: Run Behavior\ReadHtmlCacheBehavior [ RunTime:0.000056s ]
INFO: [ app_begin ] --END-- [ RunTime:0.000088s ]
SQL: SHOW COLUMNS FROM `btchanges_market` [ RunTime:0.0049s ]
SQL: SELECT * FROM `btchanges_market` WHERE `status` = 1  [ RunTime:0.0015s ]
SQL: SHOW COLUMNS FROM `btchanges_coin` [ RunTime:0.0008s ]
SQL: SHOW COLUMNS FROM `btchanges_coin` [ RunTime:0.0035s ]
SQL: SELECT `title` FROM `btchanges_coin` WHERE `name` = 'bys' LIMIT 1   [ RunTime:0.0013s ]
SQL: SELECT `imgapp` FROM `btchanges_coin` WHERE `name` = 'bys' LIMIT 1   [ RunTime:0.0008s ]
SQL: SHOW COLUMNS FROM `btchanges_rate` [ RunTime:0.0023s ]
SQL: SELECT `rate` FROM `btchanges_rate` WHERE `id` = 1 LIMIT 1   [ RunTime:0.0010s ]
SQL: SHOW COLUMNS FROM `btchanges_market` [ RunTime:0.0009s ]
SQL: SELECT `title` FROM `btchanges_coin` WHERE `name` = 'btc' LIMIT 1   [ RunTime:0.0008s ]
SQL: SELECT `imgapp` FROM `btchanges_coin` WHERE `name` = 'btc' LIMIT 1   [ RunTime:0.0005s ]
SQL: SELECT `rate` FROM `btchanges_rate` WHERE `id` = 1 LIMIT 1   [ RunTime:0.0004s ]
SQL: SELECT `title` FROM `btchanges_coin` WHERE `name` = 'eos' LIMIT 1   [ RunTime:0.0006s ]
SQL: SELECT `imgapp` FROM `btchanges_coin` WHERE `name` = 'eos' LIMIT 1   [ RunTime:0.0006s ]
SQL: SELECT `rate` FROM `btchanges_rate` WHERE `id` = 1 LIMIT 1   [ RunTime:0.0005s ]
SQL: SELECT `title` FROM `btchanges_coin` WHERE `name` = 'eth' LIMIT 1   [ RunTime:0.0005s ]
SQL: SELECT `imgapp` FROM `btchanges_coin` WHERE `name` = 'eth' LIMIT 1   [ RunTime:0.0017s ]
SQL: SELECT `rate` FROM `btchanges_rate` WHERE `id` = 1 LIMIT 1   [ RunTime:0.0004s ]
SQL: SELECT `title` FROM `btchanges_coin` WHERE `name` = 'bchabc' LIMIT 1   [ RunTime:0.0004s ]
SQL: SELECT `imgapp` FROM `btchanges_coin` WHERE `name` = 'bchabc' LIMIT 1   [ RunTime:0.0005s ]
SQL: SELECT `rate` FROM `btchanges_rate` WHERE `id` = 1 LIMIT 1   [ RunTime:0.0004s ]
SQL: SELECT `title` FROM `btchanges_coin` WHERE `name` = 'xrp' LIMIT 1   [ RunTime:0.0004s ]
SQL: SELECT `imgapp` FROM `btchanges_coin` WHERE `name` = 'xrp' LIMIT 1   [ RunTime:0.0004s ]
SQL: SELECT `rate` FROM `btchanges_rate` WHERE `id` = 1 LIMIT 1   [ RunTime:0.0005s ]
SQL: SELECT `title` FROM `btchanges_coin` WHERE `name` = 'etc' LIMIT 1   [ RunTime:0.0005s ]
SQL: SELECT `imgapp` FROM `btchanges_coin` WHERE `name` = 'etc' LIMIT 1   [ RunTime:0.0005s ]
SQL: SELECT `rate` FROM `btchanges_rate` WHERE `id` = 1 LIMIT 1   [ RunTime:0.0006s ]
SQL: SELECT `title` FROM `btchanges_coin` WHERE `name` = 'ltc' LIMIT 1   [ RunTime:0.0005s ]
SQL: SELECT `imgapp` FROM `btchanges_coin` WHERE `name` = 'ltc' LIMIT 1   [ RunTime:0.0005s ]
SQL: SELECT `rate` FROM `btchanges_rate` WHERE `id` = 1 LIMIT 1   [ RunTime:0.0004s ]
SQL: SELECT `title` FROM `btchanges_coin` WHERE `name` = 'qtum' LIMIT 1   [ RunTime:0.0004s ]
SQL: SELECT `imgapp` FROM `btchanges_coin` WHERE `name` = 'qtum' LIMIT 1   [ RunTime:0.0005s ]
SQL: SELECT `rate` FROM `btchanges_rate` WHERE `id` = 1 LIMIT 1   [ RunTime:0.0004s ]
SQL: SELECT `title` FROM `btchanges_coin` WHERE `name` = 'btm' LIMIT 1   [ RunTime:0.0004s ]
SQL: SELECT `imgapp` FROM `btchanges_coin` WHERE `name` = 'btm' LIMIT 1   [ RunTime:0.0004s ]
SQL: SELECT `rate` FROM `btchanges_rate` WHERE `id` = 1 LIMIT 1   [ RunTime:0.0004s ]
SQL: SELECT `title` FROM `btchanges_coin` WHERE `name` = 'bts' LIMIT 1   [ RunTime:0.0004s ]
SQL: SELECT `imgapp` FROM `btchanges_coin` WHERE `name` = 'bts' LIMIT 1   [ RunTime:0.0005s ]
SQL: SELECT `rate` FROM `btchanges_rate` WHERE `id` = 1 LIMIT 1   [ RunTime:0.0004s ]
SQL: SELECT `title` FROM `btchanges_coin` WHERE `name` = 'mana' LIMIT 1   [ RunTime:0.0005s ]
SQL: SELECT `imgapp` FROM `btchanges_coin` WHERE `name` = 'mana' LIMIT 1   [ RunTime:0.0005s ]
SQL: SELECT `rate` FROM `btchanges_rate` WHERE `id` = 1 LIMIT 1   [ RunTime:0.0004s ]
SQL: SELECT `title` FROM `btchanges_coin` WHERE `name` = 'rcn' LIMIT 1   [ RunTime:0.0004s ]
SQL: SELECT `imgapp` FROM `btchanges_coin` WHERE `name` = 'rcn' LIMIT 1   [ RunTime:0.0004s ]
SQL: SELECT `rate` FROM `btchanges_rate` WHERE `id` = 1 LIMIT 1   [ RunTime:0.0004s ]
SQL: SELECT `title` FROM `btchanges_coin` WHERE `name` = 'eosdac' LIMIT 1   [ RunTime:0.0005s ]
SQL: SELECT `imgapp` FROM `btchanges_coin` WHERE `name` = 'eosdac' LIMIT 1   [ RunTime:0.0004s ]
SQL: SELECT `rate` FROM `btchanges_rate` WHERE `id` = 1 LIMIT 1   [ RunTime:0.0004s ]
SQL: SELECT `title` FROM `btchanges_coin` WHERE `name` = 'bcx' LIMIT 1   [ RunTime:0.0004s ]
SQL: SELECT `imgapp` FROM `btchanges_coin` WHERE `name` = 'bcx' LIMIT 1   [ RunTime:0.0004s ]
SQL: SELECT `rate` FROM `btchanges_rate` WHERE `id` = 1 LIMIT 1   [ RunTime:0.0004s ]
SQL: SELECT `title` FROM `btchanges_coin` WHERE `name` = 'pass' LIMIT 1   [ RunTime:0.0004s ]
SQL: SELECT `imgapp` FROM `btchanges_coin` WHERE `name` = 'pass' LIMIT 1   [ RunTime:0.0004s ]
SQL: SELECT `rate` FROM `btchanges_rate` WHERE `id` = 1 LIMIT 1   [ RunTime:0.0006s ]
SQL: SELECT `title` FROM `btchanges_coin` WHERE `name` = 'doge' LIMIT 1   [ RunTime:0.0006s ]
SQL: SELECT `imgapp` FROM `btchanges_coin` WHERE `name` = 'doge' LIMIT 1   [ RunTime:0.0005s ]
SQL: SELECT `rate` FROM `btchanges_rate` WHERE `id` = 1 LIMIT 1   [ RunTime:0.0004s ]
SQL: SELECT `title` FROM `btchanges_coin` WHERE `name` = 'hc' LIMIT 1   [ RunTime:0.0004s ]
SQL: SELECT `imgapp` FROM `btchanges_coin` WHERE `name` = 'hc' LIMIT 1   [ RunTime:0.0005s ]
SQL: SELECT `rate` FROM `btchanges_rate` WHERE `id` = 1 LIMIT 1   [ RunTime:0.0004s ]
SQL: SELECT `title` FROM `btchanges_coin` WHERE `name` = 'zrx' LIMIT 1   [ RunTime:0.0005s ]
SQL: SELECT `imgapp` FROM `btchanges_coin` WHERE `name` = 'zrx' LIMIT 1   [ RunTime:0.0004s ]
SQL: SELECT `rate` FROM `btchanges_rate` WHERE `id` = 1 LIMIT 1   [ RunTime:0.0004s ]
SQL: SELECT `title` FROM `btchanges_coin` WHERE `name` = 'bchsv' LIMIT 1   [ RunTime:0.0005s ]
SQL: SELECT `imgapp` FROM `btchanges_coin` WHERE `name` = 'bchsv' LIMIT 1   [ RunTime:0.0005s ]
SQL: SELECT `rate` FROM `btchanges_rate` WHERE `id` = 1 LIMIT 1   [ RunTime:0.0004s ]
SQL: SELECT `title` FROM `btchanges_coin` WHERE `name` = 'yhet' LIMIT 1   [ RunTime:0.0005s ]
SQL: SELECT `imgapp` FROM `btchanges_coin` WHERE `name` = 'yhet' LIMIT 1   [ RunTime:0.0005s ]
SQL: SELECT `rate` FROM `btchanges_rate` WHERE `id` = 1 LIMIT 1   [ RunTime:0.0004s ]

[ 2019-07-09T00:58:07+08:00 ] 223.114.112.187 /Papi/Trade/myDeal?jmcode=6130463E4B09E6F2F8B29673104CD70E2B3E136C9FCE486E4AFABE2E02C41A54A8CB890EC7885F45A5438177C7F44F9D5D07CC875D1FCF19270C4908DB3CC397
INFO: [ app_init ] --START--
INFO: Run Behavior\BuildLiteBehavior [ RunTime:0.000015s ]
INFO: [ app_init ] --END-- [ RunTime:0.000119s ]
INFO: [ app_begin ] --START--
INFO: Run Behavior\ReadHtmlCacheBehavior [ RunTime:0.000070s ]
INFO: [ app_begin ] --END-- [ RunTime:0.000111s ]
NOTIC: [8] Undefined index: order /www/wwwroot/bnb/Application/Papi/Controller/TradeController.class.php 第 194 行.
SQL: SHOW COLUMNS FROM `btchanges_market` [ RunTime:0.0010s ]
SQL: SELECT * FROM `btchanges_market` WHERE `name` = 'eth_usdt' LIMIT 1   [ RunTime:0.0007s ]
SQL: SHOW COLUMNS FROM `btchanges_trade_log` [ RunTime:0.0006s ]
SQL: SELECT * FROM `btchanges_trade_log` WHERE ( ((userid=124) || (peerid=124)) && market='eth_usdt' ) ORDER BY addtime desc LIMIT 0,15   [ RunTime:0.0019s ]

[ 2019-07-09T04:51:52+08:00 ] 216.244.66.235 /papi/help/download
INFO: [ app_init ] --START--
INFO: Run Behavior\BuildLiteBehavior [ RunTime:0.000013s ]
INFO: [ app_init ] --END-- [ RunTime:0.000116s ]
INFO: [ app_begin ] --START--
INFO: Run Behavior\ReadHtmlCacheBehavior [ RunTime:0.000067s ]
INFO: [ app_begin ] --END-- [ RunTime:0.000105s ]
INFO: [ view_parse ] --START--
INFO: [ template_filter ] --START--
INFO: Run Behavior\ContentReplaceBehavior [ RunTime:0.000040s ]
INFO: [ template_filter ] --END-- [ RunTime:0.000082s ]
INFO: Run Behavior\ParseTemplateBehavior [ RunTime:0.001925s ]
INFO: [ view_parse ] --END-- [ RunTime:0.001966s ]
INFO: [ view_filter ] --START--
INFO: Run Behavior\WriteHtmlCacheBehavior [ RunTime:0.000066s ]
INFO: [ view_filter ] --END-- [ RunTime:0.000095s ]
INFO: [ app_end ] --START--
INFO: Run Behavior\ShowPageTraceBehavior [ RunTime:0.000074s ]
INFO: [ app_end ] --END-- [ RunTime:0.000104s ]

[ 2019-07-09T16:18:56+08:00 ] 223.114.116.210 /Papi/Activity/getActivity
INFO: [ app_init ] --START--
INFO: Run Behavior\BuildLiteBehavior [ RunTime:0.000011s ]
INFO: [ app_init ] --END-- [ RunTime:0.000095s ]
INFO: [ app_begin ] --START--
INFO: Run Behavior\ReadHtmlCacheBehavior [ RunTime:0.000049s ]
INFO: [ app_begin ] --END-- [ RunTime:0.000073s ]
SQL: SHOW COLUMNS FROM `btchanges_activity` [ RunTime:0.0010s ]
SQL: SELECT * FROM `btchanges_activity` ORDER BY id desc LIMIT 1   [ RunTime:0.0005s ]

[ 2019-07-09T16:18:56+08:00 ] 223.114.116.210 /Papi/Market/allcoin
INFO: [ app_init ] --START--
INFO: Run Behavior\BuildLiteBehavior [ RunTime:0.000011s ]
INFO: [ app_init ] --END-- [ RunTime:0.000097s ]
INFO: [ app_begin ] --START--
INFO: Run Behavior\ReadHtmlCacheBehavior [ RunTime:0.000046s ]
INFO: [ app_begin ] --END-- [ RunTime:0.000071s ]
SQL: SHOW COLUMNS FROM `btchanges_market` [ RunTime:0.0010s ]
SQL: SELECT * FROM `btchanges_market` WHERE `status` = 1  [ RunTime:0.0010s ]
SQL: SHOW COLUMNS FROM `btchanges_coin` [ RunTime:0.0008s ]
SQL: SHOW COLUMNS FROM `btchanges_coin` [ RunTime:0.0010s ]
SQL: SELECT `title` FROM `btchanges_coin` WHERE `name` = 'bys' LIMIT 1   [ RunTime:0.0005s ]
SQL: SELECT `imgapp` FROM `btchanges_coin` WHERE `name` = 'bys' LIMIT 1   [ RunTime:0.0005s ]
SQL: SHOW COLUMNS FROM `btchanges_rate` [ RunTime:0.0005s ]
SQL: SELECT `rate` FROM `btchanges_rate` WHERE `id` = 1 LIMIT 1   [ RunTime:0.0004s ]
SQL: SHOW COLUMNS FROM `btchanges_market` [ RunTime:0.0008s ]
SQL: SELECT `title` FROM `btchanges_coin` WHERE `name` = 'btc' LIMIT 1   [ RunTime:0.0004s ]
SQL: SELECT `imgapp` FROM `btchanges_coin` WHERE `name` = 'btc' LIMIT 1   [ RunTime:0.0004s ]
SQL: SELECT `rate` FROM `btchanges_rate` WHERE `id` = 1 LIMIT 1   [ RunTime:0.0004s ]
SQL: SELECT `title` FROM `btchanges_coin` WHERE `name` = 'eos' LIMIT 1   [ RunTime:0.0005s ]
SQL: SELECT `imgapp` FROM `btchanges_coin` WHERE `name` = 'eos' LIMIT 1   [ RunTime:0.0005s ]
SQL: SELECT `rate` FROM `btchanges_rate` WHERE `id` = 1 LIMIT 1   [ RunTime:0.0004s ]
SQL: SELECT `title` FROM `btchanges_coin` WHERE `name` = 'eth' LIMIT 1   [ RunTime:0.0004s ]
SQL: SELECT `imgapp` FROM `btchanges_coin` WHERE `name` = 'eth' LIMIT 1   [ RunTime:0.0004s ]
SQL: SELECT `rate` FROM `btchanges_rate` WHERE `id` = 1 LIMIT 1   [ RunTime:0.0004s ]
SQL: SELECT `title` FROM `btchanges_coin` WHERE `name` = 'bchabc' LIMIT 1   [ RunTime:0.0004s ]
SQL: SELECT `imgapp` FROM `btchanges_coin` WHERE `name` = 'bchabc' LIMIT 1   [ RunTime:0.0004s ]
SQL: SELECT `rate` FROM `btchanges_rate` WHERE `id` = 1 LIMIT 1   [ RunTime:0.0004s ]
SQL: SELECT `title` FROM `btchanges_coin` WHERE `name` = 'xrp' LIMIT 1   [ RunTime:0.0004s ]
SQL: SELECT `imgapp` FROM `btchanges_coin` WHERE `name` = 'xrp' LIMIT 1   [ RunTime:0.0004s ]
SQL: SELECT `rate` FROM `btchanges_rate` WHERE `id` = 1 LIMIT 1   [ RunTime:0.0004s ]
SQL: SELECT `title` FROM `btchanges_coin` WHERE `name` = 'etc' LIMIT 1   [ RunTime:0.0004s ]
SQL: SELECT `imgapp` FROM `btchanges_coin` WHERE `name` = 'etc' LIMIT 1   [ RunTime:0.0004s ]
SQL: SELECT `rate` FROM `btchanges_rate` WHERE `id` = 1 LIMIT 1   [ RunTime:0.0004s ]
SQL: SELECT `title` FROM `btchanges_coin` WHERE `name` = 'ltc' LIMIT 1   [ RunTime:0.0004s ]
SQL: SELECT `imgapp` FROM `btchanges_coin` WHERE `name` = 'ltc' LIMIT 1   [ RunTime:0.0004s ]
SQL: SELECT `rate` FROM `btchanges_rate` WHERE `id` = 1 LIMIT 1   [ RunTime:0.0008s ]
SQL: SELECT `title` FROM `btchanges_coin` WHERE `name` = 'qtum' LIMIT 1   [ RunTime:0.0004s ]
SQL: SELECT `imgapp` FROM `btchanges_coin` WHERE `name` = 'qtum' LIMIT 1   [ RunTime:0.0004s ]
SQL: SELECT `rate` FROM `btchanges_rate` WHERE `id` = 1 LIMIT 1   [ RunTime:0.0004s ]
SQL: SELECT `title` FROM `btchanges_coin` WHERE `name` = 'btm' LIMIT 1   [ RunTime:0.0004s ]
SQL: SELECT `imgapp` FROM `btchanges_coin` WHERE `name` = 'btm' LIMIT 1   [ RunTime:0.0004s ]
SQL: SELECT `rate` FROM `btchanges_rate` WHERE `id` = 1 LIMIT 1   [ RunTime:0.0004s ]
SQL: SELECT `title` FROM `btchanges_coin` WHERE `name` = 'bts' LIMIT 1   [ RunTime:0.0004s ]
SQL: SELECT `imgapp` FROM `btchanges_coin` WHERE `name` = 'bts' LIMIT 1   [ RunTime:0.0004s ]
SQL: SELECT `rate` FROM `btchanges_rate` WHERE `id` = 1 LIMIT 1   [ RunTime:0.0005s ]
SQL: SELECT `title` FROM `btchanges_coin` WHERE `name` = 'mana' LIMIT 1   [ RunTime:0.0005s ]
SQL: SELECT `imgapp` FROM `btchanges_coin` WHERE `name` = 'mana' LIMIT 1   [ RunTime:0.0004s ]
SQL: SELECT `rate` FROM `btchanges_rate` WHERE `id` = 1 LIMIT 1   [ RunTime:0.0005s ]
SQL: SELECT `title` FROM `btchanges_coin` WHERE `name` = 'rcn' LIMIT 1   [ RunTime:0.0005s ]
SQL: SELECT `imgapp` FROM `btchanges_coin` WHERE `name` = 'rcn' LIMIT 1   [ RunTime:0.0006s ]
SQL: SELECT `rate` FROM `btchanges_rate` WHERE `id` = 1 LIMIT 1   [ RunTime:0.0005s ]
SQL: SELECT `title` FROM `btchanges_coin` WHERE `name` = 'eosdac' LIMIT 1   [ RunTime:0.0005s ]
SQL: SELECT `imgapp` FROM `btchanges_coin` WHERE `name` = 'eosdac' LIMIT 1   [ RunTime:0.0004s ]
SQL: SELECT `rate` FROM `btchanges_rate` WHERE `id` = 1 LIMIT 1   [ RunTime:0.0004s ]
SQL: SELECT `title` FROM `btchanges_coin` WHERE `name` = 'bcx' LIMIT 1   [ RunTime:0.0004s ]
SQL: SELECT `imgapp` FROM `btchanges_coin` WHERE `name` = 'bcx' LIMIT 1   [ RunTime:0.0004s ]
SQL: SELECT `rate` FROM `btchanges_rate` WHERE `id` = 1 LIMIT 1   [ RunTime:0.0004s ]
SQL: SELECT `title` FROM `btchanges_coin` WHERE `name` = 'pass' LIMIT 1   [ RunTime:0.0004s ]
SQL: SELECT `imgapp` FROM `btchanges_coin` WHERE `name` = 'pass' LIMIT 1   [ RunTime:0.0005s ]
SQL: SELECT `rate` FROM `btchanges_rate` WHERE `id` = 1 LIMIT 1   [ RunTime:0.0004s ]
SQL: SELECT `title` FROM `btchanges_coin` WHERE `name` = 'doge' LIMIT 1   [ RunTime:0.0004s ]
SQL: SELECT `imgapp` FROM `btchanges_coin` WHERE `name` = 'doge' LIMIT 1   [ RunTime:0.0004s ]
SQL: SELECT `rate` FROM `btchanges_rate` WHERE `id` = 1 LIMIT 1   [ RunTime:0.0004s ]
SQL: SELECT `title` FROM `btchanges_coin` WHERE `name` = 'hc' LIMIT 1   [ RunTime:0.0004s ]
SQL: SELECT `imgapp` FROM `btchanges_coin` WHERE `name` = 'hc' LIMIT 1   [ RunTime:0.0004s ]
SQL: SELECT `rate` FROM `btchanges_rate` WHERE `id` = 1 LIMIT 1   [ RunTime:0.0004s ]
SQL: SELECT `title` FROM `btchanges_coin` WHERE `name` = 'zrx' LIMIT 1   [ RunTime:0.0007s ]
SQL: SELECT `imgapp` FROM `btchanges_coin` WHERE `name` = 'zrx' LIMIT 1   [ RunTime:0.0005s ]
SQL: SELECT `rate` FROM `btchanges_rate` WHERE `id` = 1 LIMIT 1   [ RunTime:0.0004s ]
SQL: SELECT `title` FROM `btchanges_coin` WHERE `name` = 'bchsv' LIMIT 1   [ RunTime:0.0005s ]
SQL: SELECT `imgapp` FROM `btchanges_coin` WHERE `name` = 'bchsv' LIMIT 1   [ RunTime:0.0005s ]
SQL: SELECT `rate` FROM `btchanges_rate` WHERE `id` = 1 LIMIT 1   [ RunTime:0.0005s ]
SQL: SELECT `title` FROM `btchanges_coin` WHERE `name` = 'yhet' LIMIT 1   [ RunTime:0.0005s ]
SQL: SELECT `imgapp` FROM `btchanges_coin` WHERE `name` = 'yhet' LIMIT 1   [ RunTime:0.0005s ]
SQL: SELECT `rate` FROM `btchanges_rate` WHERE `id` = 1 LIMIT 1   [ RunTime:0.0004s ]

[ 2019-07-09T16:18:57+08:00 ] 223.114.116.210 /Papi/Trade/getDepth?jmcode=6130463E4B09E6F2F8B29673104CD70EBAFADEEE33B1D248EF80208C0567E0DB
INFO: [ app_init ] --START--
INFO: Run Behavior\BuildLiteBehavior [ RunTime:0.000010s ]
INFO: [ app_init ] --END-- [ RunTime:0.000081s ]
INFO: [ app_begin ] --START--
INFO: Run Behavior\ReadHtmlCacheBehavior [ RunTime:0.000166s ]
INFO: [ app_begin ] --END-- [ RunTime:0.000216s ]
SQL: SHOW COLUMNS FROM `btchanges_market` [ RunTime:0.0008s ]
SQL: SELECT * FROM `btchanges_market` WHERE `name` = 'eth_usdt' LIMIT 1   [ RunTime:0.0006s ]
SQL: SHOW COLUMNS FROM `btchanges_rate` [ RunTime:0.0006s ]
SQL: SELECT `rate` FROM `btchanges_rate` WHERE `id` = 1 LIMIT 1   [ RunTime:0.0004s ]

[ 2019-07-09T16:18:57+08:00 ] 223.114.116.210 /Papi/Share/current_assets?jmcode=6130463E4B09E6F2F8B29673104CD70E7F5CDB7E99EBF88D41D73A178DB40275AEBBCB89723B7D0C2B6AADC3289E3545
INFO: [ app_init ] --START--
INFO: Run Behavior\BuildLiteBehavior [ RunTime:0.000009s ]
INFO: [ app_init ] --END-- [ RunTime:0.000098s ]
INFO: [ app_begin ] --START--
INFO: Run Behavior\ReadHtmlCacheBehavior [ RunTime:0.000069s ]
INFO: [ app_begin ] --END-- [ RunTime:0.000107s ]
SQL: SHOW COLUMNS FROM `btchanges_user` [ RunTime:0.0009s ]
SQL: SELECT * FROM `btchanges_user` WHERE `id` = 124 LIMIT 1   [ RunTime:0.0006s ]
SQL: SHOW COLUMNS FROM `btchanges_user_coin` [ RunTime:0.0017s ]
SQL: SELECT * FROM `btchanges_user_coin` WHERE `userid` = 124 LIMIT 1   [ RunTime:0.0009s ]
SQL: SHOW COLUMNS FROM `btchanges_user_coin` [ RunTime:0.0018s ]
SQL: SELECT * FROM `btchanges_user_coin` WHERE `userid` = 124 LIMIT 1   [ RunTime:0.0009s ]
SQL: SHOW COLUMNS FROM `btchanges_coin` [ RunTime:0.0009s ]
SQL: SELECT `name` FROM `btchanges_coin` WHERE `status` = 1  [ RunTime:0.0006s ]
SQL: SHOW COLUMNS FROM `btchanges_market` [ RunTime:0.0008s ]
SQL: SELECT `new_price` FROM `btchanges_market` WHERE `name` = 'bys_usdt' LIMIT 1   [ RunTime:0.0006s ]
SQL: SELECT `new_price` FROM `btchanges_market` WHERE `name` = 'btc_usdt' LIMIT 1   [ RunTime:0.0005s ]
SQL: SELECT `new_price` FROM `btchanges_market` WHERE `name` = 'eos_usdt' LIMIT 1   [ RunTime:0.0004s ]
SQL: SELECT `new_price` FROM `btchanges_market` WHERE `name` = 'eth_usdt' LIMIT 1   [ RunTime:0.0004s ]
SQL: SELECT `new_price` FROM `btchanges_market` WHERE `name` = 'bchabc_usdt' LIMIT 1   [ RunTime:0.0004s ]
SQL: SELECT `new_price` FROM `btchanges_market` WHERE `name` = 'xrp_usdt' LIMIT 1   [ RunTime:0.0004s ]
SQL: SELECT `new_price` FROM `btchanges_market` WHERE `name` = 'etc_usdt' LIMIT 1   [ RunTime:0.0004s ]
SQL: SELECT `new_price` FROM `btchanges_market` WHERE `name` = 'ltc_usdt' LIMIT 1   [ RunTime:0.0004s ]
SQL: SELECT `new_price` FROM `btchanges_market` WHERE `name` = 'qtum_usdt' LIMIT 1   [ RunTime:0.0004s ]
SQL: SELECT `new_price` FROM `btchanges_market` WHERE `name` = 'btm_usdt' LIMIT 1   [ RunTime:0.0004s ]
SQL: SELECT `new_price` FROM `btchanges_market` WHERE `name` = 'bts_usdt' LIMIT 1   [ RunTime:0.0004s ]
SQL: SELECT `new_price` FROM `btchanges_market` WHERE `name` = 'mana_usdt' LIMIT 1   [ RunTime:0.0004s ]
SQL: SELECT `new_price` FROM `btchanges_market` WHERE `name` = 'rcn_usdt' LIMIT 1   [ RunTime:0.0005s ]
SQL: SELECT `new_price` FROM `btchanges_market` WHERE `name` = 'eosdac_usdt' LIMIT 1   [ RunTime:0.0004s ]
SQL: SELECT `new_price` FROM `btchanges_market` WHERE `name` = 'bcx_usdt' LIMIT 1   [ RunTime:0.0004s ]
SQL: SELECT `new_price` FROM `btchanges_market` WHERE `name` = 'pass_usdt' LIMIT 1   [ RunTime:0.0004s ]
SQL: SELECT `new_price` FROM `btchanges_market` WHERE `name` = 'doge_usdt' LIMIT 1   [ RunTime:0.0005s ]
SQL: SELECT `new_price` FROM `btchanges_market` WHERE `name` = 'hc_usdt' LIMIT 1   [ RunTime:0.0005s ]
SQL: SELECT `new_price` FROM `btchanges_market` WHERE `name` = 'zrx_usdt' LIMIT 1   [ RunTime:0.0005s ]
SQL: SELECT `new_price` FROM `btchanges_market` WHERE `name` = 'bchsv_usdt' LIMIT 1   [ RunTime:0.0005s ]
SQL: SELECT `new_price` FROM `btchanges_market` WHERE `name` = 'yhet_usdt' LIMIT 1   [ RunTime:0.0004s ]
SQL: SHOW COLUMNS FROM `btchanges_rate` [ RunTime:0.0005s ]
SQL: SELECT `rate` FROM `btchanges_rate` WHERE `id` = 1 LIMIT 1   [ RunTime:0.0004s ]

[ 2019-07-09T16:18:57+08:00 ] 223.114.116.210 /Papi/Market/allcoin
INFO: [ app_init ] --START--
INFO: Run Behavior\BuildLiteBehavior [ RunTime:0.000011s ]
INFO: [ app_init ] --END-- [ RunTime:0.000096s ]
INFO: [ app_begin ] --START--
INFO: Run Behavior\ReadHtmlCacheBehavior [ RunTime:0.000047s ]
INFO: [ app_begin ] --END-- [ RunTime:0.000071s ]
SQL: SHOW COLUMNS FROM `btchanges_market` [ RunTime:0.0010s ]
SQL: SELECT * FROM `btchanges_market` WHERE `status` = 1  [ RunTime:0.0010s ]
SQL: SHOW COLUMNS FROM `btchanges_coin` [ RunTime:0.0008s ]
SQL: SHOW COLUMNS FROM `btchanges_coin` [ RunTime:0.0010s ]
SQL: SELECT `title` FROM `btchanges_coin` WHERE `name` = 'bys' LIMIT 1   [ RunTime:0.0005s ]
SQL: SELECT `imgapp` FROM `btchanges_coin` WHERE `name` = 'bys' LIMIT 1   [ RunTime:0.0004s ]
SQL: SHOW COLUMNS FROM `btchanges_rate` [ RunTime:0.0005s ]
SQL: SELECT `rate` FROM `btchanges_rate` WHERE `id` = 1 LIMIT 1   [ RunTime:0.0004s ]
SQL: SHOW COLUMNS FROM `btchanges_market` [ RunTime:0.0007s ]
SQL: SELECT `title` FROM `btchanges_coin` WHERE `name` = 'btc' LIMIT 1   [ RunTime:0.0004s ]
SQL: SELECT `imgapp` FROM `btchanges_coin` WHERE `name` = 'btc' LIMIT 1   [ RunTime:0.0005s ]
SQL: SELECT `rate` FROM `btchanges_rate` WHERE `id` = 1 LIMIT 1   [ RunTime:0.0004s ]
SQL: SELECT `title` FROM `btchanges_coin` WHERE `name` = 'eos' LIMIT 1   [ RunTime:0.0004s ]
SQL: SELECT `imgapp` FROM `btchanges_coin` WHERE `name` = 'eos' LIMIT 1   [ RunTime:0.0004s ]
SQL: SELECT `rate` FROM `btchanges_rate` WHERE `id` = 1 LIMIT 1   [ RunTime:0.0004s ]
SQL: SELECT `title` FROM `btchanges_coin` WHERE `name` = 'eth' LIMIT 1   [ RunTime:0.0005s ]
SQL: SELECT `imgapp` FROM `btchanges_coin` WHERE `name` = 'eth' LIMIT 1   [ RunTime:0.0005s ]
SQL: SELECT `rate` FROM `btchanges_rate` WHERE `id` = 1 LIMIT 1   [ RunTime:0.0004s ]
SQL: SELECT `title` FROM `btchanges_coin` WHERE `name` = 'bchabc' LIMIT 1   [ RunTime:0.0005s ]
SQL: SELECT `imgapp` FROM `btchanges_coin` WHERE `name` = 'bchabc' LIMIT 1   [ RunTime:0.0005s ]
SQL: SELECT `rate` FROM `btchanges_rate` WHERE `id` = 1 LIMIT 1   [ RunTime:0.0005s ]
SQL: SELECT `title` FROM `btchanges_coin` WHERE `name` = 'xrp' LIMIT 1   [ RunTime:0.0009s ]
SQL: SELECT `imgapp` FROM `btchanges_coin` WHERE `name` = 'xrp' LIMIT 1   [ RunTime:0.0004s ]
SQL: SELECT `rate` FROM `btchanges_rate` WHERE `id` = 1 LIMIT 1   [ RunTime:0.0004s ]
SQL: SELECT `title` FROM `btchanges_coin` WHERE `name` = 'etc' LIMIT 1   [ RunTime:0.0005s ]
SQL: SELECT `imgapp` FROM `btchanges_coin` WHERE `name` = 'etc' LIMIT 1   [ RunTime:0.0008s ]
SQL: SELECT `rate` FROM `btchanges_rate` WHERE `id` = 1 LIMIT 1   [ RunTime:0.0004s ]
SQL: SELECT `title` FROM `btchanges_coin` WHERE `name` = 'ltc' LIMIT 1   [ RunTime:0.0005s ]
SQL: SELECT `imgapp` FROM `btchanges_coin` WHERE `name` = 'ltc' LIMIT 1   [ RunTime:0.0004s ]
SQL: SELECT `rate` FROM `btchanges_rate` WHERE `id` = 1 LIMIT 1   [ RunTime:0.0004s ]
SQL: SELECT `title` FROM `btchanges_coin` WHERE `name` = 'qtum' LIMIT 1   [ RunTime:0.0004s ]
SQL: SELECT `imgapp` FROM `btchanges_coin` WHERE `name` = 'qtum' LIMIT 1   [ RunTime:0.0004s ]
SQL: SELECT `rate` FROM `btchanges_rate` WHERE `id` = 1 LIMIT 1   [ RunTime:0.0005s ]
SQL: SELECT `title` FROM `btchanges_coin` WHERE `name` = 'btm' LIMIT 1   [ RunTime:0.0005s ]
SQL: SELECT `imgapp` FROM `btchanges_coin` WHERE `name` = 'btm' LIMIT 1   [ RunTime:0.0005s ]
SQL: SELECT `rate` FROM `btchanges_rate` WHERE `id` = 1 LIMIT 1   [ RunTime:0.0005s ]
SQL: SELECT `title` FROM `btchanges_coin` WHERE `name` = 'bts' LIMIT 1   [ RunTime:0.0006s ]
SQL: SELECT `imgapp` FROM `btchanges_coin` WHERE `name` = 'bts' LIMIT 1   [ RunTime:0.0005s ]
SQL: SELECT `rate` FROM `btchanges_rate` WHERE `id` = 1 LIMIT 1   [ RunTime:0.0005s ]
SQL: SELECT `title` FROM `btchanges_coin` WHERE `name` = 'mana' LIMIT 1   [ RunTime:0.0005s ]
SQL: SELECT `imgapp` FROM `btchanges_coin` WHERE `name` = 'mana' LIMIT 1   [ RunTime:0.0005s ]
SQL: SELECT `rate` FROM `btchanges_rate` WHERE `id` = 1 LIMIT 1   [ RunTime:0.0004s ]
SQL: SELECT `title` FROM `btchanges_coin` WHERE `name` = 'rcn' LIMIT 1   [ RunTime:0.0005s ]
SQL: SELECT `imgapp` FROM `btchanges_coin` WHERE `name` = 'rcn' LIMIT 1   [ RunTime:0.0005s ]
SQL: SELECT `rate` FROM `btchanges_rate` WHERE `id` = 1 LIMIT 1   [ RunTime:0.0005s ]
SQL: SELECT `title` FROM `btchanges_coin` WHERE `name` = 'eosdac' LIMIT 1   [ RunTime:0.0005s ]
SQL: SELECT `imgapp` FROM `btchanges_coin` WHERE `name` = 'eosdac' LIMIT 1   [ RunTime:0.0005s ]
SQL: SELECT `rate` FROM `btchanges_rate` WHERE `id` = 1 LIMIT 1   [ RunTime:0.0006s ]
SQL: SELECT `title` FROM `btchanges_coin` WHERE `name` = 'bcx' LIMIT 1   [ RunTime:0.0005s ]
SQL: SELECT `imgapp` FROM `btchanges_coin` WHERE `name` = 'bcx' LIMIT 1   [ RunTime:0.0005s ]
SQL: SELECT `rate` FROM `btchanges_rate` WHERE `id` = 1 LIMIT 1   [ RunTime:0.0004s ]
SQL: SELECT `title` FROM `btchanges_coin` WHERE `name` = 'pass' LIMIT 1   [ RunTime:0.0004s ]
SQL: SELECT `imgapp` FROM `btchanges_coin` WHERE `name` = 'pass' LIMIT 1   [ RunTime:0.0004s ]
SQL: SELECT `rate` FROM `btchanges_rate` WHERE `id` = 1 LIMIT 1   [ RunTime:0.0004s ]
SQL: SELECT `title` FROM `btchanges_coin` WHERE `name` = 'doge' LIMIT 1   [ RunTime:0.0004s ]
SQL: SELECT `imgapp` FROM `btchanges_coin` WHERE `name` = 'doge' LIMIT 1   [ RunTime:0.0004s ]
SQL: SELECT `rate` FROM `btchanges_rate` WHERE `id` = 1 LIMIT 1   [ RunTime:0.0004s ]
SQL: SELECT `title` FROM `btchanges_coin` WHERE `name` = 'hc' LIMIT 1   [ RunTime:0.0004s ]
SQL: SELECT `imgapp` FROM `btchanges_coin` WHERE `name` = 'hc' LIMIT 1   [ RunTime:0.0004s ]
SQL: SELECT `rate` FROM `btchanges_rate` WHERE `id` = 1 LIMIT 1   [ RunTime:0.0004s ]
SQL: SELECT `title` FROM `btchanges_coin` WHERE `name` = 'zrx' LIMIT 1   [ RunTime:0.0005s ]
SQL: SELECT `imgapp` FROM `btchanges_coin` WHERE `name` = 'zrx' LIMIT 1   [ RunTime:0.0004s ]
SQL: SELECT `rate` FROM `btchanges_rate` WHERE `id` = 1 LIMIT 1   [ RunTime:0.0004s ]
SQL: SELECT `title` FROM `btchanges_coin` WHERE `name` = 'bchsv' LIMIT 1   [ RunTime:0.0004s ]
SQL: SELECT `imgapp` FROM `btchanges_coin` WHERE `name` = 'bchsv' LIMIT 1   [ RunTime:0.0004s ]
SQL: SELECT `rate` FROM `btchanges_rate` WHERE `id` = 1 LIMIT 1   [ RunTime:0.0004s ]
SQL: SELECT `title` FROM `btchanges_coin` WHERE `name` = 'yhet' LIMIT 1   [ RunTime:0.0004s ]
SQL: SELECT `imgapp` FROM `btchanges_coin` WHERE `name` = 'yhet' LIMIT 1   [ RunTime:0.0004s ]
SQL: SELECT `rate` FROM `btchanges_rate` WHERE `id` = 1 LIMIT 1   [ RunTime:0.0004s ]

[ 2019-07-09T16:18:57+08:00 ] 223.114.116.210 /Papi/Market/allcoin
INFO: [ app_init ] --START--
INFO: Run Behavior\BuildLiteBehavior [ RunTime:0.000012s ]
INFO: [ app_init ] --END-- [ RunTime:0.000086s ]
INFO: [ app_begin ] --START--
INFO: Run Behavior\ReadHtmlCacheBehavior [ RunTime:0.000043s ]
INFO: [ app_begin ] --END-- [ RunTime:0.000066s ]
SQL: SHOW COLUMNS FROM `btchanges_market` [ RunTime:0.0010s ]
SQL: SELECT * FROM `btchanges_market` WHERE `status` = 1  [ RunTime:0.0010s ]
SQL: SHOW COLUMNS FROM `btchanges_coin` [ RunTime:0.0008s ]
SQL: SHOW COLUMNS FROM `btchanges_coin` [ RunTime:0.0008s ]
SQL: SELECT `title` FROM `btchanges_coin` WHERE `name` = 'bys' LIMIT 1   [ RunTime:0.0005s ]
SQL: SELECT `imgapp` FROM `btchanges_coin` WHERE `name` = 'bys' LIMIT 1   [ RunTime:0.0004s ]
SQL: SHOW COLUMNS FROM `btchanges_rate` [ RunTime:0.0005s ]
SQL: SELECT `rate` FROM `btchanges_rate` WHERE `id` = 1 LIMIT 1   [ RunTime:0.0004s ]
SQL: SHOW COLUMNS FROM `btchanges_market` [ RunTime:0.0008s ]
SQL: SELECT `title` FROM `btchanges_coin` WHERE `name` = 'btc' LIMIT 1   [ RunTime:0.0005s ]
SQL: SELECT `imgapp` FROM `btchanges_coin` WHERE `name` = 'btc' LIMIT 1   [ RunTime:0.0004s ]
SQL: SELECT `rate` FROM `btchanges_rate` WHERE `id` = 1 LIMIT 1   [ RunTime:0.0005s ]
SQL: SELECT `title` FROM `btchanges_coin` WHERE `name` = 'eos' LIMIT 1   [ RunTime:0.0004s ]
SQL: SELECT `imgapp` FROM `btchanges_coin` WHERE `name` = 'eos' LIMIT 1   [ RunTime:0.0004s ]
SQL: SELECT `rate` FROM `btchanges_rate` WHERE `id` = 1 LIMIT 1   [ RunTime:0.0004s ]
SQL: SELECT `title` FROM `btchanges_coin` WHERE `name` = 'eth' LIMIT 1   [ RunTime:0.0005s ]
SQL: SELECT `imgapp` FROM `btchanges_coin` WHERE `name` = 'eth' LIMIT 1   [ RunTime:0.0004s ]
SQL: SELECT `rate` FROM `btchanges_rate` WHERE `id` = 1 LIMIT 1   [ RunTime:0.0004s ]
SQL: SELECT `title` FROM `btchanges_coin` WHERE `name` = 'bchabc' LIMIT 1   [ RunTime:0.0005s ]
SQL: SELECT `imgapp` FROM `btchanges_coin` WHERE `name` = 'bchabc' LIMIT 1   [ RunTime:0.0006s ]
SQL: SELECT `rate` FROM `btchanges_rate` WHERE `id` = 1 LIMIT 1   [ RunTime:0.0004s ]
SQL: SELECT `title` FROM `btchanges_coin` WHERE `name` = 'xrp' LIMIT 1   [ RunTime:0.0005s ]
SQL: SELECT `imgapp` FROM `btchanges_coin` WHERE `name` = 'xrp' LIMIT 1   [ RunTime:0.0005s ]
SQL: SELECT `rate` FROM `btchanges_rate` WHERE `id` = 1 LIMIT 1   [ RunTime:0.0008s ]
SQL: SELECT `title` FROM `btchanges_coin` WHERE `name` = 'etc' LIMIT 1   [ RunTime:0.0005s ]
SQL: SELECT `imgapp` FROM `btchanges_coin` WHERE `name` = 'etc' LIMIT 1   [ RunTime:0.0005s ]
SQL: SELECT `rate` FROM `btchanges_rate` WHERE `id` = 1 LIMIT 1   [ RunTime:0.0004s ]
SQL: SELECT `title` FROM `btchanges_coin` WHERE `name` = 'ltc' LIMIT 1   [ RunTime:0.0005s ]
SQL: SELECT `imgapp` FROM `btchanges_coin` WHERE `name` = 'ltc' LIMIT 1   [ RunTime:0.0005s ]
SQL: SELECT `rate` FROM `btchanges_rate` WHERE `id` = 1 LIMIT 1   [ RunTime:0.0004s ]
SQL: SELECT `title` FROM `btchanges_coin` WHERE `name` = 'qtum' LIMIT 1   [ RunTime:0.0007s ]
SQL: SELECT `imgapp` FROM `btchanges_coin` WHERE `name` = 'qtum' LIMIT 1   [ RunTime:0.0005s ]
SQL: SELECT `rate` FROM `btchanges_rate` WHERE `id` = 1 LIMIT 1   [ RunTime:0.0005s ]
SQL: SELECT `title` FROM `btchanges_coin` WHERE `name` = 'btm' LIMIT 1   [ RunTime:0.0005s ]
SQL: SELECT `imgapp` FROM `btchanges_coin` WHERE `name` = 'btm' LIMIT 1   [ RunTime:0.0006s ]
SQL: SELECT `rate` FROM `btchanges_rate` WHERE `id` = 1 LIMIT 1   [ RunTime:0.0006s ]
SQL: SELECT `title` FROM `btchanges_coin` WHERE `name` = 'bts' LIMIT 1   [ RunTime:0.0005s ]
SQL: SELECT `imgapp` FROM `btchanges_coin` WHERE `name` = 'bts' LIMIT 1   [ RunTime:0.0005s ]
SQL: SELECT `rate` FROM `btchanges_rate` WHERE `id` = 1 LIMIT 1   [ RunTime:0.0004s ]
SQL: SELECT `title` FROM `btchanges_coin` WHERE `name` = 'mana' LIMIT 1   [ RunTime:0.0004s ]
SQL: SELECT `imgapp` FROM `btchanges_coin` WHERE `name` = 'mana' LIMIT 1   [ RunTime:0.0004s ]
SQL: SELECT `rate` FROM `btchanges_rate` WHERE `id` = 1 LIMIT 1   [ RunTime:0.0004s ]
SQL: SELECT `title` FROM `btchanges_coin` WHERE `name` = 'rcn' LIMIT 1   [ RunTime:0.0005s ]
SQL: SELECT `imgapp` FROM `btchanges_coin` WHERE `name` = 'rcn' LIMIT 1   [ RunTime:0.0004s ]
SQL: SELECT `rate` FROM `btchanges_rate` WHERE `id` = 1 LIMIT 1   [ RunTime:0.0004s ]
SQL: SELECT `title` FROM `btchanges_coin` WHERE `name` = 'eosdac' LIMIT 1   [ RunTime:0.0004s ]
SQL: SELECT `imgapp` FROM `btchanges_coin` WHERE `name` = 'eosdac' LIMIT 1   [ RunTime:0.0005s ]
SQL: SELECT `rate` FROM `btchanges_rate` WHERE `id` = 1 LIMIT 1   [ RunTime:0.0004s ]
SQL: SELECT `title` FROM `btchanges_coin` WHERE `name` = 'bcx' LIMIT 1   [ RunTime:0.0007s ]
SQL: SELECT `imgapp` FROM `btchanges_coin` WHERE `name` = 'bcx' LIMIT 1   [ RunTime:0.0005s ]
SQL: SELECT `rate` FROM `btchanges_rate` WHERE `id` = 1 LIMIT 1   [ RunTime:0.0004s ]
SQL: SELECT `title` FROM `btchanges_coin` WHERE `name` = 'pass' LIMIT 1   [ RunTime:0.0005s ]
SQL: SELECT `imgapp` FROM `btchanges_coin` WHERE `name` = 'pass' LIMIT 1   [ RunTime:0.0005s ]
SQL: SELECT `rate` FROM `btchanges_rate` WHERE `id` = 1 LIMIT 1   [ RunTime:0.0004s ]
SQL: SELECT `title` FROM `btchanges_coin` WHERE `name` = 'doge' LIMIT 1   [ RunTime:0.0005s ]
SQL: SELECT `imgapp` FROM `btchanges_coin` WHERE `name` = 'doge' LIMIT 1   [ RunTime:0.0005s ]
SQL: SELECT `rate` FROM `btchanges_rate` WHERE `id` = 1 LIMIT 1   [ RunTime:0.0004s ]
SQL: SELECT `title` FROM `btchanges_coin` WHERE `name` = 'hc' LIMIT 1   [ RunTime:0.0005s ]
SQL: SELECT `imgapp` FROM `btchanges_coin` WHERE `name` = 'hc' LIMIT 1   [ RunTime:0.0004s ]
SQL: SELECT `rate` FROM `btchanges_rate` WHERE `id` = 1 LIMIT 1   [ RunTime:0.0004s ]
SQL: SELECT `title` FROM `btchanges_coin` WHERE `name` = 'zrx' LIMIT 1   [ RunTime:0.0005s ]
SQL: SELECT `imgapp` FROM `btchanges_coin` WHERE `name` = 'zrx' LIMIT 1   [ RunTime:0.0004s ]
SQL: SELECT `rate` FROM `btchanges_rate` WHERE `id` = 1 LIMIT 1   [ RunTime:0.0004s ]
SQL: SELECT `title` FROM `btchanges_coin` WHERE `name` = 'bchsv' LIMIT 1   [ RunTime:0.0005s ]
SQL: SELECT `imgapp` FROM `btchanges_coin` WHERE `name` = 'bchsv' LIMIT 1   [ RunTime:0.0005s ]
SQL: SELECT `rate` FROM `btchanges_rate` WHERE `id` = 1 LIMIT 1   [ RunTime:0.0004s ]
SQL: SELECT `title` FROM `btchanges_coin` WHERE `name` = 'yhet' LIMIT 1   [ RunTime:0.0005s ]
SQL: SELECT `imgapp` FROM `btchanges_coin` WHERE `name` = 'yhet' LIMIT 1   [ RunTime:0.0005s ]
SQL: SELECT `rate` FROM `btchanges_rate` WHERE `id` = 1 LIMIT 1   [ RunTime:0.0004s ]

[ 2019-07-09T16:18:58+08:00 ] 223.114.116.210 /Papi/Share/current_assets?jmcode=6130463E4B09E6F2F8B29673104CD70E7F5CDB7E99EBF88D41D73A178DB40275AEBBCB89723B7D0C2B6AADC3289E3545
INFO: [ app_init ] --START--
INFO: Run Behavior\BuildLiteBehavior [ RunTime:0.000011s ]
INFO: [ app_init ] --END-- [ RunTime:0.000086s ]
INFO: [ app_begin ] --START--
INFO: Run Behavior\ReadHtmlCacheBehavior [ RunTime:0.000048s ]
INFO: [ app_begin ] --END-- [ RunTime:0.000073s ]
SQL: SHOW COLUMNS FROM `btchanges_user` [ RunTime:0.0010s ]
SQL: SELECT * FROM `btchanges_user` WHERE `id` = 124 LIMIT 1   [ RunTime:0.0006s ]
SQL: SHOW COLUMNS FROM `btchanges_user_coin` [ RunTime:0.0017s ]
SQL: SELECT * FROM `btchanges_user_coin` WHERE `userid` = 124 LIMIT 1   [ RunTime:0.0010s ]
SQL: SHOW COLUMNS FROM `btchanges_user_coin` [ RunTime:0.0018s ]
SQL: SELECT * FROM `btchanges_user_coin` WHERE `userid` = 124 LIMIT 1   [ RunTime:0.0009s ]
SQL: SHOW COLUMNS FROM `btchanges_coin` [ RunTime:0.0008s ]
SQL: SELECT `name` FROM `btchanges_coin` WHERE `status` = 1  [ RunTime:0.0005s ]
SQL: SHOW COLUMNS FROM `btchanges_market` [ RunTime:0.0008s ]
SQL: SELECT `new_price` FROM `btchanges_market` WHERE `name` = 'bys_usdt' LIMIT 1   [ RunTime:0.0005s ]
SQL: SELECT `new_price` FROM `btchanges_market` WHERE `name` = 'btc_usdt' LIMIT 1   [ RunTime:0.0004s ]
SQL: SELECT `new_price` FROM `btchanges_market` WHERE `name` = 'eos_usdt' LIMIT 1   [ RunTime:0.0004s ]
SQL: SELECT `new_price` FROM `btchanges_market` WHERE `name` = 'eth_usdt' LIMIT 1   [ RunTime:0.0005s ]
SQL: SELECT `new_price` FROM `btchanges_market` WHERE `name` = 'bchabc_usdt' LIMIT 1   [ RunTime:0.0004s ]
SQL: SELECT `new_price` FROM `btchanges_market` WHERE `name` = 'xrp_usdt' LIMIT 1   [ RunTime:0.0004s ]
SQL: SELECT `new_price` FROM `btchanges_market` WHERE `name` = 'etc_usdt' LIMIT 1   [ RunTime:0.0004s ]
SQL: SELECT `new_price` FROM `btchanges_market` WHERE `name` = 'ltc_usdt' LIMIT 1   [ RunTime:0.0004s ]
SQL: SELECT `new_price` FROM `btchanges_market` WHERE `name` = 'qtum_usdt' LIMIT 1   [ RunTime:0.0004s ]
SQL: SELECT `new_price` FROM `btchanges_market` WHERE `name` = 'btm_usdt' LIMIT 1   [ RunTime:0.0004s ]
SQL: SELECT `new_price` FROM `btchanges_market` WHERE `name` = 'bts_usdt' LIMIT 1   [ RunTime:0.0004s ]
SQL: SELECT `new_price` FROM `btchanges_market` WHERE `name` = 'mana_usdt' LIMIT 1   [ RunTime:0.0004s ]
SQL: SELECT `new_price` FROM `btchanges_market` WHERE `name` = 'rcn_usdt' LIMIT 1   [ RunTime:0.0004s ]
SQL: SELECT `new_price` FROM `btchanges_market` WHERE `name` = 'eosdac_usdt' LIMIT 1   [ RunTime:0.0004s ]
SQL: SELECT `new_price` FROM `btchanges_market` WHERE `name` = 'bcx_usdt' LIMIT 1   [ RunTime:0.0004s ]
SQL: SELECT `new_price` FROM `btchanges_market` WHERE `name` = 'pass_usdt' LIMIT 1   [ RunTime:0.0004s ]
SQL: SELECT `new_price` FROM `btchanges_market` WHERE `name` = 'doge_usdt' LIMIT 1   [ RunTime:0.0004s ]
SQL: SELECT `new_price` FROM `btchanges_market` WHERE `name` = 'hc_usdt' LIMIT 1   [ RunTime:0.0004s ]
SQL: SELECT `new_price` FROM `btchanges_market` WHERE `name` = 'zrx_usdt' LIMIT 1   [ RunTime:0.0004s ]
SQL: SELECT `new_price` FROM `btchanges_market` WHERE `name` = 'bchsv_usdt' LIMIT 1   [ RunTime:0.0004s ]
SQL: SELECT `new_price` FROM `btchanges_market` WHERE `name` = 'yhet_usdt' LIMIT 1   [ RunTime:0.0004s ]
SQL: SHOW COLUMNS FROM `btchanges_rate` [ RunTime:0.0005s ]
SQL: SELECT `rate` FROM `btchanges_rate` WHERE `id` = 1 LIMIT 1   [ RunTime:0.0004s ]

[ 2019-07-09T16:18:58+08:00 ] 223.114.116.210 /Papi/Share/current_assets?jmcode=6130463E4B09E6F2F8B29673104CD70E7F5CDB7E99EBF88D41D73A178DB40275AEBBCB89723B7D0C2B6AADC3289E3545
INFO: [ app_init ] --START--
INFO: Run Behavior\BuildLiteBehavior [ RunTime:0.000009s ]
INFO: [ app_init ] --END-- [ RunTime:0.000081s ]
INFO: [ app_begin ] --START--
INFO: Run Behavior\ReadHtmlCacheBehavior [ RunTime:0.000045s ]
INFO: [ app_begin ] --END-- [ RunTime:0.000070s ]
SQL: SHOW COLUMNS FROM `btchanges_user` [ RunTime:0.0010s ]
SQL: SELECT * FROM `btchanges_user` WHERE `id` = 124 LIMIT 1   [ RunTime:0.0005s ]
SQL: SHOW COLUMNS FROM `btchanges_user_coin` [ RunTime:0.0017s ]
SQL: SELECT * FROM `btchanges_user_coin` WHERE `userid` = 124 LIMIT 1   [ RunTime:0.0011s ]
SQL: SHOW COLUMNS FROM `btchanges_user_coin` [ RunTime:0.0018s ]
SQL: SELECT * FROM `btchanges_user_coin` WHERE `userid` = 124 LIMIT 1   [ RunTime:0.0009s ]
SQL: SHOW COLUMNS FROM `btchanges_coin` [ RunTime:0.0008s ]
SQL: SELECT `name` FROM `btchanges_coin` WHERE `status` = 1  [ RunTime:0.0005s ]
SQL: SHOW COLUMNS FROM `btchanges_market` [ RunTime:0.0007s ]
SQL: SELECT `new_price` FROM `btchanges_market` WHERE `name` = 'bys_usdt' LIMIT 1   [ RunTime:0.0005s ]
SQL: SELECT `new_price` FROM `btchanges_market` WHERE `name` = 'btc_usdt' LIMIT 1   [ RunTime:0.0005s ]
SQL: SELECT `new_price` FROM `btchanges_market` WHERE `name` = 'eos_usdt' LIMIT 1   [ RunTime:0.0004s ]
SQL: SELECT `new_price` FROM `btchanges_market` WHERE `name` = 'eth_usdt' LIMIT 1   [ RunTime:0.0004s ]
SQL: SELECT `new_price` FROM `btchanges_market` WHERE `name` = 'bchabc_usdt' LIMIT 1   [ RunTime:0.0004s ]
SQL: SELECT `new_price` FROM `btchanges_market` WHERE `name` = 'xrp_usdt' LIMIT 1   [ RunTime:0.0004s ]
SQL: SELECT `new_price` FROM `btchanges_market` WHERE `name` = 'etc_usdt' LIMIT 1   [ RunTime:0.0004s ]
SQL: SELECT `new_price` FROM `btchanges_market` WHERE `name` = 'ltc_usdt' LIMIT 1   [ RunTime:0.0004s ]
SQL: SELECT `new_price` FROM `btchanges_market` WHERE `name` = 'qtum_usdt' LIMIT 1   [ RunTime:0.0005s ]
SQL: SELECT `new_price` FROM `btchanges_market` WHERE `name` = 'btm_usdt' LIMIT 1   [ RunTime:0.0006s ]
SQL: SELECT `new_price` FROM `btchanges_market` WHERE `name` = 'bts_usdt' LIMIT 1   [ RunTime:0.0004s ]
SQL: SELECT `new_price` FROM `btchanges_market` WHERE `name` = 'mana_usdt' LIMIT 1   [ RunTime:0.0004s ]
SQL: SELECT `new_price` FROM `btchanges_market` WHERE `name` = 'rcn_usdt' LIMIT 1   [ RunTime:0.0004s ]
SQL: SELECT `new_price` FROM `btchanges_market` WHERE `name` = 'eosdac_usdt' LIMIT 1   [ RunTime:0.0005s ]
SQL: SELECT `new_price` FROM `btchanges_market` WHERE `name` = 'bcx_usdt' LIMIT 1   [ RunTime:0.0005s ]
SQL: SELECT `new_price` FROM `btchanges_market` WHERE `name` = 'pass_usdt' LIMIT 1   [ RunTime:0.0004s ]
SQL: SELECT `new_price` FROM `btchanges_market` WHERE `name` = 'doge_usdt' LIMIT 1   [ RunTime:0.0004s ]
SQL: SELECT `new_price` FROM `btchanges_market` WHERE `name` = 'hc_usdt' LIMIT 1   [ RunTime:0.0005s ]
SQL: SELECT `new_price` FROM `btchanges_market` WHERE `name` = 'zrx_usdt' LIMIT 1   [ RunTime:0.0004s ]
SQL: SELECT `new_price` FROM `btchanges_market` WHERE `name` = 'bchsv_usdt' LIMIT 1   [ RunTime:0.0005s ]
SQL: SELECT `new_price` FROM `btchanges_market` WHERE `name` = 'yhet_usdt' LIMIT 1   [ RunTime:0.0004s ]
SQL: SHOW COLUMNS FROM `btchanges_rate` [ RunTime:0.0006s ]
SQL: SELECT `rate` FROM `btchanges_rate` WHERE `id` = 1 LIMIT 1   [ RunTime:0.0005s ]

[ 2019-07-09T16:18:58+08:00 ] 223.114.116.210 /Papi/Trade/myEntrust?jmcode=7A0B5CCC626BAA631E10755DC62F06A64E85F6A62874EBFB9CA5BEE8F1D8CF698EDEAB1F51D71B333C8DBAC54D4C3D79ADCEB6F1C22548E115E02EF2B99FF05F9416F5BDF15F23C5D43EC22C09407F86
INFO: [ app_init ] --START--
INFO: Run Behavior\BuildLiteBehavior [ RunTime:0.000009s ]
INFO: [ app_init ] --END-- [ RunTime:0.000067s ]
INFO: [ app_begin ] --START--
INFO: Run Behavior\ReadHtmlCacheBehavior [ RunTime:0.000046s ]
INFO: [ app_begin ] --END-- [ RunTime:0.000071s ]
NOTIC: [8] Undefined index: order /www/wwwroot/bnb/Application/Papi/Controller/TradeController.class.php 第 123 行.
SQL: SHOW COLUMNS FROM `btchanges_trade` [ RunTime:0.0007s ]
SQL: SELECT * FROM `btchanges_trade` WHERE `userid` = 124 AND `status` = 0 ORDER BY addtime desc LIMIT 0,15   [ RunTime:0.0006s ]
SQL: SHOW COLUMNS FROM `btchanges_market` [ RunTime:0.0008s ]
SQL: SELECT * FROM `btchanges_market` WHERE `name` = 'eth_usdt' LIMIT 1   [ RunTime:0.0006s ]

[ 2019-07-09T16:19:01+08:00 ] 223.114.116.210 /Papi/Trade/myEntrust?jmcode=D71890F2F8F0418B073749718CABF158AF72AAFC1542297D49E5C7F5A182F2514614F9099B6876017AEE03C107B03352FF0C0B5F39B0DCF32161CC19EB9DF8DB72140489EEA7C588AD7827507B772C18
INFO: [ app_init ] --START--
INFO: Run Behavior\BuildLiteBehavior [ RunTime:0.000013s ]
INFO: [ app_init ] --END-- [ RunTime:0.000106s ]
INFO: [ app_begin ] --START--
INFO: Run Behavior\ReadHtmlCacheBehavior [ RunTime:0.000076s ]
INFO: [ app_begin ] --END-- [ RunTime:0.000117s ]
NOTIC: [8] Undefined index: order /www/wwwroot/bnb/Application/Papi/Controller/TradeController.class.php 第 123 行.
SQL: SHOW COLUMNS FROM `btchanges_trade` [ RunTime:0.0008s ]
SQL: SELECT * FROM `btchanges_trade` WHERE `userid` = 124 AND `market` = 'eth_usdt' AND `status` = 0 ORDER BY addtime desc LIMIT 0,15   [ RunTime:0.0007s ]
SQL: SHOW COLUMNS FROM `btchanges_market` [ RunTime:0.0008s ]
SQL: SELECT * FROM `btchanges_market` WHERE `name` = 'eth_usdt' LIMIT 1   [ RunTime:0.0006s ]

[ 2019-07-09T16:19:01+08:00 ] 223.114.116.210 /Papi/Trade/myDeal?jmcode=6130463E4B09E6F2F8B29673104CD70E2B3E136C9FCE486E4AFABE2E02C41A54A8CB890EC7885F45A5438177C7F44F9D5D07CC875D1FCF19270C4908DB3CC397
INFO: [ app_init ] --START--
INFO: Run Behavior\BuildLiteBehavior [ RunTime:0.000010s ]
INFO: [ app_init ] --END-- [ RunTime:0.000092s ]
INFO: [ app_begin ] --START--
INFO: Run Behavior\ReadHtmlCacheBehavior [ RunTime:0.000068s ]
INFO: [ app_begin ] --END-- [ RunTime:0.000105s ]
NOTIC: [8] Undefined index: order /www/wwwroot/bnb/Application/Papi/Controller/TradeController.class.php 第 194 行.
SQL: SHOW COLUMNS FROM `btchanges_market` [ RunTime:0.0009s ]
SQL: SELECT * FROM `btchanges_market` WHERE `name` = 'eth_usdt' LIMIT 1   [ RunTime:0.0007s ]
SQL: SHOW COLUMNS FROM `btchanges_trade_log` [ RunTime:0.0006s ]
SQL: SELECT * FROM `btchanges_trade_log` WHERE ( ((userid=124) || (peerid=124)) && market='eth_usdt' ) ORDER BY addtime desc LIMIT 0,15   [ RunTime:0.0131s ]

